GeoSys-OUT: Output ------------------------------------------------
#OUTPUT
 $PCS_TYPE
  HEAT_TRANSPORT
 $NOD_VALUES
  TEMPERATURE1
 $GEO_TYPE
  DOMAIN
 $DAT_TYPE
  TECPLOT
 $TIM_TYPE
  STEPS 120
#OUTPUT
 $PCS_TYPE
  HEAT_TRANSPORT
 $NOD_VALUES
  TEMPERATURE1
 $GEO_TYPE
  DOMAIN
 $DAT_TYPE
  VTK
 $TIM_TYPE
  STEPS 120
#OUTPUT
 $NOD_VALUES
   TEMPERATURE1
 $GEO_TYPE
   POLYLINE OUT
 $TIM_TYPE
   STEPS 120
 $DAT_TYPE
   TECPLOT
#OUTPUT  
 $PCS_TYPE
  HEAT_TRANSPORT
 $NOD_VALUES
  TEMPERATURE1
 $GEO_TYPE
  POINT POINT0
  $TIM_TYPE
  STEPS 28
#OUTPUT  
 $PCS_TYPE
  HEAT_TRANSPORT
 $NOD_VALUES
  TEMPERATURE1
 $GEO_TYPE
  POINT POINT1
  $TIM_TYPE
  STEPS 28
#OUTPUT  
 $PCS_TYPE
  HEAT_TRANSPORT
 $NOD_VALUES
  TEMPERATURE1
 $GEO_TYPE
  POINT POINT2
  $TIM_TYPE
  STEPS 28
#OUTPUT  
 $PCS_TYPE
  HEAT_TRANSPORT
 $NOD_VALUES
  TEMPERATURE1
 $GEO_TYPE
  POINT POINT3
  $TIM_TYPE
  STEPS 28
#STOP

