2020-03-24T14:31:06	ehsan	Save	C:\Users\ehsan\Desktop\HF\IMEX_TUTORIAL_CONS_BHP.dat	1585081866	C:\Users\ehsan\Desktop\HF\IMEX_TUTORIAL.dat	
2020-03-24T14:33:21	ehsan	Save	C:\Users\ehsan\Desktop\HF\IMEX_TUTORIAL_CONS_BHP.dat	1585082001	C:\Users\ehsan\Desktop\HF\IMEX_TUTORIAL_CONS_BHP.dat	
2020-03-24T14:33:22	ehsan	Save	C:\Users\ehsan\Desktop\HF\IMEX_TUTORIAL_CONS_BHP.dat	1585082002	C:\Users\ehsan\Desktop\HF\IMEX_TUTORIAL_CONS_BHP.dat	
2020-03-24T14:33:22	ehsan	Save	C:\Users\ehsan\Desktop\HF\IMEX_TUTORIAL_CONS_BHP.dat	1585082002	C:\Users\ehsan\Desktop\HF\IMEX_TUTORIAL_CONS_BHP.dat	
2020-03-24T14:33:22	ehsan	Save	C:\Users\ehsan\Desktop\HF\IMEX_TUTORIAL_CONS_BHP.dat	1585082002	C:\Users\ehsan\Desktop\HF\IMEX_TUTORIAL_CONS_BHP.dat	
2020-03-24T14:33:23	ehsan	Save	C:\Users\ehsan\Desktop\HF\IMEX_TUTORIAL_CONS_BHP.dat	1585082003	C:\Users\ehsan\Desktop\HF\IMEX_TUTORIAL_CONS_BHP.dat	
2020-03-24T14:33:59	ehsan	Submit	C:\Users\ehsan\Desktop\HF\IMEX_TUTORIAL_CONS_BHP.dat	1585082003	C:\Program Files (x86)\CMG\IMEX\2019.10\Win_x64\EXE\mx201910.exe
2020-03-24T14:34:29	ehsan	Save	C:\Users\ehsan\Desktop\HF\IMEX_TUTORIAL_CONS_BHP_TIGHT.dat	1585082069	C:\Users\ehsan\Desktop\HF\IMEX_TUTORIAL_CONS_BHP.dat	
2020-03-24T14:47:26	ehsan	Save	C:\Users\ehsan\Desktop\HF\IMEX_TUTORIAL_CONS_BHP_TIGHT.dat	1585082846	C:\Users\ehsan\Desktop\HF\IMEX_TUTORIAL_CONS_BHP_TIGHT.dat	
2020-03-24T14:48:23	ehsan	Save	C:\Users\ehsan\Desktop\HF\IMEX_TUTORIAL_CONS_BHP_TIGHT.dat	1585082903	C:\Users\ehsan\Desktop\HF\IMEX_TUTORIAL_CONS_BHP_TIGHT.dat	
2020-03-24T14:48:35	ehsan	Submit	C:\Users\ehsan\Desktop\HF\IMEX_TUTORIAL_CONS_BHP_TIGHT.dat	1585082904	C:\Program Files (x86)\CMG\IMEX\2019.10\Win_x64\EXE\mx201910.exe
2020-03-24T14:51:52	ehsan	Save	C:\Users\ehsan\Desktop\HF\IMEX_TUTORIAL_CONS_BHP_TIGHT_HF.dat	1585083112	C:\Users\ehsan\Desktop\HF\IMEX_TUTORIAL_CONS_BHP_TIGHT.dat	
2020-03-24T14:54:40	ehsan	Save	C:\Users\ehsan\Desktop\HF\IMEX_TUTORIAL_CONS_BHP_TIGHT_HF.dat	1585083280	C:\Users\ehsan\Desktop\HF\IMEX_TUTORIAL_CONS_BHP_TIGHT.dat	
2020-03-24T15:13:30	ehsan	Save	C:\Users\ehsan\Desktop\HF\IMEX_TUTORIAL_CONS_BHP_TIGHT_HF.dat	1585084410	C:\Users\ehsan\Desktop\HF\IMEX_TUTORIAL_CONS_BHP_TIGHT_HF.dat	
2020-03-24T15:13:43	ehsan	Submit	C:\Users\ehsan\Desktop\HF\IMEX_TUTORIAL_CONS_BHP_TIGHT_HF.dat	1585084411	C:\Program Files (x86)\CMG\IMEX\2019.10\Win_x64\EXE\mx201910.exe
2020-03-24T15:15:37	ehsan	Save	C:\Users\ehsan\Desktop\HF\IMEX_TUTORIAL_CONS_BHP_TIGHT_HF - Copy.dat	1585084537	C:\Users\ehsan\Desktop\HF\IMEX_TUTORIAL_CONS_BHP_TIGHT_HF - Copy.dat	
2020-03-24T15:15:51	ehsan	Submit	C:\Users\ehsan\Desktop\HF\IMEX_TUTORIAL_CONS_BHP_TIGHT_HF - Copy.dat	1585084538	C:\Program Files (x86)\CMG\IMEX\2019.10\Win_x64\EXE\mx201910.exe
2020-03-24T15:17:39	ehsan	Submit	C:\Users\ehsan\Desktop\HF\IMEX_TUTORIAL_CONS_BHP_TIGHT_HF.dat	1585084646	C:\Program Files (x86)\CMG\IMEX\2019.10\Win_x64\EXE\mx201910.exe
2020-03-24T15:24:48	ehsan	Submit	C:\Users\ehsan\Desktop\HF\IMEX_TUTORIAL_CONS_BHP_TIGHT_HF - Copy.dat	1585085073	C:\Program Files (x86)\CMG\IMEX\2019.23\win_x64\exe\mx201923.exe
2020-03-24T15:27:23	ehsan	Save	C:\Users\ehsan\Desktop\HF\IMEX_TUTORIAL_CONS_BHP_TIGHT_HF.dat	1585085243	C:\Users\ehsan\Desktop\HF\IMEX_TUTORIAL_CONS_BHP_TIGHT.dat	
2020-03-24T15:29:43	ehsan	Save	C:\Users\ehsan\Desktop\HF\IMEX_TUTORIAL_CONS_BHP_TIGHT_HF.dat	1585085383	C:\Users\ehsan\Desktop\HF\IMEX_TUTORIAL_CONS_BHP_TIGHT_HF.dat	
2020-03-24T15:30:12	ehsan	Submit	C:\Users\ehsan\Desktop\HF\IMEX_TUTORIAL_CONS_BHP_TIGHT_HF.dat	1585085401	C:\Program Files (x86)\CMG\IMEX\2019.10\Win_x64\EXE\mx201910.exe
2020-03-24T15:36:58	ehsan	Save	C:\Users\ehsan\Desktop\HF\IMEX_TUTORIAL_CONS_BHP_TIGHT_HF.dat	1585085818	C:\Users\ehsan\Desktop\HF\IMEX_TUTORIAL_CONS_BHP_TIGHT.dat	
2020-03-24T15:37:00	ehsan	Save	C:\Users\ehsan\Desktop\HF\IMEX_TUTORIAL_CONS_BHP_TIGHT_HF.dat	1585085820	C:\Users\ehsan\Desktop\HF\IMEX_TUTORIAL_CONS_BHP_TIGHT_HF.dat	
2020-03-24T15:38:09	ehsan	Submit	C:\Users\ehsan\Desktop\HF\IMEX_TUTORIAL_CONS_BHP_TIGHT_HF.dat	1585085878	C:\Program Files (x86)\CMG\IMEX\2019.10\Win_x64\EXE\mx201910.exe
2020-03-24T15:45:38	ehsan	Save	C:\Users\ehsan\Desktop\HF\IMEX_TUTORIAL_CONS_BHP_TIGHT_HF.dat	1585086338	C:\Users\ehsan\Desktop\HF\IMEX_TUTORIAL_CONS_BHP_TIGHT.dat	
2020-03-24T15:49:36	ehsan	Save	C:\Users\ehsan\Desktop\HF\IMEX_TUTORIAL_CONS_BHP_TIGHT_HF.dat	1585086576	C:\Users\ehsan\Desktop\HF\IMEX_TUTORIAL_CONS_BHP_TIGHT_HF.dat	
2020-03-24T15:49:36	ehsan	Save	C:\Users\ehsan\Desktop\HF\IMEX_TUTORIAL_CONS_BHP_TIGHT_HF.dat	1585086576	C:\Users\ehsan\Desktop\HF\IMEX_TUTORIAL_CONS_BHP_TIGHT_HF.dat	
2020-03-24T15:49:36	ehsan	Save	C:\Users\ehsan\Desktop\HF\IMEX_TUTORIAL_CONS_BHP_TIGHT_HF.dat	1585086576	C:\Users\ehsan\Desktop\HF\IMEX_TUTORIAL_CONS_BHP_TIGHT_HF.dat	
2020-03-24T15:49:36	ehsan	Save	C:\Users\ehsan\Desktop\HF\IMEX_TUTORIAL_CONS_BHP_TIGHT_HF.dat	1585086576	C:\Users\ehsan\Desktop\HF\IMEX_TUTORIAL_CONS_BHP_TIGHT_HF.dat	
2020-03-24T15:49:37	ehsan	Save	C:\Users\ehsan\Desktop\HF\IMEX_TUTORIAL_CONS_BHP_TIGHT_HF.dat	1585086577	C:\Users\ehsan\Desktop\HF\IMEX_TUTORIAL_CONS_BHP_TIGHT_HF.dat	
2020-03-24T15:49:59	ehsan	Save	C:\Users\ehsan\Desktop\HF\IMEX_TUTORIAL_CONS_BHP_TIGHT_HF.dat	1585086599	C:\Users\ehsan\Desktop\HF\IMEX_TUTORIAL_CONS_BHP_TIGHT_HF.dat	
2020-03-24T15:50:00	ehsan	Save	C:\Users\ehsan\Desktop\HF\IMEX_TUTORIAL_CONS_BHP_TIGHT_HF.dat	1585086600	C:\Users\ehsan\Desktop\HF\IMEX_TUTORIAL_CONS_BHP_TIGHT_HF.dat	
2020-03-24T15:50:29	ehsan	Submit	C:\Users\ehsan\Desktop\HF\IMEX_TUTORIAL_CONS_BHP_TIGHT_HF.dat	1585086616	C:\Program Files (x86)\CMG\IMEX\2019.10\Win_x64\EXE\mx201910.exe
2020-03-24T16:34:53	ehsan	Save	D:\CMG's Modelling Workflow_2019-10\Course-Solution 2019-10\HF\IMEX_TUTORIAL_CONS_BHP_TIGHT_HF.dat	1585089293	D:\CMG's Modelling Workflow_2019-10\Course-Solution 2019-10\HF\IMEX_TUTORIAL_CONS_BHP_TIGHT.dat	
2020-03-24T16:38:09	ehsan	Save	D:\CMG's Modelling Workflow_2019-10\Course-Solution 2019-10\HF\IMEX_TUTORIAL_CONS_BHP_TIGHT_HF.dat	1585089489	D:\CMG's Modelling Workflow_2019-10\Course-Solution 2019-10\HF\IMEX_TUTORIAL_CONS_BHP_TIGHT_HF.dat	
2020-03-24T16:38:25	ehsan	Save	D:\CMG's Modelling Workflow_2019-10\Course-Solution 2019-10\HF\IMEX_TUTORIAL_CONS_BHP_TIGHT_HF.dat	1585089505	D:\CMG's Modelling Workflow_2019-10\Course-Solution 2019-10\HF\IMEX_TUTORIAL_CONS_BHP_TIGHT_HF.dat	
2020-03-24T16:38:26	ehsan	Save	D:\CMG's Modelling Workflow_2019-10\Course-Solution 2019-10\HF\IMEX_TUTORIAL_CONS_BHP_TIGHT_HF.dat	1585089506	D:\CMG's Modelling Workflow_2019-10\Course-Solution 2019-10\HF\IMEX_TUTORIAL_CONS_BHP_TIGHT_HF.dat	
2020-03-24T16:38:39	ehsan	Submit	D:\CMG's Modelling Workflow_2019-10\Course-Solution 2019-10\HF\IMEX_TUTORIAL_CONS_BHP_TIGHT_HF.dat	1585089506	C:\Program Files (x86)\CMG\IMEX\2019.10\Win_x64\EXE\mx201910.exe
