    Opened LOG FILE         on unit 10, filename is 'C:\Users\ehsan\Desktop\HF\IMEX_TUTORIAL_CONS_BHP.log'
 ********************************************************************************
 *                                                                              *
 *                                IMEX  2019.10                                 *
 *                   Adaptive - Implicit Black Oil Simulator                    *
 *                         General Release for Win x64                          *
 *                            2019-Sep-10   17:57:17                            *
 *                                                                              *
 *                          (c) Copyright 1977 - 2019                           *
 *                Computer Modelling Group Ltd., Calgary, Canada                *
 *                             All Rights Reserved                              *
 *                                                                              *
 ********************************************************************************


 Command-line Arguments:  -f C:\Users\ehsan\Desktop\HF\IMEX_TUTORIAL_CONS_BHP.dat
                          -wd C:\Users\ehsan\Desktop\HF
                          -log
                          -doms
                          -parasol 4
                          -wait

  Date and Time of Start of Run:  Mar 24, 2020  14:33:58


*** Input/Output files specification :
    Opened data file        on unit 11, filename is 'C:\Users\ehsan\Desktop\HF\IMEX_TUTORIAL_CONS_BHP.dat'
    Opened Scratch file     on unit 12
    Opened Scratch file     on unit 13
    Opened output file      on unit 14, filename is 'C:\Users\ehsan\Desktop\HF\IMEX_TUTORIAL_CONS_BHP.out'
    Opened SR3-OUT          on unit 15, filename is 'C:\Users\ehsan\Desktop\HF\IMEX_TUTORIAL_CONS_BHP.sr3'
    Opened INDEX-OUT        on unit 16, filename is 'C:\Users\ehsan\Desktop\HF\IMEX_TUTORIAL_CONS_BHP.irf'
    Opened MAIN-RESULTS-OUT on unit 17, filename is 'C:\Users\ehsan\Desktop\HF\IMEX_TUTORIAL_CONS_BHP.mrf'
    Opened REWIND-OUT       on unit 18, filename is 'C:\Users\ehsan\Desktop\HF\IMEX_TUTORIAL_CONS_BHP.rrf'

 =================== WARNING (from subroutine: GRDLST_CHK) ====================
  Solvent property related printout is being disabled
  This MODEL option does not allow solvent property output.
  Line: 17   File Name: C:\Users\ehsan\Desktop\HF\IMEX_TUTORIAL_CONS_BHP.dat
 ==============================================================================

    Opened GRID scratchfile on unit 19

 ===================== SUMMARY (from subroutine: INDATA) ======================
  Reading of initial data is complete.
  Simulation will stop if there were error messages.
     1 Warning messages.    0 Error messages.
 ==============================================================================


                                    I M E X   T I M E   S T E P   S U M M A R Y
 ==================================================================================================================
    Time Step           Time                  Total Production             Total Injection  Total Max. Max. Change
 ---------------- ---------------- -------------------------------------- -----------------  PV   Mat. ------------
                C                    Oil      Gas     Water   GOR.  Wat.    Gas     Water   Avg.  bal. Satur. Pres.
        Size    U                                              M3/   Cut                    Pres. err. DSMAX  DPMAX
  No.   Days IT T Days   yy:mm:dd    M3/D    MM3/D     M3/D     M3    %    MM3/D     M3/D    kPa   %           kPa
 ------ ---- -- - ----- ---------- -------- -------- -------- ----- ----- -------- -------- ----- ---- ------ -----
     1w 1.00 1  0 1.000 1993:01:02 149.9803 4.518366 .0197085 30.13 .0131                   20782 e-7o -6e-4o  -404
     2  5.00 1  0 6.000 1993:01:07 149.7808 4.512357 .2191787 30.13 .1461                   20781 e-6o -.001o  -808
     3  12.5 1  0 18.50 1993:01:20 149.4758 4.503167 .5242272 30.13 .3495                   20778 e-5w -.001o  -730
     4  12.5 1  0 31.00 1993:02:01 149.3417 4.499127 .6583373 30.13 .4389                   20776 e-4w  .002w  -381
     5w 28.0 1  0 59.00 1993:03:01 149.3097 4.498164 .6902803 30.13 .4602                   20771 e-4w  .009w  -408
     6w 31.0 1  0 90.00 1993:04:01 149.3327 4.498856 .6673175 30.13 .4449                   20765 e-4w -.012o  -291
     7w 30.0 1  0 120.0 1993:05:01 149.3573 4.499597 .6427347 30.13 .4285                   20759 e-4w -.011o  -219
     8w 31.0 1  0 151.0 1993:06:01 149.3771 4.500193 .6229459 30.13 .4153                   20752 e-4w -.011o  -177
     9w 30.0 1  0 181.0 1993:07:01 149.3895 4.500567 .6105282 30.13 .4070                   20746 e-4w  .010w  -137
    10w 1.00 1  0 182.0 1993:07:02 149.3892 4.500558 .6108199 30.13 .4072                   20746 e-4w  3e-4w  10.2
    11  5.00 1  0 187.0 1993:07:07 149.3890 4.500552 .6110234 30.13 .4073                   20745 e-4w -.002o -21.8
    12  25.0 1  0 212.0 1993:08:01 149.3952 4.500738 .6048464 30.13 .4032                   20740 e-4w  .008w -92.6
    13w 1.00 1  0 213.0 1993:08:02 299.3779 9.019178 .6220963 30.13 .2074                   20740 e-4w -5e-4o  -386
    14  5.00 1  0 218.0 1993:08:07 299.2461 9.015207 .7539399 30.13 .2513                   20738 e-4w -.002o  -639
    15  25.0 1  0 243.0 1993:09:01 299.0216 9.008445 .9783934 30.13 .3261                   20728 e-3w  .009w  -736
    16w 30.0 1  0 273.0 1993:10:01 298.9249 9.005531 1.075110 30.13 .3584                   20716 e-3w  .009w  -352
    17w 31.0 1  0 304.0 1993:11:01 298.5602 8.994545 1.439765 30.13 .4799                   20703 e-3w  .012w  -207
    18w 30.0 1  0 334.0 1993:12:01 296.9082 8.944776 3.091761 30.13 1.031                   20691 e-3w -.008o  -152
    19w 31.0 1  0 365.0 1994:01:01 294.5854 8.874796 5.414641 30.13 1.805                   20679 e-3w  .008w  -130
    20w 14.0 1  0 379.0 1994:01:15 293.6675 8.847145 6.332486 30.13 2.111                   20673 e-3w -.003o -54.0

                                    I M E X   T I M E   S T E P   S U M M A R Y
 ==================================================================================================================
    Time Step           Time                  Total Production             Total Injection  Total Max. Max. Change
 ---------------- ---------------- -------------------------------------- -----------------  PV   Mat. ------------
                C                    Oil      Gas     Water   GOR.  Wat.    Gas     Water   Avg.  bal. Satur. Pres.
        Size    U                                              M3/   Cut                    Pres. err. DSMAX  DPMAX
  No.   Days IT T Days   yy:mm:dd    M3/D    MM3/D     M3/D     M3    %    MM3/D     M3/D    kPa   %           kPa
 ------ ---- -- - ----- ---------- -------- -------- -------- ----- ----- -------- -------- ----- ---- ------ -----
    21w 1.00 1  0 380.0 1994:01:16 293.5438 8.843417 6.456238 30.13 2.152                   20672 e-3w  2e-4w  5.69
    22  5.00 1  0 385.0 1994:01:21 293.1076 8.830278 6.892368 30.13 2.297                   20670 e-3w  .001w -18.6
    23  11.0 1  0 396.0 1994:02:01 292.4551 8.810620 7.544880 30.13 2.515                   20666 e-3w -.003o -38.5
    24w 1.00 1  0 397.0 1994:02:02 292.3618 8.807808 7.638207 30.13 2.546                   20665 e-3w  2e-4w  4.00
    25  5.00 1  0 402.0 1994:02:07 291.9965 8.796803 8.003515 30.13 2.668                   20663 e-3w  .001w -16.9
    26  22.0 1  0 424.0 1994:03:01 291.0320 8.767747 8.967975 30.13 2.989                   20654 e-3w -.005o -66.9
    27w 1.00 1  0 425.0 1994:03:02 590.8438 17.80000 9.156164 30.13 1.526                   20654 e-3w -8e-4o  -530
    28  5.00 1  0 430.0 1994:03:07 589.9415 17.77281 10.05854 30.13 1.676                   20650 e-3w -.001o -1003
    29  12.5 1  0 442.5 1994:03:20 588.6206 17.73302 11.37939 30.13 1.897                   20640 e-3w -.013o  -771
    30  12.5 1  0 455.0 1994:04:01 587.5430 17.70055 12.45704 30.13 2.076                   20630 e-3w  .015w  -371
    31w 30.0 1  0 485.0 1994:05:01 586.1803 17.65950 13.81974 30.13 2.303                   20605 e-3w -.037o  -416
    32w 1.00 1  0 486.0 1994:05:02 735.9494 22.17151 14.05056 30.13 1.873                   20604 e-3w -.001o  -417
    33  5.00 1  0 491.0 1994:05:07 735.0541 22.14453 14.94595 30.13 1.993                   20599 e-3w -.007o  -639
    34  25.0 1  0 516.0 1994:06:01 732.3302 22.06247 17.66980 30.13 2.356                   20574 e-3w  .033w  -730
    35w 30.0 1  0 546.0 1994:07:01 716.9020 21.59768 33.09805 30.13 4.413                   20544 e-3w -.025o  -356
    36w 31.0 1  0 577.0 1994:08:01 716.3204 21.58016 33.67956 30.13 4.491                   20512 e-3w  .023w  -214
    37w 31.0 1  0 608.0 1994:09:01 704.5467 21.22545 45.45334 30.13 6.060                   20480 e-3w  .027w  -154
    38w 30.0 1  0 638.0 1994:10:01 700.1233 21.09219 49.87670 30.13 6.650                   20449 e-3w -.012o  -119
    39w 31.0 1  0 669.0 1994:11:01 693.2310 20.88455 56.76901 30.13 7.569                   20417 e-3w -.009o  -104
    40w 30.0 1  0 699.0 1994:12:01 687.3256 20.70665 62.67436 30.13 8.357                   20386 e-3w -.010o -89.1

                                    I M E X   T I M E   S T E P   S U M M A R Y
 ==================================================================================================================
    Time Step           Time                  Total Production             Total Injection  Total Max. Max. Change
 ---------------- ---------------- -------------------------------------- -----------------  PV   Mat. ------------
                C                    Oil      Gas     Water   GOR.  Wat.    Gas     Water   Avg.  bal. Satur. Pres.
        Size    U                                              M3/   Cut                    Pres. err. DSMAX  DPMAX
  No.   Days IT T Days   yy:mm:dd    M3/D    MM3/D     M3/D     M3    %    MM3/D     M3/D    kPa   %           kPa
 ------ ---- -- - ----- ---------- -------- -------- -------- ----- ----- -------- -------- ----- ---- ------ -----
    41w 31.0 1  0 730.0 1995:01:01 681.0311 20.51702 68.96886 30.13 9.196                   20354 e-3w  .010w -83.3
    42w 31.0 1  0 761.0 1995:02:01 674.1072 20.30842 75.89282 30.13 10.12                   20321 e-3w  .007w -76.9
    43w 28.0 1  0 789.0 1995:03:01 668.1223 20.12812 81.87771 30.13 10.92                   20292 e-3w  .006w -65.5
    44w 1.00 1  0 790.0 1995:03:02 667.6774 20.11472 82.32262 30.13 10.98                   20291 e-3w  3e-4w  12.4
    45  5.00 1  0 795.0 1995:03:07 666.0143 20.06461 83.98572 30.13 11.20                   20286 e-3w -.001o -11.7
    46  25.0 1  0 820.0 1995:04:01 661.8250 19.93840 88.17504 30.13 11.76                   20260 e-3w  .005o -55.2
    47w 1.00 1  0 821.0 1995:04:02 811.3148 24.44199 88.68524 30.13  9.85                   20258 e-3w -7e-4o  -466
    48  5.00 1  0 826.0 1995:04:07 809.6931 24.39314 90.30693 30.13 10.03                   20252 e-3w  .001o  -684
    49  24.0 1  0 850.0 1995:05:01 805.9849 24.28142 94.01508 30.13 10.45                   20223 e-3w  .005o  -786
    50w 1.00 1  0 851.0 1995:05:02 805.5984 24.26978 94.40162 30.13 10.49                   20221 e-3w -2e-4o -31.5
    51  5.00 1  0 856.0 1995:05:07 804.2052 24.22781 95.79484 30.13 10.64                   20215 e-3w  .001o  -115
    52  25.0 1  0 881.0 1995:06:01 800.8831 24.12773 99.11688 30.13 11.01                   20184 e-3w  .005o  -307
    53w 1.00 1  0 882.0 1995:06:02 950.2339 28.62713  99.7661 30.13  9.50                   20183 e-3w -7e-4o  -489
    54  5.00 1  0 887.0 1995:06:07 948.3707 28.57100 101.6293 30.13  9.68                   20176 e-3w -.001o -1048
    55  12.0 1  0 899.0 1995:06:19 945.9516 28.49812 104.0484 30.13  9.91                   20158 e-3w  .003o  -878
    56  12.0 1  0 911.0 1995:07:01 943.8884 28.43596 106.1116 30.13 10.11                   20141 e-3w  .003o  -427
    57w 31.0 1  0 942.0 1995:08:01 940.3198 28.32845 109.6802 30.13 10.45                   20097 e-3w -.007w  -496
    58w 31.0 1  0 973.0 1995:09:01 936.1906 28.20405 113.8094 30.13 10.84                   20052 e-3w  .007o  -307
    59w 30.0 1  0  1003 1995:10:01 931.9439 28.07611 118.0561 30.13 11.24                   20009 e-3w  .007o  -221
    60w 1.00 1  0  1004 1995:10:02 931.5268 28.06355 118.4732 30.13 11.28                   20007 e-3w -2e-4w -7.71

                                    I M E X   T I M E   S T E P   S U M M A R Y
 ==================================================================================================================
    Time Step           Time                  Total Production             Total Injection  Total Max. Max. Change
 ---------------- ---------------- -------------------------------------- -----------------  PV   Mat. ------------
                C                    Oil      Gas     Water   GOR.  Wat.    Gas     Water   Avg.  bal. Satur. Pres.
        Size    U                                              M3/   Cut                    Pres. err. DSMAX  DPMAX
  No.   Days IT T Days   yy:mm:dd    M3/D    MM3/D     M3/D     M3    %    MM3/D     M3/D    kPa   %           kPa
 ------ ---- -- - ----- ---------- -------- -------- -------- ----- ----- -------- -------- ----- ---- ------ -----
    61  5.00 1  0  1009 1995:10:07 930.2253 28.02434 119.7747 30.13 11.41                   20000 e-3w -.001w -34.8
    62  25.0 1  0  1034 1995:11:01 927.0194 27.92776 122.9806 30.13 11.71                   19964 e-3w  .006o  -144
    63w 1.00 1  0  1035 1995:11:02 1076.386 32.42762 123.6145 30.13 10.30                   19962 e-3w  6e-4w  -445
    64  5.00 1  0  1040 1995:11:07 1074.877 32.38216 125.1234 30.13 10.43                   19954 e-3w -.001w  -743
    65  12.0 1  0  1052 1995:11:19 1072.700 32.31657 127.3005 30.13 10.61                   19935 e-3w  .003o  -669
    66  12.0 1  0  1064 1995:12:01 1070.711 32.25668 129.2887 30.13 10.77                   19915 e-3w -.003w  -423
    67w 31.0 1  0  1095 1996:01:01 1067.361 32.15574 132.6390 30.13 11.05                   19864 e-3w  .008o  -696
    68w 31.0 1  0  1126 1996:02:01 1063.060 32.02617 136.9400 30.13 11.41                   19813 e-3w -.009w  -469
    69w 29.0 1  0  1155 1996:03:01 1058.379 31.88516 141.6206 30.13 11.80                   19765 e-3w  .008o  -323
    70w 1.00 1  0  1156 1996:03:02 1205.315 36.31179 144.6853 30.13 10.72                   19763 e-3w  5e-4w  -338
    71  5.00 1  0  1161 1996:03:07 1202.977 36.24137 147.0228 30.13 10.89                   19754 e-3w  .002w  -502
    72  25.0 1  0  1186 1996:04:01 1195.733 36.02313 154.2670 30.13 11.43                   19708 e-3w  .008w  -578
    73w 30.0 1  0  1216 1996:05:01 1188.326 35.80000 161.6736 30.13 11.98                   19652 e-3w -.010w  -259
    74w 1.00 1  0  1217 1996:05:02 1187.420 35.77268 162.5805 30.13 12.04                   19650 e-3w -7e-4o  22.7
    75  5.00 1  0  1222 1996:05:07 1184.702 35.69082 165.2976 30.13 12.24                   19641 e-3w  .002w -35.9
    76  25.0 1  0  1247 1996:06:01 1178.327 35.49876 171.6728 30.13 12.72                   19594 e-3w -.008w  -149
    77w 1.00 1  0  1248 1996:06:02 1191.050 35.88205 308.9499 30.13 20.60                   19592 e-3w -5e-4w  -137
    78  5.00 1  0  1253 1996:06:07 1189.879 35.84677 310.1210 30.13 20.67                   19581 e-3w  .002o -73.9
    79  24.0 1  0  1277 1996:07:01 1183.168 35.64458 316.8323 30.13 21.12                   19530 e-3w -.010w  -126
    80w 31.0 1  0  1308 1996:08:01 1176.008 35.42890 323.9916 30.13 21.60                   19465 e-3w  .013o  -146

                                    I M E X   T I M E   S T E P   S U M M A R Y
 ==================================================================================================================
    Time Step           Time                  Total Production             Total Injection  Total Max. Max. Change
 ---------------- ---------------- -------------------------------------- -----------------  PV   Mat. ------------
                C                    Oil      Gas     Water   GOR.  Wat.    Gas     Water   Avg.  bal. Satur. Pres.
        Size    U                                              M3/   Cut                    Pres. err. DSMAX  DPMAX
  No.   Days IT T Days   yy:mm:dd    M3/D    MM3/D     M3/D     M3    %    MM3/D     M3/D    kPa   %           kPa
 ------ ---- -- - ----- ---------- -------- -------- -------- ----- ----- -------- -------- ----- ---- ------ -----
    81w 31.0 1  0  1339 1996:09:01 1166.747 35.14988 333.2533 30.13 22.22                   19399 e-3w -.014w  -135
    82w 30.0 1  0  1369 1996:10:01 1159.103 34.91961 340.8965 30.13 22.73                   19336 e-3w  .014o  -123
    83w 31.0 1  0  1400 1996:11:01 1150.848 34.67091 349.1520 30.13 23.28                   19270 e-3w  .014o  -120
    84w 1.00 1  0  1401 1996:11:02 1149.996 34.64523 350.0043 30.13 23.33                   19268 e-3w  3e-4o  15.5
    85  5.00 1  0  1406 1996:11:07 1147.538 34.57119 352.4620 30.13 23.50                   19257 e-3w  .002o -19.6
    86  24.0 1  0  1430 1996:12:01 1141.894 34.40115 358.1061 30.13 23.87                   19206 e-3w  .010o -88.7
    87w 1.00 1  0  1431 1996:12:02 1290.191 38.86882 359.8085 30.13 21.81                   19204 e-3w -5e-4o  -391
    88  5.00 1  0  1436 1996:12:07 1287.629 38.79162 362.3714 30.13 21.96                   19192 e-3w  .002o  -630
    89  25.0 1  0  1461 1997:01:01 1282.351 38.63261 367.6493 30.13 22.28                   19135 e-3w -.010w  -768
    90w 31.0 1  0  1492 1997:02:01 1276.207 38.44753 373.7929 30.13 22.65                   19063 e-3w -.013w  -407
    91w 28.0 1  0  1520 1997:03:01 1269.919 38.25810 380.0806 30.13 23.04                   18998 e-3w  .012o  -237
    92w 31.0 1  0  1551 1997:04:01 1263.663 38.06962 386.3369 30.13 23.41                   18926 e-3w  .014o  -197
    93w 30.0 1  0  1581 1997:05:01 1257.172 37.87406 392.8281 30.13 23.81                   18856 e-3w  .014o  -161
    94w 31.0 1  0  1612 1997:06:01 1250.629 37.67696 399.3707 30.13 24.20                   18784 e-3w  .015o  -148
    95w 30.0 1  0  1642 1997:07:01 1243.600 37.46520 406.3998 30.13 24.63                   18714 e-3w  .015o  -135
    96w 31.0 1  0  1673 1997:08:01 1236.427 37.24911 413.5726 30.13 25.07                   18642 e-3w  .016o  -133
    97w 31.0 1  0  1704 1997:09:01 1228.528 37.01114 421.4715 30.13 25.54                   18570 e-3w  .016o  -128
    98w 30.0 1  0  1734 1997:10:01 1220.441 36.76750 429.5586 30.13 26.03                   18500 e-3w  .016o  -119
    99w 31.0 1  0  1765 1997:11:01 1211.573 36.50032 438.4273 30.13 26.57                   18427 e-3w  .017o  -118
   100w 30.0 1  0  1795 1997:12:01 1202.463 36.22589 447.5367 30.13 27.12                   18357 e-3w -.017w  -110

                                    I M E X   T I M E   S T E P   S U M M A R Y
 ==================================================================================================================
    Time Step           Time                  Total Production             Total Injection  Total Max. Max. Change
 ---------------- ---------------- -------------------------------------- -----------------  PV   Mat. ------------
                C                    Oil      Gas     Water   GOR.  Wat.    Gas     Water   Avg.  bal. Satur. Pres.
        Size    U                                              M3/   Cut                    Pres. err. DSMAX  DPMAX
  No.   Days IT T Days   yy:mm:dd    M3/D    MM3/D     M3/D     M3    %    MM3/D     M3/D    kPa   %           kPa
 ------ ---- -- - ----- ---------- -------- -------- -------- ----- ----- -------- -------- ----- ---- ------ -----
   101w 31.0 1  0  1826 1998:01:01 1193.746 35.96326 456.2544 30.13 27.65                   18285 e-3w  .018o  -109
   102w 31.0 1  0  1857 1998:02:01 1184.750 35.69226 465.2497 30.13 28.20                   18212 e-3w  .018o  -104
   103w 28.0 1  0  1885 1998:03:01 1177.939 35.48706 472.0612 30.13 28.61                   18147 e-3w -.017w -90.7
   104w 31.0 1  0  1916 1998:04:01 1171.206 35.28422 478.7939 30.13 29.02                   18074 e-3w -.019w -96.6
   105w 30.0 1  0  1946 1998:05:01 1164.550 35.08369 485.4503 30.13 29.42                   18004 e-3w  .018o -90.3
   106w 31.0 1  0  1977 1998:06:01 1158.160 34.89118 491.8404 30.13 29.81                   17931 e-3w  .019o -90.3
   107w 30.0 1  0  2007 1998:07:01 1151.784 34.69911 498.2159 30.13 30.19                   17861 e-3w  .020o -86.5
   108w 31.0 1  0  2038 1998:08:01 1145.842 34.52011 504.1575 30.13 30.56                   17788 e-3w  .023o -88.8
   109w 31.0 1  0  2069 1998:09:01 1140.051 34.34563 509.9489 30.13 30.91                   17715 e-3w  .026o -88.2
   110w 30.0 1  0  2099 1998:10:01 1134.426 34.17617 515.5740 30.13 31.25                   17645 e-3w  .027o -84.9
   111w 31.0 1  0  2130 1998:11:01 1128.597 34.00056 521.4031 30.13 31.60                   17572 e-3w  .031o -87.2
   112w 30.0 1  0  2160 1998:12:01 1123.228 33.83883 526.7717 30.13 31.93                   17501 e-3w  .032o -83.9
   113w 31.0 1  0  2191 1999:01:01 1118.056 33.68299 531.9443 30.13 32.24                   17428 e-3w  .036o -86.1
   114w 31.0 1  0  2222 1999:02:01 1113.051 33.53222 536.9489 30.13 32.54                   17355 e-3w  .038o -85.6
   115w 28.0 1  0  2250 1999:03:01 1108.470 33.39422 541.5297 30.13 32.82                   17289 e-3w  .036o -76.8
   116w 31.0 1  0  2281 1999:04:01 1103.894 33.25634 546.1064 30.13 33.10                   17216 e-3w  .042o -84.5
   117w 30.0 1  0  2311 1999:05:01 1099.461 33.12279 550.5394 30.13 33.37                   17146 e-3w  .042o -81.3
   118w 31.0 1  0  2342 1999:06:01 1095.130 32.99233 554.8697 30.13 33.63                   17073 e-3w  .044o -83.5
   119w 30.0 1  0  2372 1999:07:01 1090.673 32.85806 559.3268 30.13 33.90                   17002 e-3w -.044w -80.3
   120w 31.0 1  0  2403 1999:08:01 1085.295 32.69602 564.7053 30.13 34.22                   16929 e-3w  .046o -82.5

                                    I M E X   T I M E   S T E P   S U M M A R Y
 ==================================================================================================================
    Time Step           Time                  Total Production             Total Injection  Total Max. Max. Change
 ---------------- ---------------- -------------------------------------- -----------------  PV   Mat. ------------
                C                    Oil      Gas     Water   GOR.  Wat.    Gas     Water   Avg.  bal. Satur. Pres.
        Size    U                                              M3/   Cut                    Pres. err. DSMAX  DPMAX
  No.   Days IT T Days   yy:mm:dd    M3/D    MM3/D     M3/D     M3    %    MM3/D     M3/D    kPa   %           kPa
 ------ ---- -- - ----- ---------- -------- -------- -------- ----- ----- -------- -------- ----- ---- ------ -----
   121w 31.0 1  0  2434 1999:09:01 1080.314 32.54596 569.6864 30.13 34.53                   16856 e-3w  .045o -82.0
   122w 30.0 1  0  2464 1999:10:01 1075.464 32.39985 574.5362 30.13 34.82                   16785 e-3w  .039o -78.9
   123w 31.0 1  0  2495 1999:11:01 1070.748 32.25779 579.2517 30.13 35.11                   16712 e-3w -.031w -81.0
   124w 30.0 1  0  2525 1999:12:01 1066.471 32.12893 583.5289 30.13 35.37                   16641 e-3w  .019o -77.9
   125w 31.0 1  0  2556 2000:01:01 1062.352 32.00483 587.6483 30.13 35.62                   16567 e-3w  .020o -80.1
   126w 31.0 1  0  2587 2000:02:01 1058.273 31.88195 591.7271 30.13 35.86                   16494 e-3w  .021o -79.6
   127w 29.0 1  0  2616 2000:03:01 1054.533 31.76928 595.4671 30.13 36.09                   16426 e-3w  .019o -74.1
   128w 31.0 1  0  2647 2000:04:01 1050.833 31.65780 599.1674 30.13 36.31                   16352 e-3w  .021o -78.8
   129w 30.0 1  0  2677 2000:05:01 1047.272 31.55054 602.7279 30.13 36.53                   16281 e-3w  .021o -75.9
   130w 31.0 1  0  2708 2000:06:01 1043.787 31.44554 606.2131 30.13 36.74                   16208 e-3w  .022o -78.1
   131w 30.0 1  0  2738 2000:07:01 1040.417 31.34401 609.5834 30.13 36.94                   16137 e-3w  .021o -75.2
   132w 31.0 1  0  2769 2000:08:01 1037.201 31.24713 612.7990 30.13 37.14                   16064 e-3w  .022o -77.4
   133w 31.0 2  0  2800 2000:09:01 1034.108 31.15395 615.8921 30.13 37.33                   15990 e-3w -.023w -77.2
   134w 30.0 1  0  2830 2000:10:01 1031.188 31.06598 618.8121 30.13 37.50                   15919 e-3w  .022o -75.2
   135w 31.0 1  0  2861 2000:11:01 1028.361 30.98081 621.6393 30.13 37.68                   15845 e-3w  .024o -76.9
   136w 30.0 1  0  2891 2000:12:01 1025.637 30.89875 624.3630 30.13 37.84                   15774 e-3w -.023w -74.5
   137w 31.0 1  0  2922 2001:01:01 1022.976 30.81858 627.0243 30.13 38.00                   15701 e-3w  .024o -76.8
   138w 31.0 1  0  2953 2001:02:01 1020.318 30.73851 629.6818 30.13 38.16                   15627 e-3w  .024o -76.8
   139w 28.0 1  0  2981 2001:03:01 1017.935 30.66673 632.0646 30.13 38.31                   15561 e-3w  .022o -69.5
   140w 31.0 1  0  3012 2001:04:01 1015.576 30.59566 634.4237 30.13 38.45                   15487 e-3w  .024o -76.7

                                    I M E X   T I M E   S T E P   S U M M A R Y
 ==================================================================================================================
    Time Step           Time                  Total Production             Total Injection  Total Max. Max. Change
 ---------------- ---------------- -------------------------------------- -----------------  PV   Mat. ------------
                C                    Oil      Gas     Water   GOR.  Wat.    Gas     Water   Avg.  bal. Satur. Pres.
        Size    U                                              M3/   Cut                    Pres. err. DSMAX  DPMAX
  No.   Days IT T Days   yy:mm:dd    M3/D    MM3/D     M3/D     M3    %    MM3/D     M3/D    kPa   %           kPa
 ------ ---- -- - ----- ---------- -------- -------- -------- ----- ----- -------- -------- ----- ---- ------ -----
   141w 30.0 1  0  3042 2001:05:01 1013.278 30.52643 636.7216 30.13 38.59                   15416 e-3w -.022w -74.3
   142w 31.0 1  0  3073 2001:06:01 1011.019 30.45836 638.9809 30.13 38.73                   15342 e-3w  .023o -76.7
   143w 30.0 1  0  3103 2001:07:01 1008.854 30.39314 641.1461 30.13 38.86                   15271 e-3w  .022o -74.3
   144w 31.0 1  0  3134 2001:08:01 1006.741 30.32947 643.2594 30.13 38.99                   15197 e-3w  .023o -76.7
   145w 31.0 1  0  3165 2001:09:01 1004.659 30.26674 645.3415 30.13 39.11                   15123 e-3w  .023o -76.6
   146w 30.0 1  0  3195 2001:10:01 1002.661 30.20658 647.3386 30.13 39.23                   15052 e-3w  .022o -74.3
   147w 31.0 1  0  3226 2001:11:01 1000.746 30.14888 649.2537 30.13 39.35                   14978 e-3w  .022o -76.6
   148w 30.0 1  0  3256 2001:12:01 998.8861 30.09284 651.1139 30.13 39.46                   14906 e-3w -.019w -74.3
   149w 31.0 1  0  3287 2002:01:01 997.0918 30.03879 652.9082 30.13 39.57                   14833 e-3w  .019o -76.7
   150w 31.0 1  0  3318 2002:02:01 995.3434 29.98611 654.6566 30.13 39.68                   14759 e-3w  .019o -76.8
   151w 28.0 1  0  3346 2002:03:01 993.7246 29.93734 656.2754 30.13 39.77                   14692 e-3w  .018o -69.7
   152w 31.0 1  0  3377 2002:04:01 992.1360 29.88949 657.8640 30.13 39.87                   14618 e-3w  .020o -76.5
   153w 30.0 1  0  3407 2002:05:01 990.5800 29.84261 659.4200 30.13 39.96                   14546 e-3w  .020o -74.1
   154w 31.0 1  0  3438 2002:06:01 989.0601 29.79682 660.9399 30.13 40.06                   14472 e-3w  .021o -76.5
   155w 30.0 1  0  3468 2002:07:01 987.5851 29.75238 662.4149 30.13 40.15                   14401 e-3w  .021o -74.1
   156w 31.0 1  0  3499 2002:08:01 986.1423 29.70892 663.8577 30.13 40.23                   14327 e-3w  .022o -76.5
   157w 31.0 1  0  3530 2002:09:01 984.7235 29.66617 665.2765 30.13 40.32                   14252 e-3w  .022o -76.5
   158w 30.0 1  0  3560 2002:10:01 983.3451 29.62465 666.6549 30.13 40.40                   14181 e-3w -.021w -74.1
   159w 31.0 1  0  3591 2002:11:01 981.9759 29.57985 668.0241 30.12 40.49                   14106 e-3w  .022o -76.5
   160w 30.0 1  0  3621 2002:12:01 980.6882 29.53463 669.3118 30.12 40.56                   14035 e-3w  .021o -74.0

                                    I M E X   T I M E   S T E P   S U M M A R Y
 ==================================================================================================================
    Time Step           Time                  Total Production             Total Injection  Total Max. Max. Change
 ---------------- ---------------- -------------------------------------- -----------------  PV   Mat. ------------
                C                    Oil      Gas     Water   GOR.  Wat.    Gas     Water   Avg.  bal. Satur. Pres.
        Size    U                                              M3/   Cut                    Pres. err. DSMAX  DPMAX
  No.   Days IT T Days   yy:mm:dd    M3/D    MM3/D     M3/D     M3    %    MM3/D     M3/D    kPa   %           kPa
 ------ ---- -- - ----- ---------- -------- -------- -------- ----- ----- -------- -------- ----- ---- ------ -----
   161w 31.0 1  0  3652 2003:01:01 979.4185 29.48852 670.5815 30.11 40.64                   13960 e-3w  .022o -76.4
   162w 31.0 1  0  3683 2003:02:01 978.1594 29.44096 671.8406 30.10 40.72                   13886 e-3w  .022o -76.4
   163w 28.0 1  0  3711 2003:03:01 976.9859 29.39310 673.0141 30.09 40.79                   13819 e-3w -.019w -69.1
   164w 31.0 1  0  3742 2003:04:01 975.8111 29.33068 674.1889 30.06 40.86                   13745 e-3w  .020o -76.4
   165w 30.0 1  0  3772 2003:05:01 974.7711 29.26463 675.2289 30.02 40.92                   13673 e-3w -.018w -73.9
   166w 31.0 1  0  3803 2003:06:01 973.7173 29.18846 676.2827 29.98 40.99                   13599 e-3w  .019o -76.3
   167w 30.0 1  0  3833 2003:07:01 972.7683 29.10953 677.2317 29.92 41.04                   13527 e-3w -.018w -74.2
   168w 31.0 1  0  3864 2003:08:01 971.8508 29.02632 678.1492 29.87 41.10                   13453 e-3w  .019o -76.3
   169w 31.0 1  0  3895 2003:09:01 970.8789 28.93900 679.1211 29.81 41.16                   13378 e-3w  .019o -76.3
   170w 30.0 1  0  3925 2003:10:01 970.0160 28.85830 679.9840 29.75 41.21                   13307 e-3w  .019o -73.8
   171w 31.0 1  0  3956 2003:11:01 968.9408 28.77806 681.0592 29.70 41.28                   13232 e-3w  .019o -76.2
   172w 30.0 1  0  3986 2003:12:01 968.0870 28.71048 681.9130 29.66 41.33                   13160 e-3w  .019o -78.9
   173w 31.0 1  0  4017 2004:01:01 967.2347 28.64435 682.7653 29.61 41.38                   13086 e-3w  .019o -81.2
   174w 31.0 1  0  4048 2004:02:01 966.0073 28.58049 683.9927 29.59 41.45                   13012 e-3w -.019w -80.4
   175w 29.0 1  0  4077 2004:03:01 965.0612 28.54881 684.9388 29.58 41.51                   12942 e-3w  .017o -90.4
   176w 31.0 1  0  4108 2004:04:01 964.2812 28.54807 685.7188 29.61 41.56                   12868 e-3w  .019o -94.2
   177w 30.0 1  0  4138 2004:05:01 963.3049 28.56010 686.6951 29.65 41.62                   12796 e-3w  .019o -94.6
   178w 31.0 1  0  4169 2004:06:01 962.3314 28.59196 687.6686 29.71 41.68                   12722 e-3w  .019o -97.1
   179w 30.0 1  0  4199 2004:07:01 961.3661 28.64608 688.6339 29.80 41.74                   12650 e-3w  .019o -95.5
   180w 31.0 1  0  4230 2004:08:01 960.7356 28.72408 689.2644 29.90 41.77                   12576 e-3w  .020o  -107

                                    I M E X   T I M E   S T E P   S U M M A R Y
 ==================================================================================================================
    Time Step           Time                  Total Production             Total Injection  Total Max. Max. Change
 ---------------- ---------------- -------------------------------------- -----------------  PV   Mat. ------------
                C                    Oil      Gas     Water   GOR.  Wat.    Gas     Water   Avg.  bal. Satur. Pres.
        Size    U                                              M3/   Cut                    Pres. err. DSMAX  DPMAX
  No.   Days IT T Days   yy:mm:dd    M3/D    MM3/D     M3/D     M3    %    MM3/D     M3/D    kPa   %           kPa
 ------ ---- -- - ----- ---------- -------- -------- -------- ----- ----- -------- -------- ----- ---- ------ -----
   181w 31.0 1  0  4261 2004:09:01 959.8591 28.77014 690.1409 29.97 41.83                   12501 e-3w  .020o  -100
   182w 30.0 1  0  4291 2004:10:01 959.0078 28.76824 690.9922 30.00 41.88                   12429 e-3w  .020o -90.3
   183w 31.0 1  1  4322 2004:11:01 957.7244 28.70278 691.4489 29.97 41.93                   12355 e-3w  .020o -88.5
   184w 30.0 1  0  4352 2004:12:01 955.6266 28.56331 691.6599 29.89 41.99                   12283 e-3w  .020o -84.8
   185w 31.0 1  0  4383 2005:01:01 953.8764 28.40804 691.7489 29.78 42.04                   12209 e-3w  .021o -85.9
   186w 31.0 1  0  4414 2005:02:01 952.1424 28.23798 691.8819 29.66 42.08                   12135 e-3w  .021o -84.4
   187w 28.0 1  0  4442 2005:03:01 950.5577 28.07812 692.0567 29.54 42.13                   12068 e-3w  .019o -73.4
   188w 31.0 1  0  4473 2005:04:01 948.8872 27.90955 692.1833 29.41 42.18                   11995 e-3w  .021o -82.0
   189w 30.0 1  0  4503 2005:05:01 947.5273 27.76075 692.0520 29.30 42.21                   11924 e-3w -.020w -83.5
   190w 31.0 1  0  4534 2005:06:01 946.0461 27.60045 692.0078 29.17 42.25                   11850 e-3w  .021o -84.9
   191w 30.0 1  0  4564 2005:07:01 944.9566 27.46705 691.6325 29.07 42.26                   11780 e-3w -.020w -88.7
   192w 31.0 1  0  4595 2005:08:01 943.7586 27.34763 691.2978 28.98 42.28                   11707 e-3w  .021o -90.6
   193w 31.0 1  0  4626 2005:09:01 942.4441 27.24307 691.1038 28.91 42.31                   11634 e-3g  .021o -87.3
   194w 30.0 1  0  4656 2005:10:01 941.2573 27.17168 690.8560 28.87 42.33                   11564 e-3g  .021o -91.9
   195w 31.0 1  0  4687 2005:11:01 940.1087 27.12771 690.5418 28.86 42.35                   11493 e-3g  .022o -91.3
   196w 30.0 1  1  4717 2005:12:01 938.8959 27.08926 690.0667 28.85 42.36                   11424 .01g  .021o -96.3
   197w 31.0 1  0  4748 2006:01:01 935.9997 26.97699 689.3484 28.82 42.41                   11353 .01g  .022o -92.0
   198w 31.0 1  0  4779 2006:02:01 933.2146 26.85961 688.7811 28.78 42.47                   11282 .02g  .022o -88.7
   199w 28.0 1  0  4807 2006:03:01 930.9546 26.76748 688.0366 28.75 42.50                   11220 .02g  .020o -74.4
   200w 31.0 1  0  4838 2006:04:01 928.5492 26.68450 687.2001 28.74 42.53                   11151 .02g  .022o -83.0

                                    I M E X   T I M E   S T E P   S U M M A R Y
 ==================================================================================================================
    Time Step           Time                  Total Production             Total Injection  Total Max. Max. Change
 ---------------- ---------------- -------------------------------------- -----------------  PV   Mat. ------------
                C                    Oil      Gas     Water   GOR.  Wat.    Gas     Water   Avg.  bal. Satur. Pres.
        Size    U                                              M3/   Cut                    Pres. err. DSMAX  DPMAX
  No.   Days IT T Days   yy:mm:dd    M3/D    MM3/D     M3/D     M3    %    MM3/D     M3/D    kPa   %           kPa
 ------ ---- -- - ----- ---------- -------- -------- -------- ----- ----- -------- -------- ----- ---- ------ -----
   201w 30.0 1  0  4868 2006:05:01 926.0028 26.61945 686.5864 28.75 42.58                   11085 .03g  .021o -84.8
   202w 31.0 1  0  4899 2006:06:01 924.2442 26.61523 685.1089 28.80 42.57                   11017 .03g  .022o -85.1
   203w 30.0 1  0  4929 2006:07:01 922.6001 26.61893 683.6353 28.85 42.56                   10952 .03g -.021w -79.7
   204w 31.0 1  0  4960 2006:08:01 920.9662 26.60003 682.1007 28.88 42.55                   10886 .04g  .022o -80.1
   205w 31.0 1  0  4991 2006:09:01 919.8408 26.57014 680.1388 28.89 42.51                   10821 .04g  .021o -81.2
   206w 30.0 1  0  5021 2006:10:01 918.6895 26.52261 678.2761 28.87 42.47                   10758 .04g -.021w -77.3
   207w 31.0 1  0  5052 2006:11:01 917.9225 26.47311 676.0364 28.84 42.41                   10695 .05g  .021o -78.1
   208w 30.0 1  0  5082 2006:12:01 917.1790 26.41554 673.7957 28.80 42.35                   10634 .05g  .020o -74.7
   209w 31.0 1  0  5113 2007:01:01 916.5181 26.34691 671.4273 28.75 42.28                   10571 .05g  .020o -74.7
   210w 31.0 1  0  5144 2007:02:01 916.1529 26.27986 668.7933 28.69 42.20                   10510 .06g  .020o -75.0
   211w 28.0 1  0  5172 2007:03:01 916.0021 26.22197 666.2016 28.63 42.11                   10455 .06g -.017w -66.3
   212w 31.0 1  0  5203 2007:04:01 916.1479 26.16254 663.1916 28.56 41.99                   10395 .06g  .018o -72.1
   213w 30.0 1  0  5233 2007:05:01 916.3110 26.08660 660.2011 28.47 41.88                   10338 .06g -.024w -70.4
   214w 31.0 1  0  5264 2007:06:01 916.9001 26.01995 656.7867 28.38 41.74                   10280 .07g  .019o -73.8
   215w 30.0 1  0  5294 2007:07:01 917.6272 25.95949 653.3199 28.29 41.59                   10225 .07g  .018o -73.8
   216w 31.0 1  0  5325 2007:08:01 918.4928 25.91137 649.6819 28.21 41.43                   10168 .07g  .019o -79.5
   217w 31.0 1  1  5356 2007:09:01 919.7211 25.86530 645.7033 28.12 41.25                   10113 .08g -.020w -79.0
   218w 30.0 1  0  5386 2007:10:01 919.2585 25.75976 641.5806 28.02 41.10                   10060 .08g  .018o -81.6
   219w 31.0 1  0  5417 2007:11:01 919.0167 25.66006 637.3687 27.92 40.95                   10006 .08g  .019o -83.1
   220w 30.0 1  1  5447 2007:12:01 918.0707 25.55340 633.1449 27.83 40.82                    9954 .09g  .018o -81.6

                                    I M E X   T I M E   S T E P   S U M M A R Y
 ==================================================================================================================
    Time Step           Time                  Total Production             Total Injection  Total Max. Max. Change
 ---------------- ---------------- -------------------------------------- -----------------  PV   Mat. ------------
                C                    Oil      Gas     Water   GOR.  Wat.    Gas     Water   Avg.  bal. Satur. Pres.
        Size    U                                              M3/   Cut                    Pres. err. DSMAX  DPMAX
  No.   Days IT T Days   yy:mm:dd    M3/D    MM3/D     M3/D     M3    %    MM3/D     M3/D    kPa   %           kPa
 ------ ---- -- - ----- ---------- -------- -------- -------- ----- ----- -------- -------- ----- ---- ------ -----
   221w 31.0 1  0  5478 2008:01:01 915.8998 25.42071 628.9234 27.75 40.71                    9902 .09g  .019o -85.9
   222w 31.0 1  0  5509 2008:02:01 914.3663 25.32756 624.1833 27.70 40.57                    9851 .09g  .018o -94.9
   223w 29.0 1  0  5538 2008:03:01 912.8300 25.21203 619.8932 27.62 40.44                    9803 .10g -.020w -95.2
   224w 31.0 1  0  5569 2008:04:01 911.1203 25.11450 615.6462 27.56 40.32                    9753 .10g -.019o  -101
   225w 30.0 1  1  5599 2008:05:01 908.6883 25.00268 611.0443 27.52 40.21                    9706 .10g -.024w   136
   226w 31.0 1  1  5630 2008:06:01 905.0498 24.84931 606.0316 27.46 40.11                    9658 .11g  .019w   380
   227w 30.0 1  1  5660 2008:07:01 900.1886 24.69042 600.8398 27.43 40.03                    9612 .11g  .017o   524
   228w 31.0 1  0  5691 2008:08:01 895.5384 24.56125 595.6582 27.43 39.94                    9566 .11g -.017w -71.1
   229w 31.0 1  1  5722 2008:09:01 890.4039 24.44564 590.3193 27.45 39.87                    9521 .12g  .021o -74.3
   230w 30.0 1  0  5752 2008:10:01 884.8990 24.30248 584.7127 27.46 39.79                    9477 .12g -.019o -78.3
   231w 31.0 1  0  5783 2008:11:01 879.5264 24.20659 579.1030 27.52 39.70                    9434 .12g -.016w -75.0
   232w 30.0 1  0  5813 2008:12:01 874.3983 24.14492 573.7394 27.61 39.62                    9393 .12g  .019w -76.5
   233w 31.0 1  0  5844 2009:01:01 869.2284 24.01088 568.4390 27.62 39.54                    9351 .13g -.033w -83.1
   234w 31.0 1  0  5875 2009:02:01 864.0846 23.91934 563.2572 27.68 39.46                    9310 .13g -.022o -75.0
   235w 28.0 1  0  5903 2009:03:01 859.3835 23.86597 558.5962 27.77 39.39                    9274 .13g  .011o -68.7
   236w 31.0 1  0  5934 2009:04:01 854.6532 23.80883 553.6689 27.86 39.31                    9234 .14g  .012o -74.2
   237w 30.0 1  0  5964 2009:05:01 850.0592 23.73808 548.8716 27.93 39.24                    9197 .14g  .011o -78.8
   238w 31.0 1  0  5995 2009:06:01 845.5787 23.67195 544.0268 27.99 39.15                    9160 .14g  .012o -74.2
   239w 30.0 1  1  6025 2009:07:01 839.5500 23.52233 538.8332 28.02 39.09                    9124 .15g  .011o -53.9
   240w 31.0 1  0  6056 2009:08:01 833.4577 23.37956 533.6542 28.05 39.04                    9089 .15g  .012o -55.0

                                    I M E X   T I M E   S T E P   S U M M A R Y
 ==================================================================================================================
    Time Step           Time                  Total Production             Total Injection  Total Max. Max. Change
 ---------------- ---------------- -------------------------------------- -----------------  PV   Mat. ------------
                C                    Oil      Gas     Water   GOR.  Wat.    Gas     Water   Avg.  bal. Satur. Pres.
        Size    U                                              M3/   Cut                    Pres. err. DSMAX  DPMAX
  No.   Days IT T Days   yy:mm:dd    M3/D    MM3/D     M3/D     M3    %    MM3/D     M3/D    kPa   %           kPa
 ------ ---- -- - ----- ---------- -------- -------- -------- ----- ----- -------- -------- ----- ---- ------ -----
   241w 31.0 1  0  6087 2009:09:01 827.5775 23.26975 528.6358 28.12 38.98                    9054 .15g -.012w -54.3
   242w 30.0 1  0  6117 2009:10:01 822.0143 23.17616 524.0139 28.19 38.93                    9021 .16g  .012o  -147
   243w 31.0 1  0  6148 2009:11:01 816.5324 23.08197 519.3691 28.27 38.88                    8987 .16g  .012o  -105
   244w 30.0 1  0  6178 2009:12:01 811.2863 23.01733 514.9386 28.37 38.83                    8956 .16g  .012o -68.1
   245w 31.0 1  0  6209 2010:01:01 806.0043 22.95189 510.6403 28.48 38.78                    8924 .17g  .012o -51.2
   246w 31.0 1  0  6240 2010:02:01 800.8396 22.88466 506.4421 28.58 38.74                    8894 .17g  .012o -50.3

 ===================== SUMMARY (from subroutine: TSIO)   ======================
  Simulation run terminated. Stopping time reached.
    
     1 Warning messages.    0 Error messages.
 ==============================================================================


       Field Total                                   Fluid
                             Oil       Gas       Water    Solvent   Polymer   Seawater
                            -------   -------   -------   -------   -------   -------
                            (MSM3)    (MMSM3)   (MSM3)    (MMSM3)   (MKG)     (MSM3)
  Cumulative Production      5803.8    171.70    3053.8     NA        NA        NA   
  Cumulative Injection        NA         0         0        NA        NA        NA   
  Cumulative Gas Lift         NA         0        NA        NA        NA        NA   
  Cumulative Water Influx     NA        NA         0        NA        NA        NA   
  Current Fluids In Place     35676    1075.9     23610     NA        NA        NA   
  Production Rates           .80084    .02288    .50644     NA        NA        NA   
  Injection Rates             NA         0         0        NA        NA        NA   

  Timesteps:    246  Newton Cycles:      256  Cuts:      9  Solver Iterations:         5248
  Average Implicitness    : 0.007
  Material Balances (owg): 1.000 1.000 1.002
  Average Active Blocks:       34077 Average Non-BHP Active Wells:     8
  Total Blocks :       35000 Total Wells :    11
  Active Blocks:       34077 Non-BHP Active Wells:     3
  Total lstpro/lstpar calls:     2
  Time at end of simulation:   6240.00     (days)   
  Average reservoir pressure excluding water zone: 8637.231 (kPa)    
  Total Number of Solver Failures:       0  Stalls:       0  ITERMAX Reached:       0
  Jacobian Domains      4
  Linear Solver: Parasol
  Number of level 1 solver classes:    4
  AUTOPSLAB Cutting Direction:    I
  Preconditioner Ordering     REDBLACK
  Preconditioner Degree aa, ab, as, bb, ba:    1    2    1    1    1
  KMP_AFFINITY: Default
  OMP_SCHEDULE: Default
  Max Impl Blocks:      352  %Impl:  1.0%  (TS,CUT,NCYC): (  246, 0,  1 )
  Max Solver Iterations (TS,CUT,NCYC):      28 (  133, 0,  2 )
  Number of threads set:    4
  Total number of cpus:   16
  Memory Usage Peak:      137 MB on TS:  222  TS 1 Peak:      123 MB  Average:      132 MB  VM Size:      165 MB
  Host computer: XENAPP-CGY

  End of Simulation: Normal Termination

  CPU Time:           153.69 seconds
  Elapsed Time:        45.41 seconds

  Date and Time of End of Run:  Mar 24, 2020  14:34:44

