    Opened LOG FILE         on unit 10, filename is 'C:\Users\ehsan\Desktop\HF\IMEX_TUTORIAL_CONS_BHP_TIGHT.log'
 ********************************************************************************
 *                                                                              *
 *                                IMEX  2019.10                                 *
 *                   Adaptive - Implicit Black Oil Simulator                    *
 *                         General Release for Win x64                          *
 *                            2019-Sep-10   17:57:17                            *
 *                                                                              *
 *                          (c) Copyright 1977 - 2019                           *
 *                Computer Modelling Group Ltd., Calgary, Canada                *
 *                             All Rights Reserved                              *
 *                                                                              *
 ********************************************************************************


 Command-line Arguments:  -f C:\Users\ehsan\Desktop\HF\IMEX_TUTORIAL_CONS_BHP_TIGHT.dat
                          -wd C:\Users\ehsan\Desktop\HF
                          -log
                          -doms
                          -parasol 4
                          -wait

  Date and Time of Start of Run:  Mar 24, 2020  14:48:34


*** Input/Output files specification :
    Opened data file        on unit 11, filename is 'C:\Users\ehsan\Desktop\HF\IMEX_TUTORIAL_CONS_BHP_TIGHT.dat'
    Opened Scratch file     on unit 12
    Opened Scratch file     on unit 13
    Opened output file      on unit 14, filename is 'C:\Users\ehsan\Desktop\HF\IMEX_TUTORIAL_CONS_BHP_TIGHT.out'
    Opened SR3-OUT          on unit 15, filename is 'C:\Users\ehsan\Desktop\HF\IMEX_TUTORIAL_CONS_BHP_TIGHT.sr3'
    Opened INDEX-OUT        on unit 16, filename is 'C:\Users\ehsan\Desktop\HF\IMEX_TUTORIAL_CONS_BHP_TIGHT.irf'
    Opened MAIN-RESULTS-OUT on unit 17, filename is 'C:\Users\ehsan\Desktop\HF\IMEX_TUTORIAL_CONS_BHP_TIGHT.mrf'
    Opened REWIND-OUT       on unit 18, filename is 'C:\Users\ehsan\Desktop\HF\IMEX_TUTORIAL_CONS_BHP_TIGHT.rrf'

 =================== WARNING (from subroutine: GRDLST_CHK) ====================
  Solvent property related printout is being disabled
  This MODEL option does not allow solvent property output.
  Line: 19   File Name: C:\Users\ehsan\Desktop\HF\IMEX_TUTORIAL_CONS_BHP_TIGHT.dat
 ==============================================================================

    Opened GRID scratchfile on unit 19

 ===================== SUMMARY (from subroutine: INDATA) ======================
  Reading of initial data is complete.
  Simulation will stop if there were error messages.
     1 Warning messages.    0 Error messages.
 ==============================================================================


                                    I M E X   T I M E   S T E P   S U M M A R Y
 ==================================================================================================================
    Time Step           Time                  Total Production             Total Injection  Total Max. Max. Change
 ---------------- ---------------- -------------------------------------- -----------------  PV   Mat. ------------
                C                    Oil      Gas     Water   GOR.  Wat.    Gas     Water   Avg.  bal. Satur. Pres.
        Size    U                                              M3/   Cut                    Pres. err. DSMAX  DPMAX
  No.   Days IT T Days   yy:mm:dd    M3/D    MM3/D     M3/D     M3    %    MM3/D     M3/D    kPa   %           kPa
 ------ ---- -- - ----- ---------- -------- -------- -------- ----- ----- -------- -------- ----- ---- ------ -----
     1w 1.00 1  0 1.000 1993:01:02 149.3666 4.499878 .6334046 30.13 .4223                   20780 e-5w  .003w -2103
     2  1.43 1  0 2.426 1993:01:03 148.4971 4.473683 1.502907 30.13 1.002                   20777 e-5w -.002o -1430
     3  2.99 1  1 5.420 1993:01:06 143.0953 4.310947 1.889912 30.13 1.304                   20772 e-4w -.007o -1377
     4  5.99 1  0 11.41 1993:01:12 131.8399 3.971862 1.800961 30.13 1.348                   20762 e-3w  .025w -1558
     5   9.8 3  0 21.20 1993:01:22 123.8446 3.730992 1.775651 30.13 1.414                   20746 e-3w -.027o -1422
     6   9.8 3  0 31.00 1993:02:01 117.9134 3.552308 4.801278 30.13 3.913                   20729 e-3w  .027w  -847
     7w 14.0 2  1 45.00 1993:02:15 112.2596 3.381978 11.67510 30.13 9.420                   20705 e-3w -.025o  -693
     8  14.0 2  0 59.00 1993:03:01 108.2857 3.262259 19.02727 30.13 14.95                   20680 e-3w  .022w  -481
     9w 31.0 3  0 90.00 1993:04:01 102.1478 3.077346 34.79385 30.13 25.41                   20618 e-3w  .026w  -613
    10w 30.0 3  0 120.0 1993:05:01 97.53433 2.938358 50.90927 30.13 34.30                   20552 e-3w -.031o  -433
    11w 31.0 2  1 151.0 1993:06:01 87.02490 2.621747 62.97510 30.13 41.98                   20483 e-3w  .025w   332
    12w 30.0 2  0 181.0 1993:07:01 78.29796 2.358836 71.70204 30.13 47.80                   20417 e-3w -.032o   357
    13w 1.00 1  0 182.0 1993:07:02 77.97934 2.349237 72.02066 30.13 48.01                   20414 e-3w -.002o  34.1
    14  5.00 1  0 187.0 1993:07:07 76.48198 2.304127 73.51802 30.13 49.01                   20403 e-3w  .010w  68.0
    15  25.0 2  0 212.0 1993:08:01 71.14184 2.143247 78.85816 30.13 52.57                   20348 e-3w -.032o   263
    16w 1.00 1  0 213.0 1993:08:02 220.3635 6.638758 79.63654 30.13 26.55                   20344 e-3w -.003o -1867
    17  1.61 1  0 214.6 1993:08:04 219.3426 6.608004 80.65737 30.13 26.89                   20337 e-3w -.005o -1204
    18  4.00 1  0 218.6 1993:08:08 218.1305 6.571487 81.86950 30.13 27.29                   20320 e-3w  .010w -1263
    19   9.5 2  0 228.1 1993:08:17 216.2785 6.515693 83.72148 30.13 27.91                   20281 e-3w -.023o -1336
    20  14.9 2  0 243.0 1993:09:01 213.7842 6.440548 86.21580 30.13 28.74                   20219 e-3w  .044w -1257

                                    I M E X   T I M E   S T E P   S U M M A R Y
 ==================================================================================================================
    Time Step           Time                  Total Production             Total Injection  Total Max. Max. Change
 ---------------- ---------------- -------------------------------------- -----------------  PV   Mat. ------------
                C                    Oil      Gas     Water   GOR.  Wat.    Gas     Water   Avg.  bal. Satur. Pres.
        Size    U                                              M3/   Cut                    Pres. err. DSMAX  DPMAX
  No.   Days IT T Days   yy:mm:dd    M3/D    MM3/D     M3/D     M3    %    MM3/D     M3/D    kPa   %           kPa
 ------ ---- -- - ----- ---------- -------- -------- -------- ----- ----- -------- -------- ----- ---- ------ -----
    21w 30.0 5  0 273.0 1993:10:01 207.4270 6.249030 92.57297 30.13 30.86                   20093 e-3w  .042w -1374
    22w 31.0 3  0 304.0 1993:11:01 197.2161 5.941411 102.7839 30.13 34.26                   19962 e-3w  .046o  -818
    23w 30.0 3  0 334.0 1993:12:01 185.3515 5.583973 114.6485 30.13 38.22                   19836 e-3w  .053o  -490
    24w 31.0 2  0 365.0 1994:01:01 174.6095 5.260355 125.3905 30.13 41.80                   19705 e-3w  .064o  -368
    25w 14.0 1  0 379.0 1994:01:15 169.2435 5.098697 130.7565 30.13 43.59                   19645 e-3w  .030o  -156
    26w 1.00 1  0 380.0 1994:01:16 169.1097 5.094667 130.8903 30.13 43.63                   19641 e-3w -.002w -19.9
    27  5.00 1  0 385.0 1994:01:21 167.6536 5.050800 132.3464 30.13 44.12                   19620 e-3w  .011o -54.4
    28  11.0 1  0 396.0 1994:02:01 164.5639 4.957718 135.4361 30.13 45.15                   19573 e-3w -.025w  -114
    29w 1.00 1  0 397.0 1994:02:02 164.2773 4.949084 135.7227 30.13 45.24                   19569 e-3w  .002o -10.3
    30  5.00 1  0 402.0 1994:02:07 162.8690 4.906655 137.1310 30.13 45.71                   19548 e-3w -.011w -50.5
    31  22.0 1  0 424.0 1994:03:01 158.0771 4.762293 141.9229 30.13 47.31                   19455 e-3w  .050o  -203
    32w 1.00 1  0 425.0 1994:03:02 454.8064 13.70168 145.1936 30.13 24.20                   19447 e-3w  .004w -2862
    33  1.05 2  0 426.0 1994:03:03 452.8879 13.64388 147.1121 30.13 24.52                   19438 e-3w  .006w -1653
    34  1.90 1  1 428.0 1994:03:05 444.5724 13.39336 148.5407 30.13 25.04                   19423 e-3w -.020o -1517
    35  3.76 2  0 431.7 1994:03:09 429.7650 12.94727 149.7568 30.13 25.84                   19393 e-3w  .037w -1469
    36  7.69 3  0 439.4 1994:03:16 395.4410 11.91321 173.0893 30.13 30.45                   19332 e-3w -.040o -1243
    37  15.6 2  0 455.0 1994:04:01 357.0223 10.75580 204.0930 30.13 36.37                   19209 e-3w -.039o -1045
    38w 30.0 4  0 485.0 1994:05:01 321.4578  9.68436 235.1213 30.13 42.24                   18971 e-3w -.071w -1104
    39w 1.00 1  0 486.0 1994:05:02 468.7233 14.12095 237.7040 30.13 33.65                   18961 e-3w -.003o -2005
    40  1.50 1  0 487.5 1994:05:03 466.4798 14.05336 239.7432 30.13 33.95                   18946 e-3w  .004o -1206

                                    I M E X   T I M E   S T E P   S U M M A R Y
 ==================================================================================================================
    Time Step           Time                  Total Production             Total Injection  Total Max. Max. Change
 ---------------- ---------------- -------------------------------------- -----------------  PV   Mat. ------------
                C                    Oil      Gas     Water   GOR.  Wat.    Gas     Water   Avg.  bal. Satur. Pres.
        Size    U                                              M3/   Cut                    Pres. err. DSMAX  DPMAX
  No.   Days IT T Days   yy:mm:dd    M3/D    MM3/D     M3/D     M3    %    MM3/D     M3/D    kPa   %           kPa
 ------ ---- -- - ----- ---------- -------- -------- -------- ----- ----- -------- -------- ----- ---- ------ -----
    41  3.72 1  0 491.2 1994:05:07 462.7372 13.94060 243.0536 30.13 34.44                   18909 e-3w -.009w -1250
    42  8.94 1  0 500.2 1994:05:16 455.8150 13.73206 249.2049 30.13 35.35                   18821 e-3w  .022o -1341
    43  15.8 1  0 516.0 1994:06:01 445.8028 13.43043 258.7114 30.13 36.72                   18665 e-3w  .041o -1387
    44w 30.0 1  1 546.0 1994:07:01 421.2365 12.69034 271.9407 30.13 39.23                   18374 e-3w  .086o -1403
    45w 31.0 2  0 577.0 1994:08:01 402.2412 12.11808 281.3927 30.13 41.16                   18076 e-3w  .094o -1022
    46w 31.0 1  0 608.0 1994:09:01 388.0435 11.69035 288.4471 30.13 42.64                   17780 e-3w  .100o  -770
    47w 30.0 1  0 638.0 1994:10:01 376.7281 11.34946 293.7581 30.13 43.81                   17497 e-3w  .107o  -603
    48w 15.5 1  0 653.5 1994:10:17 371.4493 11.19043 296.0240 30.13 44.35                   17350 e-3w  .060o  -287
    49  15.5 1  0 669.0 1994:11:01 366.6950 11.04660 297.9041 30.12 44.82                   17204 e-3w  .064o  -266
    50w 15.0 1  0 684.0 1994:11:16 362.3944 10.91110 299.3979 30.11 45.24                   17064 e-3w  .064o  -242
    51  15.0 1  0 699.0 1994:12:01 358.4552 10.78336 300.6889 30.08 45.62                   16924 e-3w -.066w  -229
    52w 15.5 1  0 714.5 1994:12:17 354.6348 10.65613 301.6602 30.05 45.96                   16779 e-3w -.071w  -225
    53  15.5 1  0 730.0 1995:01:01 350.9448 10.52659 302.4618 30.00 46.29                   16636 e-3w  .072o  -215
    54w 15.5 1  0 745.5 1995:01:17 347.5278 10.40316 303.0660 29.93 46.58                   16493 e-3w  .068o  -206
    55  15.5 1  0 761.0 1995:02:01 342.4397 10.24287 303.5159 29.91 46.99                   16350 e-3w  .053o  -199
    56w 28.0 2  0 789.0 1995:03:01 337.4538 10.05236 303.4697 29.79 47.35                   16095 e-3w  .097o  -342
    57w 1.00 1  0 790.0 1995:03:02 337.2146 10.04376 303.4835 29.78 47.37                   16086 e-3w  .003o -21.5
    58  5.00 1  0 795.0 1995:03:07 336.0534  9.99983 303.5250 29.76 47.46                   16041 e-3w  .017o -60.6
    59  25.0 2  1 820.0 1995:04:01 330.5717  9.79024 303.0845 29.62 47.83                   15815 e-3w  .081o  -292
    60w 1.00 1  0 821.0 1995:04:02 475.0946 14.14328 308.1343 29.77 39.34                   15804 e-3w  .003o -2253

                                    I M E X   T I M E   S T E P   S U M M A R Y
 ==================================================================================================================
    Time Step           Time                  Total Production             Total Injection  Total Max. Max. Change
 ---------------- ---------------- -------------------------------------- -----------------  PV   Mat. ------------
                C                    Oil      Gas     Water   GOR.  Wat.    Gas     Water   Avg.  bal. Satur. Pres.
        Size    U                                              M3/   Cut                    Pres. err. DSMAX  DPMAX
  No.   Days IT T Days   yy:mm:dd    M3/D    MM3/D     M3/D     M3    %    MM3/D     M3/D    kPa   %           kPa
 ------ ---- -- - ----- ---------- -------- -------- -------- ----- ----- -------- -------- ----- ---- ------ -----
    61  1.33 1  0 822.3 1995:04:03 473.7658 14.10210 308.9053 29.77 39.47                   15790 e-3w  .004o -1248
    62  3.20 1  1 825.5 1995:04:07 462.3326 13.75514 308.5888 29.75 40.03                   15755 e-3w  .010o -1300
    63  6.40 1  0 831.9 1995:04:13 448.2341 13.32514 307.3764 29.73 40.68                   15687 e-3w  .021o -1196
    64  9.03 1  0 841.0 1995:04:22 436.2770 12.95605 305.8353 29.70 41.21                   15592 e-3w  .030o  -948
    65  9.03 1  0 850.0 1995:05:01 427.3790 12.68621 304.4230 29.68 41.60                   15499 e-3w  .030o  -618
    66w 1.00 1  0 851.0 1995:05:02 426.3896 12.65632 304.2944 29.68 41.65                   15489 e-3w  .003o -65.1
    67  5.00 1  0 856.0 1995:05:07 421.5137 12.51063 303.5492 29.68 41.87                   15437 e-3w  .017o  -262
    68  25.0 1  0 881.0 1995:06:01 403.1905 11.99676 299.5802 29.75 42.63                   15189 e-3w  .088o  -768
    69w 1.00 1  0 882.0 1995:06:02 503.3199 15.01399 304.2360 29.83 37.67                   15178 e-3w  .003o -1939
    70  1.55 1  0 883.5 1995:06:04 492.1485 14.67830 304.0251 29.82 38.19                   15160 e-3w  .005o -1152
    71  4.03 1  0 887.6 1995:06:08 480.5685 14.32953 303.0767 29.82 38.68                   15116 e-3w  .014o -1134
    72  10.7 1  0 898.2 1995:06:18 466.3001 13.89328 301.0521 29.79 39.23                   15000 e-3w  .037o -1062
    73  12.8 1  0 911.0 1995:07:01 454.5228 13.52485 298.6708 29.76 39.65                   14864 e-3w  .045o  -654
    74w 31.0 3  0 942.0 1995:08:01 432.5596 12.79018 293.1565 29.57 40.40                   14544 e-3w -.113w  -863
    75w 15.5 1  0 957.5 1995:08:17 421.0195 12.44342 291.0406 29.56 40.87                   14387 e-3w  .057o  -386
    76  15.5 1  0 973.0 1995:09:01 410.5242 12.11044 289.2291 29.50 41.33                   14232 e-3w  .055o  -355
    77w 30.0 2  0  1003 1995:10:01 392.5620 11.52932 285.9727 29.37 42.15                   13942 e-3w  .100o  -573
    78w 1.00 1  0  1004 1995:10:02 392.0442 11.51439 286.0055 29.37 42.18                   13932 e-3w  .003o -19.0
    79  5.00 1  0  1009 1995:10:07 388.3076 11.40399 285.4719 29.37 42.37                   13884 e-3w  .016o -91.7
    80  25.0 2  0  1034 1995:11:01 373.4640 10.96209 282.1591 29.35 43.04                   13650 e-3w  .081o  -394

                                    I M E X   T I M E   S T E P   S U M M A R Y
 ==================================================================================================================
    Time Step           Time                  Total Production             Total Injection  Total Max. Max. Change
 ---------------- ---------------- -------------------------------------- -----------------  PV   Mat. ------------
                C                    Oil      Gas     Water   GOR.  Wat.    Gas     Water   Avg.  bal. Satur. Pres.
        Size    U                                              M3/   Cut                    Pres. err. DSMAX  DPMAX
  No.   Days IT T Days   yy:mm:dd    M3/D    MM3/D     M3/D     M3    %    MM3/D     M3/D    kPa   %           kPa
 ------ ---- -- - ----- ---------- -------- -------- -------- ----- ----- -------- -------- ----- ---- ------ -----
    81w 1.00 1  1  1035 1995:11:02 496.2344 14.66268 290.5082 29.55 36.93                   13638 e-3w  .003o -1977
    82  1.52 1  0  1037 1995:11:04 482.6295 14.25544 290.0545 29.54 37.54                   13622 e-3w  .005o -1130
    83  4.03 1  0  1041 1995:11:08 467.4133 13.80187 288.9765 29.53 38.20                   13578 e-3w  .013o -1651
    84  7.32 1  0  1048 1995:11:15 452.2357 13.31756 287.5882 29.45 38.87                   13501 e-3w  .024o -1433
    85  16.1 1  0  1064 1995:12:01 432.5854 12.59970 284.8304 29.13 39.70                   13336 e-3w  .060o -1125
    86w 15.5 2  0  1080 1995:12:17 418.3754 12.15971 282.2020 29.06 40.28                   13182 e-3w  .062o  -590
    87  15.5 1  0  1095 1996:01:01 405.5422 11.79713 279.8383 29.09 40.83                   13031 e-3w  .064o  -487
    88w 15.5 1  0  1111 1996:01:17 392.5511 11.41209 277.5562 29.07 41.42                   12882 e-3w  .065o  -420
    89  15.5 1  0  1126 1996:02:01 381.8530 11.11963 274.7325 29.12 41.84                   12737 e-3g  .065o  -364
    90w 14.5 1  0  1141 1996:02:16 372.3643 10.85726 272.1283 29.16 42.22                   12605 e-3g  .059o  -302
    91  14.5 1  0  1155 1996:03:01 363.5347 10.60890 269.6051 29.18 42.58                   12474 .01g  .053o  -272
    92w 1.00 1  0  1156 1996:03:02 501.1378 14.75781 281.4408 29.45 35.96                   12463 .01g -.003w -1685
    93  1.78 1  1  1158 1996:03:04 488.8648 14.39222 280.6640 29.44 36.47                   12444 .01g  .006o  -965
    94  3.56 1  0  1161 1996:03:07 473.9448 13.86866 279.2138 29.26 37.07                   12406 .01g -.011w  -739
    95  12.3 2  0  1174 1996:03:20 456.0615 13.19514 274.5587 28.93 37.58                   12279 .01g  .039o  -867
    96  12.3 2  0  1186 1996:04:01 442.2704 12.71730 272.6042 28.75 38.13                   12155 .01g  .039o  -498
    97w 30.0 2  0  1216 1996:05:01 412.8550 11.92879 269.2304 28.89 39.47                   11868 e-3g  .096o  -783
    98w 1.00 1  0  1217 1996:05:02 412.3123 11.91954 269.4681 28.91 39.52                   11858 e-3g -.003w -37.3
    99  5.00 1  0  1222 1996:05:07 407.7617 11.79237 269.2101 28.92 39.77                   11811 .01g  .016o  -120
   100  25.0 1  0  1247 1996:06:01 390.2246 11.27228 265.9383 28.89 40.53                   11582 .02g -.081w  -463

                                    I M E X   T I M E   S T E P   S U M M A R Y
 ==================================================================================================================
    Time Step           Time                  Total Production             Total Injection  Total Max. Max. Change
 ---------------- ---------------- -------------------------------------- -----------------  PV   Mat. ------------
                C                    Oil      Gas     Water   GOR.  Wat.    Gas     Water   Avg.  bal. Satur. Pres.
        Size    U                                              M3/   Cut                    Pres. err. DSMAX  DPMAX
  No.   Days IT T Days   yy:mm:dd    M3/D    MM3/D     M3/D     M3    %    MM3/D     M3/D    kPa   %           kPa
 ------ ---- -- - ----- ---------- -------- -------- -------- ----- ----- -------- -------- ----- ---- ------ -----
   101w 1.00 2  0  1248 1996:06:02 407.8469 11.80563 397.5536 28.95 49.36                   11571 .02g -.004w  -550
   102  5.00 1  0  1253 1996:06:07 403.0784 11.65339 395.7028 28.91 49.54                   11513 .03g  .016o  -359
   103  24.0 1  0  1277 1996:07:01 387.9605 11.18214 384.6119 28.82 49.78                   11252 .05g  .084o  -548
   104w 31.0 4  0  1308 1996:08:01 371.8088 10.70129 369.7011 28.78 49.86                   10943 .05g  .122o  -474
   105w 15.5 1  0  1324 1996:08:17 364.5867 10.54137 362.4122 28.91 49.85                   10795 .08g  .063o  -228
   106  15.5 1  0  1339 1996:09:01 358.2254 10.40485 355.1136 29.05 49.78                   10654 .10g  .064o  -224
   107w 15.0 1  0  1354 1996:09:16 352.3738 10.27076 348.5995 29.15 49.73                   10524 .12g  .063o  -215
   108  15.0 1  0  1369 1996:10:01 347.1930 10.18509 341.8700 29.34 49.61                   10401 .14g  .065o  -213
   109w 15.5 1  0  1385 1996:10:17 342.2574 10.05163 335.2338 29.37 49.48                   10280 .16g  .067o  -231
   110  15.5 1  1  1400 1996:11:01 337.0158  9.98200 328.0819 29.62 49.33                   10165 .17g -.066w  -189
   111w 1.00 1  0  1401 1996:11:02 336.8455  9.98462 327.8474 29.64 49.32                   10157 .18g  .004o -29.4
   112  5.00 1  0  1406 1996:11:07 334.4656  9.88663 324.4884 29.56 49.24                   10122 .18g -.021w -61.1
   113  24.0 1  0  1430 1996:12:01 325.3577  9.54547 310.9141 29.34 48.86                    9960 .22g  .090o  -268
   114w 1.00 1  0  1431 1996:12:02 411.1511 11.91284 319.3386 28.97 43.72                    9953 .22g  .023g -1150
   115  2.61 1  0  1434 1996:12:05 399.1793 11.43616 316.3928 28.65 44.22                    9935 .23g  .025g  -567
   116  10.6 1  0  1444 1996:12:15 376.7208 10.91506 309.5004 28.97 45.10                    9864 .24g  .039o  -659
   117  16.8 1  0  1461 1997:01:01 363.8511 10.54355 300.2931 28.98 45.22                    9758 .27g  .061o  -400
   118w 15.5 1  0  1477 1997:01:17 355.8129 10.30826 292.8629 28.97 45.15                    9667 .29g  .054o   322
   119  15.5 1  0  1492 1997:02:01 349.4078 10.13348 285.6041 29.00 44.98                    9580 .30g  .053o  -296
   120w 28.0 1  0  1520 1997:03:01 339.9121  9.84350 274.1386 28.96 44.64                    9436 .36g  .093o -1217

                                    I M E X   T I M E   S T E P   S U M M A R Y
 ==================================================================================================================
    Time Step           Time                  Total Production             Total Injection  Total Max. Max. Change
 ---------------- ---------------- -------------------------------------- -----------------  PV   Mat. ------------
                C                    Oil      Gas     Water   GOR.  Wat.    Gas     Water   Avg.  bal. Satur. Pres.
        Size    U                                              M3/   Cut                    Pres. err. DSMAX  DPMAX
  No.   Days IT T Days   yy:mm:dd    M3/D    MM3/D     M3/D     M3    %    MM3/D     M3/D    kPa   %           kPa
 ------ ---- -- - ----- ---------- -------- -------- -------- ----- ----- -------- -------- ----- ---- ------ -----
   121w 31.0 2  0  1551 1997:04:01 330.2807  9.61886 263.3305 29.12 44.36                    9293 .36g -.105w -1271
   122w 30.0 2  0  1581 1997:05:01 322.4590 9.462179 253.8410 29.34 44.05                    9166 .36g -.089w  -359
   123w 31.0 2  0  1612 1997:06:01 314.4444 9.317798 245.6133 29.63 43.85                    9044 .37g -.094w  -299
   124w 30.0 1  0  1642 1997:07:01 306.3350 9.179781 239.1982 29.97 43.85                    8931 .39g -.095w  -391
   125w 31.0 1  0  1673 1997:08:01 297.9144 9.087482 233.6121 30.50 43.95                    8820 .42g -.107w  -938
   126w 31.0 1  0  1704 1997:09:01 289.4398 9.032144 229.2271 31.21 44.20                    8713 .43g -.106w  3257
   127w 30.0 1  0  1734 1997:10:01 281.6120 9.059098 225.2375 32.17 44.44                    8614 .45g -.098w  1308
   128w 31.0 1  0  1765 1997:11:01 273.9039 9.093365 221.6199 33.20 44.72                    8515 .46g -.104w  2093
   129w 30.0 1  0  1795 1997:12:01 266.7149 9.205738 218.4908 34.52 45.03                    8422 .47g -.097w  1264
   130w 31.0 1  0  1826 1998:01:01 259.6871 9.377348 215.6280 36.11 45.37                    8328 .49g -.095w  2184
   131w 31.0 1  0  1857 1998:02:01 252.8676  9.60703 213.1583 37.99 45.74                    8237 .50g -.116w  1920
   132w 28.0 4  0  1885 1998:03:01 246.8674  9.91710 210.9644 40.17 46.08                    8156 .50g -.100w   852
   133w 15.5 1  0  1901 1998:03:17 243.7165 10.16438 209.9595 41.71 46.28                    8112 .50g -.053w -85.3
   134  15.5 1  0  1916 1998:04:01 240.4669 10.36755 208.8089 43.11 46.48                    8068 .51g -.056w  -274
   135w 30.0 1  0  1946 1998:05:01 234.3988 10.61749 206.5436 45.30 46.84                    7984 .52g -.112w  -494
   136w 15.5 1  0  1962 1998:05:17 231.5154 10.88859 205.4534 47.03 47.02                    7941 .52g -.055w   358
   137  15.5 1  0  1977 1998:06:01 228.4703 11.14243 204.3536 48.77 47.21                    7899 .52g -.048w   355
   138w 30.0 5  0  2007 1998:07:01 222.6761 11.51335 202.2314 51.70 47.59                    7818 .52g -.108w  -217
   139w 15.5 1  0  2023 1998:07:17 219.9871 11.80334 201.2072 53.65 47.77                    7777 .53g -.060w -75.9
   140  15.5 1  0  2038 1998:08:01 217.0735 12.06943 200.1702 55.60 47.97                    7735 .53g -.063w  -150

                                    I M E X   T I M E   S T E P   S U M M A R Y
 ==================================================================================================================
    Time Step           Time                  Total Production             Total Injection  Total Max. Max. Change
 ---------------- ---------------- -------------------------------------- -----------------  PV   Mat. ------------
                C                    Oil      Gas     Water   GOR.  Wat.    Gas     Water   Avg.  bal. Satur. Pres.
        Size    U                                              M3/   Cut                    Pres. err. DSMAX  DPMAX
  No.   Days IT T Days   yy:mm:dd    M3/D    MM3/D     M3/D     M3    %    MM3/D     M3/D    kPa   %           kPa
 ------ ---- -- - ----- ---------- -------- -------- -------- ----- ----- -------- -------- ----- ---- ------ -----
   141w 15.5 1  0  2054 1998:08:17 214.1740 12.32884 199.1352 57.56 48.18                    7695 .53g -.064w  -244
   142  15.5 1  0  2069 1998:09:01 211.3145 12.59091 198.0887 59.58 48.38                    7654 .54g -.064w  -286
   143w 15.0 1  0  2084 1998:09:16 208.5389 12.84473 197.1191 61.59 48.59                    7615 .54g -.060w  -252
   144  15.0 1  0  2099 1998:10:01 205.8191 13.09387 196.1360 63.62 48.80                    7576 .54g -.056w   284
   145w 15.5 1  0  2115 1998:10:17 203.0392 13.36191 195.1654 65.81 49.01                    7536 .54g -.054w  -438
   146  15.5 1  0  2130 1998:11:01 200.3042 13.61280 194.2121 67.96 49.23                    7496 .55g -.049w   465
   147w 30.0 1  0  2160 1998:12:01 195.0151 14.01578 192.4928 71.87 49.67                    7420 .56g -.103w -1434
   148w 31.0 3  0  2191 1999:01:01 189.7388 14.48159 190.9792 76.32 50.16                    7342 .56g -.112w  1149
   149w 15.5 1  0  2207 1999:01:17 187.3208 14.79653 190.2377 78.99 50.39                    7304 .56g -.059w   114
   150  15.5 1  0  2222 1999:02:01 184.7326 15.09095 189.4490 81.69 50.63                    7265 .56g -.060w  -219
   151w 28.0 1  0  2250 1999:03:01 180.0152 15.57642 188.0864 86.53 51.10                    7197 .57g -.111w  -790
   152w 15.5 1  0  2266 1999:03:17 177.6032 15.88154 187.4027 89.42 51.34                    7159 .57g -.061w   765
   153  15.5 1  0  2281 1999:04:01 175.0959 16.19662 186.6860 92.50 51.60                    7121 .58g -.058w  -206
   154w 15.0 1  0  2296 1999:04:16 172.6980 16.50679 186.0112 95.58 51.86                    7085 .58g -.046w  -285
   155  15.0 1  0  2311 1999:05:01 170.3411 16.81834 185.3441 98.73 52.11                    7050 .58g -.046w  -228
   156w 31.0 2  0  2342 1999:06:01 165.4749 17.29471 184.0217 104.5 52.65                    6976 .59g -.113w   494
   157w 30.0 1  0  2372 1999:07:01 161.0535 17.93671 182.7139 111.4 53.15                    6906 .59g -.113w  -296
   158w 15.5 1  0  2388 1999:07:17 158.9131 18.25554 182.0614 114.9 53.39                    6870 .59g -.057w  -371
   159  15.5 1  0  2403 1999:08:01 156.6889 18.58288 181.3660 118.6 53.65                    6833 .60g -.054w   777
   160w 31.0 1  0  2434 1999:09:01 152.2544 19.06163 180.0946 125.2 54.19                    6762 .61g -.100w  -744

                                    I M E X   T I M E   S T E P   S U M M A R Y
 ==================================================================================================================
    Time Step           Time                  Total Production             Total Injection  Total Max. Max. Change
 ---------------- ---------------- -------------------------------------- -----------------  PV   Mat. ------------
                C                    Oil      Gas     Water   GOR.  Wat.    Gas     Water   Avg.  bal. Satur. Pres.
        Size    U                                              M3/   Cut                    Pres. err. DSMAX  DPMAX
  No.   Days IT T Days   yy:mm:dd    M3/D    MM3/D     M3/D     M3    %    MM3/D     M3/D    kPa   %           kPa
 ------ ---- -- - ----- ---------- -------- -------- -------- ----- ----- -------- -------- ----- ---- ------ -----
   161w 30.0 2  0  2464 1999:10:01 148.2470 19.57044 178.9107 132.0 54.69                    6693 .61g -.106w  14e3
   162w 15.0 1  0  2479 1999:10:16 146.3720 19.87668 178.4083 135.8 54.93                    6659 .61g -.054w  9925
   163  7.50 1  0  2487 1999:10:24 145.4447 20.04652 178.1420 137.8 55.05                    6642 .61g -.026w  1636
   164  8.50 1  0  2495 1999:11:01 144.3239 20.21817 177.8137 140.1 55.20                    6622 .62g -.030w  12e3
   165w 4.25 1  0  2499 1999:11:05 143.7729 20.29744 177.6814 141.2 55.27                    6613 .62g -.015w  4736
   166  2.69 1  0  2502 1999:11:08 143.4423 20.35626 177.5808 141.9 55.32                    6607 .62g -.009w -15.4
   167  11.5 1  0  2513 1999:11:19 141.8895 20.54658 177.1209 144.8 55.52                    6581 .62g -.040w  -200
   168  11.5 2  0  2525 1999:12:01 140.4067 20.74001 176.6995 147.7 55.72                    6555 .62g -.038w  -244
   169w 15.5 2  1  2541 1999:12:17 138.4276 20.97503 176.1254 151.5 55.99                    6520 .62g -.056w  7232
   170  7.75 1  0  2548 1999:12:24 137.5146 21.11760 175.8554 153.6 56.12                    6503 .62g -.029w  6263
   171  3.88 1  0  2552 1999:12:28 137.0590 21.19378 175.6202 154.6 56.17                    6494 .62g -.014w  34e3
   172  1.94 1  1  2554 1999:12:30 136.8355 21.23405 175.5149 155.2 56.19                    6490 .63g -.007w -8.02
   173  1.94 1  0  2556 2000:01:01 136.5765 21.26521 175.2948 155.7 56.21                    6485 .63g -.008w -12.5
   174w  9.7 1  0  2566 2000:01:11 135.2505 21.37901 174.2078 158.1 56.29                    6464 .63g -.038w  -262
   175  21.3 3  0  2587 2000:02:01 132.4833 21.59251 171.9796 163.0 56.49                    6417 .63g -.085w  3427
   176w 14.5 1  0  2602 2000:02:16 130.7253 21.77188 170.2195 166.5 56.56                    6386 .63g -.057w -76.0
   177  14.5 2  0  2616 2000:03:01 128.9631 21.94470 168.7261 170.2 56.68                    6355 .64g -.055w -2853
   178w 15.2 1  0  2631 2000:03:16 127.1265 22.11378 167.0544 174.0 56.79                    6322 .64g -.059w  3526
   179  7.88 1  0  2639 2000:03:24 126.2306 22.21926 166.2962 176.0 56.85                    6306 .64g -.032w   619
   180  7.88 2  0  2647 2000:04:01 125.2973 22.30858 165.5339 178.0 56.92                    6289 .64g -.034w -27.4

                                    I M E X   T I M E   S T E P   S U M M A R Y
 ==================================================================================================================
    Time Step           Time                  Total Production             Total Injection  Total Max. Max. Change
 ---------------- ---------------- -------------------------------------- -----------------  PV   Mat. ------------
                C                    Oil      Gas     Water   GOR.  Wat.    Gas     Water   Avg.  bal. Satur. Pres.
        Size    U                                              M3/   Cut                    Pres. err. DSMAX  DPMAX
  No.   Days IT T Days   yy:mm:dd    M3/D    MM3/D     M3/D     M3    %    MM3/D     M3/D    kPa   %           kPa
 ------ ---- -- - ----- ---------- -------- -------- -------- ----- ----- -------- -------- ----- ---- ------ -----
   181w 7.50 2  1  2655 2000:04:09 124.4196 22.39444 164.7927 180.0 56.98                    6273 .64g -.033w -57.0
   182  11.3 2  0  2666 2000:04:20 123.0985 22.50112 163.6571 182.8 57.07                    6250 .65g -.051w -37.2
   183  11.3 2  0  2677 2000:05:01 121.8180 22.60809 162.4786 185.6 57.15                    6226 .65g -.055w -2791
   184w 12.1 3  0  2689 2000:05:13 120.4548 22.72309 161.2201 188.6 57.24                    6201 .65g -.068w -2724
   185  9.45 3  0  2699 2000:05:23 119.4200 22.82323 160.1392 191.1 57.28                    6182 .65g -.055w  5032
   186  4.73 1  0  2703 2000:05:27 118.9263 22.88355 159.5615 192.4 57.30                    6172 .65g -.027w   254
   187  4.73 1  0  2708 2000:06:01 118.4081 22.93725 158.9905 193.7 57.31                    6163 .65g -.026w   209
   188w 15.0 3  0  2723 2000:06:16 116.7307 23.05464 157.3389 197.5 57.41                    6132 .65g -.063w   539
   189  15.0 3  0  2738 2000:07:01 115.1330 23.17965 155.5783 201.3 57.47                    6102 .66g -.064w   304
   190w 15.5 2  0  2754 2000:07:17 113.5081 23.30714 153.8028 205.3 57.54                    6071 .66g -.076w  26e3
   191  7.75 2  0  2761 2000:07:24 112.7436 23.38887 152.9194 207.5 57.56                    6056 .66g -.038w  57.4
   192  7.75 1  0  2769 2000:08:01 111.9462 23.45745 152.0901 209.5 57.60                    6041 .66g -.038w  51.7
   193w 2.68 1  2  2772 2000:08:04 111.6994 23.48948 151.8398 210.3 57.62                    6035 .66g -.013w  13.3
   194  5.35 1  0  2777 2000:08:09 111.1382 23.53349 151.3185 211.7 57.65                    6025 .66g -.027w  24.2
   195  11.5 2  0  2789 2000:08:21 109.9471 23.61297 150.2638 214.8 57.75                    6002 .67g -.058w -46.3
   196  11.5 3  0  2800 2000:09:01 108.7970 23.70278 149.2074 217.9 57.83                    5980 .67g -.055w -45.6
   197w 15.0 3  0  2815 2000:09:16 107.3002 23.80824 147.9348 221.9 57.96                    5950 .67g -.086w  -102
   198  7.50 2  1  2823 2000:09:24 106.5969 23.88300 147.4099 224.0 58.03                    5936 .67g -.046w -27.5
   199  7.50 2  0  2830 2000:10:01 105.8667 23.94264 146.8910 226.2 58.12                    5921 .67g -.046w -38.5
   200w 15.5 3  0  2846 2000:10:17 104.3439 24.02884 145.7298 230.3 58.27                    5891 .68g -.084w -69.2

                                    I M E X   T I M E   S T E P   S U M M A R Y
 ==================================================================================================================
    Time Step           Time                  Total Production             Total Injection  Total Max. Max. Change
 ---------------- ---------------- -------------------------------------- -----------------  PV   Mat. ------------
                C                    Oil      Gas     Water   GOR.  Wat.    Gas     Water   Avg.  bal. Satur. Pres.
        Size    U                                              M3/   Cut                    Pres. err. DSMAX  DPMAX
  No.   Days IT T Days   yy:mm:dd    M3/D    MM3/D     M3/D     M3    %    MM3/D     M3/D    kPa   %           kPa
 ------ ---- -- - ----- ---------- -------- -------- -------- ----- ----- -------- -------- ----- ---- ------ -----
   201  15.5 3  0  2861 2000:11:01 102.8829 24.11628 144.3702 234.4 58.39                    5862 .68g -.080w  -111
   202w 15.0 3  0  2876 2000:11:16 101.4948 24.19652 143.1260 238.4 58.51                    5833 .68g  .093g -50.0
   203  15.0 3  0  2891 2000:12:01 100.1255 24.26949 141.7842 242.4 58.61                    5805 .68g -.132w  -134
   204w 11.3 3  0  2902 2000:12:12 99.11770 24.33098 140.7551 245.5 58.68                    5783 .69g -.113w -38.6
   205   9.8 2  0  2912 2000:12:22 98.24536 24.38500 139.7911 248.2 58.73                    5765 .69g -.080w  26e3
   206  4.92 1  0  2917 2000:12:27 97.82880 24.41828 139.3617 249.6 58.76                    5755 .69g -.031w -22.6
   207  4.92 1  0  2922 2001:01:01 97.39444 24.44550 138.8789 251.0 58.78                    5746 .69g -.030w -16.8
   208w 15.5 3  0  2938 2001:01:17 96.00002 24.49029 137.3854 255.1 58.87                    5717 .69g  .108g -2580
   209  15.5 3  0  2953 2001:02:01 94.66317 24.53970 136.0617 259.2 58.97                    5689 .70g  .114g   154
   210w 13.6 3  0  2967 2001:02:15 93.51226 24.58311 134.9733 262.9 59.07                    5664 .70g  .092g   156
   211  14.4 4  0  2981 2001:03:01 92.29480 24.61445 133.9677 266.7 59.21                    5637 .70g -.124w   193
   212w 11.6 3  0  2993 2001:03:13 91.33872 24.63637 133.2611 269.7 59.33                    5616 .70g -.090w   171
   213   9.7 2  0  3002 2001:03:22 90.55126 24.65144 132.6982 272.2 59.44                    5598 .71g -.076w   157
   214   9.7 3  0  3012 2001:04:01 89.76542 24.66204 132.1197 274.7 59.54                    5581 .71g -.080w -32.0
   215w 12.1 2  0  3024 2001:04:13 88.78580 24.66571 131.3281 277.8 59.66                    5559 .71g -.103w -48.9
   216  8.94 2  0  3033 2001:04:22 88.08531 24.67311 130.7666 280.1 59.75                    5542 .71g -.089w -29.3
   217  8.94 2  0  3042 2001:05:01 87.38232 24.67409 130.1659 282.4 59.83                    5526 .71g -.107w -29.4
   218w 8.38 3  0  3050 2001:05:09 86.73132 24.67288 129.6020 284.5 59.91                    5511 .71g -.092w -27.9
   219  9.06 2  0  3059 2001:05:18 86.02994 24.66706 128.9916 286.7 59.99                    5495 .72g -.077w -30.1
   220  6.78 2  0  3066 2001:05:25 85.51657 24.66438 128.5729 288.4 60.06                    5483 .72g -.055w -22.6

                                    I M E X   T I M E   S T E P   S U M M A R Y
 ==================================================================================================================
    Time Step           Time                  Total Production             Total Injection  Total Max. Max. Change
 ---------------- ---------------- -------------------------------------- -----------------  PV   Mat. ------------
                C                    Oil      Gas     Water   GOR.  Wat.    Gas     Water   Avg.  bal. Satur. Pres.
        Size    U                                              M3/   Cut                    Pres. err. DSMAX  DPMAX
  No.   Days IT T Days   yy:mm:dd    M3/D    MM3/D     M3/D     M3    %    MM3/D     M3/D    kPa   %           kPa
 ------ ---- -- - ----- ---------- -------- -------- -------- ----- ----- -------- -------- ----- ---- ------ -----
   221  6.78 2  0  3073 2001:06:01 85.00061 24.65829 128.1535 290.1 60.12                    5471 .72g -.057w -33.5
   222w 11.9 3  0  3085 2001:06:13 84.08966 24.63403 127.4056 292.9 60.24                    5450 .72g -.107w -39.1
   223  9.03 2  0  3094 2001:06:22 83.42404 24.62143 126.9346 295.1 60.34                    5434 .72g -.085w -30.2
   224  9.03 3  0  3103 2001:07:01 82.75835 24.60341 126.4668 297.3 60.45                    5418 .73g -.078w -30.4
   225w 11.5 2  0  3115 2001:07:13 81.91313 24.57456 125.8834 300.0 60.58                    5398 .73g -.098w -39.1
   226   9.7 2  0  3124 2001:07:22 81.21555 24.55081 125.4453 302.3 60.70                    5381 .73g -.082w -33.5
   227   9.7 1  0  3134 2001:08:01 80.52050 24.52183 125.0253 304.5 60.83                    5364 .73g -.075w -33.7
   228w 13.0 3  0  3147 2001:08:14 79.59689 24.47514 124.3599 307.5 60.97                    5341 .74g  .101g -77.0
   229  8.99 2  0  3156 2001:08:23 78.98018 24.45006 123.9553 309.6 61.08                    5326 .74g  .068g -52.9
   230  8.99 2  0  3165 2001:09:01 78.36167 24.42142 123.4377 311.7 61.17                    5310 .74g -.064w -31.3
   231w 14.1 2  0  3179 2001:09:15 77.39887 24.36596 122.5220 314.8 61.29                    5286 .74g -.111w -98.4
   232  7.97 2  0  3187 2001:09:23 76.87866 24.34411 122.0996 316.7 61.36                    5272 .74g -.058w  26e3
   233  3.98 2  0  3191 2001:09:27 76.62251 24.33443 121.9070 317.6 61.40                    5265 .75g -.027w -13.9
   234  3.98 1  0  3195 2001:10:01 76.35905 24.32152 121.6909 318.5 61.44                    5259 .75g -.025w -13.8
   235w 15.5 2  0  3211 2001:10:17 75.32659 24.24767 120.6477 321.9 61.56                    5232 .75g -.096w  64.6
   236  15.5 4  0  3226 2001:11:01 74.33502 24.17822 119.7535 325.3 61.70                    5206 .75g  .118g -52.2
   237w 13.1 2  0  3239 2001:11:14 73.51536 24.12074 119.0448 328.1 61.82                    5184 .76g  .113g -67.0
   238  8.45 2  0  3248 2001:11:23 72.99800 24.08662 118.6285 330.0 61.91                    5170 .76g  .076g -29.1
   239  8.45 2  0  3256 2001:12:01 72.47748 24.04618 118.1784 331.8 61.99                    5156 .76g  .068g -29.0
   240w 12.4 2  0  3268 2001:12:13 71.71543 23.97647 117.5038 334.3 62.10                    5135 .76g  .079g -42.1

                                    I M E X   T I M E   S T E P   S U M M A R Y
 ==================================================================================================================
    Time Step           Time                  Total Production             Total Injection  Total Max. Max. Change
 ---------------- ---------------- -------------------------------------- -----------------  PV   Mat. ------------
                C                    Oil      Gas     Water   GOR.  Wat.    Gas     Water   Avg.  bal. Satur. Pres.
        Size    U                                              M3/   Cut                    Pres. err. DSMAX  DPMAX
  No.   Days IT T Days   yy:mm:dd    M3/D    MM3/D     M3/D     M3    %    MM3/D     M3/D    kPa   %           kPa
 ------ ---- -- - ----- ---------- -------- -------- -------- ----- ----- -------- -------- ----- ---- ------ -----
   241  9.28 2  0  3278 2001:12:23 71.16412 23.92722 117.0594 336.2 62.19                    5120 .76g  .062g -31.5
   242  9.28 2  0  3287 2002:01:01 70.61348 23.87588 116.6068 338.1 62.28                    5104 .77g  .065g -31.3
   243w 14.3 2  0  3301 2002:01:15 69.77166 23.78672 115.8855 340.9 62.42                    5081 .77g  .105g -47.8
   244  8.37 2  0  3310 2002:01:24 69.29778 23.74157 115.5081 342.6 62.50                    5067 .77g  .064g -33.2
   245  8.37 2  0  3318 2002:02:01 68.81854 23.69413 115.0956 344.3 62.58                    5054 .77g  .059g -27.9
   246w 14.0 2  0  3332 2002:02:15 68.01987 23.60337 114.3464 347.0 62.70                    5031 .78g  .077g -45.8
   247  14.0 2  0  3346 2002:03:01 67.24230 23.51500 113.5940 349.7 62.82                    5008 .78g -.105w -46.9
   248w 13.3 2  0  3359 2002:03:14 66.51460 23.43074 112.8852 352.3 62.92                    4987 .78g -.090w  1228
   249  8.84 2  0  3368 2002:03:23 66.04229 23.38014 112.4433 354.0 63.00                    4973 .79g  .057g -30.8
   250  8.84 2  0  3377 2002:04:01 65.56721 23.32521 111.9869 355.7 63.07                    4959 .79g  .063g -27.8
   251w 14.0 2  0  3391 2002:04:15 64.81893 23.22905 111.2397 358.4 63.18                    4937 .79g  .103g -47.9
   252  8.02 2  0  3399 2002:04:23 64.40587 23.17947 110.8358 359.9 63.25                    4924 .79g  .053g -50.2
   253  8.02 2  0  3407 2002:05:01 63.98751 23.12607 110.4090 361.4 63.31                    4911 .80g -.052w -30.2
   254w 15.5 2  0  3422 2002:05:16 63.18246 23.01407 109.5611 364.2 63.42                    4887 .80g  .109g -46.3
   255  15.5 2  0  3438 2002:06:01 62.39865 22.90408 108.7162 367.1 63.53                    4863 .80g  .142g -59.6
   256w 10.9 1  0  3449 2002:06:12 61.86066 22.83036 108.1736 369.1 63.62                    4846 .81g  .132g -44.8
   257  8.31 1  0  3457 2002:06:20 61.45551 22.77966 107.7354 370.7 63.68                    4833 .81g  .077g -24.6
   258  10.8 2  0  3468 2002:07:01 60.92543 22.70886 107.0848 372.7 63.74                    4817 .81g  .078g -31.4
   259w 13.8 2  0  3482 2002:07:15 60.25672 22.61795 106.2418 375.4 63.81                    4796 .81g  .111g -40.3
   260  8.62 1  0  3490 2002:07:23 59.85326 22.56569 105.7768 377.0 63.86                    4783 .82g  .074g -25.9

                                    I M E X   T I M E   S T E P   S U M M A R Y
 ==================================================================================================================
    Time Step           Time                  Total Production             Total Injection  Total Max. Max. Change
 ---------------- ---------------- -------------------------------------- -----------------  PV   Mat. ------------
                C                    Oil      Gas     Water   GOR.  Wat.    Gas     Water   Avg.  bal. Satur. Pres.
        Size    U                                              M3/   Cut                    Pres. err. DSMAX  DPMAX
  No.   Days IT T Days   yy:mm:dd    M3/D    MM3/D     M3/D     M3    %    MM3/D     M3/D    kPa   %           kPa
 ------ ---- -- - ----- ---------- -------- -------- -------- ----- ----- -------- -------- ----- ---- ------ -----
   261  8.62 2  0  3499 2002:08:01 59.44738 22.51130 105.2310 378.7 63.90                    4769 .82g  .061g -25.3
   262w 14.2 3  0  3513 2002:08:15 58.77795 22.41447 104.2997 381.3 63.96                    4748 .82g -.115w -40.4
   263  8.38 3  0  3522 2002:08:24 58.39957 22.36386 103.7756 382.9 63.99                    4735 .82g -.067w -43.0
   264  8.38 2  0  3530 2002:09:01 58.01697 22.31093 103.2058 384.6 64.01                    4723 .83g -.057w -31.1
   265w 14.6 2  0  3545 2002:09:16 57.35038 22.21310 102.1271 387.3 64.04                    4701 .83g -.085w -60.4
   266  15.4 3  0  3560 2002:10:01 56.66858 22.11599 100.9588 390.3 64.05                    4678 .83g  .105g -43.2
   267w 14.7 2  0  3575 2002:10:16 56.02957 22.03235  99.7776 393.2 64.04                    4656 .84g  .101g -41.2
   268  8.16 2  0  3583 2002:10:24 55.68620 21.99373 99.14635 395.0 64.03                    4644 .84g -.048w -24.5
   269  8.16 1  0  3591 2002:11:01 55.33566 21.95722 98.49479 396.8 64.03                    4632 .84g -.052w -23.7
   270w 15.0 2  0  3606 2002:11:16 54.69097 21.87781 97.13246 400.0 63.98                    4610 .85g  .116g -50.3
   271  7.50 1  0  3614 2002:11:24 54.38535 21.84246 96.54750 401.6 63.97                    4599 .85g  .067g -24.5
   272  7.50 1  0  3621 2002:12:01 54.07262 21.80286 95.88925 403.2 63.94                    4588 .85g  .075g -28.3
   273w 10.0 3  0  3631 2002:12:11 53.65577 21.74564 94.97125 405.3 63.90                    4574 .85g  .105g -58.3
   274   9.5 1  0  3641 2002:12:21 53.26579 21.68913 94.15302 407.2 63.87                    4560 .85g  .088g -34.8
   275  11.5 2  0  3652 2003:01:01 52.79718 21.61540 93.10819 409.4 63.81                    4544 .86g  .075g -31.9
   276w 15.4 2  0  3667 2003:01:16 52.17691 21.51222 91.73197 412.3 63.74                    4522 .86g  .089g  -134
   277  15.6 2  0  3683 2003:02:01 51.55949 21.41116 90.34458 415.3 63.67                    4500 .87g  .082g -43.5
   278w 14.0 2  0  3697 2003:02:15 51.01564 21.32130 89.10876 417.9 63.59                    4480 .87g  .076g -38.6
   279  14.0 2  0  3711 2003:03:01 50.47693 21.22722 87.86598 420.5 63.51                    4460 .87g  .075g -38.0
   280w 15.5 2  0  3727 2003:03:17 49.88747 21.11851 86.49397 423.3 63.42                    4439 .88g  .079g -42.0

                                    I M E X   T I M E   S T E P   S U M M A R Y
 ==================================================================================================================
    Time Step           Time                  Total Production             Total Injection  Total Max. Max. Change
 ---------------- ---------------- -------------------------------------- -----------------  PV   Mat. ------------
                C                    Oil      Gas     Water   GOR.  Wat.    Gas     Water   Avg.  bal. Satur. Pres.
        Size    U                                              M3/   Cut                    Pres. err. DSMAX  DPMAX
  No.   Days IT T Days   yy:mm:dd    M3/D    MM3/D     M3/D     M3    %    MM3/D     M3/D    kPa   %           kPa
 ------ ---- -- - ----- ---------- -------- -------- -------- ----- ----- -------- -------- ----- ---- ------ -----
   281  15.5 3  0  3742 2003:04:01 49.30937 21.00798 85.10192 426.0 63.31                    4417 .88g  .081g -45.0
   282w 15.0 2  0  3757 2003:04:16 48.75959 20.90100 83.71536 428.7 63.19                    4397 .89g  .089g -40.5
   283  15.0 1  0  3772 2003:05:01 48.21827 20.79147 82.26115 431.2 63.05                    4377 .89g  .099g -40.7
   284w 15.1 2  0  3787 2003:05:16 47.68362 20.68367 80.81982 433.8 62.89                    4356 .89g  .083g -40.2
   285  15.9 2  0  3803 2003:06:01 47.12698 20.56743 79.30023 436.4 62.72                    4335 .90g  .086g -42.1
   286w 15.0 2  0  3818 2003:06:16 46.61160 20.45934 77.91968 438.9 62.57                    4315 .90g  .090g -39.5
   287  15.0 2  0  3833 2003:07:01 46.10296 20.34952 76.55817 441.4 62.41                    4295 .91g  .092g -39.2
   288w 15.5 1  0  3849 2003:07:17 45.58357 20.23253 75.14586 443.9 62.24                    4275 .91g  .099g -40.3
   289  15.5 2  0  3864 2003:08:01 45.07290 20.11660 73.77836 446.3 62.08                    4254 .92g  .075g -45.2
   290w 15.5 2  0  3880 2003:08:17 44.56886 20.00038 72.41226 448.8 61.90                    4234 .92g  .088g -40.2
   291  15.5 1  0  3895 2003:09:01 44.07110 19.88249 71.01924 451.1 61.71                    4214 .92g  .100g -39.6
   292w 15.0 2  0  3910 2003:09:16 43.59719 19.77022 69.71786 453.5 61.53                    4195 .93g  .088g -54.3
   293  15.0 2  0  3925 2003:10:01 43.12866 19.65579 68.41999 455.7 61.34                    4176 .93g  .097g -38.1
   294w 15.5 2  0  3941 2003:10:17 42.65053 19.53574 67.05110 458.0 61.12                    4157 .94g  .103g -38.1
   295  15.5 2  0  3956 2003:11:01 42.17904 19.41305 65.77239 460.3 60.93                    4138 .94g  .091g -37.6
   296w 15.0 3  0  3971 2003:11:16 41.72877 19.29478 64.65856 462.4 60.78                    4119 .95g  .097g -36.0
   297  15.0 2  0  3986 2003:12:01 41.28473 19.17491 63.54961 464.5 60.62                    4101 .95g  .082g -35.7
   298w 15.5 2  0  4002 2003:12:17 40.83248 19.05027 62.39236 466.5 60.44                    4082 .95g  .088g -36.5
   299  15.5 1  0  4017 2004:01:01 40.38721 18.92438 61.19877 468.6 60.24                    4063 .96g  .094g -36.2
   300w 15.5 3  0  4033 2004:01:17 39.94903 18.79902 59.97080 470.6 60.02                    4044 .96g  .097g  -175

                                    I M E X   T I M E   S T E P   S U M M A R Y
 ==================================================================================================================
    Time Step           Time                  Total Production             Total Injection  Total Max. Max. Change
 ---------------- ---------------- -------------------------------------- -----------------  PV   Mat. ------------
                C                    Oil      Gas     Water   GOR.  Wat.    Gas     Water   Avg.  bal. Satur. Pres.
        Size    U                                              M3/   Cut                    Pres. err. DSMAX  DPMAX
  No.   Days IT T Days   yy:mm:dd    M3/D    MM3/D     M3/D     M3    %    MM3/D     M3/D    kPa   %           kPa
 ------ ---- -- - ----- ---------- -------- -------- -------- ----- ----- -------- -------- ----- ---- ------ -----
   301  15.5 1  0  4048 2004:02:01 39.51628 18.66983 58.77998 472.5 59.80                    4026 .97g  .102g -36.1
   302w 14.5 3  0  4063 2004:02:16 39.11731 18.54693 57.72352 474.1 59.61                    4009 .97g  .071g -33.4
   303  14.5 2  0  4077 2004:03:01 38.72264 18.42265 56.68011 475.8 59.41                    3992 .98g  .059g -38.7
   304w 15.5 2  0  4093 2004:03:17 38.30569 18.29035 55.60580 477.5 59.21                    3974 .98g  .072g -34.8
   305  15.5 2  0  4108 2004:04:01 37.89479 18.15640 54.55317 479.1 59.01                    3956 .98g  .082g -34.5
   306w 15.0 2  0  4123 2004:04:16 37.50280 18.02537 53.56166 480.6 58.82                    3939 .99g  .086g -59.6
   307  15.0 2  0  4138 2004:05:01 37.11552 17.89341 52.58207 482.1 58.62                    3922 .99g  .089g -35.1
   308w 15.5 2  0  4154 2004:05:17 36.72039 17.75639 51.60723 483.6 58.43                    3904 1.0g  .083g -33.4
   309  15.5 2  0  4169 2004:06:01 36.33117 17.61754 50.65582 484.9 58.23                    3887 1.0g  .075g -46.7
   310w 15.0 2  0  4184 2004:06:16 35.96030 17.48218 49.75412 486.2 58.05                    3870 1.0g  .076g -31.7
   311  15.0 2  0  4199 2004:07:01 35.59459 17.34591 48.86864 487.3 57.86                    3854 1.0g  .072g -31.4
   312w 15.5 2  0  4215 2004:07:17 35.22160 17.20511 47.96864 488.5 57.66                    3837 1.0g  .067g -34.6
   313  15.5 2  0  4230 2004:08:01 34.85431 17.06422 47.10541 489.6 57.47                    3820 1.0g -.079g -36.6
   314w 15.5 2  0  4246 2004:08:17 34.49225 16.92356 46.27947 490.6 57.30                    3804 1.0g -.100g -73.0
   315  15.5 1  0  4261 2004:09:01 34.13535 16.78254 45.46421 491.6 57.12                    3787 1.0g -.112g -41.9
   316w 13.8 1  0  4275 2004:09:15 33.82261 16.65718 44.79363 492.5 56.98                    3773 1.0g -.102g -27.1
   317  8.09 1  0  4283 2004:09:23 33.64354 16.58414 44.45396 492.9 56.92                    3764 1.0g -.042g  -123
   318  8.09 1  0  4291 2004:10:01 33.46257 16.50984 44.10334 493.4 56.86                    3756 1.0g  .038g -24.1
   319w 15.5 2  0  4307 2004:10:17 33.11588 16.36634 43.41520 494.2 56.73                    3740 1.0g -.089g -52.5
   320  15.5 2  0  4322 2004:11:01 32.77722 16.22437 42.75060 495.0 56.60                    3724 1.0g -.089g -35.6

                                    I M E X   T I M E   S T E P   S U M M A R Y
 ==================================================================================================================
    Time Step           Time                  Total Production             Total Injection  Total Max. Max. Change
 ---------------- ---------------- -------------------------------------- -----------------  PV   Mat. ------------
                C                    Oil      Gas     Water   GOR.  Wat.    Gas     Water   Avg.  bal. Satur. Pres.
        Size    U                                              M3/   Cut                    Pres. err. DSMAX  DPMAX
  No.   Days IT T Days   yy:mm:dd    M3/D    MM3/D     M3/D     M3    %    MM3/D     M3/D    kPa   %           kPa
 ------ ---- -- - ----- ---------- -------- -------- -------- ----- ----- -------- -------- ----- ---- ------ -----
   321w 15.0 2  0  4337 2004:11:16 32.45381 16.08610 42.12667 495.7 56.48                    3709 1.1g  .079g -28.0
   322  15.0 2  0  4352 2004:12:01 32.13394 15.94654 41.52131 496.3 56.37                    3694 1.1g  .072g -27.6
   323w 15.5 2  0  4368 2004:12:17 31.80731 15.80255 40.91036 496.8 56.26                    3678 1.1g -.053g -29.2
   324  15.5 2  0  4383 2005:01:01 31.48574 15.65859 40.31168 497.3 56.15                    3663 1.1g -.053g -28.5
   325w 31.0 2  0  4414 2005:02:01 30.85474 15.37271 39.07923 498.2 55.88                    3633 1.1g  .117g -55.0
   326w 28.0 2  0  4442 2005:03:01 30.30758 15.12611 38.00998 499.1 55.64                    3606 1.1g  .124g -49.7
   327w 15.5 1  0  4458 2005:03:17 30.01401 14.99500 37.40950 499.6 55.48                    3592 1.1g  .073g -28.1
   328  15.5 2  0  4473 2005:04:01 29.71866 14.86022 36.86637 500.0 55.37                    3577 1.1g  .072g -48.0
   329w 15.0 1  0  4488 2005:04:16 29.43626 14.73037 36.31523 500.4 55.23                    3564 1.1g -.067g -42.1
   330  15.0 3  0  4503 2005:05:01 29.15686 14.60056 35.80693 500.8 55.12                    3550 1.1g -.060g -51.8
   331w 15.5 2  0  4519 2005:05:17 28.87099 14.46518 35.29423 501.0 55.01                    3536 1.1g -.054g -51.4
   332  15.5 1  0  4534 2005:06:01 28.58895 14.32928 34.77750 501.2 54.88                    3522 1.1g  .062g -47.5
   333w 15.0 2  0  4549 2005:06:16 28.31997 14.19926 34.29469 501.4 54.77                    3508 1.1g  .070g -41.8
   334  15.0 2  0  4564 2005:07:01 28.05406 14.06938 33.83187 501.5 54.67                    3495 1.1g  .078g -29.8
   335w 15.5 1  0  4580 2005:07:17 27.78296 13.93976 33.33286 501.7 54.54                    3482 1.1g  .087g -30.7
   336  15.5 2  0  4595 2005:08:01 27.51442 13.80709 32.87989 501.8 54.44                    3468 1.1g  .086g -45.1
   337w 15.5 2  0  4611 2005:08:17 27.24967 13.67541 32.43663 501.9 54.35                    3455 1.1g  .077g -29.3
   338  15.5 2  0  4626 2005:09:01 26.98835 13.54504 32.00028 501.9 54.25                    3442 1.1g  .059g -44.6
   339w 15.0 1  0  4641 2005:09:16 26.73897 13.42010 31.57155 501.9 54.14                    3429 1.1g  .041g -38.3
   340  15.0 1  0  4656 2005:10:01 26.49259 13.29766 31.16963 501.9 54.06                    3417 1.1g  .051g -46.1

                                    I M E X   T I M E   S T E P   S U M M A R Y
 ==================================================================================================================
    Time Step           Time                  Total Production             Total Injection  Total Max. Max. Change
 ---------------- ---------------- -------------------------------------- -----------------  PV   Mat. ------------
                C                    Oil      Gas     Water   GOR.  Wat.    Gas     Water   Avg.  bal. Satur. Pres.
        Size    U                                              M3/   Cut                    Pres. err. DSMAX  DPMAX
  No.   Days IT T Days   yy:mm:dd    M3/D    MM3/D     M3/D     M3    %    MM3/D     M3/D    kPa   %           kPa
 ------ ---- -- - ----- ---------- -------- -------- -------- ----- ----- -------- -------- ----- ---- ------ -----
   341w 31.0 2  0  4687 2005:11:01 25.99031 13.04182 30.45907 501.8 53.96                    3392 1.1g  .131g -59.7
   342w 15.0 1  0  4702 2005:11:16 25.75950 12.92544 30.11786 501.8 53.90                    3379 1.2g  .069g -31.1
   343  15.0 1  0  4717 2005:12:01 25.52659 12.80585 29.76304 501.7 53.83                    3367 1.2g  .073g -30.1
   344w 15.5 1  0  4733 2005:12:17 25.28902 12.68434 29.38960 501.6 53.75                    3355 1.2g  .078g -30.9
   345  15.5 1  0  4748 2006:01:01 25.05508 12.56405 29.00980 501.5 53.66                    3343 1.2g  .068g -54.3
   346w 15.5 1  0  4764 2006:01:17 24.82470 12.44537 28.62244 501.3 53.55                    3331 1.2g  .058g -73.1
   347  15.5 2  0  4779 2006:02:01 24.59758 12.32830 28.23539 501.2 53.44                    3319 1.2g -.062g -31.3
   348w 14.0 2  0  4793 2006:02:15 24.39545 12.22390 27.88948 501.1 53.34                    3308 1.2g -.067g -28.3
   349  14.0 1  0  4807 2006:03:01 24.19509 12.12020 27.53123 500.9 53.22                    3297 1.2g -.076g -28.6
   350w 15.5 1  0  4823 2006:03:17 23.97570 12.00687 27.14555 500.8 53.10                    3286 1.2g -.090g -31.4
   351  15.5 1  0  4838 2006:04:01 23.75966 11.89541 26.76795 500.7 52.98                    3274 1.2g -.086g -31.3
   352w 15.0 2  0  4853 2006:04:16 23.55323 11.78809 26.44111 500.5 52.89                    3263 1.2g  .045g -54.6
   353  15.0 1  0  4868 2006:05:01 23.34872 11.68170 26.09248 500.3 52.77                    3252 1.2g  .040g -44.9
   354w 31.0 2  0  4899 2006:06:01 22.93008 11.46179 25.44479 499.9 52.60                    3230 1.2g  .058g -60.7
   355w 30.0 1  0  4929 2006:07:01 22.53976 11.25590 24.79432 499.4 52.38                    3208 1.2g -.051g -97.6
   356w 31.0 2  0  4960 2006:08:01 22.14646 11.04842 24.19555 498.9 52.21                    3187 1.2g  .048g -60.3
   357w 31.0 1  0  4991 2006:09:01 21.76304 10.84787 23.55982 498.5 51.98                    3166 1.2g  .053g -60.0
   358w 30.0 1  0  5021 2006:10:01 21.40208 10.65675 22.98876 497.9 51.79                    3146 1.2g  .053g -57.7
   359w 31.0 2  0  5052 2006:11:01 21.03601 10.46515 22.43209 497.5 51.61                    3125 1.2g -.072g -71.0
   360w 30.0 2  0  5082 2006:12:01 20.69106 10.28479 21.89440 497.1 51.41                    3106 1.3g -.074g  -102

                                    I M E X   T I M E   S T E P   S U M M A R Y
 ==================================================================================================================
    Time Step           Time                  Total Production             Total Injection  Total Max. Max. Change
 ---------------- ---------------- -------------------------------------- -----------------  PV   Mat. ------------
                C                    Oil      Gas     Water   GOR.  Wat.    Gas     Water   Avg.  bal. Satur. Pres.
        Size    U                                              M3/   Cut                    Pres. err. DSMAX  DPMAX
  No.   Days IT T Days   yy:mm:dd    M3/D    MM3/D     M3/D     M3    %    MM3/D     M3/D    kPa   %           kPa
 ------ ---- -- - ----- ---------- -------- -------- -------- ----- ----- -------- -------- ----- ---- ------ -----
   361w 31.0 2  0  5113 2007:01:01 20.34298 10.10231 21.34049 496.6 51.20                    3086 1.3g -.065g -89.8
   362w 31.0 2  0  5144 2007:02:01 20.00319  9.92526 20.78881 496.2 50.96                    3067 1.3g -.065g -59.4
   363w 28.0 3  0  5172 2007:03:01 19.70425  9.76872 20.29799 495.8 50.74                    3049 1.3g -.074g -53.7
   364w 31.0 2  0  5203 2007:04:01 19.37962  9.59749 19.77301 495.2 50.50                    3031 1.3g -.097g -58.1
   365w 30.0 2  0  5233 2007:05:01 19.07391 9.436544 19.28737 494.7 50.28                    3013 1.3g -.080g -56.0
   366w 31.0 2  0  5264 2007:06:01 18.76557 9.273873 18.79911 494.2 50.04                    2994 1.3g -.123g -61.6
   367w 15.0 2  0  5279 2007:06:16 18.62274 9.198798 18.56702 494.0 49.93                    2986 1.3g -.065g -29.0
   368  15.0 2  0  5294 2007:07:01 18.47757 9.122638 18.33282 493.7 49.80                    2977 1.3g -.054g -38.4
   369w 15.5 2  0  5310 2007:07:17 18.32905 9.044290 18.09114 493.4 49.67                    2968 1.3g -.062g -28.5
   370  15.5 2  0  5325 2007:08:01 18.18217 8.966743 17.85112 493.2 49.54                    2959 1.3g -.089g -28.1
   371w 15.5 2  0  5341 2007:08:17 18.03696 8.889988 17.61182 492.9 49.40                    2951 1.3g -.108g -27.9
   372  15.5 2  0  5356 2007:09:01 17.89358 8.814097 17.37543 492.6 49.27                    2942 1.3g -.119g -27.6
   373w 13.0 2  0  5369 2007:09:14 17.77531 8.751738 17.17813 492.4 49.15                    2935 1.3g -.090g -23.2
   374  8.51 1  0  5377 2007:09:22 17.69903 8.711282 17.05420 492.2 49.07                    2930 1.3g -.052g -15.5
   375  8.51 1  0  5386 2007:10:01 17.62212 8.670576 16.93068 492.0 49.00                    2926 1.3g -.041g -15.2
   376w 15.5 2  0  5402 2007:10:17 17.48177 8.595953 16.70387 491.7 48.86                    2917 1.3g -.077g -26.6
   377  15.5 2  0  5417 2007:11:01 17.34464 8.523476 16.48296 491.4 48.73                    2909 1.3g -.082g -26.7
   378w 15.0 2  0  5432 2007:11:16 17.21365 8.454214 16.28401 491.1 48.61                    2901 1.3g -.051g -45.4
   379  15.0 2  0  5447 2007:12:01 17.08400 8.385362 16.09000 490.8 48.50                    2893 1.3g  .042w -29.2
   380w 31.0 3  0  5478 2008:01:01 16.81877 8.242000 15.69750 490.0 48.28                    2877 1.4g  .081w -97.8

                                    I M E X   T I M E   S T E P   S U M M A R Y
 ==================================================================================================================
    Time Step           Time                  Total Production             Total Injection  Total Max. Max. Change
 ---------------- ---------------- -------------------------------------- -----------------  PV   Mat. ------------
                C                    Oil      Gas     Water   GOR.  Wat.    Gas     Water   Avg.  bal. Satur. Pres.
        Size    U                                              M3/   Cut                    Pres. err. DSMAX  DPMAX
  No.   Days IT T Days   yy:mm:dd    M3/D    MM3/D     M3/D     M3    %    MM3/D     M3/D    kPa   %           kPa
 ------ ---- -- - ----- ---------- -------- -------- -------- ----- ----- -------- -------- ----- ---- ------ -----
   381w 31.0 2  0  5509 2008:02:01 16.56373 8.104309 15.29712 489.3 48.01                    2861 1.4g -.064g -80.9
   382w 29.0 2  0  5538 2008:03:01 16.33194 7.977815 14.92752 488.5 47.75                    2846 1.4g -.061g -47.3
   383w 31.0 2  0  5569 2008:04:01 16.08946 7.843996 14.53778 487.5 47.47                    2831 1.4g -.067g -49.4
   384w 30.0 2  0  5599 2008:05:01 15.86054 7.717076 14.15534 486.6 47.16                    2817 1.4g -.069g -47.6
   385w 31.0 2  0  5630 2008:06:01 15.62905 7.588661 13.76537 485.5 46.83                    2802 1.4g -.074g -48.2
   386w 30.0 2  0  5660 2008:07:01 15.41007 7.468414 13.40049 484.6 46.51                    2788 1.4g -.087g -46.0
   387w 31.0 2  0  5691 2008:08:01 15.18877 7.346031 13.02743 483.6 46.17                    2773 1.4g -.087g -83.3
   388w 31.0 2  0  5722 2008:09:01 14.97220 7.226180 12.64706 482.6 45.79                    2759 1.4g  .072w -46.5
   389w 30.0 2  0  5752 2008:10:01 14.76710 7.113427 12.28113 481.7 45.40                    2746 1.4g  .071w -91.7
   390w 31.0 2  0  5783 2008:11:01 14.55924 7.001344 11.90744 480.9 44.99                    2732 1.4g  .077w -44.1
   391w 30.0 2  0  5813 2008:12:01 14.36276 6.895901 11.54086 480.1 44.55                    2719 1.4g  .081w -42.1
   392w 31.0 2  0  5844 2009:01:01 14.16376 6.789560 11.16891 479.4 44.09                    2706 1.4g -.102g -42.6
   393w 31.0 2  0  5875 2009:02:01 13.96916 6.685990 10.79818 478.6 43.60                    2693 1.4g -.117g -41.9
   394w 28.0 2  0  5903 2009:03:01 13.79678 6.594828 10.46439 478.0 43.13                    2682 1.5g -.109g -68.9
   395w 15.5 2  0  5919 2009:03:17 13.70401 6.546488 10.27013 477.7 42.84                    2675 1.5g  .071w -51.9
   396  15.5 2  0  5934 2009:04:01 13.61051 6.497653 10.08596 477.4 42.56                    2669 1.5g  .078w -29.0
   397w 15.0 2  0  5949 2009:04:16 13.52098 6.450885  9.90067 477.1 42.27                    2663 1.5g  .076w -19.7
   398  15.0 2  0  5964 2009:05:01 13.43253 6.404742  9.71321 476.8 41.97                    2657 1.5g -.109g -19.4
   399w 13.8 2  0  5978 2009:05:15 13.35259 6.363112  9.54446 476.5 41.68                    2651 1.5g -.123g -17.7
   400  8.62 2  0  5986 2009:05:23 13.30359 6.337619 9.440163 476.4 41.51                    2648 1.5g -.082g -11.4

                                    I M E X   T I M E   S T E P   S U M M A R Y
 ==================================================================================================================
    Time Step           Time                  Total Production             Total Injection  Total Max. Max. Change
 ---------------- ---------------- -------------------------------------- -----------------  PV   Mat. ------------
                C                    Oil      Gas     Water   GOR.  Wat.    Gas     Water   Avg.  bal. Satur. Pres.
        Size    U                                              M3/   Cut                    Pres. err. DSMAX  DPMAX
  No.   Days IT T Days   yy:mm:dd    M3/D    MM3/D     M3/D     M3    %    MM3/D     M3/D    kPa   %           kPa
 ------ ---- -- - ----- ---------- -------- -------- -------- ----- ----- -------- -------- ----- ---- ------ -----
   401  8.62 2  0  5995 2009:06:01 13.25426 6.311818 9.338714 476.2 41.33                    2645 1.5g -.076g -11.0
   402w 11.3 2  0  6006 2009:06:12 13.18952 6.277766 9.209743 476.0 41.12                    2640 1.5g -.061g -40.0
   403  18.7 2  0  6025 2009:07:01 13.08310 6.221658 9.003333 475.5 40.76                    2633 1.5g  .063w -42.8
   404w 31.0 2  0  6056 2009:08:01 12.91015 6.130883 8.683959 474.9 40.21                    2621 1.5g  .133w -37.3
   405w 15.5 2  0  6072 2009:08:17 12.82792 6.088630 8.528932 474.6 39.94                    2615 1.5g  .071w -19.6
   406  15.5 2  0  6087 2009:09:01 12.74473 6.045335 8.375071 474.3 39.66                    2609 1.5g -.071g -18.4
   407w 15.0 2  0  6102 2009:09:16 12.66506 6.003510 8.227132 474.0 39.38                    2604 1.5g -.066g -17.5
   408  15.0 2  0  6117 2009:10:01 12.58618 5.961825 8.080453 473.7 39.10                    2598 1.5g -.061g -17.2
   409w 15.5 2  0  6133 2009:10:17 12.50551 5.919050 7.931054 473.3 38.81                    2592 1.5g -.067g -17.4
   410  15.5 2  0  6148 2009:11:01 12.42587 5.877037 7.783663 473.0 38.51                    2587 1.5g -.070g -68.5
   411w 15.0 2  0  6163 2009:11:16 12.34972 5.837210 7.643425 472.7 38.23                    2581 1.5g -.065g -27.8
   412  15.0 2  0  6178 2009:12:01 12.27437 5.797616 7.504732 472.3 37.94                    2576 1.5g -.055g -17.8
   413w 15.5 2  0  6194 2009:12:17 12.19735 5.756985 7.362974 472.0 37.64                    2570 1.5g -.067g -24.1
   414  15.5 2  0  6209 2010:01:01 12.12132 5.716949 7.223935 471.6 37.34                    2565 1.5g -.069g -20.9
   415w 15.5 2  0  6225 2010:01:17 12.04622 5.677355 7.095958 471.3 37.07                    2559 1.5g -.067g -18.5
   416  15.5 2  0  6240 2010:02:01 11.97195 5.638250 6.971837 471.0 36.80                    2554 1.5g -.060g -28.6

 ===================== SUMMARY (from subroutine: TSIO)   ======================
  Simulation run terminated. Stopping time reached.
    
     1 Warning messages.    0 Error messages.
 ==============================================================================


       Field Total                                   Fluid
                             Oil       Gas       Water    Solvent   Polymer   Seawater
                            -------   -------   -------   -------   -------   -------
                            (MSM3)    (MMSM3)   (MSM3)    (MMSM3)   (MKG)     (MSM3)
  Cumulative Production      871.53    85.080    791.24     NA        NA        NA   
  Cumulative Injection        NA         0         0        NA        NA        NA   
  Cumulative Gas Lift         NA         0        NA        NA        NA        NA   
  Cumulative Water Influx     NA        NA         0        NA        NA        NA   
  Current Fluids In Place    3277.3    39.264    1875.0     NA        NA        NA   
  Production Rates           .01197    .00564    .00697     NA        NA        NA   
  Injection Rates             NA         0         0        NA        NA        NA   

  Timesteps:    416  Newton Cycles:      741  Cuts:     16  Solver Iterations:        13512
  Average Implicitness    : 0.206
  Material Balances (owg): 1.000 1.000 1.015
  Average Active Blocks:       34077 Average Non-BHP Active Wells:     1
  Total Blocks :       35000 Total Wells :    11
  Active Blocks:       34077 Non-BHP Active Wells:     0
  Total lstpro/lstpar calls:     2
  Time at end of simulation:   6240.00     (days)   
  Average reservoir pressure excluding water zone: 2539.803 (kPa)    
  Total Number of Solver Failures:       0  Stalls:       0  ITERMAX Reached:       0
  Jacobian Domains      4
  Linear Solver: Parasol
  Number of level 1 solver classes:    4
  AUTOPSLAB Cutting Direction:    I
  Preconditioner Ordering     REDBLACK
  Preconditioner Degree aa, ab, as, bb, ba:    1    2    1    1    1
  KMP_AFFINITY: Default
  OMP_SCHEDULE: Default
  Max Impl Blocks:     9625  %Impl: 28.2%  (TS,CUT,NCYC): (  404, 0,  2 )
  Max Solver Iterations (TS,CUT,NCYC):      40 (   46, 0,  1 )
  Number of threads set:    4
  Total number of cpus:   16
  Memory Usage Peak:      149 MB on TS:  362  TS 1 Peak:      123 MB  Average:      141 MB  VM Size:      179 MB
  Host computer: XENAPP-CGY

  End of Simulation: Normal Termination

  CPU Time:           326.93 seconds
  Elapsed Time:        89.42 seconds

  Date and Time of End of Run:  Mar 24, 2020  14:50:03

