    Opened LOG FILE         on unit 10, filename is "D:\CMG's Modelling Workflow_2019-10\History Match\IMEX_TUTORIAL_CR3.log"
 ********************************************************************************
 *                                                                              *
 *                                IMEX  2019.10                                 *
 *                   Adaptive - Implicit Black Oil Simulator                    *
 *                         General Release for Win x64                          *
 *                            2019-Sep-10   17:57:17                            *
 *                                                                              *
 *                          (c) Copyright 1977 - 2019                           *
 *                Computer Modelling Group Ltd., Calgary, Canada                *
 *                             All Rights Reserved                              *
 *                                                                              *
 ********************************************************************************


 Command-line Arguments:  -f D:\CMG's Modelling Workflow_2019-10\History Match\IMEX_TUTORIAL_CR3.dat
                          -wd D:\CMG's Modelling Workflow_2019-10\History Match
                          -log
                          -doms
                          -parasol 4
                          -wait

  Date and Time of Start of Run:  Nov  1, 2019  14:17:06


*** Input/Output files specification :
    Opened data file        on unit 11, filename is "D:\CMG's Modelling Workflow_2019-10\History Match\IMEX_TUTORIAL_CR3.dat"
    Opened Scratch file     on unit 12
    Opened Scratch file     on unit 13
    Opened output file      on unit 14, filename is "D:\CMG's Modelling Workflow_2019-10\History Match\IMEX_TUTORIAL_CR3.out"
    Opened SR3-OUT          on unit 15, filename is "D:\CMG's Modelling Workflow_2019-10\History Match\IMEX_TUTORIAL_CR3.sr3"
    Opened INDEX-OUT        on unit 16, filename is "D:\CMG's Modelling Workflow_2019-10\History Match\IMEX_TUTORIAL_CR3.irf"
    Opened MAIN-RESULTS-OUT on unit 17, filename is "D:\CMG's Modelling Workflow_2019-10\History Match\IMEX_TUTORIAL_CR3.mrf"
    Opened REWIND-OUT       on unit 18, filename is "D:\CMG's Modelling Workflow_2019-10\History Match\IMEX_TUTORIAL_CR3.rrf"

 =================== WARNING (from subroutine: GRDLST_CHK) ====================
  Solvent property related printout is being disabled
  This MODEL option does not allow solvent property output.
  Line: 15   File Name: D:\CMG's Modelling Workflow_2019-10\History Match\IMEX_TUTORIAL_CR3.dat
 ==============================================================================

    Opened GRID scratchfile on unit 19

 ===================== SUMMARY (from subroutine: INDATA) ======================
  Reading of initial data is complete.
  Simulation will stop if there were error messages.
     1 Warning messages.    0 Error messages.
 ==============================================================================


                                    I M E X   T I M E   S T E P   S U M M A R Y
 ==================================================================================================================
    Time Step           Time                  Total Production             Total Injection  Total Max. Max. Change
 ---------------- ---------------- -------------------------------------- -----------------  PV   Mat. ------------
                C                    Oil      Gas     Water   GOR.  Wat.    Gas     Water   Avg.  bal. Satur. Pres.
        Size    U                                              M3/   Cut                    Pres. err. DSMAX  DPMAX
  No.   Days IT T Days   yy:mm:dd    M3/D    MM3/D     M3/D     M3    %    MM3/D     M3/D    kPa   %           kPa
 ------ ---- -- - ----- ---------- -------- -------- -------- ----- ----- -------- -------- ----- ---- ------ -----
     1w 1.00 1  0 1.000 1993:01:02 262.9927 7.923022 .0083498 30.13 .0032                   20776 e-6g -2e-4o -1212
     2  2.48 1  0 3.475 1993:01:04 262.9624 7.922110 .0386295 30.13 .0147                   20774 e-6g -2e-4o -1252
     3  5.93 1  0 9.408 1993:01:10 262.9187 7.920795 .0822752 30.13 .0313                   20769 e-5w -.001o -1156
     4  10.8 1  0 20.20 1993:01:21 262.8830 7.919719 .1179957 30.13 .0449                   20761 e-4w  .005w  -880
     5  10.8 1  0 31.00 1993:02:01 262.8645 7.919162 .1364840 30.13 .0519                   20752 e-4w  .007w  -512
     6w 28.0 1  0 59.00 1993:03:01 262.8559 7.918901 .1481251 30.13 .0563                   20727 e-4w -.023o  -776
     7w 31.0 1  0 90.00 1993:04:01 262.8560 7.918905 .1490117 30.13 .0567                   20698 e-4w -.022o  -543
     8w 30.0 1  0 120.0 1993:05:01 262.8589 7.918993 .1460851 30.13 .0555                   20669 e-4w  .019w  -359
     9w 31.0 1  0 151.0 1993:06:01 218.9140 6.595092 .0899643 30.13 .0411                   20643 e-4w  .023w   551
    10w 30.0 1  0 181.0 1993:07:01 291.7646 8.789816 .2424240 30.13 .0830                   20610 e-4w  .033w -1198
    11w 1.00 1  0 182.0 1993:07:02 437.9636 13.19427 1.060421 30.13 .2415                   20609 e-4w -.003o  -749
    12  4.01 1  0 186.0 1993:07:06 397.5275 11.97607 5.797837 30.13 1.438                   20603 e-4w  .010w  -663
    13  13.0 1  0 199.0 1993:07:19 378.5976 11.40578 12.39068 30.13 3.169                   20584 e-4w -.009o  -557
    14  13.0 1  0 212.0 1993:08:01 370.2305 11.15371 16.35771 30.13 4.231                   20566 e-4w  .008w  -318
    15w 1.00 1  0 213.0 1993:08:02 779.6634 23.48845 16.93832 30.13 2.126                   20563 e-4w -7e-4o -1702
    16  1.76 1  0 214.8 1993:08:04 778.4869 23.45301 17.84260 30.13 2.241                   20559 e-3w -.001o -1250
    17  4.23 1  0 219.0 1993:08:08 776.2089 23.38438 19.46808 30.13 2.447                   20547 e-3w  .003w -1222
    18  10.4 1  0 229.4 1993:08:18 772.1236 23.26130 22.41339 30.13 2.821                   20519 e-3w -.007o -1151
    19  13.6 1  0 243.0 1993:09:01 767.5643 23.12395 27.12097 30.13 3.413                   20482 e-3w  .006w  -747
    20w 1.00 1  0 244.0 1993:09:02 648.4789 19.53634 20.48507 30.13 3.062                   20480 e-3w -.001o   600

                                    I M E X   T I M E   S T E P   S U M M A R Y
 ==================================================================================================================
    Time Step           Time                  Total Production             Total Injection  Total Max. Max. Change
 ---------------- ---------------- -------------------------------------- -----------------  PV   Mat. ------------
                C                    Oil      Gas     Water   GOR.  Wat.    Gas     Water   Avg.  bal. Satur. Pres.
        Size    U                                              M3/   Cut                    Pres. err. DSMAX  DPMAX
  No.   Days IT T Days   yy:mm:dd    M3/D    MM3/D     M3/D     M3    %    MM3/D     M3/D    kPa   %           kPa
 ------ ---- -- - ----- ---------- -------- -------- -------- ----- ----- -------- -------- ----- ---- ------ -----
    21  5.00 1  0 249.0 1993:09:07 645.6842 19.45214 23.27974 30.13 3.480                   20468 e-3w -.003o   830
    22  12.0 1  0 261.0 1993:09:19 642.6554 19.36089 26.30855 30.13 3.933                   20440 e-3w  .004w   553
    23  12.0 1  0 273.0 1993:10:01 640.0406 19.28212 28.92338 30.13 4.324                   20412 e-3w -.004o  -339
    24w 31.0 1  0 304.0 1993:11:01 806.5651 24.29890 50.46488 30.13 5.888                   20319 e-3w -.012o -2767
    25w 1.00 1  0 305.0 1993:11:02 920.9022 27.74347 45.50491 30.13 4.709                   20316 e-3w -6e-4o  -774
    26  3.87 1  0 308.9 1993:11:06 893.4040 26.91505 49.61874 30.13 5.262                   20303 e-3w -.002o  -626
    27  12.6 1  0 321.4 1993:11:18 870.0049 26.21011 55.12376 30.13 5.958                   20262 e-3w -.005o  -548
    28  12.6 1  0 334.0 1993:12:01 856.3926 25.80003 59.96239 30.13 6.544                   20221 e-3w  .005w  -343
    29w 1.00 1  0 335.0 1993:12:02 855.1779 25.76343 60.62260 30.13 6.620                   20217 e-3w -3e-4o  27.1
    30  5.00 1  0 340.0 1993:12:07 850.5307 25.62343 63.21115 30.13 6.918                   20201 e-3w -.002o  -123
    31  25.0 1  0 365.0 1994:01:01 835.1927 25.16135 69.20541 30.13 7.652                   20120 e-3w -.010o  -447
    32w 1.00 1  0 366.0 1994:01:02 834.3426 25.13574 70.26733 30.13 7.768                   20116 e-3w  5e-4w  54.7
    33  5.00 1  0 371.0 1994:01:07 830.8639 25.03094 73.88911 30.13 8.167                   20100 e-3w -.002o -82.9
    34  8.00 1  0 379.0 1994:01:15 826.0049 24.88455 78.01869 30.13 8.630                   20074 e-3w  .003w  -121
    35w 1.00 1  0 380.0 1994:01:16 825.3313 24.86426 78.69689 30.13 8.705                   20070 e-3w -3e-4o -14.9
    36  5.00 1  0 385.0 1994:01:21 822.4571 24.77767 81.22280 30.13 8.988                   20054 e-3w -.002o -70.2
    37  11.0 1  0 396.0 1994:02:01 817.0440 24.61459 85.17833 30.13 9.441                   20018 e-3w  .004o  -137
    38w 1.00 1  0 397.0 1994:02:02 816.4527 24.59678 85.83633 30.13  9.51                   20014 e-3w -3e-4w  14.7
    39  5.00 1  0 402.0 1994:02:07 813.9601 24.52169 88.21127 30.13  9.78                   19998 e-3w  .002o -58.6
    40  22.0 1  0 424.0 1994:03:01 805.5475 24.26825 93.97687 30.13 10.45                   19925 e-3w  .009o  -215

                                    I M E X   T I M E   S T E P   S U M M A R Y
 ==================================================================================================================
    Time Step           Time                  Total Production             Total Injection  Total Max. Max. Change
 ---------------- ---------------- -------------------------------------- -----------------  PV   Mat. ------------
                C                    Oil      Gas     Water   GOR.  Wat.    Gas     Water   Avg.  bal. Satur. Pres.
        Size    U                                              M3/   Cut                    Pres. err. DSMAX  DPMAX
  No.   Days IT T Days   yy:mm:dd    M3/D    MM3/D     M3/D     M3    %    MM3/D     M3/D    kPa   %           kPa
 ------ ---- -- - ----- ---------- -------- -------- -------- ----- ----- -------- -------- ----- ---- ------ -----
    41w 1.00 1  0 425.0 1994:03:02 935.1283 28.17205 53.73464 30.13 5.434                   19922 e-3w -.003o -1959
    42  1.53 1  0 426.5 1994:03:04 931.8666 28.07379 56.99636 30.13 5.764                   19916 e-3w -.002o -1439
    43  3.19 1  0 429.7 1994:03:07 929.6841 28.00804 59.17885 30.13 5.985                   19905 e-3w -.002o -1224
    44  7.83 1  0 437.5 1994:03:15 928.2596 27.96512 60.60338 30.13 6.129                   19878 e-3w  .012w -1115
    45  17.5 2  0 455.0 1994:04:01 927.8199 27.95187 61.04306 30.13 6.173                   19816 e-3w -.024o -1016
    46w 30.0 2  0 485.0 1994:05:01 824.5537 24.84084 85.51027 30.13 9.396                   19713 e-3w -.025o  2379
    47w 1.00 1  0 486.0 1994:05:02 1402.747 42.25970 110.6535 30.13 7.312                   19708 e-3w  .001o -1276
    48  2.35 1  0 488.4 1994:05:04 1403.486 42.28199 109.9138 30.13 7.263                   19695 e-3w -.002o  -982
    49  7.18 1  0 495.5 1994:05:12 1399.907 42.17417 113.4927 30.13 7.499                   19656 e-3w -.006o -1028
    50  20.5 1  0 516.0 1994:06:01 1390.270 41.88384 123.1297 30.13 8.136                   19545 e-3w  .018w  -950
    51w 30.0 2  0 546.0 1994:07:01 1751.924 52.77915 128.1103 30.13 6.814                   19346 e-3w -.019o -4235
    52w 1.00 1  0 547.0 1994:07:02 1729.618 52.10718 152.7769 30.13 8.116                   19339 e-3w -9e-4o  -647
    53  4.64 1  0 551.6 1994:07:07 1740.879 52.44641 156.1752 30.13 8.233                   19308 e-3w -.004o  -718
    54  12.7 1  0 564.3 1994:07:19 1720.079 51.81979 170.9134 30.13 9.038                   19221 e-3w -.012o  -545
    55  12.7 1  0 577.0 1994:08:01 1693.590 51.02178 188.1591 30.13 10.00                   19133 e-3w  .013w  -352
    56w 1.00 1  0 578.0 1994:08:02 2359.713 71.08967 278.9165 30.13 10.57                   19124 e-3w -.003w -1566
    57  1.92 1  0 579.9 1994:08:04 2272.380 68.45862 262.3345 30.13 10.35                   19106 e-3w  .002w  -857
    58  6.71 1  0 586.6 1994:08:11 2204.461 66.41246 271.3102 30.13 10.96                   19046 e-3w -.007o  -922
    59  21.4 1  0 608.0 1994:09:01 2106.527 63.45244 309.6732 30.12 12.82                   18856 e-3w  .019o  -854
    60w 1.00 1  0 609.0 1994:09:02 1965.401 59.19989 275.7536 30.12 12.30                   18847 e-3w -.003o   764

                                    I M E X   T I M E   S T E P   S U M M A R Y
 ==================================================================================================================
    Time Step           Time                  Total Production             Total Injection  Total Max. Max. Change
 ---------------- ---------------- -------------------------------------- -----------------  PV   Mat. ------------
                C                    Oil      Gas     Water   GOR.  Wat.    Gas     Water   Avg.  bal. Satur. Pres.
        Size    U                                              M3/   Cut                    Pres. err. DSMAX  DPMAX
  No.   Days IT T Days   yy:mm:dd    M3/D    MM3/D     M3/D     M3    %    MM3/D     M3/D    kPa   %           kPa
 ------ ---- -- - ----- ---------- -------- -------- -------- ----- ----- -------- -------- ----- ---- ------ -----
    61  3.93 1  0 612.9 1994:09:06 1943.356 58.53111 289.5457 30.12 12.97                   18815 e-3w -.005o   626
    62  12.5 1  0 625.5 1994:09:18 1911.146 57.55117 302.7010 30.11 13.67                   18712 e-3w -.012w   388
    63  12.5 1  0 638.0 1994:10:01 1883.639 56.71383 313.9274 30.11 14.29                   18610 e-3w  .012o  -259
    64w 1.00 1  0 639.0 1994:10:02 1967.194 59.23026 352.0265 30.11 15.18                   18601 e-3w  .002o  -517
    65  5.00 1  0 644.0 1994:10:07 1958.695 58.96838 354.0923 30.11 15.31                   18558 e-3w  .005o  -408
    66  25.0 1  0 669.0 1994:11:01 1905.544 57.32394 377.0448 30.08 16.52                   18347 e-3w  .024o  -401
    67w 1.00 1  0 670.0 1994:11:02 1873.684 56.36318 365.7709 30.08 16.33                   18338 e-3w -9e-4o   197
    68  5.00 1  0 675.0 1994:11:07 1859.891 55.94062 374.4631 30.08 16.76                   18296 e-3w  .004o   160
    69  24.0 1  0 699.0 1994:12:01 1821.158 54.74941 393.1607 30.06 17.76                   18098 e-3w  .020o  -328
    70w 1.00 1  0 700.0 1994:12:02 1774.917 53.35523 375.3905 30.06 17.46                   18090 e-3w -.001o   150
    71  5.00 1  0 705.0 1994:12:07 1762.687 52.98213 383.9553 30.06 17.89                   18050 e-3w  .004o   161
    72  25.0 1  0 730.0 1995:01:01 1729.693 51.95922 398.5375 30.04 18.73                   17852 e-3w -.022w  -309
    73w 1.00 1  0 731.0 1995:01:02 1763.777 52.98536 421.8613 30.04 19.30                   17844 e-3w  9e-4o  -158
    74  5.00 1  0 736.0 1995:01:07 1755.662 52.73492 426.1728 30.04 19.53                   17803 e-3w  .005o  -121
    75  25.0 1  0 761.0 1995:02:01 1721.440 51.66834 442.0564 30.01 20.43                   17602 e-3w  .025o  -290
    76w 1.00 1  0 762.0 1995:02:02 1650.767 49.53774 397.6726 30.01 19.41                   17594 e-3w  .002w   350
    77  5.00 1  0 767.0 1995:02:07 1639.871 49.20330 405.2055 30.00 19.81                   17556 e-3w  .005o   267
    78  22.0 1  0 789.0 1995:03:01 1614.549 48.42169 414.4570 29.99 20.43                   17390 e-3w  .024o  -242
    79w 1.00 1  0 790.0 1995:03:02 1646.446 49.38450 447.4654 29.99 21.37                   17382 e-3w  .001o  -265
    80  5.00 1  0 795.0 1995:03:07 1641.590 49.24182 449.3224 30.00 21.49                   17343 e-3w  .006o  -191

                                    I M E X   T I M E   S T E P   S U M M A R Y
 ==================================================================================================================
    Time Step           Time                  Total Production             Total Injection  Total Max. Max. Change
 ---------------- ---------------- -------------------------------------- -----------------  PV   Mat. ------------
                C                    Oil      Gas     Water   GOR.  Wat.    Gas     Water   Avg.  bal. Satur. Pres.
        Size    U                                              M3/   Cut                    Pres. err. DSMAX  DPMAX
  No.   Days IT T Days   yy:mm:dd    M3/D    MM3/D     M3/D     M3    %    MM3/D     M3/D    kPa   %           kPa
 ------ ---- -- - ----- ---------- -------- -------- -------- ----- ----- -------- -------- ----- ---- ------ -----
    81  25.0 1  0 820.0 1995:04:01 1612.512 48.37724 460.8188 30.00 22.23                   17150 e-3w  .029o  -259
    82w 1.00 1  0 821.0 1995:04:02 1991.758 59.80308 471.5578 30.03 19.14                   17141 e-3w -.001w -1811
    83  1.66 1  0 822.7 1995:04:04 1989.231 59.72768 472.8385 30.03 19.20                   17126 e-3w  .002o -1135
    84  4.38 1  0 827.0 1995:04:08 1982.581 59.52861 476.2946 30.03 19.37                   17087 e-3w -.005w -1214
    85  10.8 1  0 837.9 1995:04:19 1967.520 59.06685 482.7786 30.02 19.70                   16990 e-3w  .013o -1188
    86  12.1 1  0 850.0 1995:05:01 1949.770 58.51801 489.8983 30.01 20.08                   16882 e-3w  .015o  -758
    87w 1.00 1  0 851.0 1995:05:02 1937.226 58.13946 484.0620 30.01 19.99                   16873 e-3w -.001w -61.9
    88  5.00 1  0 856.0 1995:05:07 1929.788 57.90852 487.3063 30.01 20.16                   16829 e-3w  .006o  -262
    89  25.0 1  0 881.0 1995:06:01 1898.209 56.85980 495.6331 29.95 20.70                   16611 e-3w -.029w  -865
    90w 1.00 1  0 882.0 1995:06:02 1915.315 57.42976 372.6974 29.98 16.29                   16602 e-3w  .003o -1285
    91  2.34 1  0 884.3 1995:06:04 1908.688 57.22493 378.5043 29.98 16.55                   16583 e-3w -.003w -1343
    92  5.22 1  0 889.6 1995:06:10 1905.206 57.10752 380.6667 29.97 16.65                   16541 e-3w  .006o -1125
    93  10.7 1  0 900.3 1995:06:20 1900.611 56.94316 382.5139 29.96 16.75                   16454 e-3w -.012w  -913
    94  10.7 1  0 911.0 1995:07:01 1895.003 56.74891 385.1633 29.95 16.89                   16368 e-3w  .011o  -528
    95w 1.00 1  0 912.0 1995:07:02 2058.440 61.66606 475.1296 29.96 18.75                   16359 e-3w  .002o  -497
    96  5.00 1  0 917.0 1995:07:07 2045.397 61.15600 473.2759 29.90 18.79                   16313 e-3w  .005o  -328
    97  25.0 1  0 942.0 1995:08:01 2007.847 59.60807 482.2229 29.69 19.37                   16088 e-3w  .024o  -636
    98w 1.00 1  0 943.0 1995:08:02 1752.750 52.18937 400.2278 29.78 18.59                   16080 e-3w  .008o   480
    99  5.00 1  0 948.0 1995:08:07 1743.998 52.04501 405.9273 29.84 18.88                   16041 e-3w -.006g   752
   100  12.5 1  0 960.5 1995:08:20 1734.082 51.73847 409.7579 29.84 19.11                   15943 e-3w  .012o   277

                                    I M E X   T I M E   S T E P   S U M M A R Y
 ==================================================================================================================
    Time Step           Time                  Total Production             Total Injection  Total Max. Max. Change
 ---------------- ---------------- -------------------------------------- -----------------  PV   Mat. ------------
                C                    Oil      Gas     Water   GOR.  Wat.    Gas     Water   Avg.  bal. Satur. Pres.
        Size    U                                              M3/   Cut                    Pres. err. DSMAX  DPMAX
  No.   Days IT T Days   yy:mm:dd    M3/D    MM3/D     M3/D     M3    %    MM3/D     M3/D    kPa   %           kPa
 ------ ---- -- - ----- ---------- -------- -------- -------- ----- ----- -------- -------- ----- ---- ------ -----
   101  12.5 1  0 973.0 1995:09:01 1724.257 51.36490 413.6319 29.79 19.35                   15846 e-3w  .012o  -213
   102w 1.00 1  0 974.0 1995:09:02 1674.578 49.86977 386.2217 29.78 18.74                   15839 e-3w  .001o   161
   103  5.00 1  0 979.0 1995:09:07 1669.521 49.69142 389.1287 29.76 18.90                   15801 e-3w  .005o   178
   104  24.0 1  0  1003 1995:10:01 1653.178 48.92963 394.3680 29.60 19.26                   15623 e-3w  .024o  -381
   105w 1.00 1  0  1004 1995:10:02 1959.317 58.03784 490.7180 29.62 20.03                   15615 e-3w -.004o  -668
   106  4.49 1  0  1008 1995:10:06 1936.589 56.82372 487.5871 29.34 20.11                   15575 e-3w -.010o  -670
   107  12.8 1  0  1021 1995:10:19 1864.990 54.25909 490.6860 29.09 20.83                   15466 e-3w  .014o  -318
   108  12.8 1  0  1034 1995:11:01 1834.190 53.03319 494.2748 28.91 21.23                   15358 e-3w  .015o  -211
   109w 1.00 1  0  1035 1995:11:02 2308.556 67.30173 477.7702 29.15 17.15                   15348 e-3w  .001o -2409
   110  1.25 1  0  1036 1995:11:03 2304.723 67.15984 478.9340 29.14 17.21                   15335 e-3w  .002o -1446
   111  2.58 1  0  1039 1995:11:06 2228.116 64.80084 479.8407 29.08 17.72                   15310 e-3w  .003o -1046
   112  7.41 1  0  1046 1995:11:13 2170.218 62.92855 481.8339 29.00 18.17                   15240 e-3w  .010o -1618
   113  8.88 1  0  1055 1995:11:22 2120.828 61.20126 484.0683 28.86 18.58                   15157 e-3w  .012o -1218
   114  8.88 1  0  1064 1995:12:01 2083.763 59.75604 486.2366 28.68 18.92                   15076 e-3w  .013o  -690
   115w 1.00 1  0  1065 1995:12:02 2076.344 59.50125 485.5215 28.66 18.95                   15066 e-3w  .001o -71.9
   116  5.00 1  0  1070 1995:12:07 2058.020 58.79164 486.9145 28.57 19.13                   15021 e-3w  .007o  -266
   117  25.0 1  0  1095 1996:01:01 1973.844 55.88999 491.0410 28.32 19.92                   14799 e-3g  .038o  -722
   118w 1.00 1  0  1096 1996:01:02 1920.752 54.30425 432.2611 28.27 18.37                   14790 e-3g  .002o   300
   119  5.00 1  0  1101 1996:01:07 1907.061 53.87551 435.2975 28.25 18.58                   14748 e-3g  .008o   159
   120  25.0 1  0  1126 1996:02:01 1836.701 52.15791 439.4288 28.40 19.31                   14543 e-3w  .043o  -468

                                    I M E X   T I M E   S T E P   S U M M A R Y
 ==================================================================================================================
    Time Step           Time                  Total Production             Total Injection  Total Max. Max. Change
 ---------------- ---------------- -------------------------------------- -----------------  PV   Mat. ------------
                C                    Oil      Gas     Water   GOR.  Wat.    Gas     Water   Avg.  bal. Satur. Pres.
        Size    U                                              M3/   Cut                    Pres. err. DSMAX  DPMAX
  No.   Days IT T Days   yy:mm:dd    M3/D    MM3/D     M3/D     M3    %    MM3/D     M3/D    kPa   %           kPa
 ------ ---- -- - ----- ---------- -------- -------- -------- ----- ----- -------- -------- ----- ---- ------ -----
   121w 1.00 1  0  1127 1996:02:02 1739.353 49.44120 435.6665 28.43 20.03                   14535 e-3w  .003o  80.7
   122  5.00 1  0  1132 1996:02:07 1728.963 49.31970 438.4900 28.53 20.23                   14495 e-3w  .009o   193
   123  23.0 1  0  1155 1996:03:01 1682.498 48.51843 442.6902 28.84 20.83                   14315 e-3g  .043o  -353
   124w 1.00 1  0  1156 1996:03:02 2022.126 58.93781 437.4842 29.15 17.79                   14306 e-3g -.003g -1653
   125  1.81 1  0  1158 1996:03:04 2014.210 58.81955 442.8944 29.20 18.03                   14289 e-3g -.005g -1132
   126  4.81 1  0  1163 1996:03:09 1997.906 58.58044 452.1604 29.32 18.46                   14246 e-3g  .010o -1115
   127  11.7 1  0  1174 1996:03:20 1968.549 58.08179 462.5198 29.50 19.03                   14139 e-3w  .024o  -940
   128  11.7 1  0  1186 1996:04:01 1936.126 57.25007 476.0139 29.57 19.73                   14032 e-3g  .024o  -518
   129w 1.00 1  0  1187 1996:04:02 2160.408 63.77966 510.2446 29.52 19.11                   14022 e-3g  .009g  -580
   130  5.00 1  0  1192 1996:04:07 2148.733 62.89029 513.2463 29.27 19.28                   13974 e-3g  .021g  -623
   131  24.0 1  0  1216 1996:05:01 1998.932 58.79991 519.9538 29.42 20.64                   13747 e-3g  .053o  -587
   132w 1.00 1  0  1217 1996:05:02 1751.324 51.66140 415.7016 29.50 19.18                   13738 e-3g  .005o   479
   133  5.00 1  0  1222 1996:05:07 1735.242 51.46416 425.1809 29.66 19.68                   13696 e-3g -.011w   583
   134  25.0 1  0  1247 1996:06:01 1697.575 51.04501 435.3861 30.07 20.41                   13494 e-3g  .057o  -392
   135w 1.00 1  0  1248 1996:06:02 1791.509 53.80218 776.9435 30.03 30.25                   13483 e-3g -.003o  -410
   136  5.00 1  0  1253 1996:06:07 1781.245 53.62637 781.5440 30.11 30.50                   13429 e-3g  .012o  -271
   137  24.0 1  0  1277 1996:07:01 1749.920 53.63871 786.2213 30.65 31.00                   13184 e-3g -.059w  -488
   138w 1.00 1  0  1278 1996:07:02 1585.433 48.35596 737.7613 30.50 31.76                   13175 e-3g -.002w   159
   139  5.00 1  0  1283 1996:07:07 1582.604 47.88071 741.4462 30.25 31.90                   13127 e-3g  .012o   162
   140  25.0 1  0  1308 1996:08:01 1561.977 47.24900 741.6775 30.25 32.20                   12899 e-3g  .058o  -301

                                    I M E X   T I M E   S T E P   S U M M A R Y
 ==================================================================================================================
    Time Step           Time                  Total Production             Total Injection  Total Max. Max. Change
 ---------------- ---------------- -------------------------------------- -----------------  PV   Mat. ------------
                C                    Oil      Gas     Water   GOR.  Wat.    Gas     Water   Avg.  bal. Satur. Pres.
        Size    U                                              M3/   Cut                    Pres. err. DSMAX  DPMAX
  No.   Days IT T Days   yy:mm:dd    M3/D    MM3/D     M3/D     M3    %    MM3/D     M3/D    kPa   %           kPa
 ------ ---- -- - ----- ---------- -------- -------- -------- ----- ----- -------- -------- ----- ---- ------ -----
   141w 1.00 1  0  1309 1996:08:02 1627.023 49.22738 979.7432 30.26 37.58                   12888 e-3g  .003g  -374
   142  5.00 1  0  1314 1996:08:07 1621.256 49.44394 981.2319 30.50 37.70                   12833 e-3g  .010o  -200
   143  25.0 1  0  1339 1996:09:01 1575.880 49.03048 977.6076 31.11 38.29                   12574 e-3g  .035o  -401
   144w 1.00 1  0  1340 1996:09:02 1412.938 43.73200 784.5773 30.95 35.70                   12566 e-3g  .002o   327
   145  5.00 1  0  1345 1996:09:07 1407.966 43.08145 785.6833 30.60 35.82                   12522 e-3g  .007o   150
   146  24.0 1  0  1369 1996:10:01 1396.405 42.52328 784.0818 30.45 35.96                   12320 e-3g  .031o  -288
   147w 1.00 1  0  1370 1996:10:02 1306.476 39.65546 697.1855 30.35 34.80                   12313 e-3g -.002g   154
   148  5.00 1  0  1375 1996:10:07 1303.078 39.41707 698.2718 30.25 34.89                   12274 e-3g  .006o   148
   149  25.0 1  0  1400 1996:11:01 1296.974 39.33616 696.6079 30.33 34.94                   12086 e-3g  .030o  -276
   150w 1.00 1  0  1401 1996:11:02 1392.953 42.32134 762.6226 30.38 35.38                   12078 e-3g  .001g  -343
   151  5.00 1  0  1406 1996:11:07 1393.765 42.69444 759.7191 30.63 35.28                   12038 e-3g  .006o  -217
   152  24.0 1  0  1430 1996:12:01 1374.878 44.02617 758.1670 32.02 35.54                   11845 e-3g  .029o  -330
   153w 1.00 1  0  1431 1996:12:02 1611.603 50.12137 663.8847 31.10 29.18                   11836 e-3g -.002g -1679
   154  1.79 1  0  1433 1996:12:04 1608.117 48.38163 666.4508 30.09 29.30                   11822 .01g -.017o -1061
   155  5.05 1  0  1438 1996:12:09 1542.964 45.31737 666.4976 29.37 30.17                   11781 .01g  .022g  -594
   156  23.2 1  0  1461 1997:01:01 1468.134 43.31860 663.8098 29.51 31.14                   11601 .02g  .047g  -767
   157w 1.00 1  0  1462 1997:01:02 1353.315 39.66554 559.6860 29.31 29.26                   11594 .02g -.002o   203
   158  5.00 1  0  1467 1997:01:07 1344.488 39.04829 561.4915 29.04 29.46                   11560 .03g -.007o   182
   159  25.0 1  0  1492 1997:02:01 1315.302 38.29304 560.7139 29.11 29.89                   11396 .05g  .026o  -321
   160w 1.00 1  0  1493 1997:02:02 1334.381 39.02003 499.6943 29.24 27.25                   11390 .05g -.001o  88.6

                                    I M E X   T I M E   S T E P   S U M M A R Y
 ==================================================================================================================
    Time Step           Time                  Total Production             Total Injection  Total Max. Max. Change
 ---------------- ---------------- -------------------------------------- -----------------  PV   Mat. ------------
                C                    Oil      Gas     Water   GOR.  Wat.    Gas     Water   Avg.  bal. Satur. Pres.
        Size    U                                              M3/   Cut                    Pres. err. DSMAX  DPMAX
  No.   Days IT T Days   yy:mm:dd    M3/D    MM3/D     M3/D     M3    %    MM3/D     M3/D    kPa   %           kPa
 ------ ---- -- - ----- ---------- -------- -------- -------- ----- ----- -------- -------- ----- ---- ------ -----
   161  5.00 1  0  1498 1997:02:07 1329.040 39.31272 499.6584 29.58 27.32                   11360 .05g  .005o  -102
   162  22.0 1  0  1520 1997:03:01 1315.786 41.27743 499.4016 31.37 27.51                   11229 .05g -.021w  -263
   163w 1.00 1  0  1521 1997:03:02 1366.333 42.65450 652.4023 31.22 32.32                   11222 .05g -.001o  -255
   164  5.00 1  0  1526 1997:03:07 1362.822 42.21378 652.1247 30.98 32.36                   11187 .05g  .005o  -167
   165  25.0 1  0  1551 1997:04:01 1352.928 40.82934 651.2420 30.18 32.49                   11016 .07g -.026w  -257
   166w 1.00 1  0  1552 1997:04:02 1319.495 39.55862 633.4627 29.98 32.44                   11009 .07g  .001g -39.3
   167  5.00 1  0  1557 1997:04:07 1316.490 39.35168 633.6196 29.89 32.49                   10976 .07g  .005o  -129
   168  24.0 1  0  1581 1997:05:01 1309.654 39.30129 632.4249 30.01 32.56                   10824 .08g  .025o  -387
   169w 1.00 1  0  1582 1997:05:02 1165.275 33.91110 516.9027 29.10 30.73                   10819 .08g -.002g   166
   170  5.00 1  0  1587 1997:05:07 1160.691 33.06938 518.8925 28.49 30.89                   10792 .08g -.007g   189
   171  25.0 1  0  1612 1997:06:01 1154.651 32.30407 517.9208 27.98 30.97                   10661 .08g  .023o   213
   172w 1.00 1  0  1613 1997:06:02 1197.681 33.60118 521.2556 28.06 30.32                   10656 .08g  .002g  54.4
   173  5.00 1  0  1618 1997:06:07 1196.121 33.83342 520.4282 28.29 30.32                   10630 .08g  .005g  -124
   174  24.0 1  0  1642 1997:07:01 1192.178 34.28262 518.3977 28.76 30.31                   10509 .09g  .021o  -260
   175w 1.00 1  0  1643 1997:07:02 1132.669 32.34330 492.1356 28.55 30.29                   10504 .09g -.001g -50.6
   176  5.00 1  0  1648 1997:07:07 1129.797 31.94637 492.7851 28.28 30.37                   10480 .09g  .004o  68.9
   177  25.0 1  0  1673 1997:08:01 1125.747 31.44501 491.1465 27.93 30.38                   10363 .10g  .021o  -186
   178w 1.00 1  0  1674 1997:08:02 1126.708 31.57449 495.8068 28.02 30.56                   10358 .10g -.002o -56.0
   179  5.00 1  0  1679 1997:08:07 1114.695 31.36370 494.9229 28.14 30.75                   10335 .10g -.004g  -108
   180  25.0 1  0  1704 1997:09:01 1106.852 31.21108 491.4594 28.20 30.75                   10223 .10g  .020o  -179

                                    I M E X   T I M E   S T E P   S U M M A R Y
 ==================================================================================================================
    Time Step           Time                  Total Production             Total Injection  Total Max. Max. Change
 ---------------- ---------------- -------------------------------------- -----------------  PV   Mat. ------------
                C                    Oil      Gas     Water   GOR.  Wat.    Gas     Water   Avg.  bal. Satur. Pres.
        Size    U                                              M3/   Cut                    Pres. err. DSMAX  DPMAX
  No.   Days IT T Days   yy:mm:dd    M3/D    MM3/D     M3/D     M3    %    MM3/D     M3/D    kPa   %           kPa
 ------ ---- -- - ----- ---------- -------- -------- -------- ----- ----- -------- -------- ----- ---- ------ -----
   181w 1.00 1  0  1705 1997:09:02 1078.555 30.13828 446.3024 27.94 29.27                   10219 .10g -.002o -49.1
   182  5.00 1  0  1710 1997:09:07 1076.179 29.97711 447.2650 27.86 29.36                   10199 .10g -.007o  -150
   183  24.0 1  0  1734 1997:10:01 1056.337 29.22519 444.4778 27.67 29.62                   10104 .11g  .018o  -164
   184w 1.00 1  0  1735 1997:10:02 1014.736 27.95918 414.4083 27.55 29.00                   10100 .11g -.002g  38.7
   185  5.00 1  0  1740 1997:10:07 1012.892 27.78697 414.9343 27.43 29.06                   10082 .11g -.004g   105
   186  25.0 1  0  1765 1997:11:01 1012.195 27.70065 412.2726 27.37 28.94                    9992 .12g  .017o  -187
   187w 1.00 1  0  1766 1997:11:02 917.9773 24.97636 390.5125 27.21 29.84                    9989 .12g -.002g  37.5
   188  5.00 1  0  1771 1997:11:07 916.9650 24.73437 390.8770 26.97 29.89                    9972 .12g -.005g   106
   189  24.0 1  0  1795 1997:12:01 918.4206 24.54487 388.0619 26.73 29.70                    9894 .12g -.015w  -149
   190w 1.00 1  0  1796 1997:12:02 852.6547 22.78538 349.5635 26.72 29.08                    9891 .12g -.002g  41.5
   191  5.00 1  0  1801 1997:12:07 851.2656 22.61288 350.3595 26.56 29.16                    9877 .12g -.006g   133
   192  25.0 1  0  1826 1998:01:01 852.3518 22.57899 347.9512 26.49 28.99                    9806 .13g  .014o   221
   193w 1.00 1  0  1827 1998:01:02 922.6201 24.21351 332.6174 26.24 26.50                    9803 .13g  .003g -56.8
   194  5.00 1  0  1832 1998:01:07 923.8986 24.64222 330.7720 26.67 26.36                    9790 .13g  .008g  -168
   195  25.0 1  0  1857 1998:02:01 924.6227 27.18220 328.8189 29.40 26.23                    9725 .13g  .013o  -335
   196w 1.00 1  0  1858 1998:02:02 773.3513 22.15153 285.4528 28.64 26.96                    9722 .13g -.002g  39.6
   197  5.00 1  0  1863 1998:02:07 771.5192 21.26722 286.7597 27.57 27.10                    9711 .13g  .005o   148
   198  22.0 1  0  1885 1998:03:01 771.6647 20.63356 285.5662 26.74 27.01                    9662 .13g  .011o   137
   199w 1.00 1  0  1886 1998:03:02 744.3918 19.71433 269.4615 26.48 26.58                    9660 .13g  .002g -35.5
   200  5.00 1  0  1891 1998:03:07 743.2771 19.64177 269.6868 26.43 26.62                    9650 .13g  .004o   109

                                    I M E X   T I M E   S T E P   S U M M A R Y
 ==================================================================================================================
    Time Step           Time                  Total Production             Total Injection  Total Max. Max. Change
 ---------------- ---------------- -------------------------------------- -----------------  PV   Mat. ------------
                C                    Oil      Gas     Water   GOR.  Wat.    Gas     Water   Avg.  bal. Satur. Pres.
        Size    U                                              M3/   Cut                    Pres. err. DSMAX  DPMAX
  No.   Days IT T Days   yy:mm:dd    M3/D    MM3/D     M3/D     M3    %    MM3/D     M3/D    kPa   %           kPa
 ------ ---- -- - ----- ---------- -------- -------- -------- ----- ----- -------- -------- ----- ---- ------ -----
   201  25.0 1  0  1916 1998:04:01 743.1429 19.57305 268.1651 26.34 26.52                    9599 .14g  .012o   204
   202w 1.00 1  0  1917 1998:04:02 781.0566 20.47344 289.0125 26.21 27.01                    9596 .14g -.002o -39.7
   203  5.00 1  0  1922 1998:04:07 772.9017 20.46002 288.8349 26.47 27.20                    9586 .14g  .005g  -100
   204  24.0 1  0  1946 1998:05:01 765.0983 20.97930 286.9760 27.42 27.28                    9537 .14g  .011o  -161
   205w 1.00 1  0  1947 1998:05:02 716.2817 19.67679 272.2490 27.47 27.54                    9534 .14g -.002g  46.1
   206  5.00 1  0  1952 1998:05:07 713.1052 19.45813 273.3822 27.29 27.71                    9525 .14g -.006g   141
   207  25.0 1  0  1977 1998:06:01 713.3322 18.98750 271.8079 26.62 27.59                    9478 .14g  .011o   256
   208w 1.00 1  0  1978 1998:06:02 782.0457 20.64703 264.3870 26.40 25.27                    9476 .14g  .002g -46.1
   209  5.00 1  0  1983 1998:06:07 783.2756 20.94848 262.6118 26.74 25.11                    9468 .14g  .007g  -144
   210  24.0 1  0  2007 1998:07:01 783.9619 22.48898 260.9184 28.69 24.97                    9427 .14g  .011g  -289
   211w 1.00 1  0  2008 1998:07:02 696.0042 19.50887 240.4591 28.03 25.68                    9425 .14g -.002g -48.7
   212  5.00 1  0  2013 1998:07:07 695.6884 18.77859 240.3524 26.99 25.68                    9418 .14g -.005g   109
   213  25.0 1  0  2038 1998:08:01 695.4060 18.45815 239.6131 26.54 25.63                    9380 .15g  .010o   138
   214w 1.00 1  0  2039 1998:08:02 738.6756 19.58701 267.4537 26.52 26.58                    9378 .15g  9e-4g -33.3
   215  5.00 1  0  2044 1998:08:07 739.0280 19.79598 266.7116 26.79 26.52                    9370 .15g  .003g -64.5
   216  25.0 1  0  2069 1998:09:01 739.3060 20.66086 265.4952 27.95 26.42                    9330 .15g -.009w  -168
   217w 1.00 1  0  2070 1998:09:02 705.9884 19.85841 242.4964 28.13 25.57                    9328 .15g  7e-4o -28.4
   218  5.00 1  0  2075 1998:09:07 702.7163 19.83099 242.6862 28.22 25.67                    9321 .15g  .002o -68.4
   219  24.0 1  0  2099 1998:10:01 700.7406 19.25851 241.6383 27.48 25.64                    9288 .15g  .009o -92.5
   220w 1.00 1  0  2100 1998:10:02 671.0568 18.45429 220.6418 27.50 24.74                    9286 .15g -8e-4g  31.1

                                    I M E X   T I M E   S T E P   S U M M A R Y
 ==================================================================================================================
    Time Step           Time                  Total Production             Total Injection  Total Max. Max. Change
 ---------------- ---------------- -------------------------------------- -----------------  PV   Mat. ------------
                C                    Oil      Gas     Water   GOR.  Wat.    Gas     Water   Avg.  bal. Satur. Pres.
        Size    U                                              M3/   Cut                    Pres. err. DSMAX  DPMAX
  No.   Days IT T Days   yy:mm:dd    M3/D    MM3/D     M3/D     M3    %    MM3/D     M3/D    kPa   %           kPa
 ------ ---- -- - ----- ---------- -------- -------- -------- ----- ----- -------- -------- ----- ---- ------ -----
   221  5.00 1  0  2105 1998:10:07 669.6129 18.33624 221.2114 27.38 24.83                    9280 .15g  .002o  46.7
   222  25.0 1  0  2130 1998:11:01 668.5017 18.10524 220.2099 27.08 24.78                    9249 .16g  .009o -81.8
   223w 1.00 1  0  2131 1998:11:02 642.3976 17.42315 237.2008 27.12 26.97                    9248 .16g  .002g -66.6
   224  5.00 1  0  2136 1998:11:07 643.4104 17.41657 235.4509 27.07 26.79                    9242 .16g -.004g  84.8
   225  24.0 1  0  2160 1998:12:01 642.6145 17.29831 234.3093 26.92 26.72                    9213 .16g  .008o   117
   226w 1.00 1  0  2161 1998:12:02 619.3088 16.62804 197.0697 26.85 24.14                    9212 .16g  .001g  34.8
   227  5.00 1  0  2166 1998:12:07 618.0808 16.63533 197.5255 26.91 24.22                    9207 .16g  .003g -71.9
   228  25.0 1  0  2191 1999:01:01 616.8355 16.61902 196.8264 26.94 24.19                    9183 .16g  .008o  -113
   229w 1.00 1  0  2192 1999:01:02 569.5867 15.29152 192.1781 26.85 25.23                    9182 .16g -.001g  34.7
   230  5.00 1  0  2197 1999:01:07 568.9588 15.12541 192.4967 26.58 25.28                    9177 .16g -.004g  96.8
   231  25.0 1  0  2222 1999:02:01 568.6656 15.09182 191.9967 26.54 25.24                    9154 .16g  .007o   133
   232w 1.00 1  0  2223 1999:02:02 653.4952 17.36492 238.5382 26.57 26.74                    9153 .16g  .001g -49.2
   233  5.00 1  0  2228 1999:02:07 651.5114 17.68698 237.1355 27.15 26.69                    9147 .16g  .003g -65.9
   234  22.0 1  0  2250 1999:03:01 648.7611 17.92250 236.0909 27.63 26.68                    9122 .17g  .006o  -106
   235w 1.00 1  0  2251 1999:03:02 547.4347 15.30897 206.1690 27.96 27.36                    9121 .17g -.002g  46.5
   236  5.00 1  0  2256 1999:03:07 545.1160 15.24812 207.1628 27.97 27.54                    9116 .17g  .005o   109
   237  25.0 1  0  2281 1999:04:01 543.7634 14.97121 206.6327 27.53 27.54                    9093 .17g  .007o   158
   238w 1.00 1  0  2282 1999:04:02 609.3975 16.57322 181.9523 27.20 22.99                    9093 .17g -.002o -44.3
   239  5.00 1  0  2287 1999:04:07 609.2253 16.61110 181.4887 27.27 22.95                    9089 .17g -.006o  -121
   240  24.0 1  0  2311 1999:05:01 608.1897 16.66151 181.0059 27.40 22.94                    9071 .17g -.008o  -186

                                    I M E X   T I M E   S T E P   S U M M A R Y
 ==================================================================================================================
    Time Step           Time                  Total Production             Total Injection  Total Max. Max. Change
 ---------------- ---------------- -------------------------------------- -----------------  PV   Mat. ------------
                C                    Oil      Gas     Water   GOR.  Wat.    Gas     Water   Avg.  bal. Satur. Pres.
        Size    U                                              M3/   Cut                    Pres. err. DSMAX  DPMAX
  No.   Days IT T Days   yy:mm:dd    M3/D    MM3/D     M3/D     M3    %    MM3/D     M3/D    kPa   %           kPa
 ------ ---- -- - ----- ---------- -------- -------- -------- ----- ----- -------- -------- ----- ---- ------ -----
   241w 1.00 1  0  2312 1999:05:02 520.2701 14.14314 175.8420 27.18 25.26                    9070 .17g  .001o  27.3
   242  5.00 1  0  2317 1999:05:07 519.5240 13.86687 176.3264 26.69 25.34                    9067 .17g  .004o  79.3
   243  25.0 1  0  2342 1999:06:01 519.1188 13.72226 176.0769 26.43 25.33                    9049 .17g  .006o   129
   244w 1.00 1  0  2343 1999:06:02 569.5014 15.00661 174.7559 26.35 23.48                    9048 .17g  .001g -22.6
   245  5.00 1  0  2348 1999:06:07 564.6571 15.14329 173.7010 26.82 23.53                    9044 .17g  .003g -60.7
   246  24.0 1  0  2372 1999:07:01 558.8403 15.68684 172.9011 28.07 23.63                    9028 .17g  .006o  -130
   247w 1.00 1  0  2373 1999:07:02 548.6706 15.55452 161.8253 28.35 22.78                    9027 .17g  8e-4g -29.0
   248  5.00 1  0  2378 1999:07:07 546.4439 15.62930 161.7856 28.60 22.84                    9024 .17g  .002o -55.1
   249  25.0 1  0  2403 1999:08:01 544.2405 15.19877 161.7762 27.93 22.91                    9008 .17g  .006o -93.3
   250w 1.00 1  0  2404 1999:08:02 515.9902 14.04292 152.2350 27.22 22.78                    9007 .17g -.002g  40.1
   251  5.00 1  0  2409 1999:08:07 515.0323 13.68728 152.9581 26.58 22.90                    9004 .17g -.004g   106
   252  25.0 1  0  2434 1999:09:01 514.3281 13.58233 153.0902 26.41 22.94                    8990 .18g -.006g   202
   253w 1.00 1  0  2435 1999:09:02 522.6105 13.73127 170.4883 26.27 24.60                    8989 .18g  .001g -19.8
   254  5.00 1  0  2440 1999:09:07 523.2526 13.90432 169.6236 26.57 24.48                    8985 .18g  .004g -63.6
   255  24.0 1  0  2464 1999:10:01 523.1458 15.22148 169.1950 29.10 24.44                    8970 .17g  .007g  -171
   256w 1.00 1  0  2465 1999:10:02 545.3760 16.00376 183.8197 29.34 25.21                    8969 .17g  .002g -39.5
   257  5.00 1  0  2470 1999:10:07 542.6534 16.09660 183.0128 29.66 25.22                    8965 .17g  .004g -92.9
   258  25.0 1  0  2495 1999:11:01 540.3166 15.44620 182.8801 28.59 25.29                    8948 .18g  .006o  -127
   259w 1.00 1  0  2496 1999:11:02 443.1851 12.57659 156.0628 28.38 26.04                    8947 .18g  .002o  46.4
   260  5.00 1  0  2501 1999:11:07 442.0030 12.09693 157.0352 27.37 26.21                    8945 .18g  .006o   141

                                    I M E X   T I M E   S T E P   S U M M A R Y
 ==================================================================================================================
    Time Step           Time                  Total Production             Total Injection  Total Max. Max. Change
 ---------------- ---------------- -------------------------------------- -----------------  PV   Mat. ------------
                C                    Oil      Gas     Water   GOR.  Wat.    Gas     Water   Avg.  bal. Satur. Pres.
        Size    U                                              M3/   Cut                    Pres. err. DSMAX  DPMAX
  No.   Days IT T Days   yy:mm:dd    M3/D    MM3/D     M3/D     M3    %    MM3/D     M3/D    kPa   %           kPa
 ------ ---- -- - ----- ---------- -------- -------- -------- ----- ----- -------- -------- ----- ---- ------ -----
   261  24.0 1  0  2525 1999:12:01 441.5979 11.83030 156.9356 26.79 26.22                    8932 .18g -.008g   213
   262w 1.00 1  0  2526 1999:12:02 470.3469 12.50328 155.9781 26.58 24.90                    8932 .18g -.001o -24.2
   263  5.00 1  0  2531 1999:12:07 470.0767 12.41041 156.0459 26.40 24.92                    8929 .18g -.003o  73.1
   264  25.0 1  0  2556 2000:01:01 469.7110 12.37567 155.9040 26.35 24.92                    8916 .18g  .006o   147
   265w 1.00 1  0  2557 2000:01:02 541.5156 14.17429 157.1793 26.18 22.50                    8916 .18g  .002g -38.4
   266  5.00 1  0  2562 2000:01:07 543.0328 14.93254 155.4659 27.50 22.26                    8913 .18g  .007g  -135
   267  25.0 1  0  2587 2000:02:01 526.0746 15.23684 153.5631 28.96 22.59                    8900 .18g  .008g  -202
   268w 1.00 1  0  2588 2000:02:02 394.1666 10.91645 153.3516 27.70 28.01                    8900 .18g -.004g  72.1
   269  5.00 1  0  2593 2000:02:07 392.7282 10.53647 154.6001 26.83 28.25                    8897 .18g -.012g   241
   270  23.0 1  0  2616 2000:03:01 391.3764 10.34176 155.5037 26.42 28.43                    8885 .18g -.018g   447
   271w 1.00 1  0  2617 2000:03:02 463.1017 11.70405 141.7164 25.27 23.43                    8885 .18g  .004g -74.1
   272  5.00 1  0  2622 2000:03:07 465.7339 11.90993 138.8992 25.57 22.97                    8883 .18g  .012g  -202
   273  25.0 1  0  2647 2000:04:01 466.9996 14.52538 137.1668 31.10 22.70                    8872 .17g  .019g  -381
   274w 1.00 1  0  2648 2000:04:02 441.2152 12.98348 155.5852 29.43 26.07                    8872 .17g -.001g -26.6
   275  5.00 1  0  2653 2000:04:07 440.4480 12.26818 156.1702 27.85 26.18                    8869 .17g -.004g  92.7
   276  24.0 1  0  2677 2000:05:01 439.7477 11.84828 156.4266 26.94 26.24                    8857 .18g -.006g   161
   277w 1.00 1  0  2678 2000:05:02 461.1799 12.46322 119.5537 27.02 20.59                    8856 .18g  .002g  57.1
   278  5.00 1  0  2683 2000:05:07 452.2735 13.35735 117.2904 29.53 20.59                    8855 .18g  .005g  -139
   279  25.0 1  0  2708 2000:06:01 444.8725 13.15386 116.5658 29.57 20.76                    8846 .18g  .006g  -246
   280w 1.00 1  0  2709 2000:06:02 459.3232 13.59705 150.2085 29.60 24.64                    8846 .18g  2e-4g -43.9

                                    I M E X   T I M E   S T E P   S U M M A R Y
 ==================================================================================================================
    Time Step           Time                  Total Production             Total Injection  Total Max. Max. Change
 ---------------- ---------------- -------------------------------------- -----------------  PV   Mat. ------------
                C                    Oil      Gas     Water   GOR.  Wat.    Gas     Water   Avg.  bal. Satur. Pres.
        Size    U                                              M3/   Cut                    Pres. err. DSMAX  DPMAX
  No.   Days IT T Days   yy:mm:dd    M3/D    MM3/D     M3/D     M3    %    MM3/D     M3/D    kPa   %           kPa
 ------ ---- -- - ----- ---------- -------- -------- -------- ----- ----- -------- -------- ----- ---- ------ -----
   281  5.00 1  0  2714 2000:06:07 457.7138 13.53374 149.9972 29.57 24.68                    8843 .18g  .001o -51.3
   282  24.0 1  0  2738 2000:07:01 455.8616 13.02672 150.1145 28.58 24.77                    8831 .18g  .005o -84.1
   283w 1.00 1  0  2739 2000:07:02 437.0552 12.51373 141.6296 28.63 24.47                    8831 .18g -.001g  32.5
   284  5.00 1  0  2744 2000:07:07 436.6681 12.47916 141.5247 28.58 24.48                    8828 .18g -.003g  79.2
   285  25.0 1  0  2769 2000:08:01 435.4889 12.39588 141.4188 28.46 24.51                    8818 .18g  .005o   104
   286w 1.00 1  0  2770 2000:08:02 456.5862 12.67066 149.2785 27.75 24.64                    8817 .18g  .002g -41.6
   287  5.00 1  0  2775 2000:08:07 456.3751 12.36932 149.3268 27.10 24.65                    8815 .18g  .004g -93.2
   288  25.0 1  0  2800 2000:09:01 455.9751 12.27943 149.3033 26.93 24.67                    8803 .18g  .005o   132
   289w 1.00 1  0  2801 2000:09:02 430.7653 11.63361 151.5507 27.01 26.03                    8802 .18g  .001o  36.0
   290  5.00 1  0  2806 2000:09:07 429.9317 11.62000 152.2227 27.03 26.15                    8800 .18g  .003o  75.0
   291  24.0 1  0  2830 2000:10:01 429.5674 11.76260 152.1837 27.38 26.16                    8788 .18g  .005o   112
   292w 1.00 1  0  2831 2000:10:02 413.8971 11.42411 116.7502 27.60 22.00                    8788 .18g -7e-4g  54.6
   293  5.00 1  0  2836 2000:10:07 414.1135 11.78424 116.3756 28.46 21.94                    8787 .18g  .002g -76.9
   294  25.0 1  0  2861 2000:11:01 413.7753 12.01817 116.3073 29.05 21.94                    8779 .18g  .005o  -144
   295w 1.00 1  0  2862 2000:11:02 403.5243 11.15322 119.9343 27.64 22.91                    8778 .18g -.002g  47.6
   296  5.00 1  0  2867 2000:11:07 402.7810 10.77733 120.5234 26.76 23.03                    8777 .18g -.007g   183
   297  24.0 1  0  2891 2000:12:01 401.7679 10.64217 121.1498 26.49 23.17                    8768 .18g -.011g   320
   298w 1.00 1  0  2892 2000:12:02 456.3547 11.80542 147.4425 25.87 24.42                    8768 .18g  .003g -50.0
   299  5.00 1  0  2897 2000:12:07 457.9628 12.14359 145.6848 26.52 24.13                    8765 .18g  .009g  -152
   300  25.0 1  0  2922 2001:01:01 458.2513 15.84277 145.0033 34.57 24.04                    8753 .17g  .016g  -371

                                    I M E X   T I M E   S T E P   S U M M A R Y
 ==================================================================================================================
    Time Step           Time                  Total Production             Total Injection  Total Max. Max. Change
 ---------------- ---------------- -------------------------------------- -----------------  PV   Mat. ------------
                C                    Oil      Gas     Water   GOR.  Wat.    Gas     Water   Avg.  bal. Satur. Pres.
        Size    U                                              M3/   Cut                    Pres. err. DSMAX  DPMAX
  No.   Days IT T Days   yy:mm:dd    M3/D    MM3/D     M3/D     M3    %    MM3/D     M3/D    kPa   %           kPa
 ------ ---- -- - ----- ---------- -------- -------- -------- ----- ----- -------- -------- ----- ---- ------ -----
   301w 1.00 1  0  2923 2001:01:02 426.3976 14.28056 130.3799 33.49 23.42                    8753 .17g -5e-4g -28.3
   302  5.00 1  0  2928 2001:01:07 425.3947 13.60153 131.2350 31.97 23.58                    8751 .17g -.003g -63.5
   303  25.0 1  0  2953 2001:02:01 424.8662 12.25887 131.3721 28.85 23.62                    8742 .17g -.006g -56.7
   304w 1.00 1  0  2954 2001:02:02 470.7346 13.62879 144.0186 28.95 23.43                    8741 .17g -.002o -34.8
   305  5.00 1  0  2959 2001:02:07 468.8497 13.83845 143.3454 29.52 23.41                    8739 .17g -.004o  -101
   306  22.0 1  0  2981 2001:03:01 466.5934 13.69626 143.3106 29.35 23.50                    8729 .17g -.006o  -155
   307w 1.00 1  0  2982 2001:03:02 403.8795 11.99929 109.3703 29.71 21.31                    8729 .17g -.002g  51.9
   308  5.00 1  0  2987 2001:03:07 402.5045 11.89803 110.3275 29.56 21.51                    8727 .17g  .003o  69.5
   309  25.0 1  0  3012 2001:04:01 401.7355 11.74506 110.3353 29.24 21.55                    8719 .17g  .005o  90.3
   310w 1.00 1  0  3013 2001:04:02 392.4429 11.51281 140.1623 29.34 26.32                    8719 .17g  .001g -48.1
   311  5.00 1  0  3018 2001:04:07 392.9568 11.51116 139.3191 29.29 26.17                    8717 .17g  .003o  73.4
   312  24.0 1  0  3042 2001:05:01 392.0025 11.44368 139.3538 29.19 26.23                    8707 .17g  .005o   113
   313w 1.00 1  0  3043 2001:05:02 388.6829 11.25120 113.1294 28.95 22.54                    8707 .17g -8e-4o  24.2
   314  5.00 1  0  3048 2001:05:07 387.8912 11.09493 113.7827 28.60 22.68                    8705 .17g -.002o -50.5
   315  25.0 1  0  3073 2001:06:01 387.4347 11.09474 113.8746 28.64 22.72                    8697 .18g  .005o -65.7
   316w 1.00 1  0  3074 2001:06:02 392.2879 11.33364 123.8581 28.89 24.00                    8697 .18g  .001g -32.8
   317  5.00 1  0  3079 2001:06:07 391.9045 11.47954 122.8442 29.29 23.86                    8695 .18g -.002o -50.4
   318  24.0 1  0  3103 2001:07:01 390.1097 11.41794 123.1907 29.27 24.00                    8687 .18g  .004o -76.4
   319w 1.00 1  0  3104 2001:07:02 429.6325 12.41587 139.6188 28.90 24.53                    8686 .18g  .002g -46.3
   320  5.00 1  0  3109 2001:07:07 428.8969 12.41799 139.9590 28.95 24.60                    8684 .18g  .004g  -107

                                    I M E X   T I M E   S T E P   S U M M A R Y
 ==================================================================================================================
    Time Step           Time                  Total Production             Total Injection  Total Max. Max. Change
 ---------------- ---------------- -------------------------------------- -----------------  PV   Mat. ------------
                C                    Oil      Gas     Water   GOR.  Wat.    Gas     Water   Avg.  bal. Satur. Pres.
        Size    U                                              M3/   Cut                    Pres. err. DSMAX  DPMAX
  No.   Days IT T Days   yy:mm:dd    M3/D    MM3/D     M3/D     M3    %    MM3/D     M3/D    kPa   %           kPa
 ------ ---- -- - ----- ---------- -------- -------- -------- ----- ----- -------- -------- ----- ---- ------ -----
   321  25.0 1  0  3134 2001:08:01 428.0048 12.41845 140.0874 29.01 24.66                    8673 .18g -.006o  -138
   322w 1.00 1  0  3135 2001:08:02 340.4905  9.62690 105.7125 28.27 23.69                    8673 .18g -.002g  35.5
   323  5.00 1  0  3140 2001:08:07 338.9600 9.126394 107.2430 26.92 24.03                    8672 .18g -.006g   150
   324  25.0 1  0  3165 2001:09:01 338.9546 8.878793 107.2484 26.19 24.04                    8665 .18g -.009g   295
   325w 30.0 1  0  3195 2001:10:01 267.6501 6.425917 96.10988 24.01 26.42                    8659 .18g -.019g   457
   326w 31.0 1  0  3226 2001:11:01 279.7231 8.822946 98.36325 31.54 26.02                    8650 .17g -.023g   486
   327w 1.00 1  0  3227 2001:11:02 384.4988 11.29135 131.8861 29.37 25.54                    8650 .17g  .004g  -104
   328  5.00 1  0  3232 2001:11:07 387.1415 11.28697 126.2863 29.15 24.60                    8648 .17g  .011g  -222
   329  24.0 1  0  3256 2001:12:01 389.0232 10.68251 123.5400 27.46 24.10                    8639 .17g -.021o  -313
   330w 1.00 1  0  3257 2001:12:02 427.9324 11.54951 136.1496 26.99 24.14                    8639 .17g  .003g -48.9
   331  5.00 1  0  3262 2001:12:07 430.2988 11.77292 133.9105 27.36 23.73                    8637 .17g  .009g  -171
   332  25.0 1  0  3287 2002:01:01 430.2022 15.30450 134.2033 35.58 23.78                    8628 .17g  .019g  -525
   333w 1.00 1  0  3288 2002:01:02 409.0507 13.75125 112.8478 33.62 21.62                    8627 .17g -8e-4g -27.7
   334  5.00 1  0  3293 2002:01:07 407.3642 12.95301 114.5756 31.80 21.95                    8626 .17g -.004g -71.8
   335  25.0 1  0  3318 2002:02:01 406.9743 11.84601 114.6126 29.11 21.97                    8618 .17g -.006g  -122
   336w 1.00 1  0  3319 2002:02:02 347.4506  9.92617 117.7993 28.57 25.32                    8617 .17g -.002g  39.7
   337  5.00 1  0  3324 2002:02:07 346.1508  9.55094 118.9483 27.59 25.57                    8616 .17g -.006g   132
   338  22.0 1  0  3346 2002:03:01 345.5933 9.332146 119.0883 27.00 25.63                    8608 .17g -.009g   262
   339w 1.00 1  0  3347 2002:03:02 404.8556 10.73925 113.4726 26.53 21.89                    8608 .17g  .002g -35.3
   340  5.00 1  0  3352 2002:03:07 407.1809 10.99427 110.9841 27.00 21.42                    8607 .17g  .006g  -100

                                    I M E X   T I M E   S T E P   S U M M A R Y
 ==================================================================================================================
    Time Step           Time                  Total Production             Total Injection  Total Max. Max. Change
 ---------------- ---------------- -------------------------------------- -----------------  PV   Mat. ------------
                C                    Oil      Gas     Water   GOR.  Wat.    Gas     Water   Avg.  bal. Satur. Pres.
        Size    U                                              M3/   Cut                    Pres. err. DSMAX  DPMAX
  No.   Days IT T Days   yy:mm:dd    M3/D    MM3/D     M3/D     M3    %    MM3/D     M3/D    kPa   %           kPa
 ------ ---- -- - ----- ---------- -------- -------- -------- ----- ----- -------- -------- ----- ---- ------ -----
   341  25.0 1  0  3377 2002:04:01 407.2285 12.85486 110.4983 31.57 21.34                    8599 .16g  .012g  -243
   342w 1.00 1  0  3378 2002:04:02 398.4099 12.93056 137.6889 32.46 25.68                    8599 .16g  9e-4g -46.9
   343  5.00 1  0  3383 2002:04:07 394.1902 13.08300 136.5713 33.19 25.73                    8597 .16g  .002o  -133
   344  24.0 1  0  3407 2002:05:01 390.1503 12.17053 136.9696 31.19 25.98                    8588 .16g -.005w  -191
   345w 1.00 1  0  3408 2002:05:02 333.6974 10.04733 113.1973 30.11 25.33                    8587 .16g -.002g  33.6
   346  5.00 1  0  3413 2002:05:07 331.9568 9.429953 114.7993 28.41 25.70                    8586 .16g -.004g   159
   347  25.0 1  0  3438 2002:06:01 331.5186 9.096060 114.8554 27.44 25.73                    8578 .16g -.007g   247
   348w 1.00 1  0  3439 2002:06:02 363.4660  9.93880 115.0644 27.34 24.05                    8578 .16g  .002g -27.5
   349  5.00 1  0  3444 2002:06:07 365.2200 10.50420 113.1771 28.76 23.66                    8577 .16g  .006g -84.7
   350  24.0 1  0  3468 2002:07:01 364.9197 12.24597 113.1273 33.56 23.66                    8570 .16g  .011g  -303
   351w 1.00 1  0  3469 2002:07:02 386.7683 12.12362 117.6270 31.35 23.32                    8569 .16g -.002o -36.1
   352  5.00 1  0  3474 2002:07:07 385.5069 11.45338 118.7588 29.71 23.55                    8568 .16g -.005o  -104
   353  25.0 1  0  3499 2002:08:01 385.0330 11.03447 118.8821 28.66 23.59                    8559 .16g -.007o  -161
   354w 1.00 1  0  3500 2002:08:02 407.4028 11.76448 106.2995 28.88 20.69                    8559 .16g  .001g -32.4
   355  5.00 1  0  3505 2002:08:07 407.9211 12.57285 105.6522 30.82 20.57                    8558 .16g  .003g -78.9
   356  25.0 1  0  3530 2002:09:01 406.6617 12.90693 106.5730 31.74 20.76                    8550 .16g -.005w  -214
   357w 1.00 1  0  3531 2002:09:02 343.6689 10.51524 109.4868 30.60 24.16                    8550 .16g -.002g  30.5
   358  5.00 1  0  3536 2002:09:07 342.5176  9.88371 110.5117 28.86 24.39                    8548 .16g -.004g   150
   359  24.0 1  0  3560 2002:10:01 342.0542  9.55587 110.6641 27.94 24.44                    8541 .16g -.007g   242
   360w 1.00 1  0  3561 2002:10:02 310.8400 8.565434 119.8880 27.56 27.83                    8541 .16g  .001g -42.3

                                    I M E X   T I M E   S T E P   S U M M A R Y
 ==================================================================================================================
    Time Step           Time                  Total Production             Total Injection  Total Max. Max. Change
 ---------------- ---------------- -------------------------------------- -----------------  PV   Mat. ------------
                C                    Oil      Gas     Water   GOR.  Wat.    Gas     Water   Avg.  bal. Satur. Pres.
        Size    U                                              M3/   Cut                    Pres. err. DSMAX  DPMAX
  No.   Days IT T Days   yy:mm:dd    M3/D    MM3/D     M3/D     M3    %    MM3/D     M3/D    kPa   %           kPa
 ------ ---- -- - ----- ---------- -------- -------- -------- ----- ----- -------- -------- ----- ---- ------ -----
   361  5.00 1  0  3566 2002:10:07 311.0843 8.248871 119.6437 26.52 27.78                    8539 .16g  .004o  77.7
   362  25.0 1  0  3591 2002:11:01 310.9863 8.061534 119.7417 25.92 27.80                    8532 .16g -.006g   178
   363w 30.0 1  0  3621 2002:12:01 322.0701 8.848525 105.1158 27.47 24.61                    8524 .16g -.009o  -214
   364w 1.00 1  0  3622 2002:12:02 329.7619 9.028561 97.84354 27.38 22.88                    8524 .16g  .001o  23.1
   365  5.00 1  0  3627 2002:12:07 329.1607 9.083942 97.91467 27.60 22.93                    8523 .16g  .003o  67.1
   366  25.0 1  0  3652 2003:01:01 328.3481 9.141044 98.01687 27.84 22.99                    8516 .16g  .005o  98.1
   367w 1.00 1  0  3653 2003:01:02 249.8215 6.793697 79.68751 27.19 24.18                    8516 .16g -.003g  50.6
   368  5.00 1  0  3658 2003:01:07 248.6304 6.238971 80.87856 25.09 24.55                    8515 .16g -.007g   151
   369  25.0 1  0  3683 2003:02:01 247.7519 6.027085 81.75710 24.33 24.81                    8511 .16g -.012g   283
   370w 28.0 1  0  3711 2003:03:01 274.7286 7.702311 97.74545 28.04 26.24                    8504 .16g  .010g  -142
   371w 31.0 1  0  3742 2003:04:01 304.1880 7.639246 102.4279 25.11 25.19                    8495 .16g  .012g   223
   372w 30.0 2  0  3772 2003:05:01 371.5387 12.22662 113.2703 32.91 23.36                    8487 .16g  .021g  -565
   373w 1.00 1  0  3773 2003:05:02 291.3915 9.252288 93.16847 31.75 24.23                    8486 .16g -9e-4g  20.2
   374  5.00 1  0  3778 2003:05:07 290.4676 8.428494 94.09240 29.02 24.47                    8485 .16g  .003o  65.8
   375  25.0 1  0  3803 2003:06:01 290.4008 7.785338 94.15921 26.81 24.48                    8480 .16g -.004w   154
   376w 30.0 1  0  3833 2003:07:01 374.5712 11.83013 115.8482 31.58 23.62                    8470 .16g -.007o  -183
   377w 1.00 1  0  3834 2003:07:02 249.9983 7.165558 85.73675 28.66 25.54                    8470 .16g -.003g  57.3
   378  5.00 1  0  3839 2003:07:07 247.7694 6.307479 87.96557 25.46 26.20                    8469 .16g -.009g   197
   379  25.0 1  0  3864 2003:08:01 247.1409 6.029974 88.59405 24.40 26.39                    8464 .16g -.014g   333
   380w 31.0 1  0  3895 2003:09:01 240.3391 5.793812 92.92290 24.11 27.88                    8457 .16g  .008o   199

                                    I M E X   T I M E   S T E P   S U M M A R Y
 ==================================================================================================================
    Time Step           Time                  Total Production             Total Injection  Total Max. Max. Change
 ---------------- ---------------- -------------------------------------- -----------------  PV   Mat. ------------
                C                    Oil      Gas     Water   GOR.  Wat.    Gas     Water   Avg.  bal. Satur. Pres.
        Size    U                                              M3/   Cut                    Pres. err. DSMAX  DPMAX
  No.   Days IT T Days   yy:mm:dd    M3/D    MM3/D     M3/D     M3    %    MM3/D     M3/D    kPa   %           kPa
 ------ ---- -- - ----- ---------- -------- -------- -------- ----- ----- -------- -------- ----- ---- ------ -----
   381w 30.0 1  0  3925 2003:10:01 369.2301 12.36913 120.9593 33.50 24.68                    8448 .15g  .028g  -496
   382w 1.00 1  0  3926 2003:10:02 333.9985 11.37802 123.9415 34.07 27.07                    8447 .15g  .001g -40.3
   383  5.00 1  0  3931 2003:10:07 329.9881 11.46742 124.1676 34.75 27.34                    8446 .15g  .002o  -135
   384  25.0 1  0  3956 2003:11:01 326.7349 10.35178 124.8431 31.68 27.65                    8438 .15g -.005w  -178
   385w 1.00 1  0  3957 2003:11:02 295.3507 8.629680 103.1773 29.22 25.89                    8438 .15g -.002g  36.8
   386  5.00 1  0  3962 2003:11:07 293.7690 7.832368 104.7590 26.66 26.29                    8437 .15g  .005o   167
   387  24.0 1  0  3986 2003:12:01 293.4273 7.466392 105.1007 25.45 26.37                    8431 .15g -.011g   285
   388w 31.0 1  0  4017 2004:01:01 312.4156 9.450504 115.7783 30.25 27.04                    8422 .15g  .017g  -287
   389w 1.00 1  0  4018 2004:01:02 334.9006 10.29333 95.89238 30.74 22.26                    8422 .15g  .002g -36.6
   390  5.00 1  0  4023 2004:01:07 332.4543 10.82542 94.79714 32.56 22.19                    8421 .15g  .005g  -116
   391  25.0 1  0  4048 2004:02:01 329.9713 11.49714 94.58109 34.84 22.28                    8416 .15g  .010g  -293
   392w 1.00 1  0  4049 2004:02:02 282.7011 8.885187 91.76189 31.43 24.50                    8415 .15g -.003g  61.4
   393  5.00 1  0  4054 2004:02:07 280.9984 8.093791 93.46457 28.80 24.96                    8414 .15g -.009g   193
   394  23.0 1  0  4077 2004:03:01 280.1498 7.710835 94.31318 27.52 25.19                    8408 .15g -.014g   345
   395w 31.0 1  0  4108 2004:04:01 256.6088 7.639287 104.2833 29.77 28.90                    8400 .15g -.015g   329
   396w 1.00 1  0  4109 2004:04:02 319.8033 9.133469 109.7521 28.56 25.55                    8400 .15g  .003g -77.2
   397  5.00 1  0  4114 2004:04:07 322.1758 9.273628 106.6550 28.78 24.87                    8399 .15g  .008g  -163
   398  24.0 1  0  4138 2004:05:01 323.6535 9.475434 104.1940 29.28 24.35                    8393 .15g  .013g  -212
   399w 1.00 1  0  4139 2004:05:02 341.0412  9.73387 130.0818 28.54 27.61                    8393 .15g -.001o -24.9
   400  5.00 1  0  4144 2004:05:07 341.6633  9.57560 129.4597 28.03 27.48                    8391 .15g -.003o -74.2

                                    I M E X   T I M E   S T E P   S U M M A R Y
 ==================================================================================================================
    Time Step           Time                  Total Production             Total Injection  Total Max. Max. Change
 ---------------- ---------------- -------------------------------------- -----------------  PV   Mat. ------------
                C                    Oil      Gas     Water   GOR.  Wat.    Gas     Water   Avg.  bal. Satur. Pres.
        Size    U                                              M3/   Cut                    Pres. err. DSMAX  DPMAX
  No.   Days IT T Days   yy:mm:dd    M3/D    MM3/D     M3/D     M3    %    MM3/D     M3/D    kPa   %           kPa
 ------ ---- -- - ----- ---------- -------- -------- -------- ----- ----- -------- -------- ----- ---- ------ -----
   401  25.0 1  0  4169 2004:06:01 341.4202  9.88636 129.7028 28.96 27.53                    8383 .15g  .006g  -159
   402w 30.0 1  0  4199 2004:07:01 331.2797 10.92839 107.9073 32.99 24.57                    8375 .14g  .009g  -231
   403w 31.0 1  0  4230 2004:08:01 338.4399 10.92566 116.1854 32.28 25.56                    8367 .14g -.005w  -149
   404w 1.00 1  0  4231 2004:08:02 334.3232 11.06247 112.1664 33.09 25.12                    8366 .14g  .001g  29.9
   405  5.00 1  0  4236 2004:08:07 334.3556 11.52913 111.8886 34.48 25.07                    8365 .14g  .003g -98.3
   406  25.0 1  0  4261 2004:09:01 332.9636 11.50761 112.7227 34.56 25.29                    8358 .14g  .004g  -216
   407w 1.00 1  0  4262 2004:09:02 290.2962 9.387160 123.1688 32.34 29.79                    8358 .14g -.002g -56.3
   408  5.00 1  0  4267 2004:09:07 290.1844 8.498585 123.2806 29.29 29.82                    8356 .14g -.004g   132
   409  24.0 1  0  4291 2004:10:01 290.5144 7.993563 122.9506 27.52 29.74                    8350 .14g -.006g   204
   410w 31.0 1  0  4322 2004:11:01 264.5827 7.894536 90.49625 29.84 25.49                    8344 .14g  .005o   120
   411w 30.0 1  0  4352 2004:12:01 302.1471 9.121444 91.59589 30.19 23.26                    8337 .14g -.015g   357
   412w 1.00 1  0  4353 2004:12:02 262.7495 7.910927 97.93250 30.11 27.15                    8337 .14g  .002g -41.2
   413  5.00 1  0  4358 2004:12:07 264.2091 7.932890 96.47295 30.03 26.75                    8336 .14g  .005g -92.6
   414  25.0 1  0  4383 2005:01:01 264.8663 8.497898 95.81573 32.08 26.57                    8330 .14g  .009g  -202
   415w 31.0 1  0  4414 2005:02:01 295.9486  9.79414 110.1530 33.09 27.12                    8322 .14g  .005o  -178
   416w 1.00 1  0  4415 2005:02:02 315.7111 10.71920 103.4089 33.95 24.67                    8322 .14g  .002g -54.7
   417  5.00 1  0  4420 2005:02:07 317.3672 11.71112 101.7528 36.90 24.28                    8321 .14g  .006g  -223
   418  22.0 1  0  4442 2005:03:01 315.4769 11.42171 103.6431 36.20 24.73                    8316 .14g  .007g  -392
   419w 31.0 1  0  4473 2005:04:01 285.5107 8.323285 100.2783 29.15 25.99                    8308 .14g -.009g   438
   420w 30.0 1  0  4503 2005:05:01 266.1284 8.499994 93.81462 31.94 26.06                    8301 .14g  .005o   118

                                    I M E X   T I M E   S T E P   S U M M A R Y
 ==================================================================================================================
    Time Step           Time                  Total Production             Total Injection  Total Max. Max. Change
 ---------------- ---------------- -------------------------------------- -----------------  PV   Mat. ------------
                C                    Oil      Gas     Water   GOR.  Wat.    Gas     Water   Avg.  bal. Satur. Pres.
        Size    U                                              M3/   Cut                    Pres. err. DSMAX  DPMAX
  No.   Days IT T Days   yy:mm:dd    M3/D    MM3/D     M3/D     M3    %    MM3/D     M3/D    kPa   %           kPa
 ------ ---- -- - ----- ---------- -------- -------- -------- ----- ----- -------- -------- ----- ---- ------ -----
   421w 31.0 1  0  4534 2005:06:01 262.1325 8.082839 81.88747 30.83 23.80                    8295 .14g -.011g   303
   422w 1.00 1  0  4535 2005:06:02 269.6604 7.950242 94.09164 29.48 25.87                    8295 .14g -8e-4g -19.0
   423  5.00 1  0  4540 2005:06:07 270.0190 7.576306 93.73302 28.06 25.77                    8294 .14g -.003g  82.8
   424  24.0 1  0  4564 2005:07:01 269.8457 7.395094 93.90625 27.40 25.82                    8289 .14g  .004o   186
   425w 31.0 1  0  4595 2005:08:01 246.3945 7.590722 88.24149 30.81 26.37                    8282 .14g -.009o   208
   426w 31.0 1  0  4626 2005:09:01 204.1229 5.430754 82.53908 26.61 28.79                    8276 .14g -.019g   407
   427w 30.0 1  0  4656 2005:10:01 259.8500 7.204270 99.24602 27.72 27.64                    8270 .14g  .022g  -433
   428w 31.0 1  0  4687 2005:11:01 208.3536 5.449686 86.76141 26.16 29.40                    8264 .14g -.007g   165
   429w 30.0 1  0  4717 2005:12:01 243.8014 6.957627 95.80562 28.54 28.21                    8258 .14g -.007o  -167
   430w 31.0 1  0  4748 2006:01:01 214.9508 5.611190 82.01624 26.10 27.62                    8253 .14g -.012g   267
   431w 31.0 1  0  4779 2006:02:01 245.0355 7.161756 86.17751 29.23 26.02                    8246 .14g -.008o  -193
   432w 28.0 1  0  4807 2006:03:01 265.7408 7.997983 87.01424 30.10 24.67                    8241 .14g  .008g  -196
   433w 31.0 1  0  4838 2006:04:01 245.7420 6.890421 82.35598 28.04 25.10                    8235 .14g  .005o   123
   434w 30.0 1  0  4868 2006:05:01 226.1351 6.095587 89.77286 26.96 28.42                    8229 .14g -.010g   304
   435w 31.0 1  0  4899 2006:06:01 200.6088 7.030013 70.83323 35.04 26.10                    8225 .13g  .014g  -296
   436w 30.0 1  0  4929 2006:07:01 233.7996 7.405498 80.87346 31.67 25.70                    8219 .13g  .005o  -289
   437w 31.0 1  0  4960 2006:08:01 220.8061 6.272413 87.19185 28.41 28.31                    8213 .13g  .011g   371
   438w 31.0 1  0  4991 2006:09:01 248.1892 8.766983 80.35882 35.32 24.46                    8208 .13g  .011g  -338
   439w 30.0 1  0  5021 2006:10:01 206.0686 5.589602 82.31442 27.12 28.54                    8202 .13g -.011g   275
   440w 31.0 1  0  5052 2006:11:01 208.6192 6.174168 71.75676 29.60 25.59                    8197 .12g -.013g   286

                                    I M E X   T I M E   S T E P   S U M M A R Y
 ==================================================================================================================
    Time Step           Time                  Total Production             Total Injection  Total Max. Max. Change
 ---------------- ---------------- -------------------------------------- -----------------  PV   Mat. ------------
                C                    Oil      Gas     Water   GOR.  Wat.    Gas     Water   Avg.  bal. Satur. Pres.
        Size    U                                              M3/   Cut                    Pres. err. DSMAX  DPMAX
  No.   Days IT T Days   yy:mm:dd    M3/D    MM3/D     M3/D     M3    %    MM3/D     M3/D    kPa   %           kPa
 ------ ---- -- - ----- ---------- -------- -------- -------- ----- ----- -------- -------- ----- ---- ------ -----
   441w 30.0 1  0  5082 2006:12:01 277.0015 9.420244 83.47073 34.01 23.16                    8191 .12g  .012g  -432
   442w 1.00 1  0  5083 2006:12:02 169.7746 5.143939 62.77937 30.30 27.00                    8191 .12g -.002g  47.1
   443  5.00 1  0  5088 2006:12:07 168.7052 4.605335 63.84882 27.30 27.46                    8191 .12g -.008g   207
   444  25.0 1  0  5113 2007:01:01 167.9619 4.327130 64.59213 25.76 27.78                    8187 .12g -.016g   376
   445w 31.0 1  0  5144 2007:02:01 210.7416 6.475869 82.03035 30.73 28.02                    8182 .12g  .019g  -392
   446w 28.0 1  0  5172 2007:03:01 222.1111 6.382106 84.63686 28.73 27.59                    8177 .12g -.005g -81.5
   447w 31.0 1  0  5203 2007:04:01 163.5572 4.226061 59.98484 25.84 26.83                    8173 .12g -.018g   382
   448w 30.0 1  0  5233 2007:05:01 212.9720 6.547386 92.65803 30.74 30.32                    8167 .12g  .018g  -371
   449w 31.0 1  0  5264 2007:06:01 175.6913 4.773102 74.88370 27.17 29.88                    8162 .12g -.008g   196
   450w 30.0 1  0  5294 2007:07:01 202.0581 5.953985 84.25086 29.47 29.43                    8157 .12g  .010g  -156
   451w 31.0 1  0  5325 2007:08:01 202.3107 5.705282 73.82927 28.20 26.74                    8152 .12g -.006o   106
   452w 31.0 1  0  5356 2007:09:01 201.4959 5.894027 82.18105 29.25 28.97                    8147 .12g  .005g  -119
   453w 30.0 1  0  5386 2007:10:01 165.7473 4.648721 65.70172 28.05 28.39                    8143 .12g -.009g   207
   454w 31.0 1  0  5417 2007:11:01 208.8148 5.878026 83.10816 28.15 28.47                    8137 .12g -.005o  -125
   455w 30.0 1  0  5447 2007:12:01 149.4830 3.961318 69.57202 26.50 31.76                    8133 .12g -.014g   298
   456w 31.0 1  0  5478 2008:01:01 182.1578 5.333565 66.06222 29.28 26.61                    8129 .12g  .012g  -238
   457w 31.0 1  0  5509 2008:02:01 149.5250 4.030936 56.73401 26.96 27.51                    8126 .12g -.015g   314
   458w 29.0 1  0  5538 2008:03:01 148.7325 4.001445 61.14350 26.90 29.13                    8122 .12g -.010g   201
   459w 31.0 1  0  5569 2008:04:01 175.1295 4.998676 72.92547 28.54 29.40                    8117 .12g  .009g  -169
   460w 30.0 1  0  5599 2008:05:01 146.3568 4.091336 51.61424 27.95 26.07                    8114 .12g -.013g   262

                                    I M E X   T I M E   S T E P   S U M M A R Y
 ==================================================================================================================
    Time Step           Time                  Total Production             Total Injection  Total Max. Max. Change
 ---------------- ---------------- -------------------------------------- -----------------  PV   Mat. ------------
                C                    Oil      Gas     Water   GOR.  Wat.    Gas     Water   Avg.  bal. Satur. Pres.
        Size    U                                              M3/   Cut                    Pres. err. DSMAX  DPMAX
  No.   Days IT T Days   yy:mm:dd    M3/D    MM3/D     M3/D     M3    %    MM3/D     M3/D    kPa   %           kPa
 ------ ---- -- - ----- ---------- -------- -------- -------- ----- ----- -------- -------- ----- ---- ------ -----
   461w 31.0 1  0  5630 2008:06:01 146.6923 4.402599 72.85868 30.01 33.19                    8110 .12g  .009g  -179
   462w 30.0 1  0  5660 2008:07:01 152.9902 4.068124 52.10182 26.59 25.40                    8107 .12g -.018g   382
   463w 31.0 1  0  5691 2008:08:01 148.9476 4.184847 63.67636 28.10 29.95                    8103 .12g  .010g  -197
   464w 31.0 1  0  5722 2008:09:01 169.2081 4.774409 58.29988 28.22 25.63                    8099 .12g -.008o  -156
   465w 30.0 1  0  5752 2008:10:01 139.6953 3.849247 68.94673 27.55 33.05                    8095 .12g  .008o   174
   466w 31.0 1  0  5783 2008:11:01 153.8057 4.359137 61.52433 28.34 28.57                    8091 .12g -.009g   190
   467w 30.0 1  0  5813 2008:12:01 157.6128 4.738600 69.28017 30.06 30.53                    8087 .12g -.006g  -142
   468w 31.0 1  0  5844 2009:01:01 104.2381 2.728309 47.30388 26.17 31.22                    8084 .12g -.016g   334
   469w 31.0 1  0  5875 2009:02:01 116.5953 3.059732 45.38067 26.24 28.02                    8081 .12g -.016g   325
   470w 28.0 1  0  5903 2009:03:01 127.3919 3.394109 50.03513 26.64 28.20                    8078 .12g  .005g  -117
   471w 31.0 1  0  5934 2009:04:01 123.6780 3.318616 55.45703 26.83 30.96                    8075 .12g  .004g  81.5
   472w 30.0 1  0  5964 2009:05:01 115.1013 3.130683 57.02574 27.20 33.13                    8072 .12g -.017g   339
   473w 31.0 1  0  5995 2009:06:01 104.5337 2.767274 50.87126 26.47 32.73                    8069 .12g -.005g   123
   474w 30.0 1  0  6025 2009:07:01 114.4163 3.089645 60.33268 27.00 34.53                    8066 .12g  .007g  -156
   475w 31.0 1  0  6056 2009:08:01 117.7303 3.166198 49.43172 26.89 29.57                    8063 .12g  .004g -81.6
   476w 31.0 1  0  6087 2009:09:01 116.5531 3.238672 57.88991 27.79 33.19                    8060 .12g  .005g -89.9
   477w 30.0 1  0  6117 2009:10:01 129.5979 3.600938 37.62707 27.79 22.50                    8058 .12g  .008w -92.8
   478w 31.0 1  0  6148 2009:11:01 132.8034 3.750424 61.18761 28.24 31.54                    8054 .12g  .004g -76.7
   479w 30.0 1  0  6178 2009:12:01 94.49338 2.479789 40.86562 26.24 30.19                    8052 .12g -.014g   306
   480w 31.0 1  0  6209 2010:01:01 117.2736 3.106367 53.67840 26.49 31.40                    8048 .12g  .004g -76.2

                                    I M E X   T I M E   S T E P   S U M M A R Y
 ==================================================================================================================
    Time Step           Time                  Total Production             Total Injection  Total Max. Max. Change
 ---------------- ---------------- -------------------------------------- -----------------  PV   Mat. ------------
                C                    Oil      Gas     Water   GOR.  Wat.    Gas     Water   Avg.  bal. Satur. Pres.
        Size    U                                              M3/   Cut                    Pres. err. DSMAX  DPMAX
  No.   Days IT T Days   yy:mm:dd    M3/D    MM3/D     M3/D     M3    %    MM3/D     M3/D    kPa   %           kPa
 ------ ---- -- - ----- ---------- -------- -------- -------- ----- ----- -------- -------- ----- ---- ------ -----
   481w 31.0 1  0  6240 2010:02:01 98.03859 2.553028 43.82141 26.04 30.89                    8046 .12g -.006g   151

 ===================== SUMMARY (from subroutine: TSIO)   ======================
  Simulation run terminated. Stopping time reached.
    
     1 Warning messages.    0 Error messages.
 ==============================================================================


       Field Total                                   Fluid
                             Oil       Gas       Water    Solvent   Polymer   Seawater
                            -------   -------   -------   -------   -------   -------
                            (MSM3)    (MMSM3)   (MSM3)    (MMSM3)   (MKG)     (MSM3)
  Cumulative Production      3881.6    113.60    1172.8     NA        NA        NA   
  Cumulative Injection        NA         0         0        NA        NA        NA   
  Cumulative Gas Lift         NA         0        NA        NA        NA        NA   
  Cumulative Water Influx     NA        NA         0        NA        NA        NA   
  Current Fluids In Place     37495    1131.4     25253     NA        NA        NA   
  Production Rates           .09804    .00255    .04382     NA        NA        NA   
  Injection Rates             NA         0         0        NA        NA        NA   

  Timesteps:    481  Newton Cycles:      485  Cuts:      0  Solver Iterations:         8384
  Average Implicitness    : 0.008
  Material Balances (owg): 1.000 1.000 1.001
  Average Active Blocks:       34077 Average Non-BHP Active Wells:     8
  Total Blocks :       35000 Total Wells :    11
  Active Blocks:       34077 Non-BHP Active Wells:    11
  Total lstpro/lstpar calls:     2
  Time at end of simulation:   6240.00     (days)   
  Average reservoir pressure excluding water zone: 7729.568 (kPa)    
  Total Number of Solver Failures:       0  Stalls:       0  ITERMAX Reached:       0
  Jacobian Domains      4
  Linear Solver: Parasol
  Number of level 1 solver classes:    4
  AUTOPSLAB Cutting Direction:    I
  Preconditioner Ordering     REDBLACK
  Preconditioner Degree aa, ab, as, bb, ba:    1    2    1    1    1
  KMP_AFFINITY: Default
  OMP_SCHEDULE: Default
  Max Impl Blocks:      357  %Impl:  1.0%  (TS,CUT,NCYC): (  420, 0,  1 )
  Max Solver Iterations (TS,CUT,NCYC):      35 (   72, 0,  1 )
  Number of threads set:    4
  Total number of cpus:    4
  Memory Usage Peak:      134 MB on TS:  481  TS 1 Peak:      118 MB  Average:      130 MB  VM Size:      160 MB
  Host computer: EHSANR-LT

  End of Simulation: Normal Termination

  CPU Time:           179.50 seconds
  Elapsed Time:        61.11 seconds

  Date and Time of End of Run:  Nov  1, 2019  14:18:07

