    Opened LOG FILE         on unit 10, filename is "D:\CMG's Modelling Workflow_2019-10\History Match\IMEX_TUTORIAL_CR2.log"
 ********************************************************************************
 *                                                                              *
 *                                IMEX  2019.10                                 *
 *                   Adaptive - Implicit Black Oil Simulator                    *
 *                         General Release for Win x64                          *
 *                            2019-Sep-10   17:57:17                            *
 *                                                                              *
 *                          (c) Copyright 1977 - 2019                           *
 *                Computer Modelling Group Ltd., Calgary, Canada                *
 *                             All Rights Reserved                              *
 *                                                                              *
 ********************************************************************************


 Command-line Arguments:  -f D:\CMG's Modelling Workflow_2019-10\History Match\IMEX_TUTORIAL_CR2.dat
                          -wd D:\CMG's Modelling Workflow_2019-10\History Match
                          -log
                          -doms
                          -parasol 4
                          -wait

  Date and Time of Start of Run:  Nov  1, 2019  14:12:44


*** Input/Output files specification :
    Opened data file        on unit 11, filename is "D:\CMG's Modelling Workflow_2019-10\History Match\IMEX_TUTORIAL_CR2.dat"
    Opened Scratch file     on unit 12
    Opened Scratch file     on unit 13
    Opened output file      on unit 14, filename is "D:\CMG's Modelling Workflow_2019-10\History Match\IMEX_TUTORIAL_CR2.out"
    Opened SR3-OUT          on unit 15, filename is "D:\CMG's Modelling Workflow_2019-10\History Match\IMEX_TUTORIAL_CR2.sr3"
    Opened INDEX-OUT        on unit 16, filename is "D:\CMG's Modelling Workflow_2019-10\History Match\IMEX_TUTORIAL_CR2.irf"
    Opened MAIN-RESULTS-OUT on unit 17, filename is "D:\CMG's Modelling Workflow_2019-10\History Match\IMEX_TUTORIAL_CR2.mrf"
    Opened REWIND-OUT       on unit 18, filename is "D:\CMG's Modelling Workflow_2019-10\History Match\IMEX_TUTORIAL_CR2.rrf"

 =================== WARNING (from subroutine: GRDLST_CHK) ====================
  Solvent property related printout is being disabled
  This MODEL option does not allow solvent property output.
  Line: 15   File Name: D:\CMG's Modelling Workflow_2019-10\History Match\IMEX_TUTORIAL_CR2.dat
 ==============================================================================

    Opened GRID scratchfile on unit 19

 ===================== SUMMARY (from subroutine: INDATA) ======================
  Reading of initial data is complete.
  Simulation will stop if there were error messages.
     1 Warning messages.    0 Error messages.
 ==============================================================================


                                    I M E X   T I M E   S T E P   S U M M A R Y
 ==================================================================================================================
    Time Step           Time                  Total Production             Total Injection  Total Max. Max. Change
 ---------------- ---------------- -------------------------------------- -----------------  PV   Mat. ------------
                C                    Oil      Gas     Water   GOR.  Wat.    Gas     Water   Avg.  bal. Satur. Pres.
        Size    U                                              M3/   Cut                    Pres. err. DSMAX  DPMAX
  No.   Days IT T Days   yy:mm:dd    M3/D    MM3/D     M3/D     M3    %    MM3/D     M3/D    kPa   %           kPa
 ------ ---- -- - ----- ---------- -------- -------- -------- ----- ----- -------- -------- ----- ---- ------ -----
     1w 1.00 1  0 1.000 1993:01:02 262.9829 7.922727 .0181370 30.13 .0069                   20777 e-6g -4e-4o -1119
     2  2.68 1  0 3.681 1993:01:05 262.9081 7.920474 .0929131 30.13 .0353                   20775 e-6g -4e-4o -1262
     3  6.37 1  0 10.05 1993:01:11 262.8006 7.917235 .2004474 30.13 .0762                   20770 e-5w -.001o -1163
     4  10.5 1  0 20.53 1993:01:22 262.7247 7.914949 .2763084 30.13 .1051                   20763 e-4w  .005w  -839
     5  10.5 1  0 31.00 1993:02:01 262.6903 7.913914 .3106664 30.13 .1181                   20756 e-4w  .006w  -495
     6w 28.0 1  0 59.00 1993:03:01 262.6852 7.913759 .3188078 30.13 .1212                   20735 e-4w -.023o  -762
     7w 31.0 1  0 90.00 1993:04:01 262.6952 7.914061 .3098057 30.13 .1178                   20711 e-4w -.020o  -548
     8w 30.0 1  0 120.0 1993:05:01 262.7058 7.914380 .2991981 30.13 .1138                   20686 e-4w  .020w  -369
     9w 31.0 1  0 151.0 1993:06:01 218.8214 6.592300 .1826365 30.13 .0834                   20665 e-4w -.024o   526
    10w 30.0 1  0 181.0 1993:07:01 291.6111 8.785192 .3959209 30.13 .1356                   20638 e-4w -.028o -1168
    11w 1.00 1  0 182.0 1993:07:02 437.8775 13.19167 1.146460 30.13 .2611                   20636 e-4w  .002w  -695
    12  4.32 1  0 186.3 1993:07:06 399.9086 12.04781 4.893402 30.13 1.209                   20631 e-4w -.009o  -702
    13  12.8 1  0 199.2 1993:07:19 380.9462 11.47654 11.22174 30.13 2.861                   20616 e-4w -.008o  -550
    14  12.8 1  0 212.0 1993:08:01 372.3489 11.21753 14.86940 30.13 3.840                   20600 e-4w -.008o  -307
    15w 1.00 1  0 213.0 1993:08:02 781.7495 23.55130 15.65423 30.13 1.963                   20598 e-3w -6e-4o -1586
    16  1.89 1  0 214.9 1993:08:04 780.4013 23.51068 16.82606 30.13 2.111                   20594 e-3w -.001o -1263
    17  4.49 1  0 219.4 1993:08:08 777.9046 23.43546 18.67358 30.13 2.344                   20584 e-3w -.003o -1221
    18  11.0 1  0 230.4 1993:08:19 773.5987 23.30574 21.68863 30.13 2.727                   20559 e-3w  .007w -1164
    19  12.6 1  0 243.0 1993:09:01 769.3302 23.17715 26.08418 30.13 3.279                   20530 e-3w -.006o  -687
    20w 1.00 1  0 244.0 1993:09:02 649.3104 19.56139 19.65355 30.13 2.938                   20528 e-3w -.001o   558

                                    I M E X   T I M E   S T E P   S U M M A R Y
 ==================================================================================================================
    Time Step           Time                  Total Production             Total Injection  Total Max. Max. Change
 ---------------- ---------------- -------------------------------------- -----------------  PV   Mat. ------------
                C                    Oil      Gas     Water   GOR.  Wat.    Gas     Water   Avg.  bal. Satur. Pres.
        Size    U                                              M3/   Cut                    Pres. err. DSMAX  DPMAX
  No.   Days IT T Days   yy:mm:dd    M3/D    MM3/D     M3/D     M3    %    MM3/D     M3/D    kPa   %           kPa
 ------ ---- -- - ----- ---------- -------- -------- -------- ----- ----- -------- -------- ----- ---- ------ -----
    21  5.00 1  0 249.0 1993:09:07 646.7291 19.48362 22.23490 30.13 3.324                   20518 e-3w  .003w   817
    22  12.0 1  0 261.0 1993:09:19 643.9333 19.39939 25.03065 30.13 3.742                   20494 e-3w  .004w   554
    23  12.0 1  0 273.0 1993:10:01 641.0277 19.31186 27.93629 30.13 4.176                   20470 e-3w -.004o  -327
    24w 31.0 1  0 304.0 1993:11:01 807.8613 24.33795 49.16869 30.13 5.737                   20392 e-3w -.012o -2689
    25w 1.00 1  0 305.0 1993:11:02 930.2741 28.02581 44.84009 30.13 4.598                   20389 e-3w  6e-4w  -754
    26  3.98 1  0 309.0 1993:11:06 900.8393 27.13904 49.16768 30.13 5.176                   20377 e-3w -.002o  -648
    27  12.5 1  0 321.5 1993:11:18 876.6707 26.41093 54.64186 30.13 5.867                   20343 e-3w -.005o  -570
    28  12.5 1  0 334.0 1993:12:01 862.8785 25.99542 59.35243 30.13 6.436                   20308 e-3w -.005o  -336
    29w 1.00 1  0 335.0 1993:12:02 861.6415 25.95816 59.97175 30.13 6.507                   20305 e-3w -3e-4o -26.5
    30  5.00 1  0 340.0 1993:12:07 856.9345 25.81635 62.51991 30.13 6.800                   20291 e-3w -.002o  -123
    31  25.0 1  0 365.0 1994:01:01 841.5267 25.35217 68.76867 30.13 7.555                   20222 e-3w  .010w  -449
    32w 1.00 1  0 366.0 1994:01:02 840.6671 25.32627 69.72361 30.13 7.659                   20219 e-3w -4e-4o  40.1
    33  5.00 1  0 371.0 1994:01:07 837.1770 25.22113 73.33737 30.13 8.054                   20205 e-3w -.002o -83.9
    34  8.00 1  0 379.0 1994:01:15 832.2987 25.07416 77.54888 30.13 8.523                   20183 e-3w  .003w  -123
    35w 1.00 1  0 380.0 1994:01:16 831.6224 25.05379 78.20720 30.13 8.596                   20180 e-3w -3e-4o -15.2
    36  5.00 1  0 385.0 1994:01:21 828.7407 24.96697 80.73966 30.13 8.878                   20166 e-3w  .002w -71.9
    37  11.0 1  0 396.0 1994:02:01 823.3207 24.80369 84.85639 30.13 9.344                   20135 e-3w  .004w  -141
    38w 1.00 1  0 397.0 1994:02:02 822.7255 24.78576 85.48783 30.13 9.413                   20133 e-3w  3e-4w -12.7
    39  5.00 1  0 402.0 1994:02:07 820.2323 24.71065 87.89470 30.13  9.68                   20119 e-3w -.002o -60.4
    40  22.0 1  0 424.0 1994:03:01 811.8223 24.45728 93.56448 30.13 10.33                   20057 e-3w -.008o  -220

                                    I M E X   T I M E   S T E P   S U M M A R Y
 ==================================================================================================================
    Time Step           Time                  Total Production             Total Injection  Total Max. Max. Change
 ---------------- ---------------- -------------------------------------- -----------------  PV   Mat. ------------
                C                    Oil      Gas     Water   GOR.  Wat.    Gas     Water   Avg.  bal. Satur. Pres.
        Size    U                                              M3/   Cut                    Pres. err. DSMAX  DPMAX
  No.   Days IT T Days   yy:mm:dd    M3/D    MM3/D     M3/D     M3    %    MM3/D     M3/D    kPa   %           kPa
 ------ ---- -- - ----- ---------- -------- -------- -------- ----- ----- -------- -------- ----- ---- ------ -----
    41w 1.00 1  0 425.0 1994:03:02 935.6165 28.18676 53.24650 30.13 5.385                   20054 e-3w -.003o -1811
    42  1.66 1  0 426.7 1994:03:04 931.9364 28.07589 56.92662 30.13 5.757                   20049 e-3w  .002w -1460
    43  3.40 1  0 430.1 1994:03:07 929.4197 28.00007 59.44328 30.13 6.011                   20039 e-3w  .002w -1243
    44  8.22 1  0 438.3 1994:03:15 927.7321 27.94923 61.13086 30.13 6.182                   20015 e-3w  .013w -1122
    45  16.7 1  0 455.0 1994:04:01 926.9512 27.92570 61.91173 30.13 6.261                   19964 e-3w -.034o  -963
    46w 30.0 2  0 485.0 1994:05:01 821.8609 24.75971 88.20313 30.13  9.69                   19878 e-3w  .033w  2335
    47w 1.00 1  0 486.0 1994:05:02 1400.118 42.18052 113.2819 30.13 7.485                   19873 e-3w  .001o -1192
    48  2.52 1  0 488.5 1994:05:05 1401.183 42.21260 112.2171 30.13 7.415                   19862 e-3w  .002w  -999
    49  7.55 1  0 496.1 1994:05:12 1397.888 42.11332 115.5125 30.13 7.633                   19828 e-3w  .005w -1028
    50  19.9 1  0 516.0 1994:06:01 1388.552 41.83208 124.8477 30.13 8.249                   19736 e-3w  .016w  -914
    51w 30.0 2  0 546.0 1994:07:01 1753.017 52.81210 127.0167 30.13 6.756                   19567 e-3w  .021w -4105
    52w 1.00 1  0 547.0 1994:07:02 1749.159 52.69586 151.6050 30.13 7.976                   19562 e-3w  .001w  -596
    53  5.00 1  0 552.0 1994:07:07 1753.941 52.83994 157.9208 30.13 8.260                   19533 e-3w -.005o  -716
    54  12.5 1  0 564.5 1994:07:20 1730.496 52.13362 174.3883 30.13 9.155                   19460 e-3w -.012o  -519
    55  12.5 1  0 577.0 1994:08:01 1704.031 51.33631 191.6418 30.13 10.11                   19386 e-3w  .013w  -343
    56w 1.00 1  0 578.0 1994:08:02 2380.151 71.70537 284.4118 30.13 10.67                   19378 e-3w  .003o -1516
    57  1.98 1  0 580.0 1994:08:04 2299.959 69.28948 270.1573 30.13 10.51                   19363 e-3w -.002o  -885
    58  6.71 1  0 586.7 1994:08:11 2229.511 67.16714 278.6799 30.13 11.11                   19311 e-3w  .007w  -946
    59  21.3 1  0 608.0 1994:09:01 2131.852 64.22502 317.5260 30.13 12.96                   19150 e-3w -.018o  -851
    60w 1.00 1  0 609.0 1994:09:02 1991.194 59.98751 282.9892 30.13 12.44                   19143 e-3w -.003o   722

                                    I M E X   T I M E   S T E P   S U M M A R Y
 ==================================================================================================================
    Time Step           Time                  Total Production             Total Injection  Total Max. Max. Change
 ---------------- ---------------- -------------------------------------- -----------------  PV   Mat. ------------
                C                    Oil      Gas     Water   GOR.  Wat.    Gas     Water   Avg.  bal. Satur. Pres.
        Size    U                                              M3/   Cut                    Pres. err. DSMAX  DPMAX
  No.   Days IT T Days   yy:mm:dd    M3/D    MM3/D     M3/D     M3    %    MM3/D     M3/D    kPa   %           kPa
 ------ ---- -- - ----- ---------- -------- -------- -------- ----- ----- -------- -------- ----- ---- ------ -----
    61  4.15 1  0 613.2 1994:09:06 1967.576 59.27598 297.9382 30.13 13.15                   19113 e-3w  .005w   644
    62  12.4 1  0 625.6 1994:09:19 1935.755 58.31733 311.7455 30.13 13.87                   19026 e-3w  .011o   399
    63  12.4 1  0 638.0 1994:10:01 1908.636 57.50033 323.8747 30.13 14.51                   18939 e-3w  .011o  -249
    64w 1.00 1  0 639.0 1994:10:02 1991.626 60.00051 362.6358 30.13 15.40                   18932 e-3w  .002o  -484
    65  5.00 1  0 644.0 1994:10:07 1983.439 59.75387 364.9837 30.13 15.54                   18895 e-3w  .004o  -393
    66  25.0 1  0 669.0 1994:11:01 1931.640 58.16491 389.1880 30.11 16.77                   18713 e-3w -.024w  -386
    67w 1.00 1  0 670.0 1994:11:02 1890.895 56.93859 374.8954 30.11 16.55                   18706 e-3w -.001o   194
    68  5.00 1  0 675.0 1994:11:07 1876.140 56.48966 384.9278 30.11 17.02                   18670 e-3w  .005o   169
    69  24.0 1  0 699.0 1994:12:01 1838.031 55.32626 404.9258 30.10 18.05                   18500 e-3w -.022w  -311
    70w 1.00 1  0 700.0 1994:12:02 1792.261 53.94654 386.8951 30.10 17.75                   18493 e-3w -.001o   142
    71  5.00 1  0 705.0 1994:12:07 1779.504 53.55820 396.4456 30.10 18.22                   18459 e-3w  .004o   172
    72  25.0 1  0 730.0 1995:01:01 1747.314 52.56955 411.8670 30.09 19.08                   18289 e-3w  .020o  -288
    73w 1.00 1  0 731.0 1995:01:02 1781.249 53.59103 435.3895 30.09 19.64                   18282 e-3w -7e-4w  -148
    74  5.00 1  0 736.0 1995:01:07 1773.135 53.34205 440.0305 30.08 19.88                   18247 e-3w  .004o  -108
    75  25.0 1  0 761.0 1995:02:01 1740.301 52.32844 456.4523 30.07 20.78                   18074 e-3w  .021o  -266
    76w 1.00 1  0 762.0 1995:02:02 1670.294 50.21821 411.5469 30.07 19.77                   18067 e-3w -.002o   348
    77  5.00 1  0 767.0 1995:02:07 1658.502 49.85858 420.5271 30.06 20.23                   18034 e-3w  .004o   270
    78  22.0 1  0 789.0 1995:03:01 1636.449 49.17894 430.9589 30.05 20.85                   17891 e-3w -.019w  -223
    79w 1.00 1  0 790.0 1995:03:02 1667.375 50.10987 464.7453 30.05 21.80                   17884 e-3w -.001w  -253
    80  5.00 1  0 795.0 1995:03:07 1662.490 49.95819 466.7755 30.05 21.92                   17850 e-3w  .004o  -181

                                    I M E X   T I M E   S T E P   S U M M A R Y
 ==================================================================================================================
    Time Step           Time                  Total Production             Total Injection  Total Max. Max. Change
 ---------------- ---------------- -------------------------------------- -----------------  PV   Mat. ------------
                C                    Oil      Gas     Water   GOR.  Wat.    Gas     Water   Avg.  bal. Satur. Pres.
        Size    U                                              M3/   Cut                    Pres. err. DSMAX  DPMAX
  No.   Days IT T Days   yy:mm:dd    M3/D    MM3/D     M3/D     M3    %    MM3/D     M3/D    kPa   %           kPa
 ------ ---- -- - ----- ---------- -------- -------- -------- ----- ----- -------- -------- ----- ---- ------ -----
    81  25.0 1  0 820.0 1995:04:01 1635.947 49.12676 478.6382 30.03 22.64                   17684 e-3w  .024o  -240
    82w 1.00 1  0 821.0 1995:04:02 2014.463 60.52896 490.2317 30.05 19.57                   17676 e-3w  9e-4o -1694
    83  1.77 1  0 822.8 1995:04:04 2011.652 60.44213 492.0057 30.05 19.65                   17662 e-3w  .002o -1155
    84  4.60 1  0 827.4 1995:04:08 2004.755 60.22866 496.3303 30.04 19.84                   17626 e-3w  .005o -1209
    85  11.3 1  0 838.7 1995:04:20 1990.176 59.77365 504.0365 30.03 20.21                   17539 e-3w  .011o -1189
    86  11.3 1  0 850.0 1995:05:01 1975.645 59.31882 511.1455 30.03 20.55                   17452 e-3w  .012o  -695
    87w 1.00 1  0 851.0 1995:05:02 1963.229 58.94321 505.2471 30.02 20.47                   17444 e-3w  .001o -60.6
    88  5.00 1  0 856.0 1995:05:07 1956.202 58.72377 508.9618 30.02 20.65                   17406 e-3w  .005o  -253
    89  25.0 1  0 881.0 1995:06:01 1924.854 57.77543 518.0480 30.02 21.21                   17217 e-3w -.026w  -845
    90w 1.00 1  0 882.0 1995:06:02 1931.451 57.97483 391.3570 30.02 16.85                   17209 e-3w  .003w -1179
    91  2.55 1  0 884.5 1995:06:05 1924.564 57.76956 398.4149 30.02 17.15                   17191 e-3w -.003w -1358
    92  5.62 1  0 890.2 1995:06:10 1920.950 57.66495 401.7509 30.02 17.30                   17151 e-3w  .006o -1139
    93  10.4 1  0 900.6 1995:06:21 1916.143 57.51089 404.7758 30.01 17.44                   17078 e-3w  .011o  -865
    94  10.4 1  0 911.0 1995:07:01 1911.021 57.34842 408.1919 30.01 17.60                   17005 e-3w  .010o  -506
    95w 1.00 1  0 912.0 1995:07:02 2092.872 62.82618 501.1689 30.02 19.32                   16997 e-3w  .002o  -467
    96  5.00 1  0 917.0 1995:07:07 2079.276 62.41077 498.9925 30.02 19.35                   16958 e-3w  .005o  -316
    97  25.0 1  0 942.0 1995:08:01 2042.627 61.22075 508.0427 29.97 19.92                   16762 e-3w  .023o  -612
    98w 1.00 1  0 943.0 1995:08:02 1770.378 53.10448 421.4275 30.00 19.23                   16755 e-3w  .003o   539
    99  5.00 1  0 948.0 1995:08:07 1761.779 52.97877 427.8276 30.07 19.54                   16721 e-3w  .008o   500
   100  25.0 1  0 973.0 1995:09:01 1742.928 52.39042 435.1628 30.06 19.98                   16552 e-3w -.021w  -419

                                    I M E X   T I M E   S T E P   S U M M A R Y
 ==================================================================================================================
    Time Step           Time                  Total Production             Total Injection  Total Max. Max. Change
 ---------------- ---------------- -------------------------------------- -----------------  PV   Mat. ------------
                C                    Oil      Gas     Water   GOR.  Wat.    Gas     Water   Avg.  bal. Satur. Pres.
        Size    U                                              M3/   Cut                    Pres. err. DSMAX  DPMAX
  No.   Days IT T Days   yy:mm:dd    M3/D    MM3/D     M3/D     M3    %    MM3/D     M3/D    kPa   %           kPa
 ------ ---- -- - ----- ---------- -------- -------- -------- ----- ----- -------- -------- ----- ---- ------ -----
   101w 1.00 1  0 974.0 1995:09:02 1694.343 50.92319 406.7846 30.05 19.36                   16546 e-3w  .001o   153
   102  5.00 1  0 979.0 1995:09:07 1688.922 50.74930 410.5247 30.05 19.55                   16513 e-3w  .004o   185
   103  24.0 1  0  1003 1995:10:01 1673.089 50.18906 417.9071 30.00 19.99                   16358 e-3w  .021o  -374
   104w 1.00 1  0  1004 1995:10:02 2027.988 60.86105 521.1755 30.01 20.44                   16350 e-3w -.004o  -623
   105  4.82 1  0  1009 1995:10:07 1991.674 59.48331 517.3672 29.87 20.62                   16313 e-3w -.010o  -673
   106  12.6 1  0  1021 1995:10:19 1963.216 58.34211 521.0068 29.72 20.97                   16216 e-3w  .012o  -587
   107  12.6 1  0  1034 1995:11:01 1915.549 56.71211 525.3205 29.61 21.52                   16121 e-3w  .012o  -249
   108w 1.00 1  0  1035 1995:11:02 2373.092 70.50571 509.3304 29.71 17.67                   16112 e-3w  9e-4o -2240
   109  1.34 1  0  1036 1995:11:03 2369.845 70.40484 511.0782 29.71 17.74                   16101 e-3w  .001o -1460
   110  2.75 1  0  1039 1995:11:06 2364.975 70.22673 512.9022 29.69 17.82                   16076 e-3w  .003o -1470
   111  5.62 1  0  1045 1995:11:12 2272.249 67.34965 514.5017 29.64 18.46                   16029 e-3w  .005o -1300
   112   9.6 1  0  1054 1995:11:21 2228.328 65.85691 517.4707 29.55 18.85                   15948 e-3w  .009o -1414
   113   9.6 1  0  1064 1995:12:01 2192.311 64.49189 520.4847 29.42 19.19                   15868 e-3w  .010o  -906
   114w 1.00 1  0  1065 1995:12:02 2193.057 64.47050 519.8313 29.40 19.16                   15860 e-3w  .001o -87.5
   115  5.00 1  0  1070 1995:12:07 2173.196 63.67109 521.6447 29.30 19.36                   15818 e-3w  .005o  -319
   116  25.0 1  0  1095 1996:01:01 2099.814 60.68395 526.8078 28.90 20.06                   15617 e-3w  .028o  -784
   117w 1.00 1  0  1096 1996:01:02 2026.799 58.54219 466.3868 28.88 18.71                   15610 e-3w -.001o   286
   118  5.00 1  0  1101 1996:01:07 2014.092 58.13957 470.2731 28.87 18.93                   15572 e-3g  .006o   157
   119  25.0 1  0  1126 1996:02:01 1962.588 56.23400 476.6677 28.65 19.54                   15385 e-3g  .033o  -493
   120w 1.00 1  0  1127 1996:02:02 1826.521 52.48361 467.5943 28.73 20.38                   15378 e-3g -.004g   137

                                    I M E X   T I M E   S T E P   S U M M A R Y
 ==================================================================================================================
    Time Step           Time                  Total Production             Total Injection  Total Max. Max. Change
 ---------------- ---------------- -------------------------------------- -----------------  PV   Mat. ------------
                C                    Oil      Gas     Water   GOR.  Wat.    Gas     Water   Avg.  bal. Satur. Pres.
        Size    U                                              M3/   Cut                    Pres. err. DSMAX  DPMAX
  No.   Days IT T Days   yy:mm:dd    M3/D    MM3/D     M3/D     M3    %    MM3/D     M3/D    kPa   %           kPa
 ------ ---- -- - ----- ---------- -------- -------- -------- ----- ----- -------- -------- ----- ---- ------ -----
   121  5.00 1  0  1132 1996:02:07 1814.465 52.48586 472.5403 28.93 20.66                   15342 e-3g -.011g   329
   122  23.0 1  0  1155 1996:03:01 1771.466 51.71165 477.9609 29.19 21.25                   15180 e-3w  .034o   470
   123w 1.00 1  0  1156 1996:03:02 2079.731 61.05424 472.7764 29.36 18.52                   15172 e-3w -.003g -1530
   124  1.96 1  0  1158 1996:03:04 2071.601 60.90759 478.6378 29.40 18.77                   15156 e-3w -.005g -1136
   125  5.18 1  0  1163 1996:03:09 2055.537 60.61176 488.2216 29.49 19.19                   15115 e-3w  .008o -1122
   126  11.4 1  0  1175 1996:03:21 2030.185 60.08650 500.0960 29.60 19.76                   15023 e-3w  .019o  -891
   127  11.4 1  0  1186 1996:04:01 2001.606 59.32588 514.4324 29.64 20.45                   14932 e-3w  .020o  -487
   128w 1.00 1  0  1187 1996:04:02 2237.020 66.47817 557.7736 29.72 19.96                   14923 e-3g -.007o  -680
   129  4.41 1  0  1191 1996:04:06 2228.135 65.62274 561.5756 29.45 20.13                   14885 e-3g -.014o  -692
   130  12.3 1  0  1204 1996:04:19 2202.653 64.16605 573.1199 29.13 20.65                   14778 e-3g  .023o  -514
   131  12.3 1  0  1216 1996:05:01 2177.714 63.05935 584.0276 28.96 21.15                   14672 e-3g  .024o  -292
   132w 1.00 1  0  1217 1996:05:02 1779.394 51.61110 453.4012 29.00 20.31                   14664 e-3g  .004o   400
   133  5.00 1  0  1222 1996:05:07 1763.984 51.55808 464.3461 29.23 20.84                   14627 e-3g  .010o   415
   134  25.0 1  0  1247 1996:06:01 1737.606 51.40002 471.6002 29.58 21.35                   14449 e-3g  .051o  -371
   135w 1.00 1  0  1248 1996:06:02 1874.800 55.41673 819.2347 29.56 30.41                   14440 e-3g -.004o  -393
   136  5.00 1  0  1253 1996:06:07 1856.694 54.79257 824.8730 29.51 30.76                   14394 e-3g  .011o  -259
   137  24.0 1  0  1277 1996:07:01 1820.887 53.62976 832.2565 29.45 31.37                   14181 e-3g  .054o  -406
   138w 1.00 1  0  1278 1996:07:02 1621.172 47.77944 773.2348 29.47 32.29                   14173 e-3g -.004g   169
   139  5.00 1  0  1283 1996:07:07 1613.323 47.67916 779.2625 29.55 32.57                   14132 e-3g  .012o   290
   140  25.0 1  0  1308 1996:08:01 1596.220 47.53632 779.5051 29.78 32.81                   13934 e-3g -.060w   327

                                    I M E X   T I M E   S T E P   S U M M A R Y
 ==================================================================================================================
    Time Step           Time                  Total Production             Total Injection  Total Max. Max. Change
 ---------------- ---------------- -------------------------------------- -----------------  PV   Mat. ------------
                C                    Oil      Gas     Water   GOR.  Wat.    Gas     Water   Avg.  bal. Satur. Pres.
        Size    U                                              M3/   Cut                    Pres. err. DSMAX  DPMAX
  No.   Days IT T Days   yy:mm:dd    M3/D    MM3/D     M3/D     M3    %    MM3/D     M3/D    kPa   %           kPa
 ------ ---- -- - ----- ---------- -------- -------- -------- ----- ----- -------- -------- ----- ---- ------ -----
   141w 1.00 1  0  1309 1996:08:02 1655.245 49.32068 1019.562 29.80 38.12                   13924 e-3g  .002o  -357
   142  5.00 1  0  1314 1996:08:07 1645.627 49.01828 1021.641 29.79 38.30                   13877 e-3g -.012w  -218
   143  25.0 1  0  1339 1996:09:01 1629.686 48.41493 1022.378 29.71 38.55                   13653 e-3g  .063o  -358
   144w 1.00 1  0  1340 1996:09:02 1429.134 42.59013 819.4190 29.80 36.44                   13646 e-3g -.003g   307
   145  5.00 1  0  1345 1996:09:07 1423.653 42.59263 821.8311 29.92 36.60                   13608 e-3g  .012o   306
   146  24.0 1  0  1369 1996:10:01 1415.085 42.54968 820.0050 30.07 36.69                   13431 e-3g -.053w  -250
   147w 1.00 1  0  1370 1996:10:02 1319.978 39.71797 729.3798 30.09 35.59                   13424 e-3g -.002g   144
   148  5.00 1  0  1375 1996:10:07 1316.307 39.60663 730.5435 30.09 35.69                   13391 e-3g -.009w   156
   149  25.0 1  0  1400 1996:11:01 1308.263 39.32102 729.1312 30.06 35.79                   13226 e-3g  .030o  -243
   150w 1.00 1  0  1401 1996:11:02 1400.238 42.06407 799.7968 30.04 36.35                   13219 e-3g  .001g  -317
   151  5.00 1  0  1406 1996:11:07 1400.519 41.96015 797.2900 29.96 36.28                   13184 e-3g  .006o  -207
   152  24.0 1  0  1430 1996:12:01 1393.546 41.49873 795.9667 29.78 36.35                   13014 e-3g  .028o  -283
   153w 1.00 1  0  1431 1996:12:02 1612.205 48.23299 706.7446 29.92 30.48                   13007 e-3g -.002g -1548
   154  1.94 1  0  1433 1996:12:04 1607.935 48.10949 710.0130 29.92 30.63                   12992 e-3g -.003g -1176
   155  4.94 1  0  1438 1996:12:09 1602.314 46.92022 713.8143 29.28 30.82                   12956 .01g  .022g -1200
   156  11.6 1  0  1449 1996:12:20 1544.993 45.05454 709.8073 29.16 31.48                   12875 .01g -.023o  -596
   157  11.6 1  0  1461 1997:01:01 1518.908 44.18849 710.3071 29.09 31.86                   12793 .01g -.019o  -332
   158w 1.00 1  0  1462 1997:01:02 1408.226 40.93040 601.2563 29.07 29.92                   12787 .01g -.002g   188
   159  5.00 1  0  1467 1997:01:07 1398.737 40.74291 603.2147 29.13 30.13                   12756 .01g -.006o   153
   160  25.0 1  0  1492 1997:02:01 1372.573 40.16289 602.0542 29.26 30.49                   12602 .02g  .026o  -392

                                    I M E X   T I M E   S T E P   S U M M A R Y
 ==================================================================================================================
    Time Step           Time                  Total Production             Total Injection  Total Max. Max. Change
 ---------------- ---------------- -------------------------------------- -----------------  PV   Mat. ------------
                C                    Oil      Gas     Water   GOR.  Wat.    Gas     Water   Avg.  bal. Satur. Pres.
        Size    U                                              M3/   Cut                    Pres. err. DSMAX  DPMAX
  No.   Days IT T Days   yy:mm:dd    M3/D    MM3/D     M3/D     M3    %    MM3/D     M3/D    kPa   %           kPa
 ------ ---- -- - ----- ---------- -------- -------- -------- ----- ----- -------- -------- ----- ---- ------ -----
   161w 1.00 1  0  1493 1997:02:02 1392.038 40.72299 541.3921 29.25 28.00                   12596 .02g -.001o  81.8
   162  5.00 1  0  1498 1997:02:07 1384.407 40.48958 543.1953 29.25 28.18                   12567 .02g  .005o  -107
   163  22.0 1  0  1520 1997:03:01 1360.001 39.84086 544.7540 29.29 28.60                   12439 .02g  .021o  -271
   164w 1.00 1  0  1521 1997:03:02 1407.041 41.32173 701.3292 29.37 33.26                   12432 .02g -.001w  -236
   165  5.00 1  0  1526 1997:03:07 1401.338 41.19912 701.9284 29.40 33.37                   12399 .02g  .005o  -160
   166  25.0 1  0  1551 1997:04:01 1381.888 40.71771 703.1380 29.47 33.72                   12233 .02g  .026o  -256
   167w 1.00 1  0  1552 1997:04:02 1348.973 39.80290 685.5577 29.51 33.70                   12226 .02g  .002g -83.8
   168  5.00 1  0  1557 1997:04:07 1343.626 39.68716 686.7890 29.54 33.83                   12194 .02g -.005w  -132
   169  24.0 1  0  1581 1997:05:01 1329.381 39.27096 688.2283 29.54 34.11                   12041 .02g  .026o  -283
   170w 1.00 1  0  1582 1997:05:02 1192.675 35.26351 565.4274 29.57 32.16                   12036 .02g -.002g   160
   171  5.00 1  0  1587 1997:05:07 1187.197 35.10213 567.7145 29.57 32.35                   12008 .02g -.006g   240
   172  25.0 1  0  1612 1997:06:01 1176.481 34.70054 568.8862 29.50 32.59                   11874 .03g  .025o  -178
   173w 1.00 1  0  1613 1997:06:02 1216.938 35.88202 574.9073 29.49 32.08                   11868 .03g  .002g  -133
   174  5.00 1  0  1618 1997:06:07 1214.862 35.82196 574.4389 29.49 32.10                   11841 .03g  .005g  -156
   175  24.0 1  0  1642 1997:07:01 1206.150 35.57166 575.6925 29.49 32.31                   11712 .03g -.023w  -256
   176w 1.00 1  0  1643 1997:07:02 1142.642 33.65952 545.8215 29.46 32.33                   11707 .03g -.001g -52.2
   177  5.00 1  0  1648 1997:07:07 1140.129 33.48249 547.5826 29.37 32.45                   11681 .03g -.005w   112
   178  25.0 1  0  1673 1997:08:01 1136.758 33.34166 548.8407 29.33 32.56                   11554 .04g  .023o  -170
   179w 1.00 1  0  1674 1997:08:02 1107.741 32.43930 549.3496 29.28 33.15                   11549 .04g  .002g -62.6
   180  5.00 1  0  1679 1997:08:07 1105.869 32.30549 550.4382 29.21 33.23                   11524 .04g  .006g  -177

                                    I M E X   T I M E   S T E P   S U M M A R Y
 ==================================================================================================================
    Time Step           Time                  Total Production             Total Injection  Total Max. Max. Change
 ---------------- ---------------- -------------------------------------- -----------------  PV   Mat. ------------
                C                    Oil      Gas     Water   GOR.  Wat.    Gas     Water   Avg.  bal. Satur. Pres.
        Size    U                                              M3/   Cut                    Pres. err. DSMAX  DPMAX
  No.   Days IT T Days   yy:mm:dd    M3/D    MM3/D     M3/D     M3    %    MM3/D     M3/D    kPa   %           kPa
 ------ ---- -- - ----- ---------- -------- -------- -------- ----- ----- -------- -------- ----- ---- ------ -----
   181  25.0 1  0  1704 1997:09:01 1103.085 33.35048 551.2414 30.23 33.32                   11399 .04g  .022o  -393
   182w 1.00 1  0  1705 1997:09:02 1055.246 31.07426 502.8400 29.45 32.27                   11394 .04g -.002o  50.3
   183  5.00 1  0  1710 1997:09:07 1053.351 30.66858 503.9450 29.12 32.36                   11371 .04g -.006o   138
   184  24.0 1  0  1734 1997:10:01 1050.858 30.76335 504.6261 29.27 32.44                   11261 .04g -.020w  -251
   185w 1.00 1  0  1735 1997:10:02 982.3782 28.55475 469.2923 29.07 32.33                   11257 .04g -.002g  56.6
   186  5.00 1  0  1740 1997:10:07 980.4057 28.22534 470.4709 28.79 32.43                   11236 .04g -.004g   122
   187  25.0 1  0  1765 1997:11:01 978.2244 28.05871 470.8612 28.68 32.49                   11130 .04g  .020o  -205
   188w 1.00 1  0  1766 1997:11:02 880.5046 25.11481 442.5078 28.52 33.45                   11126 .04g -.002g  58.1
   189  5.00 1  0  1771 1997:11:07 878.2134 24.88470 444.0362 28.34 33.58                   11106 .04g -.004g   109
   190  24.0 1  0  1795 1997:12:01 876.5466 24.72689 444.0682 28.21 33.63                   11012 .05g  .019o  -145
   191w 1.00 1  0  1796 1997:12:02 816.8240 23.08906 399.4589 28.27 32.84                   11009 .05g -.002g  51.7
   192  5.00 1  0  1801 1997:12:07 814.7668 22.99544 400.8155 28.22 32.97                   10990 .05g -.005g   140
   193  25.0 1  0  1826 1998:01:01 812.5481 22.96659 401.5019 28.26 33.07                   10901 .05g  .018o   219
   194w 1.00 1  0  1827 1998:01:02 874.2518 24.48379 394.6505 28.01 31.10                   10898 .05g  .003g -72.7
   195  5.00 1  0  1832 1998:01:07 876.0898 24.72188 392.1298 28.22 30.92                   10880 .05g  .007g  -160
   196  25.0 1  0  1857 1998:02:01 875.8392 25.21514 390.9386 28.79 30.86                   10794 .05g  .017o  -254
   197w 1.00 1  0  1858 1998:02:02 732.4965 20.94999 339.5925 28.60 31.68                   10791 .05g  .002o  47.8
   198  5.00 1  0  1863 1998:02:07 730.4292 20.69502 341.0218 28.33 31.83                   10775 .05g -.005g   113
   199  22.0 1  0  1885 1998:03:01 729.0857 20.48429 341.1505 28.10 31.88                   10709 .05g  .014o   148
   200w 1.00 1  0  1886 1998:03:02 750.4053 21.06261 339.4127 28.07 31.14                   10706 .05g  .004g -84.6

                                    I M E X   T I M E   S T E P   S U M M A R Y
 ==================================================================================================================
    Time Step           Time                  Total Production             Total Injection  Total Max. Max. Change
 ---------------- ---------------- -------------------------------------- -----------------  PV   Mat. ------------
                C                    Oil      Gas     Water   GOR.  Wat.    Gas     Water   Avg.  bal. Satur. Pres.
        Size    U                                              M3/   Cut                    Pres. err. DSMAX  DPMAX
  No.   Days IT T Days   yy:mm:dd    M3/D    MM3/D     M3/D     M3    %    MM3/D     M3/D    kPa   %           kPa
 ------ ---- -- - ----- ---------- -------- -------- -------- ----- ----- -------- -------- ----- ---- ------ -----
   201  5.00 1  0  1891 1998:03:07 753.6796 22.20006 336.1384 29.46 30.84                   10692 .05g  .008g  -246
   202  25.0 1  0  1916 1998:04:01 730.3232 21.80745 332.1538 29.86 31.26                   10619 .05g -.015w  -277
   203w 1.00 1  0  1917 1998:04:02 759.5974 21.70583 345.8723 28.58 31.29                   10616 .05g  .003g -62.5
   204  5.00 1  0  1922 1998:04:07 745.8843 21.02660 347.1251 28.19 31.76                   10601 .05g  .007g  -147
   205  24.0 1  0  1946 1998:05:01 734.4596 20.96023 346.0746 28.54 32.03                   10531 .05g  .014o  -171
   206w 1.00 1  0  1947 1998:05:02 681.9531 19.51973 320.7018 28.62 31.99                   10528 .05g -.003g -72.6
   207  5.00 1  0  1952 1998:05:07 677.4462 19.35599 322.8236 28.57 32.27                   10514 .05g -.008g   197
   208  25.0 1  0  1977 1998:06:01 674.8945 19.04081 322.9249 28.21 32.36                   10446 .05g  .014o   303
   209w 1.00 1  0  1978 1998:06:02 732.6532 20.54505 326.4376 28.04 30.82                   10444 .06g  .003g -63.3
   210  5.00 1  0  1983 1998:06:07 735.4966 20.71670 322.8074 28.17 30.50                   10430 .06g  .006g  -129
   211  24.0 1  0  2007 1998:07:01 736.5684 20.95713 320.4656 28.45 30.32                   10368 .06g  .012o  -187
   212w 1.00 1  0  2008 1998:07:02 658.2041 18.71556 290.4742 28.43 30.62                   10365 .06g -.002g -90.5
   213  5.00 1  0  2013 1998:07:07 655.7476 18.51253 292.3726 28.23 30.84                   10353 .06g -.004g   113
   214  25.0 1  0  2038 1998:08:01 654.0822 18.27856 292.8939 27.95 30.93                   10291 .06g -.012w   136
   215w 1.00 1  0  2039 1998:08:02 691.0766 19.27038 327.0091 27.88 32.12                   10288 .06g  .001g -32.6
   216  5.00 1  0  2044 1998:08:07 691.9159 19.38814 325.6710 28.02 32.00                   10275 .06g  .003g -57.3
   217  25.0 1  0  2069 1998:09:01 692.3046 19.53090 324.2237 28.21 31.90                   10212 .06g -.012w  -110
   218w 1.00 1  0  2070 1998:09:02 671.6811 18.94351 301.1841 28.20 30.96                   10210 .06g  9e-4g  40.5
   219  5.00 1  0  2075 1998:09:07 671.7655 19.01990 300.6446 28.31 30.92                   10198 .06g  .002g -66.0
   220  24.0 1  0  2099 1998:10:01 671.8294 19.12686 299.6260 28.47 30.84                   10142 .07g  .010o  -145

                                    I M E X   T I M E   S T E P   S U M M A R Y
 ==================================================================================================================
    Time Step           Time                  Total Production             Total Injection  Total Max. Max. Change
 ---------------- ---------------- -------------------------------------- -----------------  PV   Mat. ------------
                C                    Oil      Gas     Water   GOR.  Wat.    Gas     Water   Avg.  bal. Satur. Pres.
        Size    U                                              M3/   Cut                    Pres. err. DSMAX  DPMAX
  No.   Days IT T Days   yy:mm:dd    M3/D    MM3/D     M3/D     M3    %    MM3/D     M3/D    kPa   %           kPa
 ------ ---- -- - ----- ---------- -------- -------- -------- ----- ----- -------- -------- ----- ---- ------ -----
   221w 1.00 1  0  2100 1998:10:02 633.0458 18.01668 274.0105 28.46 30.21                   10140 .07g -6e-4g  49.9
   222  5.00 1  0  2105 1998:10:07 632.1842 17.94476 274.4609 28.39 30.27                   10129 .07g  .002o  43.5
   223  25.0 1  0  2130 1998:11:01 632.4030 17.86063 273.3244 28.24 30.18                   10077 .07g  .010o  -101
   224w 1.00 1  0  2131 1998:11:02 615.9366 17.40897 293.3974 28.26 32.27                   10074 .07g -.001g  -109
   225  5.00 1  0  2136 1998:11:07 616.5355 17.44742 292.4119 28.30 32.17                   10064 .07g -.003g  84.1
   226  24.0 1  0  2160 1998:12:01 616.3770 17.42822 291.7228 28.28 32.12                   10012 .07g  .009o   103
   227w 1.00 1  0  2161 1998:12:02 583.2969 16.41451 248.3527 28.14 29.86                   10011 .07g  .001g  63.1
   228  5.00 1  0  2166 1998:12:07 582.4646 16.35680 248.8293 28.08 29.93                   10001 .07g  .003g -75.4
   229  25.0 1  0  2191 1999:01:01 582.9389 16.30946 247.5175 27.98 29.81                    9956 .07g  .009o  -119
   230w 1.00 1  0  2192 1999:01:02 533.8215 14.93655 239.0229 27.98 30.93                    9954 .07g -.001g  37.2
   231  5.00 1  0  2197 1999:01:07 532.9333 14.85853 239.5718 27.88 31.01                    9945 .07g -.004g  97.0
   232  25.0 1  0  2222 1999:02:01 533.0964 14.78097 238.6090 27.73 30.92                    9902 .08g  .009o   119
   233w 1.00 1  0  2223 1999:02:02 648.9219 18.01129 301.7004 27.76 31.74                    9900 .08g  .003g -69.8
   234  5.00 1  0  2228 1999:02:07 652.0998 18.43780 298.2040 28.27 31.38                    9890 .08g  .007g  -183
   235  22.0 1  0  2250 1999:03:01 652.2887 21.05022 297.3142 32.27 31.31                    9846 .07g  .009g  -337
   236w 1.00 1  0  2251 1999:03:02 518.1069 16.22246 252.4232 31.31 32.76                    9844 .07g -.002g  77.5
   237  5.00 1  0  2256 1999:03:07 515.9853 15.11912 254.2528 29.30 33.01                    9835 .07g -.005g   108
   238  25.0 1  0  2281 1999:04:01 516.6135 14.58400 252.9096 28.23 32.87                    9793 .07g  .009o   141
   239w 1.00 1  0  2282 1999:04:02 596.3143 16.72379 234.5667 28.05 28.23                    9792 .07g -.002o -47.5
   240  5.00 1  0  2287 1999:04:07 597.4724 16.91332 233.1202 28.31 28.07                    9784 .07g -.005o  -122

                                    I M E X   T I M E   S T E P   S U M M A R Y
 ==================================================================================================================
    Time Step           Time                  Total Production             Total Injection  Total Max. Max. Change
 ---------------- ---------------- -------------------------------------- -----------------  PV   Mat. ------------
                C                    Oil      Gas     Water   GOR.  Wat.    Gas     Water   Avg.  bal. Satur. Pres.
        Size    U                                              M3/   Cut                    Pres. err. DSMAX  DPMAX
  No.   Days IT T Days   yy:mm:dd    M3/D    MM3/D     M3/D     M3    %    MM3/D     M3/D    kPa   %           kPa
 ------ ---- -- - ----- ---------- -------- -------- -------- ----- ----- -------- -------- ----- ---- ------ -----
   241  24.0 1  0  2311 1999:05:01 597.6265 17.21146 232.2927 28.80 27.99                    9747 .08g  .008o  -173
   242w 1.00 1  0  2312 1999:05:02 491.4687 13.93965 215.5367 28.36 30.49                    9745 .08g -.002g  49.6
   243  5.00 1  0  2317 1999:05:07 489.4722 13.65584 217.2606 27.90 30.74                    9738 .08g -.006g   135
   244  25.0 1  0  2342 1999:06:01 489.5049 13.44060 216.5662 27.46 30.67                    9702 .08g  .008o   223
   245w 1.00 1  0  2343 1999:06:02 557.2821 15.21639 227.0027 27.30 28.94                    9701 .08g  .003g -62.1
   246  5.00 1  0  2348 1999:06:07 560.3760 15.50894 223.6432 27.68 28.53                    9694 .08g  .007g  -147
   247  24.0 1  0  2372 1999:07:01 561.2589 16.63044 222.1435 29.63 28.36                    9660 .08g  .009g  -276
   248w 1.00 1  0  2373 1999:07:02 520.3291 15.17683 202.1420 29.17 27.98                    9659 .08g -.001g -55.4
   249  5.00 1  0  2378 1999:07:07 518.6753 14.67054 203.5437 28.28 28.18                    9652 .08g -.003g  82.1
   250  25.0 1  0  2403 1999:08:01 518.3987 14.49909 203.2088 27.97 28.16                    9619 .08g  .008o  86.2
   251w 1.00 1  0  2404 1999:08:02 489.8560 13.64532 189.1164 27.86 27.85                    9618 .08g -.002g  43.3
   252  5.00 1  0  2409 1999:08:07 488.2624 13.52543 190.4668 27.70 28.06                    9612 .08g -.005g   118
   253  25.0 1  0  2434 1999:09:01 488.0038 13.44582 190.1232 27.55 28.04                    9582 .08g  .008o   200
   254w 1.00 1  0  2435 1999:09:02 492.7058 13.45512 211.0759 27.31 29.99                    9581 .08g  .001g -28.8
   255  5.00 1  0  2440 1999:09:07 494.0628 13.54470 209.4788 27.41 29.77                    9574 .08g  .003g -60.6
   256  24.0 1  0  2464 1999:10:01 495.0846 13.68002 207.8884 27.63 29.57                    9545 .08g  .007o -94.2
   257w 1.00 1  0  2465 1999:10:02 535.9813 14.82796 229.4396 27.67 29.98                    9544 .08g  .002g -61.9
   258  5.00 1  0  2470 1999:10:07 537.2180 15.03667 227.9713 27.99 29.79                    9537 .08g  .005g  -108
   259  25.0 1  0  2495 1999:11:01 537.1310 16.16819 227.4854 30.10 29.75                    9505 .08g  .007o  -231
   260w 1.00 1  0  2496 1999:11:02 421.4988 12.40101 188.2702 29.42 30.88                    9504 .08g  .002o  48.1

                                    I M E X   T I M E   S T E P   S U M M A R Y
 ==================================================================================================================
    Time Step           Time                  Total Production             Total Injection  Total Max. Max. Change
 ---------------- ---------------- -------------------------------------- -----------------  PV   Mat. ------------
                C                    Oil      Gas     Water   GOR.  Wat.    Gas     Water   Avg.  bal. Satur. Pres.
        Size    U                                              M3/   Cut                    Pres. err. DSMAX  DPMAX
  No.   Days IT T Days   yy:mm:dd    M3/D    MM3/D     M3/D     M3    %    MM3/D     M3/D    kPa   %           kPa
 ------ ---- -- - ----- ---------- -------- -------- -------- ----- ----- -------- -------- ----- ---- ------ -----
   261  5.00 1  0  2501 1999:11:07 419.4291 11.79535 190.1113 28.12 31.19                    9498 .08g  .006o   137
   262  24.0 1  0  2525 1999:12:01 419.7016 11.59036 189.2862 27.62 31.08                    9473 .09g -.007g   190
   263w 1.00 1  0  2526 1999:12:02 449.0379 12.38823 187.7132 27.59 29.48                    9472 .09g -.001g  27.1
   264  5.00 1  0  2531 1999:12:07 448.6185 12.34969 187.9078 27.53 29.52                    9467 .09g -.003g  77.4
   265  25.0 1  0  2556 2000:01:01 448.8437 12.31642 187.1295 27.44 29.42                    9441 .09g  .007o   134
   266w 1.00 1  0  2557 2000:01:02 513.8642 14.01347 195.1582 27.27 27.52                    9440 .09g  .002g -53.7
   267  5.00 1  0  2562 2000:01:07 516.4936 14.24661 192.3102 27.58 27.13                    9435 .09g  .006g  -126
   268  25.0 1  0  2587 2000:02:01 517.3739 14.78844 190.8846 28.58 26.95                    9411 .09g  .009g  -233
   269w 1.00 1  0  2588 2000:02:02 380.9475 10.79216 176.7950 28.33 31.70                    9410 .09g -.005g   100
   270  5.00 1  0  2593 2000:02:07 378.3200 10.57482 179.2075 27.95 32.14                    9405 .09g -.012g   269
   271  23.0 1  0  2616 2000:03:01 377.0467 10.44232 179.9824 27.70 32.31                    9383 .09g -.016g   402
   272w 1.00 1  0  2617 2000:03:02 431.5925 11.49472 176.2605 26.63 29.00                    9382 .09g  .005g  -113
   273  5.00 1  0  2622 2000:03:07 436.1601 11.42209 171.6929 26.19 28.25                    9378 .09g  .010g  -224
   274  25.0 1  0  2647 2000:04:01 439.9822 11.91615 167.8708 27.08 27.62                    9358 .09g  .015g  -320
   275w 30.0 1  0  2677 2000:05:01 423.8495 11.93260 182.8729 28.15 30.14                    9331 .09g -.009g   247
   276w 1.00 1  0  2678 2000:05:02 441.8187 12.39639 150.6333 28.06 25.43                    9330 .09g  .003g -55.2
   277  5.00 1  0  2683 2000:05:07 443.0913 12.66549 148.3735 28.58 25.09                    9327 .09g  .006g  -136
   278  25.0 1  0  2708 2000:06:01 443.3432 13.46127 147.3856 30.36 24.95                    9310 .09g  .009g  -316
   279w 1.00 1  0  2709 2000:06:02 467.8767 14.47316 185.3270 30.93 28.37                    9309 .09g  .001g -50.9
   280  5.00 1  0  2714 2000:06:07 468.3711 15.27098 184.6845 32.60 28.28                    9305 .09g  .004g  -175

                                    I M E X   T I M E   S T E P   S U M M A R Y
 ==================================================================================================================
    Time Step           Time                  Total Production             Total Injection  Total Max. Max. Change
 ---------------- ---------------- -------------------------------------- -----------------  PV   Mat. ------------
                C                    Oil      Gas     Water   GOR.  Wat.    Gas     Water   Avg.  bal. Satur. Pres.
        Size    U                                              M3/   Cut                    Pres. err. DSMAX  DPMAX
  No.   Days IT T Days   yy:mm:dd    M3/D    MM3/D     M3/D     M3    %    MM3/D     M3/D    kPa   %           kPa
 ------ ---- -- - ----- ---------- -------- -------- -------- ----- ----- -------- -------- ----- ---- ------ -----
   281  24.0 1  0  2738 2000:07:01 467.6386 14.45361 185.0531 30.91 28.35                    9284 .09g  .007g  -285
   282w 1.00 1  0  2739 2000:07:02 417.3145 12.28881 169.0195 29.45 28.83                    9283 .09g -.002g  33.7
   283  5.00 1  0  2744 2000:07:07 416.6250 11.39933 169.7090 27.36 28.94                    9280 .09g -.004g   133
   284  25.0 1  0  2769 2000:08:01 417.5569 11.25299 168.7772 26.95 28.79                    9261 .09g -.006g   145
   285w 31.0 1  0  2800 2000:09:01 440.7479 12.16821 174.8352 27.61 28.40                    9237 .10g  .009g   242
   286w 1.00 1  0  2801 2000:09:02 418.1166 11.59596 175.4898 27.73 29.56                    9236 .10g  .001o  36.3
   287  5.00 1  0  2806 2000:09:07 416.9733 11.61285 175.9138 27.85 29.67                    9232 .10g  .003o  73.8
   288  24.0 1  0  2830 2000:10:01 417.0371 11.52414 175.1275 27.63 29.57                    9214 .10g  .005o   101
   289w 1.00 1  0  2831 2000:10:02 400.6793 10.98027 140.0691 27.40 25.90                    9213 .10g -7e-4g  50.0
   290  5.00 1  0  2836 2000:10:07 401.2438 11.00730 139.3250 27.43 25.77                    9211 .10g  .002g  40.1
   291  25.0 1  0  2861 2000:11:01 401.4437 11.06621 138.7207 27.57 25.68                    9197 .10g -.005w -69.3
   292w 1.00 1  0  2862 2000:11:02 394.7747 10.96680 138.5313 27.78 25.98                    9196 .10g -.003g  53.1
   293  5.00 1  0  2867 2000:11:07 393.5158 10.88209 139.6530 27.65 26.19                    9193 .10g -.006g   144
   294  24.0 1  0  2891 2000:12:01 392.7452 10.82218 140.0161 27.56 26.28                    9179 .10g -.009g   236
   295w 1.00 1  0  2892 2000:12:02 440.3106 11.88428 173.2618 26.99 28.24                    9179 .10g  .003g -74.2
   296  5.00 1  0  2897 2000:12:07 443.2462 12.06348 170.1574 27.22 27.74                    9175 .10g  .008g  -165
   297  25.0 1  0  2922 2001:01:01 444.3182 12.64006 168.6537 28.45 27.51                    9158 .10g  .012g  -283
   298w 1.00 1  0  2923 2001:01:02 415.2197 11.76446 151.1553 28.33 26.69                    9157 .10g -8e-4g  16.6
   299  5.00 1  0  2928 2001:01:07 414.4611 11.67491 151.9139 28.17 26.82                    9154 .10g -.002g  40.9
   300  25.0 1  0  2953 2001:02:01 413.9743 11.55036 151.8877 27.90 26.84                    9140 .10g  .005o -25.1

                                    I M E X   T I M E   S T E P   S U M M A R Y
 ==================================================================================================================
    Time Step           Time                  Total Production             Total Injection  Total Max. Max. Change
 ---------------- ---------------- -------------------------------------- -----------------  PV   Mat. ------------
                C                    Oil      Gas     Water   GOR.  Wat.    Gas     Water   Avg.  bal. Satur. Pres.
        Size    U                                              M3/   Cut                    Pres. err. DSMAX  DPMAX
  No.   Days IT T Days   yy:mm:dd    M3/D    MM3/D     M3/D     M3    %    MM3/D     M3/D    kPa   %           kPa
 ------ ---- -- - ----- ---------- -------- -------- -------- ----- ----- -------- -------- ----- ---- ------ -----
   301w 1.00 1  0  2954 2001:02:02 468.9399 13.06518 170.2498 27.86 26.64                    9139 .10g -.002o -36.2
   302  5.00 1  0  2959 2001:02:07 470.3227 13.69302 168.7270 29.11 26.40                    9136 .10g -.004o -98.7
   303  22.0 1  0  2981 2001:03:01 470.1468 14.22058 168.5319 30.25 26.39                    9121 .10g  .006g  -241
   304w 1.00 1  0  2982 2001:03:02 392.1733 11.77276 129.5237 30.02 24.83                    9121 .10g -.001g  52.7
   305  5.00 1  0  2987 2001:03:07 390.8727 11.10654 130.8243 28.41 25.08                    9118 .10g  .003o  69.5
   306  25.0 1  0  3012 2001:04:01 391.2979 10.70709 130.3991 27.36 25.00                    9106 .10g  .004o   111
   307w 30.0 1  0  3042 2001:05:01 384.1316 11.05201 159.0318 28.77 29.28                    9089 .10g -.007g   180
   308w 1.00 1  0  3043 2001:05:02 382.2936 11.02911 131.3770 28.85 25.58                    9088 .10g -7e-4o  22.7
   309  5.00 1  0  3048 2001:05:07 380.3237 11.00427 131.9730 28.93 25.76                    9086 .10g -.002o -64.1
   310  25.0 1  0  3073 2001:06:01 379.8446 10.64342 131.6866 28.02 25.74                    9074 .10g  .004o -72.1
   311w 1.00 1  0  3074 2001:06:02 396.5207 11.09870 146.2805 27.99 26.95                    9074 .10g  .001g -36.6
   312  5.00 1  0  3079 2001:06:07 398.2935 11.54978 144.3983 29.00 26.61                    9071 .10g  .003g -70.6
   313  24.0 1  0  3103 2001:07:01 397.9362 11.93747 144.5565 30.00 26.65                    9059 .10g  .004g  -205
   314w 1.00 1  0  3104 2001:07:02 427.3084 12.57922 158.6589 29.44 27.08                    9058 .10g  .002g -48.6
   315  5.00 1  0  3109 2001:07:07 426.4507 12.24481 159.4381 28.71 27.21                    9055 .10g  .004g  -108
   316  25.0 1  0  3134 2001:08:01 426.4249 12.01406 159.1007 28.17 27.17                    9041 .10g  .005g  -138
   317w 1.00 1  0  3135 2001:08:02 327.3677 8.979891 118.8354 27.43 26.63                    9040 .10g -.002g  45.5
   318  5.00 1  0  3140 2001:08:07 325.7616 8.439102 120.4414 25.91 26.99                    9038 .10g -.006g   136
   319  25.0 1  0  3165 2001:09:01 325.6865 8.308120 120.5165 25.51 27.01                    9029 .10g -.010g   259
   320w 30.0 1  0  3195 2001:10:01 258.2326 6.465925 105.5274 25.04 29.01                    9019 .10g -.017g   425

                                    I M E X   T I M E   S T E P   S U M M A R Y
 ==================================================================================================================
    Time Step           Time                  Total Production             Total Injection  Total Max. Max. Change
 ---------------- ---------------- -------------------------------------- -----------------  PV   Mat. ------------
                C                    Oil      Gas     Water   GOR.  Wat.    Gas     Water   Avg.  bal. Satur. Pres.
        Size    U                                              M3/   Cut                    Pres. err. DSMAX  DPMAX
  No.   Days IT T Days   yy:mm:dd    M3/D    MM3/D     M3/D     M3    %    MM3/D     M3/D    kPa   %           kPa
 ------ ---- -- - ----- ---------- -------- -------- -------- ----- ----- -------- -------- ----- ---- ------ -----
   321w 31.0 1  0  3226 2001:11:01 283.2075 8.789016 106.7531 31.03 27.38                    9008 .10g -.018g   434
   322w 1.00 1  0  3227 2001:11:02 378.9718 11.27471 148.5740 29.75 28.16                    9007 .10g  .005g  -124
   323  5.00 1  0  3232 2001:11:07 381.5383 11.35121 142.7862 29.75 27.23                    9005 .10g  .010g  -223
   324  24.0 1  0  3256 2001:12:01 383.5476 10.64158 139.6200 27.75 26.69                    8994 .10g  .018g  -288
   325w 1.00 1  0  3257 2001:12:02 419.5712 11.46123 155.2701 27.32 27.01                    8993 .10g  .003g -56.0
   326  5.00 1  0  3262 2001:12:07 422.2252 11.51303 152.4348 27.27 26.53                    8991 .10g  .007g  -147
   327  25.0 1  0  3287 2002:01:01 423.0751 12.23655 151.3944 28.92 26.35                    8979 .10g  .016g  -322
   328w 1.00 1  0  3288 2002:01:02 404.7554 11.55482 127.0756 28.55 23.89                    8978 .10g -.001g  23.8
   329  5.00 1  0  3293 2002:01:07 403.0520 11.33028 128.6946 28.11 24.20                    8976 .10g -.002g -58.3
   330  25.0 1  0  3318 2002:02:01 402.4695 11.22829 128.8110 27.90 24.25                    8965 .10g -.004g  -104
   331w 1.00 1  0  3319 2002:02:02 345.7985  9.62790 128.9747 27.84 27.17                    8965 .10g -.002g  41.7
   332  5.00 1  0  3324 2002:02:07 344.3265 9.484192 130.2767 27.54 27.45                    8963 .10g -.005g   115
   333  22.0 1  0  3346 2002:03:01 343.6605 9.369602 130.4615 27.26 27.52                    8953 .10g -.007g   185
   334w 1.00 1  0  3347 2002:03:02 398.7326 10.75419 128.9761 26.97 24.44                    8953 .10g  .002g -50.3
   335  5.00 1  0  3352 2002:03:07 401.2728 10.93018 126.2436 27.24 23.93                    8951 .10g  .006g  -114
   336  25.0 1  0  3377 2002:04:01 401.8380 11.46650 125.1615 28.54 23.75                    8941 .10g  .008g  -201
   337w 1.00 1  0  3378 2002:04:02 402.3537 11.71593 155.2966 29.12 27.85                    8941 .10g  .001g -31.5
   338  5.00 1  0  3383 2002:04:07 403.4327 12.60245 154.0301 31.24 27.63                    8938 .10g  .004g  -162
   339  24.0 1  0  3407 2002:05:01 402.2168 12.59884 154.7754 31.32 27.79                    8926 .10g  .007g  -304
   340w 1.00 1  0  3408 2002:05:02 332.0426  9.82041 123.9842 29.58 27.19                    8926 .10g -.003g  53.3

                                    I M E X   T I M E   S T E P   S U M M A R Y
 ==================================================================================================================
    Time Step           Time                  Total Production             Total Injection  Total Max. Max. Change
 ---------------- ---------------- -------------------------------------- -----------------  PV   Mat. ------------
                C                    Oil      Gas     Water   GOR.  Wat.    Gas     Water   Avg.  bal. Satur. Pres.
        Size    U                                              M3/   Cut                    Pres. err. DSMAX  DPMAX
  No.   Days IT T Days   yy:mm:dd    M3/D    MM3/D     M3/D     M3    %    MM3/D     M3/D    kPa   %           kPa
 ------ ---- -- - ----- ---------- -------- -------- -------- ----- ----- -------- -------- ----- ---- ------ -----
   341  5.00 1  0  3413 2002:05:07 329.6166 9.199262 126.2454 27.91 27.69                    8924 .10g -.007g   207
   342  25.0 1  0  3438 2002:06:01 329.2054 8.964928 126.2085 27.23 27.71                    8914 .10g -.009g   291
   343w 1.00 1  0  3439 2002:06:02 359.0604  9.68596 128.5009 26.98 26.36                    8914 .10g  .002g -35.0
   344  5.00 1  0  3444 2002:06:07 361.1338  9.86293 126.2664 27.31 25.91                    8912 .10g  .005g -79.8
   345  24.0 1  0  3468 2002:07:01 361.6435 10.62697 125.3502 29.39 25.74                    8903 .10g  .008g  -169
   346w 1.00 1  0  3469 2002:07:02 384.3758 11.00943 128.9544 28.64 25.12                    8903 .10g -.002o -37.5
   347  5.00 1  0  3474 2002:07:07 383.1760 10.79666 130.0005 28.18 25.33                    8901 .10g -.004o  -102
   348  25.0 1  0  3499 2002:08:01 382.4359 10.62612 130.3463 27.79 25.42                    8890 .10g  .006g  -150
   349w 1.00 1  0  3500 2002:08:02 403.2281 11.19200 119.3230 27.76 22.83                    8890 .10g  .001g -33.3
   350  5.00 1  0  3505 2002:08:07 404.0646 11.42166 118.3395 28.27 22.65                    8888 .10g  .003g -78.5
   351  25.0 1  0  3530 2002:09:01 404.0079 12.14379 118.0284 30.06 22.61                    8879 .10g  .005g  -159
   352w 1.00 1  0  3531 2002:09:02 343.3328 10.07946 118.6079 29.36 25.68                    8879 .10g -.002g  33.0
   353  5.00 1  0  3536 2002:09:07 341.8408  9.61731 119.9601 28.13 25.98                    8877 .10g -.004g   109
   354  24.0 1  0  3560 2002:10:01 341.2265 9.428165 120.2374 27.63 26.06                    8868 .10g -.006g   183
   355w 1.00 1  0  3561 2002:10:02 302.5862 8.154415 128.1418 26.95 29.75                    8867 .10g  .001g -42.2
   356  5.00 1  0  3566 2002:10:07 302.8118 7.712491 127.9162 25.47 29.70                    8866 .10g -.003g  93.1
   357  25.0 1  0  3591 2002:11:01 302.8853 7.603000 127.8427 25.10 29.68                    8856 .10g -.005g   176
   358w 30.0 1  0  3621 2002:12:01 323.7097  9.67289 113.1994 29.88 25.91                    8847 .10g  .009g  -209
   359w 1.00 1  0  3622 2002:12:02 326.8246  9.73643 106.2924 29.79 24.54                    8847 .10g  .001o -25.1
   360  5.00 1  0  3627 2002:12:07 326.8748  9.68466 106.2422 29.63 24.53                    8845 .10g -.003g -77.8

                                    I M E X   T I M E   S T E P   S U M M A R Y
 ==================================================================================================================
    Time Step           Time                  Total Production             Total Injection  Total Max. Max. Change
 ---------------- ---------------- -------------------------------------- -----------------  PV   Mat. ------------
                C                    Oil      Gas     Water   GOR.  Wat.    Gas     Water   Avg.  bal. Satur. Pres.
        Size    U                                              M3/   Cut                    Pres. err. DSMAX  DPMAX
  No.   Days IT T Days   yy:mm:dd    M3/D    MM3/D     M3/D     M3    %    MM3/D     M3/D    kPa   %           kPa
 ------ ---- -- - ----- ---------- -------- -------- -------- ----- ----- -------- -------- ----- ---- ------ -----
   361  25.0 1  0  3652 2003:01:01 327.0208 9.100883 106.0962 27.83 24.50                    8837 .10g -.004w  89.0
   362w 31.0 1  0  3683 2003:02:01 243.5009 6.154526 86.00807 25.28 26.10                    8831 .10g -.018g   487
   363w 28.0 1  0  3711 2003:03:01 269.1470 7.178211 103.3270 26.67 27.74                    8822 .10g  .008g   101
   364w 31.0 1  0  3742 2003:04:01 297.2308 7.622422 109.3852 25.64 26.90                    8813 .10g  .011g   272
   365w 30.0 1  0  3772 2003:05:01 362.9838 13.50323 121.8253 37.20 25.13                    8803 .09g  .020g  -435
   366w 1.00 1  0  3773 2003:05:02 285.0243 10.32928  99.5357 36.24 25.88                    8802 .09g -.001g -25.8
   367  5.00 1  0  3778 2003:05:07 283.8899 9.395278 100.6701 33.09 26.18                    8801 .09g -.004g  58.7
   368  25.0 1  0  3803 2003:06:01 283.6041 7.795551 100.9559 27.49 26.25                    8795 .09g -.007g   127
   369w 30.0 1  0  3833 2003:07:01 376.7244 11.47949 125.0775 30.47 24.93                    8783 .09g  .006g  -257
   370w 1.00 1  0  3834 2003:07:02 245.1503 6.854321 90.58472 27.96 26.98                    8783 .09g -.003g  64.7
   371  5.00 1  0  3839 2003:07:07 243.0781 6.255569 92.65695 25.73 27.60                    8782 .09g -.009g   222
   372  25.0 1  0  3864 2003:08:01 242.4915 6.036728 93.24349 24.89 27.77                    8776 .09g -.014g   348
   373w 31.0 1  0  3895 2003:09:01 235.8285 5.739542 97.43353 24.34 29.24                    8768 .09g -.008g   188
   374w 30.0 2  0  3925 2003:10:01 385.5205 11.40871 131.2985 29.59 25.41                    8756 .09g  .023g  -723
   375w 1.00 1  0  3926 2003:10:02 329.8386  9.67063 132.0937 29.32 28.60                    8756 .09g  .001g -37.8
   376  5.00 1  0  3931 2003:10:07 329.7110  9.50474 132.0792 28.83 28.60                    8754 .09g -.002g  53.4
   377  25.0 1  0  3956 2003:11:01 329.1202 9.365443 132.0594 28.46 28.64                    8745 .09g  .004o -71.4
   378w 1.00 1  0  3957 2003:11:02 290.0143 7.806578 108.5137 26.92 27.23                    8745 .09g -.002g  46.4
   379  5.00 1  0  3962 2003:11:07 288.6331 7.421016 109.8949 25.71 27.58                    8743 .09g -.007g   206
   380  24.0 1  0  3986 2003:12:01 288.4379 7.272007 110.0901 25.21 27.62                    8736 .09g -.012g   339

                                    I M E X   T I M E   S T E P   S U M M A R Y
 ==================================================================================================================
    Time Step           Time                  Total Production             Total Injection  Total Max. Max. Change
 ---------------- ---------------- -------------------------------------- -----------------  PV   Mat. ------------
                C                    Oil      Gas     Water   GOR.  Wat.    Gas     Water   Avg.  bal. Satur. Pres.
        Size    U                                              M3/   Cut                    Pres. err. DSMAX  DPMAX
  No.   Days IT T Days   yy:mm:dd    M3/D    MM3/D     M3/D     M3    %    MM3/D     M3/D    kPa   %           kPa
 ------ ---- -- - ----- ---------- -------- -------- -------- ----- ----- -------- -------- ----- ---- ------ -----
   381w 31.0 2  0  4017 2004:01:01 333.6364  9.94375 122.5737 29.80 26.87                    8726 .09g  .023g  -673
   382w 1.00 1  0  4018 2004:01:02 328.5122 9.436436 102.9646 28.72 23.86                    8726 .09g  .002g -42.5
   383  5.00 1  0  4023 2004:01:07 330.5723 9.341045 101.8496 28.26 23.55                    8724 .09g  .005g  -103
   384  25.0 1  0  4048 2004:02:01 331.3639 10.07095 101.3132 30.39 23.42                    8718 .09g  .008g  -193
   385w 1.00 1  0  4049 2004:02:02 278.5639 7.881754 95.89909 28.29 25.61                    8718 .09g -.004g  69.2
   386  5.00 1  0  4054 2004:02:07 276.9271 7.229328 97.53588 26.11 26.05                    8716 .09g -.009g   182
   387  23.0 1  0  4077 2004:03:01 276.0144 7.043439 98.44864 25.52 26.29                    8710 .09g -.012g   282
   388w 31.0 2  0  4108 2004:04:01 267.8904 8.060037 108.1156 30.09 28.75                    8701 .09g -.012g  -327
   389w 1.00 1  0  4109 2004:04:02 319.3755 9.081466 114.7665 28.44 26.44                    8700 .09g  .003g -80.8
   390  5.00 1  0  4114 2004:04:07 321.9692 8.975386 112.1728 27.88 25.84                    8699 .09g  .007g  -153
   391  24.0 1  0  4138 2004:05:01 324.1893 9.052449 109.9527 27.92 25.33                    8693 .09g  .011g  -200
   392w 31.0 1  0  4169 2004:06:01 336.0078 8.855585 135.1152 26.36 28.68                    8681 .09g  .007g   292
   393w 30.0 1  0  4199 2004:07:01 326.1127  9.81985 113.0743 30.11 25.75                    8673 .09g  .007g  -173
   394w 31.0 1  0  4230 2004:08:01 343.2166 10.46553 121.8584 30.49 26.20                    8663 .09g -.005w  -293
   395w 1.00 1  0  4231 2004:08:02 329.9055 10.05715 117.9565 30.48 26.34                    8663 .09g  .001g  30.1
   396  5.00 1  0  4236 2004:08:07 330.1281 10.13972 117.7339 30.71 26.29                    8661 .09g  .003g -91.7
   397  25.0 1  0  4261 2004:09:01 329.9385  9.98061 117.9235 30.25 26.33                    8653 .09g  .004g  -173
   398w 30.0 1  0  4291 2004:10:01 286.7324 7.468781 126.7326 26.05 30.65                    8644 .08g  .006o   294
   399w 31.0 1  0  4322 2004:11:01 260.7594 6.998702 94.31955 26.84 26.56                    8638 .08g -.005w   109
   400w 30.0 1  0  4352 2004:12:01 298.3425 8.398367 95.40048 28.15 24.23                    8631 .08g -.015g   329

                                    I M E X   T I M E   S T E P   S U M M A R Y
 ==================================================================================================================
    Time Step           Time                  Total Production             Total Injection  Total Max. Max. Change
 ---------------- ---------------- -------------------------------------- -----------------  PV   Mat. ------------
                C                    Oil      Gas     Water   GOR.  Wat.    Gas     Water   Avg.  bal. Satur. Pres.
        Size    U                                              M3/   Cut                    Pres. err. DSMAX  DPMAX
  No.   Days IT T Days   yy:mm:dd    M3/D    MM3/D     M3/D     M3    %    MM3/D     M3/D    kPa   %           kPa
 ------ ---- -- - ----- ---------- -------- -------- -------- ----- ----- -------- -------- ----- ---- ------ -----
   401w 31.0 1  0  4383 2005:01:01 260.8030 7.247282  99.8790 27.79 27.69                    8624 .08g  .012g  -255
   402w 31.0 1  0  4414 2005:02:01 295.0456 8.634738 114.3894 29.27 27.94                    8615 .08g  .006g  -159
   403w 28.0 1  0  4442 2005:03:01 312.5955 10.76676 106.5245 34.44 25.42                    8608 .08g  .011g  -432
   404w 31.0 1  0  4473 2005:04:01 281.9199 7.483694 103.8691 26.55 26.92                    8600 .08g -.010g   284
   405w 30.0 1  0  4503 2005:05:01 262.5151 7.349483 97.42788 28.00 27.07                    8593 .08g -.005g   111
   406w 31.0 2  0  4534 2005:06:01 275.6290 8.601352 86.26996 31.21 23.84                    8586 .08g -.011g  -523
   407w 1.00 1  0  4535 2005:06:02 266.3255 7.594302 97.42646 28.52 26.78                    8586 .08g -.002g  31.3
   408  5.00 1  0  4540 2005:06:07 266.7016 6.923313 97.05040 25.96 26.68                    8585 .08g -.005g   154
   409  24.0 1  0  4564 2005:07:01 266.7202 6.726554 97.03182 25.22 26.68                    8579 .08g -.008g   275
   410w 31.0 1  0  4595 2005:08:01 243.6990 6.306528 90.93695 25.88 27.17                    8572 .08g -.008g   193
   411w 31.0 1  0  4626 2005:09:01 202.1404 5.080449 84.52159 25.13 29.48                    8566 .08g -.016g   377
   412w 30.0 1  0  4656 2005:10:01 257.2526 6.499227 101.8434 25.26 28.36                    8559 .08g  .021g  -439
   413w 31.0 1  0  4687 2005:11:01 206.5784 5.121376 88.53657 24.79 30.00                    8553 .08g -.006g   165
   414w 30.0 1  0  4717 2005:12:01 241.3124 6.149342 98.29464 25.48 28.94                    8547 .08g  .007g  -159
   415w 31.0 1  0  4748 2006:01:01 213.0009 5.355996 83.96611 25.15 28.27                    8541 .08g -.010g   251
   416w 31.0 1  0  4779 2006:02:01 242.6690 6.242082 88.54404 25.72 26.73                    8534 .08g  .008g  -144
   417w 28.0 1  0  4807 2006:03:01 262.8647 7.025160 89.89033 26.73 25.48                    8529 .08g  .007g  -137
   418w 31.0 1  0  4838 2006:04:01 243.4057 6.355621 84.69230 26.11 25.81                    8522 .08g  .005g   118
   419w 30.0 1  0  4868 2006:05:01 224.3939 5.737425 91.51414 25.57 28.97                    8516 .08g -.009g   240
   420w 31.0 1  0  4899 2006:06:01 198.4868 5.889795 72.95519 29.67 26.88                    8511 .08g  .012g  -266

                                    I M E X   T I M E   S T E P   S U M M A R Y
 ==================================================================================================================
    Time Step           Time                  Total Production             Total Injection  Total Max. Max. Change
 ---------------- ---------------- -------------------------------------- -----------------  PV   Mat. ------------
                C                    Oil      Gas     Water   GOR.  Wat.    Gas     Water   Avg.  bal. Satur. Pres.
        Size    U                                              M3/   Cut                    Pres. err. DSMAX  DPMAX
  No.   Days IT T Days   yy:mm:dd    M3/D    MM3/D     M3/D     M3    %    MM3/D     M3/D    kPa   %           kPa
 ------ ---- -- - ----- ---------- -------- -------- -------- ----- ----- -------- -------- ----- ---- ------ -----
   421w 30.0 1  0  4929 2006:07:01 231.1995 6.668415 83.47355 28.84 26.53                    8505 .08g  .005g  -217
   422w 31.0 1  0  4960 2006:08:01 218.4486 5.671685 89.54935 25.96 29.07                    8500 .08g  .010g   320
   423w 31.0 1  0  4991 2006:09:01 245.6988 7.432035 82.84926 30.25 25.22                    8494 .07g  .010g  -271
   424w 30.0 1  0  5021 2006:10:01 204.4269 5.326498 83.95615 26.06 29.11                    8488 .07g -.010g   240
   425w 31.0 1  0  5052 2006:11:01 206.3204 5.653603 74.05561 27.40 26.41                    8483 .07g -.011g   265
   426w 30.0 1  0  5082 2006:12:01 291.1400  9.70345 87.41400 33.33 23.09                    8477 .07g  .019g  -684
   427w 1.00 1  0  5083 2006:12:02 168.5701 4.889391 63.98389 29.01 27.51                    8476 .07g -.003g  60.9
   428  5.00 1  0  5088 2006:12:07 167.3523 4.331940 65.20167 25.89 28.04                    8476 .07g -.010g   263
   429  25.0 1  0  5113 2007:01:01 166.8881 4.130918 65.66591 24.75 28.24                    8472 .07g -.020g   439
   430w 31.0 1  0  5144 2007:02:01 209.3869 5.634622 83.38508 26.91 28.48                    8467 .07g  .017g  -383
   431w 28.0 1  0  5172 2007:03:01 220.4876 5.753910 86.26038 26.10 28.12                    8461 .07g  .004g  80.0
   432w 31.0 1  0  5203 2007:04:01 162.1811 4.000847 61.36086 24.67 27.45                    8457 .07g -.016g   368
   433w 30.0 1  0  5233 2007:05:01 211.6446 5.748920 93.98537 27.16 30.75                    8451 .07g  .017g  -377
   434w 31.0 1  0  5264 2007:06:01 174.6299 4.432605 75.94511 25.38 30.31                    8446 .07g -.008g   181
   435w 30.0 1  0  5294 2007:07:01 200.2229 5.284500 86.08612 26.39 30.07                    8441 .07g  .010g  -217
   436w 31.0 1  0  5325 2007:08:01 200.6573 5.149479 75.48266 25.66 27.33                    8436 .07g -.006o  97.2
   437w 31.0 1  0  5356 2007:09:01 200.0733 5.296113 83.60371 26.47 29.47                    8430 .07g  .005g  -508
   438w 30.0 1  0  5386 2007:10:01 164.6834 4.261731 66.76563 25.88 28.85                    8426 .07g -.008g   438
   439w 31.0 1  0  5417 2007:11:01 207.3596 5.369934 84.56342 25.90 28.97                    8420 .07g  .005g  -119
   440w 30.0 1  0  5447 2007:12:01 148.3541 3.726309 70.70090 25.12 32.28                    8416 .07g -.013g   283

                                    I M E X   T I M E   S T E P   S U M M A R Y
 ==================================================================================================================
    Time Step           Time                  Total Production             Total Injection  Total Max. Max. Change
 ---------------- ---------------- -------------------------------------- -----------------  PV   Mat. ------------
                C                    Oil      Gas     Water   GOR.  Wat.    Gas     Water   Avg.  bal. Satur. Pres.
        Size    U                                              M3/   Cut                    Pres. err. DSMAX  DPMAX
  No.   Days IT T Days   yy:mm:dd    M3/D    MM3/D     M3/D     M3    %    MM3/D     M3/D    kPa   %           kPa
 ------ ---- -- - ----- ---------- -------- -------- -------- ----- ----- -------- -------- ----- ---- ------ -----
   441w 31.0 1  0  5478 2008:01:01 181.0624 4.682010 67.15761 25.86 27.06                    8412 .07g  .011g  -242
   442w 31.0 1  0  5509 2008:02:01 148.8185 3.759767 57.44047 25.26 27.85                    8408 .07g -.013g   299
   443w 29.0 1  0  5538 2008:03:01 148.1917 3.735671 61.68428 25.21 29.39                    8405 .07g -.008g   189
   444w 31.0 1  0  5569 2008:04:01 174.3236 4.524072 73.73143 25.95 29.72                    8400 .07g  .007g  -162
   445w 30.0 1  0  5599 2008:05:01 145.7580 3.769506 52.21296 25.86 26.37                    8397 .07g -.012g   251
   446w 31.0 1  0  5630 2008:06:01 146.5673 3.980869 72.98370 27.16 33.24                    8393 .07g  .008g  -176
   447w 30.0 1  0  5660 2008:07:01 151.6461 3.799771 53.44589 25.06 26.06                    8389 .07g -.017g   372
   448w 31.0 1  0  5691 2008:08:01 148.0815 3.792427 64.54252 25.61 30.36                    8385 .07g  .009g  -201
   449w 31.0 1  0  5722 2008:09:01 167.8578 4.311081 59.65023 25.68 26.22                    8381 .07g  .007g  -136
   450w 30.0 1  0  5752 2008:10:01 138.9581 3.551923 69.68391 25.56 33.40                    8377 .07g -.007g  -202
   451w 31.0 1  0  5783 2008:11:01 153.2502 3.989485 62.07983 26.03 28.83                    8373 .07g -.008g   177
   452w 30.0 1  0  5813 2008:12:01 157.2802 4.270878 69.61285 27.15 30.68                    8369 .07g  .005g  -125
   453w 31.0 1  0  5844 2009:01:01 103.6741 2.604006 47.86792 25.12 31.59                    8366 .07g -.015g   327
   454w 31.0 1  0  5875 2009:02:01 115.2111 2.895057 46.76489 25.13 28.87                    8363 .07g -.014g   307
   455w 28.0 1  0  5903 2009:03:01 126.5211 3.183941 50.90595 25.17 28.69                    8360 .07g -.005w  -118
   456w 31.0 1  0  5934 2009:04:01 122.8726 3.108093 56.26240 25.30 31.41                    8356 .07g  .003g  75.9
   457w 30.0 1  0  5964 2009:05:01 115.2084 2.927204 56.91855 25.41 33.07                    8354 .07g -.016g   324
   458w 31.0 1  0  5995 2009:06:01 104.2564 2.619818 51.14858 25.13 32.91                    8351 .07g -.005g   120
   459w 30.0 1  0  6025 2009:07:01 114.3017 2.872452 60.44734 25.13 34.59                    8347 .07g  .007g  -156
   460w 31.0 1  0  6056 2009:08:01 117.3813 2.956324 49.78069 25.19 29.78                    8344 .07g -.003o -78.2

                                    I M E X   T I M E   S T E P   S U M M A R Y
 ==================================================================================================================
    Time Step           Time                  Total Production             Total Injection  Total Max. Max. Change
 ---------------- ---------------- -------------------------------------- -----------------  PV   Mat. ------------
                C                    Oil      Gas     Water   GOR.  Wat.    Gas     Water   Avg.  bal. Satur. Pres.
        Size    U                                              M3/   Cut                    Pres. err. DSMAX  DPMAX
  No.   Days IT T Days   yy:mm:dd    M3/D    MM3/D     M3/D     M3    %    MM3/D     M3/D    kPa   %           kPa
 ------ ---- -- - ----- ---------- -------- -------- -------- ----- ----- -------- -------- ----- ---- ------ -----
   461w 31.0 1  0  6087 2009:09:01 116.4479 2.960972 57.99514 25.43 33.25                    8341 .07g  .004g -88.2
   462w 30.0 1  0  6117 2009:10:01 129.4485 3.312541 37.77652 25.59 22.59                    8339 .07g  .007w -90.6
   463w 31.0 1  0  6148 2009:11:01 132.4411 3.413127 61.54990 25.77 31.73                    8335 .07g  .004g -73.8
   464w 30.0 1  0  6178 2009:12:01 93.99762 2.360271 41.36138 25.11 30.56                    8333 .07g -.013g   297
   465w 31.0 1  0  6209 2010:01:01 116.6473 2.935988 54.30474 25.17 31.77                    8329 .07g  .003g -72.6
   466w 31.0 1  0  6240 2010:02:01 97.45491 2.454855 44.40509 25.19 31.30                    8326 .07g -.006g   144

 ===================== SUMMARY (from subroutine: TSIO)   ======================
  Simulation run terminated. Stopping time reached.
    
     1 Warning messages.    0 Error messages.
 ==============================================================================


       Field Total                                   Fluid
                             Oil       Gas       Water    Solvent   Polymer   Seawater
                            -------   -------   -------   -------   -------   -------
                            (MSM3)    (MMSM3)   (MSM3)    (MMSM3)   (MKG)     (MSM3)
  Cumulative Production      3897.2    113.37    1281.5     NA        NA        NA   
  Cumulative Injection        NA         0         0        NA        NA        NA   
  Cumulative Gas Lift         NA         0        NA        NA        NA        NA   
  Cumulative Water Influx     NA        NA         0        NA        NA        NA   
  Current Fluids In Place     37489    1132.5     25170     NA        NA        NA   
  Production Rates           .09745    .00245    .04441     NA        NA        NA   
  Injection Rates             NA         0         0        NA        NA        NA   

  Timesteps:    466  Newton Cycles:      472  Cuts:      0  Solver Iterations:         8198
  Average Implicitness    : 0.008
  Material Balances (owg): 1.000 1.000 1.001
  Average Active Blocks:       34077 Average Non-BHP Active Wells:     8
  Total Blocks :       35000 Total Wells :    11
  Active Blocks:       34077 Non-BHP Active Wells:    11
  Total lstpro/lstpar calls:     2
  Time at end of simulation:   6240.00     (days)   
  Average reservoir pressure excluding water zone: 8006.977 (kPa)    
  Total Number of Solver Failures:       0  Stalls:       0  ITERMAX Reached:       0
  Jacobian Domains      4
  Linear Solver: Parasol
  Number of level 1 solver classes:    4
  AUTOPSLAB Cutting Direction:    I
  Preconditioner Ordering     REDBLACK
  Preconditioner Degree aa, ab, as, bb, ba:    1    2    1    1    1
  KMP_AFFINITY: Default
  OMP_SCHEDULE: Default
  Max Impl Blocks:      344  %Impl:  1.0%  (TS,CUT,NCYC): (  399, 0,  1 )
  Max Solver Iterations (TS,CUT,NCYC):      31 (   51, 0,  2 )
  Number of threads set:    4
  Total number of cpus:    4
  Memory Usage Peak:      133 MB on TS:  328  TS 1 Peak:      118 MB  Average:      129 MB  VM Size:      159 MB
  Host computer: EHSANR-LT

  End of Simulation: Normal Termination

  CPU Time:           176.44 seconds
  Elapsed Time:        56.72 seconds

  Date and Time of End of Run:  Nov  1, 2019  14:13:41

