    Opened LOG FILE         on unit 10, filename is "D:\CMG's Modelling Workflow_2019-10\History Match\IMEX_TUTORIAL_CR3_KR1.log"
 ********************************************************************************
 *                                                                              *
 *                                IMEX  2019.10                                 *
 *                   Adaptive - Implicit Black Oil Simulator                    *
 *                         General Release for Win x64                          *
 *                            2019-Sep-10   17:57:17                            *
 *                                                                              *
 *                          (c) Copyright 1977 - 2019                           *
 *                Computer Modelling Group Ltd., Calgary, Canada                *
 *                             All Rights Reserved                              *
 *                                                                              *
 ********************************************************************************


 Command-line Arguments:  -f D:\CMG's Modelling Workflow_2019-10\History Match\IMEX_TUTORIAL_CR3_KR1.dat
                          -wd D:\CMG's Modelling Workflow_2019-10\History Match
                          -log
                          -doms
                          -parasol 4
                          -wait

  Date and Time of Start of Run:  Nov  1, 2019  14:30:22


*** Input/Output files specification :
    Opened data file        on unit 11, filename is "D:\CMG's Modelling Workflow_2019-10\History Match\IMEX_TUTORIAL_CR3_KR1.dat"
    Opened Scratch file     on unit 12
    Opened Scratch file     on unit 13
    Opened output file      on unit 14, filename is "D:\CMG's Modelling Workflow_2019-10\History Match\IMEX_TUTORIAL_CR3_KR1.out"
    Opened SR3-OUT          on unit 15, filename is "D:\CMG's Modelling Workflow_2019-10\History Match\IMEX_TUTORIAL_CR3_KR1.sr3"
    Opened INDEX-OUT        on unit 16, filename is "D:\CMG's Modelling Workflow_2019-10\History Match\IMEX_TUTORIAL_CR3_KR1.irf"
    Opened MAIN-RESULTS-OUT on unit 17, filename is "D:\CMG's Modelling Workflow_2019-10\History Match\IMEX_TUTORIAL_CR3_KR1.mrf"
    Opened REWIND-OUT       on unit 18, filename is "D:\CMG's Modelling Workflow_2019-10\History Match\IMEX_TUTORIAL_CR3_KR1.rrf"

 =================== WARNING (from subroutine: GRDLST_CHK) ====================
  Solvent property related printout is being disabled
  This MODEL option does not allow solvent property output.
  Line: 17   File Name: D:\CMG's Modelling Workflow_2019-10\History Match\IMEX_TUTORIAL_CR3_KR1.dat
 ==============================================================================

    Opened GRID scratchfile on unit 19

 ===================== SUMMARY (from subroutine: INDATA) ======================
  Reading of initial data is complete.
  Simulation will stop if there were error messages.
     1 Warning messages.    0 Error messages.
 ==============================================================================


                                    I M E X   T I M E   S T E P   S U M M A R Y
 ==================================================================================================================
    Time Step           Time                  Total Production             Total Injection  Total Max. Max. Change
 ---------------- ---------------- -------------------------------------- -----------------  PV   Mat. ------------
                C                    Oil      Gas     Water   GOR.  Wat.    Gas     Water   Avg.  bal. Satur. Pres.
        Size    U                                              M3/   Cut                    Pres. err. DSMAX  DPMAX
  No.   Days IT T Days   yy:mm:dd    M3/D    MM3/D     M3/D     M3    %    MM3/D     M3/D    kPa   %           kPa
 ------ ---- -- - ----- ---------- -------- -------- -------- ----- ----- -------- -------- ----- ---- ------ -----
     1w 1.00 1  0 1.000 1993:01:02 262.9986 7.923202 .0023674 30.13 90e-5                   20776 e-6g  2e-4w  -874
     2  3.43 1  0 4.431 1993:01:05 262.9915 7.922987 .0095134 30.13 .0036                   20773 e-5w  6e-4w  -813
     3  12.7 1  0 17.09 1993:01:18 262.9821 7.922705 .0188700 30.13 .0072                   20763 e-4w -.008o  -747
     4  13.9 1  0 31.00 1993:02:01 262.9770 7.922550 .0240306 30.13 .0091                   20750 e-4w -.012o  -384
     5w 28.0 1  0 59.00 1993:03:01 262.9755 7.922506 .0284587 30.13 .0108                   20724 e-4w  .027w  -395
     6w 31.0 1  0 90.00 1993:04:01 262.9743 7.922468 .0307509 30.13 .0117                   20693 e-4w -.028o  -247
     7w 30.0 1  0 120.0 1993:05:01 262.9732 7.922435 .0318248 30.13 .0121                   20664 e-4w -.017o  -157
     8w 31.0 1  0 151.0 1993:06:01 218.9834 6.597182 .0205730 30.13 .0094                   20637 e-4w  .020w   315
     9w 30.0 1  0 181.0 1993:07:01 291.9634 8.795805 .0436244 30.13 .0149                   20604 e-4w  .019w  -682
    10w 1.00 1  0 182.0 1993:07:02 438.9264 13.22327 .0975495 30.13 .0222                   20603 e-4w  .001w  -519
    11  5.00 1  0 187.0 1993:07:07 438.7424 13.21773 .2815584 30.13 .0641                   20595 e-4w -.006o  -597
    12  25.0 1  0 212.0 1993:08:01 435.8149 13.12953 3.209062 30.13 .7310                   20555 e-4w -.027o  -637
    13w 1.00 1  0 213.0 1993:08:02 986.4181 29.71723 5.818940 30.13 .5864                   20552 e-4w -.003o -1169
    14  2.57 1  0 215.6 1993:08:05 982.8973 29.61116 9.339807 30.13 .9413                   20543 e-4w  .005w  -808
    15   9.5 1  0 225.1 1993:08:14 975.6573 29.39304 16.57973 30.13 1.671                   20511 e-4w -.007o  -814
    16  17.9 1  0 243.0 1993:09:01 972.5415 29.29917 19.69556 30.13 1.985                   20450 e-4w  .015w  -566
    17w 30.0 1  0 273.0 1993:10:01 654.7786 19.72612 14.18539 30.13 2.121                   20377 e-4w  .016w  2700
    18w 31.0 1  0 304.0 1993:11:01 823.5390 24.81027 33.49101 30.13 3.908                   20282 e-4w -.016o -1386
    19w 30.0 1  0 334.0 1993:12:01 1203.495 36.25698 49.41564 30.13 3.944                   20151 e-4w  .019w -2170
    20w 31.0 1  0 365.0 1994:01:01 1175.657 35.41833 64.40048 30.13 5.193                   20013 e-3w  .017w  -751

                                    I M E X   T I M E   S T E P   S U M M A R Y
 ==================================================================================================================
    Time Step           Time                  Total Production             Total Injection  Total Max. Max. Change
 ---------------- ---------------- -------------------------------------- -----------------  PV   Mat. ------------
                C                    Oil      Gas     Water   GOR.  Wat.    Gas     Water   Avg.  bal. Satur. Pres.
        Size    U                                              M3/   Cut                    Pres. err. DSMAX  DPMAX
  No.   Days IT T Days   yy:mm:dd    M3/D    MM3/D     M3/D     M3    %    MM3/D     M3/D    kPa   %           kPa
 ------ ---- -- - ----- ---------- -------- -------- -------- ----- ----- -------- -------- ----- ---- ------ -----
    21w 14.0 1  0 379.0 1994:01:15 1478.770 44.55003 85.28853 30.13 5.453                   19936 e-3w -.010o -1693
    22w 1.00 1  0 380.0 1994:01:16 1477.669 44.51686 86.38953 30.13 5.523                   19930 e-3w -5e-4o -89.5
    23  5.00 1  0 385.0 1994:01:21 1473.807 44.40049 90.25246 30.13 5.770                   19902 e-3w  .003w  -233
    24  11.0 1  0 396.0 1994:02:01 1467.693 44.21630 96.36623 30.13 6.161                   19841 e-3w -.007o  -323
    25w 1.00 1  0 397.0 1994:02:02 1055.218 31.78992 67.73491 30.13 6.032                   19836 e-3w  .002w   833
    26  3.60 1  0 400.6 1994:02:06 1051.757 31.68565 71.19592 30.13 6.340                   19821 e-3w  .002o   749
    27  11.7 1  0 412.3 1994:02:17 1048.896 31.59946 74.05690 30.13 6.595                   19773 e-3w  .007o   551
    28  11.7 1  0 424.0 1994:03:01 1046.546 31.52867 76.40691 30.13 6.804                   19724 e-3w -.008w   219
    29w 1.00 1  0 425.0 1994:03:02 948.4651 28.57384 40.39787 30.13 4.085                   19720 e-3w -.002o -1396
    30  2.15 1  0 427.1 1994:03:04 946.9642 28.52862 41.89882 30.13 4.237                   19713 e-3w -.002o  -916
    31  7.04 1  0 434.2 1994:03:11 945.8864 28.49615 42.97657 30.13 4.346                   19687 e-3w -.011o  -773
    32  20.8 1  0 455.0 1994:04:01 945.7684 28.49260 43.09453 30.13 4.358                   19610 e-3w  .047w  -709
    33w 30.0 2  0 485.0 1994:05:01 850.2955 25.61634 59.76854 30.13 6.568                   19504 e-3w  .033w  1461
    34w 1.00 1  0 486.0 1994:05:02 1434.495 43.21617 78.90510 30.13 5.214                   19499 e-3w -8e-4w  -869
    35  3.45 1  0 489.5 1994:05:05 1434.368 43.21234 79.03207 30.13 5.222                   19480 e-3w  .003w  -637
    36  13.3 1  0 502.7 1994:05:19 1430.672 43.10099 82.72807 30.13 5.466                   19408 e-3w -.010o  -617
    37  13.3 1  0 516.0 1994:06:01 1426.119 42.96382 87.28129 30.13 5.767                   19336 e-3w  .011w  -302
    38w 30.0 2  0 546.0 1994:07:01 1799.879 54.22389 80.15447 30.13 4.263                   19136 e-3w  .034w -2436
    39w 31.0 1  0 577.0 1994:08:01 2056.487 61.95456 120.3796 30.13 5.530                   18895 e-3w -.031o -1459
    40w 31.0 3  0 608.0 1994:09:01 2940.422 88.58434 224.5597 30.13 7.095                   18546 e-3w -.025o -3497

                                    I M E X   T I M E   S T E P   S U M M A R Y
 ==================================================================================================================
    Time Step           Time                  Total Production             Total Injection  Total Max. Max. Change
 ---------------- ---------------- -------------------------------------- -----------------  PV   Mat. ------------
                C                    Oil      Gas     Water   GOR.  Wat.    Gas     Water   Avg.  bal. Satur. Pres.
        Size    U                                              M3/   Cut                    Pres. err. DSMAX  DPMAX
  No.   Days IT T Days   yy:mm:dd    M3/D    MM3/D     M3/D     M3    %    MM3/D     M3/D    kPa   %           kPa
 ------ ---- -- - ----- ---------- -------- -------- -------- ----- ----- -------- -------- ----- ---- ------ -----
    41w 15.0 1  0 623.0 1994:09:16 2407.641 72.53357 211.4037 30.13 8.072                   18403 e-3w  .012w   789
    42  15.0 1  0 638.0 1994:10:01 2392.911 72.08979 226.1342 30.13 8.634                   18260 e-3w  .012o  -297
    43w 31.0 1  0 669.0 1994:11:01 2974.708 89.61724 279.3591 30.13 8.585                   17899 e-3w  .027o -2273
    44w 30.0 1  0 699.0 1994:12:01 2465.721 74.28331 292.1976 30.13 10.59                   17595 e-3w  .029o   764
    45w 31.0 2  0 730.0 1995:01:01 2633.234 79.32986 305.4520 30.13 10.39                   17262 e-3w  .032o -1316
    46w 31.0 1  0 761.0 1995:02:01 2401.352 72.34409 354.7111 30.13 12.87                   16948 e-3w  .033o   713
    47w 28.0 2  0 789.0 1995:03:01 2128.660 64.12887 333.2578 30.13 13.54                   16693 e-3w  .029o   870
    48w 1.00 1  0 790.0 1995:03:02 2418.184 72.85118 365.0950 30.13 13.12                   16682 e-3w -.002o  -516
    49  5.00 1  0 795.0 1995:03:07 2410.832 72.57566 372.4465 30.10 13.38                   16631 e-3w  .005o  -492
    50  25.0 1  0 820.0 1995:04:01 2337.213 70.02418 387.1296 29.96 14.21                   16381 e-3w -.025w  -472
    51w 1.00 1  0 821.0 1995:04:02 2810.884 84.29519 395.6380 29.99 12.34                   16370 e-3w  9e-4o -1233
    52  2.43 1  0 823.4 1995:04:04 2805.413 84.09787 397.9978 29.98 12.42                   16342 e-3w -.002w  -776
    53  9.40 1  0 832.8 1995:04:14 2785.940 83.38269 406.5184 29.93 12.73                   16234 e-3w  .009o  -899
    54  17.2 1  0 850.0 1995:05:01 2749.483 81.93533 419.6618 29.80 13.24                   16037 e-3w  .017o  -765
    55w 1.00 1  0 851.0 1995:05:02 2553.227 76.42329 413.4367 29.93 13.94                   16025 e-3w  .004o   214
    56  5.00 1  0 856.0 1995:05:07 2547.962 76.56008 418.7021 30.05 14.11                   15971 e-3w  .007o   295
    57  25.0 1  0 881.0 1995:06:01 2533.183 75.88939 433.4814 29.96 14.61                   15699 e-3w  .026o  -601
    58w 1.00 1  0 882.0 1995:06:02 2086.557 62.92236 318.9851 30.16 13.26                   15690 e-3w  .013o  -946
    59  3.17 1  0 885.2 1995:06:05 2082.412 63.19668 323.1304 30.35 13.43                   15661 e-3w  .022o  -865
    60  11.0 1  0 896.2 1995:06:16 2078.078 63.29454 327.4638 30.46 13.61                   15563 e-3w  .026o   834

                                    I M E X   T I M E   S T E P   S U M M A R Y
 ==================================================================================================================
    Time Step           Time                  Total Production             Total Injection  Total Max. Max. Change
 ---------------- ---------------- -------------------------------------- -----------------  PV   Mat. ------------
                C                    Oil      Gas     Water   GOR.  Wat.    Gas     Water   Avg.  bal. Satur. Pres.
        Size    U                                              M3/   Cut                    Pres. err. DSMAX  DPMAX
  No.   Days IT T Days   yy:mm:dd    M3/D    MM3/D     M3/D     M3    %    MM3/D     M3/D    kPa   %           kPa
 ------ ---- -- - ----- ---------- -------- -------- -------- ----- ----- -------- -------- ----- ---- ------ -----
    61  14.8 1  0 911.0 1995:07:01 2072.410 62.98062 333.1320 30.39 13.85                   15432 e-3w  .016o  -451
    62w 31.0 3  0 942.0 1995:08:01 2619.840 77.70486 430.5424 29.66 14.11                   15089 e-3w -.081o -2405
    63w 1.00 1  0 943.0 1995:08:02 1975.267 58.81932 345.8183 29.78 14.90                   15080 e-3w  .006o   526
    64  5.00 1  0 948.0 1995:08:07 1970.532 59.12248 350.5528 30.00 15.10                   15035 e-3w  .013o   462
    65  25.0 1  0 973.0 1995:09:01 1961.241 58.97071 359.8445 30.07 15.50                   14818 e-3w  .027o   417
    66w 30.0 1  0  1003 1995:10:01 1907.633 57.06182 347.7837 29.91 15.42                   14567 e-3w  .036o  -457
    67w 1.00 1  0  1004 1995:10:02 2458.137 73.31154 442.1352 29.82 15.24                   14556 e-3w -.007o  -455
    68  5.00 1  0  1009 1995:10:07 2457.820 73.57891 442.4519 29.94 15.26                   14504 e-3w -.020o  -443
    69  25.0 1  0  1034 1995:11:01 2332.664 69.77238 452.7076 29.91 16.25                   14245 e-3w  .036o  -573
    70w 1.00 1  0  1035 1995:11:02 2744.184 82.20641 436.5902 29.96 13.73                   14233 e-3w  .002o -1680
    71  1.79 1  0  1037 1995:11:04 2741.075 82.15010 438.2439 29.97 13.78                   14212 e-3w  .003o -1063
    72  5.04 1  0  1042 1995:11:09 2731.687 81.95164 441.3602 30.00 13.91                   14154 e-3w  .008o -1275
    73  11.1 1  0  1053 1995:11:20 2711.945 80.72280 446.9942 29.77 14.15                   14025 e-3w  .018o -1487
    74  11.1 1  0  1064 1995:12:01 2692.939 79.39511 452.5975 29.48 14.39                   13898 e-3w  .027g  -716
    75w 1.00 1  0  1065 1995:12:02 2734.089 80.56953 453.2454 29.47 14.22                   13887 e-3w  .003g  -182
    76  5.00 1  0  1070 1995:12:07 2724.729 79.98537 456.2148 29.36 14.34                   13829 e-3w  .014g  -234
    77  25.0 3  0  1095 1996:01:01 2687.186 78.95886 467.1739 29.38 14.81                   13543 e-3w  .048g  -738
    78w 1.00 1  0  1096 1996:01:02 2373.811 69.89999 404.4405 29.45 14.56                   13532 e-3w  .004o   223
    79  5.00 1  0  1101 1996:01:07 2374.989 70.20918 408.6654 29.56 14.68                   13480 e-3w  .010o   218
    80  25.0 1  0  1126 1996:02:01 2322.337 69.73825 417.6464 30.03 15.24                   13226 e-3w  .048o  -460

                                    I M E X   T I M E   S T E P   S U M M A R Y
 ==================================================================================================================
    Time Step           Time                  Total Production             Total Injection  Total Max. Max. Change
 ---------------- ---------------- -------------------------------------- -----------------  PV   Mat. ------------
                C                    Oil      Gas     Water   GOR.  Wat.    Gas     Water   Avg.  bal. Satur. Pres.
        Size    U                                              M3/   Cut                    Pres. err. DSMAX  DPMAX
  No.   Days IT T Days   yy:mm:dd    M3/D    MM3/D     M3/D     M3    %    MM3/D     M3/D    kPa   %           kPa
 ------ ---- -- - ----- ---------- -------- -------- -------- ----- ----- -------- -------- ----- ---- ------ -----
    81w 1.00 1  0  1127 1996:02:02 2113.293 63.90117 402.2682 30.24 15.99                   13216 e-3w -.005g   356
    82  5.00 1  0  1132 1996:02:07 2100.404 63.58400 405.6737 30.27 16.19                   13168 e-3w  .010o   307
    83  23.0 1  0  1155 1996:03:01 2063.684 62.16981 413.1094 30.13 16.68                   12954 e-3w -.046w  -380
    84w 1.00 1  0  1156 1996:03:02 2304.268 69.05917 409.7990 29.97 15.10                   12943 e-3w  .002o -1105
    85  2.71 1  0  1159 1996:03:05 2296.235 68.44462 415.2615 29.81 15.31                   12915 e-3w  .006o  -779
    86  10.4 1  0  1169 1996:03:15 2277.951 68.34837 428.3107 30.00 15.83                   12807 e-3w -.021w  -733
    87  16.8 1  0  1186 1996:04:01 2254.724 67.66500 443.7868 30.01 16.45                   12633 e-3w  .035o  -516
    88w 1.00 1  0  1187 1996:04:02 2534.480 76.56371 486.6442 30.21 16.11                   12622 e-3w -.005o  -505
    89  5.00 1  0  1192 1996:04:07 2517.372 75.56729 492.9916 30.02 16.38                   12565 e-3w -.013o  -457
    90  24.0 1  0  1216 1996:05:01 2480.067 72.46306 508.1552 29.22 17.01                   12297 e-3g -.051w  -510
    91w 1.00 1  0  1217 1996:05:02 2019.523 59.44830 392.2944 29.44 16.27                   12287 e-3g  .004o   299
    92  5.00 1  0  1222 1996:05:07 2007.404 59.13182 399.1642 29.46 16.59                   12240 e-3g -.011w   291
    93  25.0 1  0  1247 1996:06:01 1980.715 57.83595 408.1902 29.20 17.09                   12015 .01g  .047o  -299
    94w 1.00 1  0  1248 1996:06:02 2125.545 61.57182 727.6073 28.97 25.50                   12003 .01g -.003o  -363
    95  5.00 1  0  1253 1996:06:07 2118.962 60.69327 731.5924 28.64 25.66                   11946 .01g  .008o  -233
    96  24.0 1  0  1277 1996:07:01 2104.572 61.47395 738.8198 29.21 25.98                   11684 .02g  .030o  -412
    97w 1.00 1  0  1278 1996:07:02 1788.898 50.99635 684.0407 28.51 27.66                   11674 .02g  .004o   105
    98  5.00 1  0  1283 1996:07:07 1782.932 50.58976 687.2492 28.37 27.82                   11624 .02g  .007o   218
    99  25.0 1  0  1308 1996:08:01 1774.907 50.28793 689.0120 28.33 27.96                   11388 .03g  .032o  -314
   100w 1.00 1  0  1309 1996:08:02 1939.001 54.92501 914.8656 28.33 32.06                   11377 .03g -.005o  -324

                                    I M E X   T I M E   S T E P   S U M M A R Y
 ==================================================================================================================
    Time Step           Time                  Total Production             Total Injection  Total Max. Max. Change
 ---------------- ---------------- -------------------------------------- -----------------  PV   Mat. ------------
                C                    Oil      Gas     Water   GOR.  Wat.    Gas     Water   Avg.  bal. Satur. Pres.
        Size    U                                              M3/   Cut                    Pres. err. DSMAX  DPMAX
  No.   Days IT T Days   yy:mm:dd    M3/D    MM3/D     M3/D     M3    %    MM3/D     M3/D    kPa   %           kPa
 ------ ---- -- - ----- ---------- -------- -------- -------- ----- ----- -------- -------- ----- ---- ------ -----
   101  5.00 1  0  1314 1996:08:07 1933.067 57.68242 918.0302 29.84 32.20                   11321 .02g -.011o  -250
   102  25.0 1  0  1339 1996:09:01 1926.797 56.90392 918.7753 29.53 32.29                   11058 .04g  .038o  -466
   103w 1.00 1  0  1340 1996:09:02 1613.508 46.15502 733.6328 28.61 31.26                   11049 .04g  .004o   225
   104  5.00 1  0  1345 1996:09:07 1611.361 45.31818 733.1539 28.12 31.27                   11006 .04g  .007o   223
   105  24.0 1  0  1369 1996:10:01 1607.648 44.90227 732.1194 27.93 31.29                   10807 .06g  .033o  -296
   106w 1.00 1  0  1370 1996:10:02 1521.996 42.30559 651.7043 27.80 29.98                   10800 .06g  .001o   106
   107  5.00 1  0  1375 1996:10:07 1519.682 42.35170 651.7403 27.87 30.01                   10762 .06g  .007o  78.6
   108  25.0 1  0  1400 1996:11:01 1517.300 43.26326 649.8017 28.51 29.98                   10584 .07g  .031o  -279
   109w 1.00 1  0  1401 1996:11:02 1679.973 49.48884 709.6137 29.46 29.70                   10576 .07g -.003o  -242
   110  5.00 1  0  1406 1996:11:07 1655.033 48.72066 707.2878 29.44 29.94                   10539 .07g  .006o  -161
   111  24.0 1  0  1430 1996:12:01 1648.828 46.98122 703.9246 28.49 29.92                   10365 .10g  .029o  -257
   112w 1.00 1  0  1431 1996:12:02 1768.061 49.14159 651.1513 27.79 26.92                   10358 .10g -.014o -1118
   113  2.68 1  0  1434 1996:12:05 1770.704 48.31173 647.1734 27.28 26.77                   10339 .10g -.018o  -509
   114  13.4 1  0  1447 1996:12:18 1774.246 47.41439 641.2066 26.72 26.55                   10250 .12g -.035o  -682
   115  13.9 1  0  1461 1997:01:01 1770.578 47.21039 642.0375 26.66 26.61                   10161 .13g -.028o  -341
   116w 1.00 1  0  1462 1997:01:02 1662.821 44.11650 545.0607 26.53 24.69                   10156 .13g  .002g   134
   117  5.00 1  0  1467 1997:01:07 1662.403 44.41189 544.1107 26.72 24.66                   10128 .13g  .007g  -123
   118  25.0 1  0  1492 1997:02:01 1664.570 48.61108 538.5887 29.20 24.45                    9995 .14g  .023o  -396
   119w 1.00 1  0  1493 1997:02:02 1608.311 46.31657 479.5546 28.80 22.97                    9990 .14g -.001g  57.8
   120  5.00 1  0  1498 1997:02:07 1606.348 45.11378 479.8859 28.08 23.00                    9966 .14g  .004o -69.8

                                    I M E X   T I M E   S T E P   S U M M A R Y
 ==================================================================================================================
    Time Step           Time                  Total Production             Total Injection  Total Max. Max. Change
 ---------------- ---------------- -------------------------------------- -----------------  PV   Mat. ------------
                C                    Oil      Gas     Water   GOR.  Wat.    Gas     Water   Avg.  bal. Satur. Pres.
        Size    U                                              M3/   Cut                    Pres. err. DSMAX  DPMAX
  No.   Days IT T Days   yy:mm:dd    M3/D    MM3/D     M3/D     M3    %    MM3/D     M3/D    kPa   %           kPa
 ------ ---- -- - ----- ---------- -------- -------- -------- ----- ----- -------- -------- ----- ---- ------ -----
   121  22.0 1  0  1520 1997:03:01 1607.266 45.34140 475.9836 28.21 22.85                    9864 .15g  .018o  -186
   122w 1.00 1  0  1521 1997:03:02 1754.136 50.85047 616.8721 28.99 26.02                    9858 .15g -.003o  -170
   123  5.00 1  0  1526 1997:03:07 1746.314 52.16870 615.0077 29.87 26.05                    9830 .15g  .004o  -241
   124  25.0 1  0  1551 1997:04:01 1729.438 49.22887 607.5681 28.47 26.00                    9702 .17g  .022o  -210
   125w 1.00 1  0  1552 1997:04:02 1631.905 45.71651 584.1984 28.01 26.36                    9697 .17g -.002g  41.1
   126  5.00 1  0  1557 1997:04:07 1631.371 44.87998 583.3220 27.51 26.34                    9674 .17g -.004w  -104
   127  24.0 1  0  1581 1997:05:01 1635.784 44.81336 575.8502 27.40 26.04                    9567 .19g  .020o  -200
   128w 1.00 1  0  1582 1997:05:02 1390.286 37.01438 465.6692 26.62 25.09                    9563 .19g  .002o  76.1
   129  5.00 1  0  1587 1997:05:07 1388.494 36.46139 466.2027 26.26 25.14                    9545 .19g -.005g   167
   130  25.0 1  0  1612 1997:06:01 1390.379 36.49471 461.3648 26.25 24.92                    9461 .20g  .017o  -162
   131w 1.00 1  0  1613 1997:06:02 1494.090 39.28382 470.4424 26.29 23.95                    9457 .20g  .003g -52.8
   132  5.00 1  0  1618 1997:06:07 1494.947 40.49661 468.3937 27.09 23.86                    9441 .20g  .006g  -135
   133  24.0 1  0  1642 1997:07:01 1496.250 43.05867 464.2405 28.78 23.68                    9366 .21g  .015o  -308
   134w 1.00 1  0  1643 1997:07:02 1315.708 36.43516 431.4483 27.69 24.69                    9363 .21g -.003g  65.5
   135  5.00 1  0  1648 1997:07:07 1314.229 35.01145 431.8197 26.64 24.73                    9349 .21g -.006g   162
   136  25.0 1  0  1673 1997:08:01 1315.006 34.74134 428.2339 26.42 24.57                    9282 .22g  .014o   153
   137w 1.00 1  0  1674 1997:08:02 1285.616 34.37681 429.1820 26.74 25.03                    9279 .22g  .002o  51.1
   138  5.00 1  0  1679 1997:08:07 1285.141 35.11720 428.6046 27.33 25.01                    9267 .22g  .005o  -127
   139  25.0 1  0  1704 1997:09:01 1285.428 34.76808 425.5945 27.05 24.87                    9206 .23g  .013o  -187
   140w 1.00 1  0  1705 1997:09:02 1227.792 32.52755 385.3653 26.49 23.89                    9204 .23g -.002o -40.3

                                    I M E X   T I M E   S T E P   S U M M A R Y
 ==================================================================================================================
    Time Step           Time                  Total Production             Total Injection  Total Max. Max. Change
 ---------------- ---------------- -------------------------------------- -----------------  PV   Mat. ------------
                C                    Oil      Gas     Water   GOR.  Wat.    Gas     Water   Avg.  bal. Satur. Pres.
        Size    U                                              M3/   Cut                    Pres. err. DSMAX  DPMAX
  No.   Days IT T Days   yy:mm:dd    M3/D    MM3/D     M3/D     M3    %    MM3/D     M3/D    kPa   %           kPa
 ------ ---- -- - ----- ---------- -------- -------- -------- ----- ----- -------- -------- ----- ---- ------ -----
   141  5.00 1  0  1710 1997:09:07 1227.714 32.21307 385.4433 26.24 23.89                    9194 .23g -.005o -88.8
   142  24.0 1  0  1734 1997:10:01 1229.779 32.56577 383.3778 26.48 23.77                    9146 .24g  .011o  -122
   143w 1.00 1  0  1735 1997:10:02 1149.748 30.36567 357.1886 26.41 23.70                    9144 .24g  .001o  33.7
   144  5.00 1  0  1740 1997:10:07 1149.248 30.32690 357.2939 26.39 23.72                    9135 .24g -.003g  77.9
   145  25.0 1  0  1765 1997:11:01 1148.427 30.55734 355.9357 26.61 23.66                    9092 .25g -.011w  -133
   146w 1.00 1  0  1766 1997:11:02 1043.389 27.61398 335.0833 26.47 24.31                    9091 .25g -.002g  35.0
   147  5.00 1  0  1771 1997:11:07 1042.545 27.43143 335.1190 26.31 24.33                    9083 .25g -.003g  74.3
   148  24.0 1  0  1795 1997:12:01 1041.604 27.37694 333.8648 26.28 24.27                    9048 .26g  .010o -79.0
   149w 1.00 1  0  1796 1997:12:02 973.8233 25.70457 297.5507 26.40 23.40                    9047 .26g -.002g  39.5
   150  5.00 1  0  1801 1997:12:07 972.6167 25.67270 297.9758 26.40 23.45                    9041 .26g -.004g  95.8
   151  25.0 1  0  1826 1998:01:01 971.1729 25.63655 297.3021 26.40 23.44                    9010 .26g -.010w   116
   152w 1.00 1  0  1827 1998:01:02 1037.002 27.14636 286.5442 26.18 21.65                    9009 .26g  .003g -56.4
   153  5.00 1  0  1832 1998:01:07 1037.385 27.32085 285.4348 26.34 21.58                    9004 .26g  .006g  -127
   154  25.0 1  0  1857 1998:02:01 1035.857 28.16930 284.9596 27.19 21.57                    8975 .26g  .010o  -184
   155w 1.00 1  0  1858 1998:02:02 872.8680 23.43381 247.3970 26.85 22.08                    8974 .26g  .002o  39.5
   156  5.00 1  0  1863 1998:02:07 872.2080 22.97650 248.0570 26.34 22.14                    8970 .26g  .004o  92.4
   157  22.0 1  0  1885 1998:03:01 872.3442 22.93077 247.9208 26.29 22.13                    8949 .27g -.008w  85.9
   158w 31.0 2  0  1916 1998:04:01 847.5291 22.77024 242.2889 26.87 22.23                    8922 .27g  .032o   787
   159w 30.0 2  0  1946 1998:05:01 885.3455 22.70022 256.0985 25.64 22.44                    8893 .27g -.029o  -554
   160w 31.0 1  0  1977 1998:06:01 825.7378 21.96598 240.6722 26.60 22.57                    8866 .27g -.015g   407

                                    I M E X   T I M E   S T E P   S U M M A R Y
 ==================================================================================================================
    Time Step           Time                  Total Production             Total Injection  Total Max. Max. Change
 ---------------- ---------------- -------------------------------------- -----------------  PV   Mat. ------------
                C                    Oil      Gas     Water   GOR.  Wat.    Gas     Water   Avg.  bal. Satur. Pres.
        Size    U                                              M3/   Cut                    Pres. err. DSMAX  DPMAX
  No.   Days IT T Days   yy:mm:dd    M3/D    MM3/D     M3/D     M3    %    MM3/D     M3/D    kPa   %           kPa
 ------ ---- -- - ----- ---------- -------- -------- -------- ----- ----- -------- -------- ----- ---- ------ -----
   161w 1.00 1  0  1978 1998:06:02 841.3803 21.60565 236.5507 25.68 21.94                    8865 .27g  .002o  57.0
   162  5.00 1  0  1983 1998:06:07 842.4213 20.88264 235.5097 24.79 21.85                    8861 .27g  .005g   181
   163  24.0 1  0  2007 1998:07:01 842.6507 21.51241 235.2803 25.53 21.83                    8842 .27g  .008o   203
   164w 31.0 2  0  2038 1998:08:01 802.2103 21.91894 213.5857 27.32 21.03                    8820 .27g  .010o  -479
   165w 1.00 1  0  2039 1998:08:02 830.7542 22.40745 240.6932 26.97 22.46                    8819 .27g  8e-4g -28.7
   166  5.00 1  0  2044 1998:08:07 831.7041 22.38038 240.5412 26.91 22.43                    8814 .27g  .002g -40.1
   167  25.0 1  0  2069 1998:09:01 829.4698 22.59956 240.8521 27.25 22.50                    8794 .27g  .009o -96.3
   168w 1.00 1  0  2070 1998:09:02 786.1865 21.22409 222.4625 27.00 22.06                    8793 .27g  9e-4o -20.0
   169  5.00 1  0  2075 1998:09:07 785.9379 20.97299 222.7111 26.69 22.08                    8789 .27g  .002g  69.4
   170  24.0 1  0  2099 1998:10:01 785.8119 20.96439 222.8371 26.68 22.09                    8772 .27g -.008w  -114
   171w 31.0 1  0  2130 1998:11:01 755.9588 20.49441 203.4393 27.11 21.20                    8751 .28g  .010o  -177
   172w 1.00 1  0  2131 1998:11:02 733.1755 19.83971 219.9115 27.06 23.07                    8750 .28g  .001g -49.9
   173  5.00 1  0  2136 1998:11:07 734.2816 19.84674 218.8054 27.03 22.96                    8747 .28g -.003g  59.0
   174  24.0 1  0  2160 1998:12:01 734.1192 19.87664 218.9678 27.08 22.97                    8731 .28g  .008o -74.6
   175w 31.0 1  0  2191 1999:01:01 654.0869 16.19826 184.5571 24.76 22.01                    8714 .28g  .010o   395
   176w 31.0 1  0  2222 1999:02:01 605.9775 15.15277 179.1296 25.01 22.82                    8697 .28g  .010o   150
   177w 28.0 2  0  2250 1999:03:01 803.1637 24.13373 228.9453 30.05 22.18                    8676 .28g  .011g  -726
   178w 1.00 1  0  2251 1999:03:02 619.7810 18.15734 195.3270 29.30 23.96                    8675 .28g -.002g  35.8
   179  5.00 1  0  2256 1999:03:07 618.5172 16.81821 196.5908 27.19 24.12                    8672 .28g -.003g  89.3
   180  25.0 1  0  2281 1999:04:01 618.5306 16.48108 196.5774 26.65 24.12                    8658 .28g  .008o  94.1

                                    I M E X   T I M E   S T E P   S U M M A R Y
 ==================================================================================================================
    Time Step           Time                  Total Production             Total Injection  Total Max. Max. Change
 ---------------- ---------------- -------------------------------------- -----------------  PV   Mat. ------------
                C                    Oil      Gas     Water   GOR.  Wat.    Gas     Water   Avg.  bal. Satur. Pres.
        Size    U                                              M3/   Cut                    Pres. err. DSMAX  DPMAX
  No.   Days IT T Days   yy:mm:dd    M3/D    MM3/D     M3/D     M3    %    MM3/D     M3/D    kPa   %           kPa
 ------ ---- -- - ----- ---------- -------- -------- -------- ----- ----- -------- -------- ----- ---- ------ -----
   181w 30.0 1  0  2311 1999:05:01 706.0228 19.94370 175.9290 28.25 19.95                    8642 .28g -.010o  -227
   182w 1.00 1  0  2312 1999:05:02 565.2398 15.49569 166.3422 27.41 22.74                    8642 .28g -.002g  38.8
   183  5.00 1  0  2317 1999:05:07 564.5385 14.46964 167.0435 25.63 22.83                    8639 .28g -.005g   113
   184  25.0 1  0  2342 1999:06:01 564.2517 14.20430 167.3303 25.17 22.87                    8627 .28g  .007o   173
   185w 30.0 1  0  2372 1999:07:01 639.1513 18.25115 171.6737 28.56 21.17                    8612 .28g  .015g  -322
   186w 31.0 1  0  2403 1999:08:01 605.2553 16.44564 156.6967 27.17 20.57                    8597 .28g  .009o   131
   187w 31.0 1  0  2434 1999:09:01 541.8198 13.33432 147.4773 24.61 21.40                    8583 .28g -.010g   285
   188w 30.0 1  0  2464 1999:10:01 580.6675 16.43194 165.3705 28.30 22.17                    8568 .28g  .015g  -241
   189w 31.0 1  0  2495 1999:11:01 643.1944 19.10237 182.2576 29.70 22.08                    8551 .28g  .009o  -398
   190w 1.00 1  0  2496 1999:11:02 465.7658 13.16312 151.8602 28.26 24.59                    8551 .28g -.003g  52.7
   191  5.00 1  0  2501 1999:11:07 464.7550 11.70555 152.8710 25.19 24.75                    8549 .28g -.007g   191
   192  24.0 1  0  2525 1999:12:01 464.5483 11.22384 153.0777 24.16 24.78                    8539 .28g  .007o   291
   193w 31.0 1  0  2556 2000:01:01 492.9533 12.13289 151.4477 24.61 23.50                    8526 .28g  .009o   157
   194w 31.0 1  0  2587 2000:02:01 596.5499 17.43404 154.8862 29.22 20.61                    8512 .28g  .017g  -328
   195w 29.0 1  0  2616 2000:03:01 430.4930 11.21586 149.5020 26.05 25.78                    8501 .28g -.023g   537
   196w 31.0 1  0  2647 2000:04:01 468.8713 12.83853 138.9817 27.38 22.86                    8490 .27g  .021g  -424
   197w 30.0 1  0  2677 2000:05:01 478.0346 13.55434 153.4954 28.35 24.31                    8477 .27g  .013g  -177
   198w 31.0 1  0  2708 2000:06:01 494.9219 14.24343 122.1511 28.78 19.80                    8467 .27g  .012g  -321
   199w 30.0 1  0  2738 2000:07:01 522.5117 14.93707 156.4803 28.59 23.05                    8454 .27g  .010g  -247
   200w 31.0 1  0  2769 2000:08:01 442.9464 11.20413 143.3876 25.29 24.45                    8443 .27g  .011g   329

                                    I M E X   T I M E   S T E P   S U M M A R Y
 ==================================================================================================================
    Time Step           Time                  Total Production             Total Injection  Total Max. Max. Change
 ---------------- ---------------- -------------------------------------- -----------------  PV   Mat. ------------
                C                    Oil      Gas     Water   GOR.  Wat.    Gas     Water   Avg.  bal. Satur. Pres.
        Size    U                                              M3/   Cut                    Pres. err. DSMAX  DPMAX
  No.   Days IT T Days   yy:mm:dd    M3/D    MM3/D     M3/D     M3    %    MM3/D     M3/D    kPa   %           kPa
 ------ ---- -- - ----- ---------- -------- -------- -------- ----- ----- -------- -------- ----- ---- ------ -----
   201w 31.0 1  0  2800 2000:09:01 498.7436 14.67545 149.1364 29.42 23.02                    8430 .26g  .017g  -270
   202w 30.0 1  0  2830 2000:10:01 468.0921 12.97780 151.7919 27.72 24.49                    8418 .27g  .011g  -164
   203w 31.0 1  0  2861 2000:11:01 424.2691 10.94459 119.5199 25.80 21.98                    8408 .27g  .012g   245
   204w 30.0 1  0  2891 2000:12:01 432.9401 11.36792 120.1409 26.26 21.72                    8399 .26g -.012g   307
   205w 31.0 1  0  2922 2001:01:01 524.0429 16.61278 148.9221 31.70 22.13                    8385 .26g  .015g  -495
   206w 1.00 1  0  2923 2001:01:02 433.6310 12.92233 132.7439 29.80 23.44                    8385 .26g -.003g  57.4
   207  5.00 1  0  2928 2001:01:07 433.2916 11.78072 133.0834 27.19 23.50                    8383 .26g -.007g   198
   208  25.0 1  0  2953 2001:02:01 433.2480 11.09405 133.1270 25.61 23.51                    8375 .26g  .008g   294
   209w 28.0 1  0  2981 2001:03:01 490.9078 13.50312 148.8262 27.51 23.26                    8364 .26g  .009g  -194
   210w 31.0 1  0  3012 2001:04:01 406.1604 10.67772 115.5366 26.29 22.15                    8354 .26g  .009g   143
   211w 30.0 1  0  3042 2001:05:01 414.3819 11.61117 142.9901 28.02 25.65                    8344 .26g -.010o  -170
   212w 31.0 1  0  3073 2001:06:01 413.3849 11.40878 117.9101 27.60 22.19                    8334 .26g  .008g  -165
   213w 30.0 1  0  3103 2001:07:01 425.3670 12.09802 130.6870 28.44 23.50                    8324 .26g  .008g  -164
   214w 31.0 1  0  3134 2001:08:01 445.0814 11.95415 143.7046 26.86 24.41                    8312 .26g  .009g  -170
   215w 31.0 1  0  3165 2001:09:01 337.6642 8.382324 108.5388 24.82 24.32                    8304 .26g -.011g   314
   216w 30.0 1  0  3195 2001:10:01 268.2870 6.481053 95.47305 24.16 26.25                    8298 .26g -.012g   267
   217w 31.0 1  0  3226 2001:11:01 313.1097 9.362745 96.05432 29.90 23.48                    8290 .26g  .019g  -328
   218w 30.0 1  0  3256 2001:12:01 426.3555 12.11072 127.6605 28.41 23.04                    8280 .26g  .021g  -399
   219w 31.0 1  0  3287 2002:01:01 482.7656 15.70940 142.4305 32.54 22.78                    8268 .25g -.016o  -362
   220w 31.0 1  0  3318 2002:02:01 428.4895 12.13056 118.5255 28.31 21.67                    8259 .25g  .008g   254

                                    I M E X   T I M E   S T E P   S U M M A R Y
 ==================================================================================================================
    Time Step           Time                  Total Production             Total Injection  Total Max. Max. Change
 ---------------- ---------------- -------------------------------------- -----------------  PV   Mat. ------------
                C                    Oil      Gas     Water   GOR.  Wat.    Gas     Water   Avg.  bal. Satur. Pres.
        Size    U                                              M3/   Cut                    Pres. err. DSMAX  DPMAX
  No.   Days IT T Days   yy:mm:dd    M3/D    MM3/D     M3/D     M3    %    MM3/D     M3/D    kPa   %           kPa
 ------ ---- -- - ----- ---------- -------- -------- -------- ----- ----- -------- -------- ----- ---- ------ -----
   221w 28.0 1  0  3346 2002:03:01 368.7026 10.02665 119.9444 27.19 24.55                    8250 .25g -.010g   246
   222w 31.0 1  0  3377 2002:04:01 438.0969 13.42866 117.0821 30.65 21.09                    8241 .25g  .013g  -226
   223w 30.0 1  0  3407 2002:05:01 422.7696 12.71146 145.0344 30.07 25.54                    8230 .25g  .008g  -266
   224w 31.0 1  0  3438 2002:06:01 340.9318 9.079486 116.8492 26.63 25.53                    8221 .25g -.009g   308
   225w 30.0 1  0  3468 2002:07:01 385.6069 11.80156 118.3051 30.61 23.48                    8213 .25g  .009g  -190
   226w 31.0 1  0  3499 2002:08:01 397.0875 11.01740 121.1785 27.75 23.38                    8203 .25g -.008o  -185
   227w 31.0 1  0  3530 2002:09:01 436.8709 13.23345 111.0581 30.29 20.27                    8193 .25g  .007g  -190
   228w 30.0 1  0  3560 2002:10:01 353.9686  9.59553 111.8444 27.11 24.01                    8185 .25g  .007g   204
   229w 31.0 1  0  3591 2002:11:01 310.7975 7.885029 119.9305 25.37 27.84                    8176 .25g  .007g   269
   230w 30.0 1  0  3621 2002:12:01 358.6867 11.57871 106.7083 32.28 22.93                    8169 .24g  .019g  -347
   231w 31.0 1  0  3652 2003:01:01 333.1252 9.147984  99.9918 27.46 23.09                    8161 .24g -.010g   201
   232w 31.0 1  0  3683 2003:02:01 249.4308 6.189840 80.07820 24.82 24.30                    8155 .24g -.012g   349
   233w 28.0 1  0  3711 2003:03:01 275.5722 7.027057 96.90182 25.50 26.02                    8149 .24g  .007g  69.0
   234w 31.0 1  0  3742 2003:04:01 303.1185 7.856011 103.4975 25.92 25.45                    8141 .24g -.008g   185
   235w 30.0 1  0  3772 2003:05:01 367.1625 11.11852 117.6465 30.28 24.27                    8133 .24g -.013o  -302
   236w 31.0 1  0  3803 2003:06:01 287.6133 7.798904 96.94672 27.12 25.21                    8126 .24g  .007g   119
   237w 30.0 1  0  3833 2003:07:01 417.4951 13.82223 120.6739 33.11 22.42                    8117 .24g -.018o  -496
   238w 31.0 1  0  3864 2003:08:01 247.3871 6.287088 88.34790 25.41 26.31                    8111 .24g -.023g   610
   239w 31.0 1  0  3895 2003:09:01 240.7129 6.024590 92.54908 25.03 27.77                    8104 .24g  .007g   132
   240w 30.0 1  0  3925 2003:10:01 391.3111 13.22898 125.5079 33.81 24.28                    8095 .23g  .022g  -370

                                    I M E X   T I M E   S T E P   S U M M A R Y
 ==================================================================================================================
    Time Step           Time                  Total Production             Total Injection  Total Max. Max. Change
 ---------------- ---------------- -------------------------------------- -----------------  PV   Mat. ------------
                C                    Oil      Gas     Water   GOR.  Wat.    Gas     Water   Avg.  bal. Satur. Pres.
        Size    U                                              M3/   Cut                    Pres. err. DSMAX  DPMAX
  No.   Days IT T Days   yy:mm:dd    M3/D    MM3/D     M3/D     M3    %    MM3/D     M3/D    kPa   %           kPa
 ------ ---- -- - ----- ---------- -------- -------- -------- ----- ----- -------- -------- ----- ---- ------ -----
   241w 31.0 1  0  3956 2003:11:01 336.4583 10.09397 127.2127 30.00 27.44                    8086 .23g -.007g  -108
   242w 30.0 1  0  3986 2003:12:01 293.6314 7.840539 104.8966 26.70 26.32                    8079 .23g -.012g   403
   243w 31.0 1  0  4017 2004:01:01 338.8733 11.19034 117.3367 33.02 25.72                    8071 .22g  .022g  -381
   244w 31.0 1  0  4048 2004:02:01 356.3786 11.91402 99.33939 33.43 21.80                    8064 .22g -.009o  -283
   245w 29.0 1  0  4077 2004:03:01 280.5979 7.435721 93.86514 26.50 25.07                    8057 .22g -.015g   348
   246w 31.0 1  0  4108 2004:04:01 273.9755 8.086947 102.0305 29.52 27.14                    8050 .22g  .012g   192
   247w 30.0 1  0  4138 2004:05:01 327.8230 9.376196 106.3190 28.60 24.49                    8043 .22g  .013g  -285
   248w 31.0 1  0  4169 2004:06:01 340.8449  9.63361 130.2781 28.26 27.65                    8033 .22g -.009g   192
   249w 30.0 1  0  4199 2004:07:01 329.6472  9.66210 109.5398 29.31 24.94                    8026 .22g  .009g  -127
   250w 31.0 1  0  4230 2004:08:01 347.4142 10.37621 117.6608 29.87 25.30                    8018 .22g -.008g  -128
   251w 31.0 1  0  4261 2004:09:01 332.8071 10.05560 115.0549 30.21 25.69                    8010 .22g  .010g  -138
   252w 30.0 1  0  4291 2004:10:01 291.0010 8.030494 122.4640 27.60 29.62                    8002 .22g -.010g   177
   253w 31.0 1  0  4322 2004:11:01 262.8220 7.466441 92.25699 28.41 25.98                    7996 .22g  .010g  74.3
   254w 30.0 1  0  4352 2004:12:01 302.5871 8.503191 91.15587 28.10 23.15                    7990 .22g  .013g   211
   255w 31.0 1  0  4383 2005:01:01 263.1590 7.722877 97.52301 29.35 27.04                    7983 .22g -.017g  -185
   256w 31.0 1  0  4414 2005:02:01 298.0683 8.949876 111.3667 30.03 27.20                    7976 .22g  .021g  -100
   257w 28.0 1  0  4442 2005:03:01 313.8714 10.06328 105.2486 32.06 25.11                    7969 .22g -.021g  -270
   258w 31.0 1  0  4473 2005:04:01 285.2637 8.170998 100.5253 28.64 26.06                    7962 .22g  .022g   210
   259w 30.0 1  0  4503 2005:05:01 264.9013 7.906125 95.04168 29.85 26.40                    7956 .22g -.024g  81.2
   260w 31.0 2  0  4534 2005:06:01 278.6922 8.543255 83.20683 30.65 22.99                    7950 .22g  .013g  -279

                                    I M E X   T I M E   S T E P   S U M M A R Y
 ==================================================================================================================
    Time Step           Time                  Total Production             Total Injection  Total Max. Max. Change
 ---------------- ---------------- -------------------------------------- -----------------  PV   Mat. ------------
                C                    Oil      Gas     Water   GOR.  Wat.    Gas     Water   Avg.  bal. Satur. Pres.
        Size    U                                              M3/   Cut                    Pres. err. DSMAX  DPMAX
  No.   Days IT T Days   yy:mm:dd    M3/D    MM3/D     M3/D     M3    %    MM3/D     M3/D    kPa   %           kPa
 ------ ---- -- - ----- ---------- -------- -------- -------- ----- ----- -------- -------- ----- ---- ------ -----
   261w 30.0 1  0  4564 2005:07:01 270.0691 7.567958 93.68286 28.02 25.75                    7944 .22g  .013g   256
   262w 31.0 1  0  4595 2005:08:01 247.4695 6.971284 87.16647 28.17 26.05                    7938 .22g -.012g   119
   263w 31.0 1  0  4626 2005:09:01 206.9464 5.522904 79.71564 26.69 27.81                    7932 .22g  .014g   238
   264w 30.0 1  0  4656 2005:10:01 261.9485 7.595176 97.14747 28.99 27.05                    7926 .21g  .015g  -308
   265w 31.0 1  0  4687 2005:11:01 210.1267 5.796820 84.98829 27.59 28.80                    7921 .21g  .014g   101
   266w 30.0 1  0  4717 2005:12:01 244.3119 7.095076 95.29510 29.04 28.06                    7915 .21g -.014g  -120
   267w 31.0 1  0  4748 2006:01:01 217.2936 5.909404 79.67337 27.20 26.83                    7910 .21g  .014g   166
   268w 31.0 1  0  4779 2006:02:01 246.1516 7.019054 85.06137 28.52 25.68                    7904 .21g -.014g  -120
   269w 28.0 1  0  4807 2006:03:01 266.1228 7.736093 86.63224 29.07 24.56                    7899 .21g  .013g  -102
   270w 31.0 1  0  4838 2006:04:01 246.1777 7.053336 81.92027 28.65 24.97                    7893 .21g -.012g  77.8
   271w 30.0 1  0  4868 2006:05:01 227.8968 6.458977 88.01124 28.34 27.86                    7887 .21g  .014g   141
   272w 31.0 1  0  4899 2006:06:01 200.7390 5.986238 70.70304 29.82 26.05                    7883 .21g -.015g  -204
   273w 30.0 1  0  4929 2006:07:01 234.5017 6.926506 80.17130 29.54 25.48                    7878 .21g  .015g  -106
   274w 31.0 1  0  4960 2006:08:01 221.9589 6.550210 86.03912 29.51 27.93                    7872 .21g -.015g   180
   275w 31.0 1  0  4991 2006:09:01 247.4618 8.034936 81.08625 32.47 24.68                    7867 .21g  .016g  -175
   276w 30.0 1  0  5021 2006:10:01 207.6492 5.964145 80.73379 28.72 28.00                    7862 .21g -.016g   168
   277w 31.0 1  0  5052 2006:11:01 210.3600 6.103352 70.01603 29.01 24.97                    7857 .21g  .016g   170
   278w 30.0 1  0  5082 2006:12:01 293.9578 10.08619 84.59617 34.31 22.35                    7851 .21g -.016g  -378
   279w 31.0 1  0  5113 2007:01:01 170.4735 4.761339 62.08048 27.93 26.70                    7847 .21g -.017g   469
   280w 31.0 1  0  5144 2007:02:01 212.7621 6.770321 80.00993 31.82 27.33                    7842 .21g -.017g  -269

                                    I M E X   T I M E   S T E P   S U M M A R Y
 ==================================================================================================================
    Time Step           Time                  Total Production             Total Injection  Total Max. Max. Change
 ---------------- ---------------- -------------------------------------- -----------------  PV   Mat. ------------
                C                    Oil      Gas     Water   GOR.  Wat.    Gas     Water   Avg.  bal. Satur. Pres.
        Size    U                                              M3/   Cut                    Pres. err. DSMAX  DPMAX
  No.   Days IT T Days   yy:mm:dd    M3/D    MM3/D     M3/D     M3    %    MM3/D     M3/D    kPa   %           kPa
 ------ ---- -- - ----- ---------- -------- -------- -------- ----- ----- -------- -------- ----- ---- ------ -----
   281w 28.0 1  0  5172 2007:03:01 223.8345 6.791484 82.91349 30.34 27.03                    7837 .21g  .016g  73.0
   282w 31.0 1  0  5203 2007:04:01 165.7356 4.666851 57.80644 28.16 25.86                    7833 .21g -.014g   243
   283w 30.0 1  0  5233 2007:05:01 216.1174 6.947494 89.51259 32.15 29.29                    7827 .21g  .016g  -265
   284w 31.0 1  0  5264 2007:06:01 178.2380 5.239331 72.33705 29.40 28.87                    7823 .21g -.016g   137
   285w 30.0 1  0  5294 2007:07:01 203.8265 6.401536 82.48252 31.41 28.81                    7818 .21g  .016g  -108
   286w 31.0 1  0  5325 2007:08:01 203.9742 6.190312 72.16582 30.35 26.13                    7813 .21g -.016g -76.1
   287w 31.0 1  0  5356 2007:09:01 203.5807 6.367158 80.09628 31.28 28.24                    7808 .21g  .017g -76.4
   288w 30.0 1  0  5386 2007:10:01 167.7524 5.140016 63.69663 30.64 27.52                    7804 .21g -.017g   128
   289w 31.0 1  0  5417 2007:11:01 211.5413 6.477165 80.38174 30.62 27.54                    7799 .21g  .017g -83.0
   290w 30.0 1  0  5447 2007:12:01 152.6596 4.384518 66.39539 28.72 30.31                    7795 .21g -.016g   184
   291w 31.0 1  0  5478 2008:01:01 183.9803 5.807346 64.23968 31.57 25.88                    7791 .21g  .016g  -171
   292w 31.0 1  0  5509 2008:02:01 152.1795 4.429501 54.07950 29.11 26.22                    7788 .21g -.016g   204
   293w 29.0 1  0  5538 2008:03:01 152.1891 4.542820 57.68692 29.85 27.49                    7784 .21g -.016g   128
   294w 31.0 1  0  5569 2008:04:01 177.6262 5.568647 70.42881 31.35 28.39                    7780 .21g -.016g  -116
   295w 30.0 1  0  5599 2008:05:01 148.8993 4.597674 49.07170 30.88 24.79                    7777 .21g  .016g   173
   296w 31.0 1  0  5630 2008:06:01 150.0396 4.996516 69.51142 33.30 31.66                    7773 .21g -.016g  -121
   297w 30.0 1  0  5660 2008:07:01 155.0520 4.528003 50.03996 29.20 24.40                    7769 .21g -.016g   255
   298w 31.0 1  0  5691 2008:08:01 151.6708 4.886994 60.95324 32.22 28.67                    7766 .21g -.015g  -151
   299w 31.0 1  0  5722 2008:09:01 171.0989 5.281037 56.40916 30.87 24.79                    7762 .21g  .016g -99.1
   300w 30.0 1  0  5752 2008:10:01 143.1586 4.432588 65.48335 30.96 31.39                    7758 .21g -.016g   116

                                    I M E X   T I M E   S T E P   S U M M A R Y
 ==================================================================================================================
    Time Step           Time                  Total Production             Total Injection  Total Max. Max. Change
 ---------------- ---------------- -------------------------------------- -----------------  PV   Mat. ------------
                C                    Oil      Gas     Water   GOR.  Wat.    Gas     Water   Avg.  bal. Satur. Pres.
        Size    U                                              M3/   Cut                    Pres. err. DSMAX  DPMAX
  No.   Days IT T Days   yy:mm:dd    M3/D    MM3/D     M3/D     M3    %    MM3/D     M3/D    kPa   %           kPa
 ------ ---- -- - ----- ---------- -------- -------- -------- ----- ----- -------- -------- ----- ---- ------ -----
   301w 31.0 1  0  5783 2008:11:01 156.6816 4.960963 58.64843 31.66 27.24                    7754 .21g  .016g   118
   302w 30.0 1  0  5813 2008:12:01 160.7261 5.345116 66.16693 33.26 29.16                    7751 .21g -.016g -85.4
   303w 31.0 1  0  5844 2009:01:01 107.6736 3.169553 43.86841 29.44 28.95                    7748 .21g -.017g   223
   304w 31.0 1  0  5875 2009:02:01 117.8123 3.377738 44.16366 28.67 27.27                    7745 .21g -.016g   206
   305w 28.0 1  0  5903 2009:03:01 130.5536 3.912890 46.87337 29.97 26.42                    7742 .21g  .015g -91.0
   306w 31.0 1  0  5934 2009:04:01 126.7646 3.748660 52.37044 29.57 29.24                    7739 .21g -.015g -52.0
   307w 30.0 1  0  5964 2009:05:01 119.6055 3.804184 52.52147 31.81 30.51                    7736 .21g -.020g   226
   308w 31.0 1  0  5995 2009:06:01 108.1116 3.300128 47.29344 30.53 30.43                    7733 .21g  .018g  83.6
   309w 30.0 1  0  6025 2009:07:01 118.3399 3.864749 56.40908 32.66 32.28                    7730 .21g  .016g  -110
   310w 31.0 2  0  6056 2009:08:01 120.5417 3.865115 46.62026 32.06 27.89                    7728 .21g -.017g -61.3
   311w 31.0 2  0  6087 2009:09:01 119.9183 4.040006 54.52467 33.69 31.26                    7725 .21g -.020g -63.7
   312w 30.0 2  0  6117 2009:10:01 131.9371 4.339630 35.28788 32.89 21.10                    7722 .21g  .020g -64.3
   313w 31.0 2  0  6148 2009:11:01 136.3008 4.560321 57.69025 33.46 29.74                    7719 .21g -.019g -59.0
   314w 30.0 2  0  6178 2009:12:01 97.25796 2.925426 38.10104 30.08 28.15                    7716 .21g  .017g   199
   315w 31.0 2  0  6209 2010:01:01 120.7362 3.685687 50.21577 30.53 29.37                    7713 .21g  .016g -49.7
   316w 31.0 2  0  6240 2010:02:01 100.7947 2.917830 41.06529 28.95 28.95                    7711 .21g  .019g  92.5

 ===================== SUMMARY (from subroutine: TSIO)   ======================
  Simulation run terminated. Stopping time reached.
    
     1 Warning messages.    0 Error messages.
 ==============================================================================


       Field Total                                   Fluid
                             Oil       Gas       Water    Solvent   Polymer   Seawater
                            -------   -------   -------   -------   -------   -------
                            (MSM3)    (MMSM3)   (MSM3)    (MMSM3)   (MKG)     (MSM3)
  Cumulative Production      4560.9    132.18    1087.7     NA        NA        NA   
  Cumulative Injection        NA         0         0        NA        NA        NA   
  Cumulative Gas Lift         NA         0        NA        NA        NA        NA   
  Cumulative Water Influx     NA        NA         0        NA        NA        NA   
  Current Fluids In Place     36821    1111.8     25335     NA        NA        NA   
  Production Rates           .10079    .00292    .04107     NA        NA        NA   
  Injection Rates             NA         0         0        NA        NA        NA   

  Timesteps:    316  Newton Cycles:      338  Cuts:      0  Solver Iterations:         6994
  Average Implicitness    : 0.009
  Material Balances (owg): 1.000 1.000 1.002
  Average Active Blocks:       34077 Average Non-BHP Active Wells:     9
  Total Blocks :       35000 Total Wells :    11
  Active Blocks:       34077 Non-BHP Active Wells:    11
  Total lstpro/lstpar calls:     2
  Time at end of simulation:   6240.00     (days)   
  Average reservoir pressure excluding water zone: 7385.425 (kPa)    
  Total Number of Solver Failures:       0  Stalls:       0  ITERMAX Reached:       0
  Jacobian Domains      4
  Linear Solver: Parasol
  Number of level 1 solver classes:    4
  AUTOPSLAB Cutting Direction:    I
  Preconditioner Ordering     REDBLACK
  Preconditioner Degree aa, ab, as, bb, ba:    1    2    1    1    1
  KMP_AFFINITY: Default
  OMP_SCHEDULE: Default
  Max Impl Blocks:      418  %Impl:  1.2%  (TS,CUT,NCYC): (  298, 0,  1 )
  Max Solver Iterations (TS,CUT,NCYC):      39 (   45, 0,  1 )
  Number of threads set:    4
  Total number of cpus:    4
  Memory Usage Peak:      134 MB on TS:  304  TS 1 Peak:      118 MB  Average:      129 MB  VM Size:      161 MB
  Host computer: EHSANR-LT

  End of Simulation: Normal Termination

  CPU Time:           152.16 seconds
  Elapsed Time:        50.78 seconds

  Date and Time of End of Run:  Nov  1, 2019  14:31:13

