    Opened LOG FILE         on unit 10, filename is "D:\CMG's Modelling Workflow_2019-10\History Match\IMEX_TUTORIAL_CR1.log"
 ********************************************************************************
 *                                                                              *
 *                                IMEX  2019.10                                 *
 *                   Adaptive - Implicit Black Oil Simulator                    *
 *                         General Release for Win x64                          *
 *                            2019-Sep-10   17:57:17                            *
 *                                                                              *
 *                          (c) Copyright 1977 - 2019                           *
 *                Computer Modelling Group Ltd., Calgary, Canada                *
 *                             All Rights Reserved                              *
 *                                                                              *
 ********************************************************************************


 Command-line Arguments:  -f D:\CMG's Modelling Workflow_2019-10\History Match\IMEX_TUTORIAL_CR1.dat
                          -wd D:\CMG's Modelling Workflow_2019-10\History Match
                          -log
                          -doms
                          -parasol 4
                          -wait

  Date and Time of Start of Run:  Nov  1, 2019  14:11:51


*** Input/Output files specification :
    Opened data file        on unit 11, filename is "D:\CMG's Modelling Workflow_2019-10\History Match\IMEX_TUTORIAL_CR1.dat"
    Opened Scratch file     on unit 12
    Opened Scratch file     on unit 13
    Opened output file      on unit 14, filename is "D:\CMG's Modelling Workflow_2019-10\History Match\IMEX_TUTORIAL_CR1.out"
    Opened SR3-OUT          on unit 15, filename is "D:\CMG's Modelling Workflow_2019-10\History Match\IMEX_TUTORIAL_CR1.sr3"
    Opened INDEX-OUT        on unit 16, filename is "D:\CMG's Modelling Workflow_2019-10\History Match\IMEX_TUTORIAL_CR1.irf"
    Opened MAIN-RESULTS-OUT on unit 17, filename is "D:\CMG's Modelling Workflow_2019-10\History Match\IMEX_TUTORIAL_CR1.mrf"
    Opened REWIND-OUT       on unit 18, filename is "D:\CMG's Modelling Workflow_2019-10\History Match\IMEX_TUTORIAL_CR1.rrf"

 =================== WARNING (from subroutine: GRDLST_CHK) ====================
  Solvent property related printout is being disabled
  This MODEL option does not allow solvent property output.
  Line: 15   File Name: D:\CMG's Modelling Workflow_2019-10\History Match\IMEX_TUTORIAL_CR1.dat
 ==============================================================================

    Opened GRID scratchfile on unit 19

 ===================== SUMMARY (from subroutine: INDATA) ======================
  Reading of initial data is complete.
  Simulation will stop if there were error messages.
     1 Warning messages.    0 Error messages.
 ==============================================================================


                                    I M E X   T I M E   S T E P   S U M M A R Y
 ==================================================================================================================
    Time Step           Time                  Total Production             Total Injection  Total Max. Max. Change
 ---------------- ---------------- -------------------------------------- -----------------  PV   Mat. ------------
                C                    Oil      Gas     Water   GOR.  Wat.    Gas     Water   Avg.  bal. Satur. Pres.
        Size    U                                              M3/   Cut                    Pres. err. DSMAX  DPMAX
  No.   Days IT T Days   yy:mm:dd    M3/D    MM3/D     M3/D     M3    %    MM3/D     M3/D    kPa   %           kPa
 ------ ---- -- - ----- ---------- -------- -------- -------- ----- ----- -------- -------- ----- ---- ------ -----
     1w 1.00 1  0 1.000 1993:01:02 262.9599 7.922035 .0410995 30.13 .0156                   20778 e-6g -6e-4o  -973
     2  3.08 1  0 4.082 1993:01:05 262.7480 7.915651 .2530090 30.13 .0962                   20776 e-6g -8e-4o -1276
     3  7.24 1  0 11.33 1993:01:12 262.4485 7.906628 .5525362 30.13 .2101                   20772 e-5w -.001o -1173
     4  19.7 1  0 31.00 1993:02:01 262.2785 7.901508 .7224891 30.13 .2747                   20762 e-4w  .010w -1120
     5w 28.0 1  0 59.00 1993:03:01 262.2884 7.901805 .7155913 30.13 .2721                   20746 e-4w  .020w  -751
     6w 31.0 1  0 90.00 1993:04:01 262.3236 7.902864 .6814450 30.13 .2591                   20727 e-4w -.019o  -560
     7w 30.0 1  0 120.0 1993:05:01 262.3444 7.903491 .6606472 30.13 .2512                   20709 e-4w  .020w  -388
     8w 31.0 1  0 151.0 1993:06:01 218.5949 6.585478 .4090651 30.13 .1868                   20693 e-3w  .023w   476
     9w 30.0 1  0 181.0 1993:07:01 291.1671 8.771816 .8399224 30.13 .2876                   20673 e-3w -.020o -1122
    10w 1.00 1  0 182.0 1993:07:02 437.2006 13.17128 1.823387 30.13 .4153                   20672 e-3w  .001w  -610
    11  4.92 1  0 186.9 1993:07:07 403.9591 12.16983 3.766892 30.13 .9239                   20667 e-3w -.006o  -763
    12  12.5 1  0 199.5 1993:07:19 385.3408 11.60893 8.312793 30.13 2.112                   20656 e-3w -.008o  -562
    13  12.5 1  0 212.0 1993:08:01 375.8686 11.32357 14.09079 30.13 3.613                   20645 e-3w -.007o  -304
    14w 1.00 1  0 213.0 1993:08:02 785.1049 23.65239 14.77311 30.13 1.847                   20643 e-3w  9e-4w -1402
    15  2.14 1  0 215.1 1993:08:04 783.2539 23.59662 16.15524 30.13 2.021                   20639 e-3w -.001o -1281
    16  5.01 1  0 220.2 1993:08:09 780.2170 23.50513 18.31233 30.13 2.293                   20630 e-3w  .003w -1216
    17  11.4 1  0 231.6 1993:08:21 775.8043 23.37219 20.96280 30.13 2.631                   20610 e-3w -.006o -1139
    18  11.4 1  0 243.0 1993:09:01 771.9096 23.25486 24.69442 30.13 3.100                   20590 e-3w  .006w  -624
    19w 1.00 1  0 244.0 1993:09:02 650.4835 19.59673 18.48045 30.13 2.763                   20588 e-3w -.001o   491
    20  5.00 1  0 249.0 1993:09:07 648.3086 19.53120 20.65537 30.13 3.088                   20581 e-3w -.002o   788

                                    I M E X   T I M E   S T E P   S U M M A R Y
 ==================================================================================================================
    Time Step           Time                  Total Production             Total Injection  Total Max. Max. Change
 ---------------- ---------------- -------------------------------------- -----------------  PV   Mat. ------------
                C                    Oil      Gas     Water   GOR.  Wat.    Gas     Water   Avg.  bal. Satur. Pres.
        Size    U                                              M3/   Cut                    Pres. err. DSMAX  DPMAX
  No.   Days IT T Days   yy:mm:dd    M3/D    MM3/D     M3/D     M3    %    MM3/D     M3/D    kPa   %           kPa
 ------ ---- -- - ----- ---------- -------- -------- -------- ----- ----- -------- -------- ----- ---- ------ -----
    21  12.0 1  0 261.0 1993:09:19 645.9042 19.45877 23.05977 30.13 3.447                   20563 e-3w -.004o   553
    22  12.0 1  0 273.0 1993:10:01 642.8226 19.36593 26.14142 30.13 3.908                   20544 e-3w  .004w  -304
    23w 31.0 1  0 304.0 1993:11:01 810.1547 24.40704 46.87531 30.13 5.470                   20484 e-3w -.010o -2569
    24w 1.00 1  0 305.0 1993:11:02 945.0954 28.47232 43.46830 30.13 4.397                   20482 e-3w -6e-4o  -714
    25  4.20 1  0 309.2 1993:11:06 912.4383 27.48848 48.29156 30.13 5.027                   20473 e-3w -.001o  -699
    26  12.4 1  0 321.6 1993:11:19 887.0615 26.72397 53.47356 30.13 5.685                   20446 e-3w  .004w  -602
    27  12.4 1  0 334.0 1993:12:01 872.9296 26.29823 57.99025 30.13 6.229                   20420 e-3w  .005w  -331
    28w 1.00 1  0 335.0 1993:12:02 871.6565 26.25987 58.55733 30.13 6.295                   20418 e-3w -3e-4o -25.9
    29  5.00 1  0 340.0 1993:12:07 866.8351 26.11462 60.99729 30.13 6.574                   20407 e-3w -.002o  -120
    30  25.0 1  0 365.0 1994:01:01 851.2601 25.64540 67.03371 30.13 7.300                   20354 e-3w  .010w  -454
    31w 1.00 1  0 366.0 1994:01:02 850.4029 25.61958 67.86641 30.13 7.391                   20352 e-3w -5e-4o  41.0
    32  5.00 1  0 371.0 1994:01:07 846.9114 25.51439 71.37155 30.13 7.772                   20341 e-3w -.002o -84.6
    33  8.00 1  0 379.0 1994:01:15 841.9971 25.36634 75.60743 30.13 8.240                   20324 e-3w  .003w  -125
    34w 1.00 1  0 380.0 1994:01:16 841.3230 25.34603 76.26679 30.13 8.312                   20322 e-3w -3e-4o -15.5
    35  5.00 1  0 385.0 1994:01:21 838.4104 25.25829 78.90767 30.13 8.602                   20311 e-3w -.002o -73.9
    36  11.0 1  0 396.0 1994:02:01 832.9438 25.09360 83.05906 30.13 9.068                   20287 e-3w  .004w  -147
    37w 1.00 1  0 397.0 1994:02:02 832.3484 25.07566 83.66499 30.13 9.134                   20285 e-3w  3e-4w -13.2
    38  5.00 1  0 402.0 1994:02:07 829.8382 25.00004 86.14306 30.13 9.404                   20275 e-3w -.002o -63.1
    39  22.0 1  0 424.0 1994:03:01 821.3938 24.74564 91.84514 30.13 10.06                   20227 e-3w  .008w  -233
    40w 1.00 1  0 425.0 1994:03:02 937.1074 28.23167 51.75559 30.13 5.234                   20225 e-3w -.003o -1577

                                    I M E X   T I M E   S T E P   S U M M A R Y
 ==================================================================================================================
    Time Step           Time                  Total Production             Total Injection  Total Max. Max. Change
 ---------------- ---------------- -------------------------------------- -----------------  PV   Mat. ------------
                C                    Oil      Gas     Water   GOR.  Wat.    Gas     Water   Avg.  bal. Satur. Pres.
        Size    U                                              M3/   Cut                    Pres. err. DSMAX  DPMAX
  No.   Days IT T Days   yy:mm:dd    M3/D    MM3/D     M3/D     M3    %    MM3/D     M3/D    kPa   %           kPa
 ------ ---- -- - ----- ---------- -------- -------- -------- ----- ----- -------- -------- ----- ---- ------ -----
    41  1.90 1  0 426.9 1994:03:04 932.9316 28.10587 55.93137 30.13 5.656                   20221 e-3w -.002o -1494
    42  3.82 1  0 430.7 1994:03:08 929.7498 28.01001 59.11319 30.13 5.978                   20212 e-3w  .002w -1273
    43  9.00 1  0 439.7 1994:03:17 927.6205 27.94587 61.24243 30.13 6.193                   20191 e-3w -.014o -1136
    44  15.3 1  0 455.0 1994:04:01 926.5402 27.91332 62.32279 30.13 6.302                   20156 e-3w -.029o  -871
    45w 30.0 2  0 485.0 1994:05:01 822.6316 24.78293 87.43240 30.13  9.61                   20091 e-3w -.033o  2253
    46w 1.00 1  0 486.0 1994:05:02 1401.055 42.20873 112.3453 30.13 7.423                   20087 e-3w -.001w -1057
    47  2.84 1  0 488.8 1994:05:05 1401.810 42.23148 111.5904 30.13 7.373                   20077 e-3w -.002o -1027
    48  8.29 1  0 497.1 1994:05:13 1397.751 42.10919 115.6494 30.13 7.642                   20049 e-3w -.006o -1024
    49  18.9 1  0 516.0 1994:06:01 1388.727 41.83734 124.6732 30.13 8.238                   19982 e-3w  .014w  -851
    50w 30.0 2  0 546.0 1994:07:01 1752.566 52.79852 127.4676 30.13 6.780                   19853 e-3w -.021o -3901
    51w 1.00 1  0 547.0 1994:07:02 1777.453 53.54825 151.1026 30.13 7.835                   19848 e-3w -.002o  -528
    52  5.00 1  0 552.0 1994:07:07 1775.954 53.50310 157.9444 30.13 8.167                   19826 e-3w -.005o  -716
    53  12.5 1  0 564.5 1994:07:20 1750.530 52.73717 174.7395 30.13 9.076                   19770 e-3w -.011o  -528
    54  12.5 1  0 577.0 1994:08:01 1722.751 51.90030 192.9890 30.13 10.07                   19713 e-3w -.012o  -339
    55w 1.00 1  0 578.0 1994:08:02 2415.782 72.77881 287.3359 30.13 10.63                   19707 e-3w  .003o -1417
    56  2.12 1  0 580.1 1994:08:04 2342.407 70.56830 275.9859 30.13 10.54                   19695 e-3w  .002w  -939
    57  6.76 1  0 586.9 1994:08:11 2268.536 68.34281 284.0620 30.13 11.13                   19654 e-3w -.007o  -975
    58  21.1 1  0 608.0 1994:09:01 2171.366 65.41544 322.8816 30.13 12.95                   19531 e-3w -.018o  -854
    59w 1.00 1  0 609.0 1994:09:02 2030.046 61.15797 289.0538 30.13 12.46                   19525 e-3w -.003o   642
    60  4.67 1  0 613.7 1994:09:07 2003.419 60.35580 306.1716 30.13 13.26                   19499 e-3w  .005w   670

                                    I M E X   T I M E   S T E P   S U M M A R Y
 ==================================================================================================================
    Time Step           Time                  Total Production             Total Injection  Total Max. Max. Change
 ---------------- ---------------- -------------------------------------- -----------------  PV   Mat. ------------
                C                    Oil      Gas     Water   GOR.  Wat.    Gas     Water   Avg.  bal. Satur. Pres.
        Size    U                                              M3/   Cut                    Pres. err. DSMAX  DPMAX
  No.   Days IT T Days   yy:mm:dd    M3/D    MM3/D     M3/D     M3    %    MM3/D     M3/D    kPa   %           kPa
 ------ ---- -- - ----- ---------- -------- -------- -------- ----- ----- -------- -------- ----- ---- ------ -----
    61  12.2 1  0 625.8 1994:09:19 1971.403 59.39128 321.2914 30.13 14.01                   19433 e-3w  .009o   407
    62  12.2 1  0 638.0 1994:10:01 1945.222 58.60253 333.9183 30.13 14.65                   19367 e-3w  .009o  -239
    63w 1.00 1  0 639.0 1994:10:02 2028.250 61.10388 372.7807 30.13 15.53                   19361 e-3w  .002o  -433
    64  5.00 1  0 644.0 1994:10:07 2020.696 60.87629 375.1984 30.13 15.66                   19333 e-3w -.004w  -381
    65  25.0 1  0 669.0 1994:11:01 1971.478 59.39355 401.0473 30.13 16.90                   19191 e-3w  .021o  -364
    66w 1.00 1  0 670.0 1994:11:02 1920.310 57.85201 383.2165 30.13 16.64                   19185 e-3w  .001w   175
    67  5.00 1  0 675.0 1994:11:07 1904.590 57.37843 394.5685 30.13 17.16                   19157 e-3w -.004w   169
    68  24.0 1  0 699.0 1994:12:01 1866.796 56.23985 415.8523 30.13 18.22                   19026 e-3w  .021o  -291
    69w 1.00 1  0 700.0 1994:12:02 1821.286 54.86880 397.6879 30.13 17.92                   19020 e-3w -.001o   130
    70  5.00 1  0 705.0 1994:12:07 1807.718 54.46005 408.5593 30.13 18.43                   18994 e-3w  .004o   186
    71  25.0 1  0 730.0 1995:01:01 1775.401 53.48644 426.2827 30.13 19.36                   18861 e-3w  .022o  -265
    72w 1.00 1  0 731.0 1995:01:02 1809.075 54.50093 450.1942 30.13 19.93                   18856 e-3w -7e-4w  -138
    73  5.00 1  0 736.0 1995:01:07 1801.226 54.26444 455.1149 30.13 20.17                   18828 e-3w  .004o -92.2
    74  25.0 1  0 761.0 1995:02:01 1769.264 53.29428 473.0771 30.12 21.10                   18693 e-3w -.021w  -237
    75w 1.00 1  0 762.0 1995:02:02 1700.088 51.21030 427.6001 30.12 20.10                   18688 e-3w  .002w   319
    76  5.00 1  0 767.0 1995:02:07 1687.358 50.82561 438.2288 30.12 20.62                   18662 e-3w -.004w   272
    77  22.0 1  0 789.0 1995:03:01 1666.035 50.17736 449.9301 30.12 21.26                   18550 e-3w  .016o   203
    78w 1.00 1  0 790.0 1995:03:02 1696.391 51.09158 484.4327 30.12 22.21                   18545 e-3w -.001w  -229
    79  5.00 1  0 795.0 1995:03:07 1691.717 50.94883 486.8258 30.12 22.35                   18518 e-3w  .004o  -166
    80  25.0 1  0 820.0 1995:04:01 1665.968 50.15943 500.8801 30.11 23.12                   18387 e-3w -.019w  -209

                                    I M E X   T I M E   S T E P   S U M M A R Y
 ==================================================================================================================
    Time Step           Time                  Total Production             Total Injection  Total Max. Max. Change
 ---------------- ---------------- -------------------------------------- -----------------  PV   Mat. ------------
                C                    Oil      Gas     Water   GOR.  Wat.    Gas     Water   Avg.  bal. Satur. Pres.
        Size    U                                              M3/   Cut                    Pres. err. DSMAX  DPMAX
  No.   Days IT T Days   yy:mm:dd    M3/D    MM3/D     M3/D     M3    %    MM3/D     M3/D    kPa   %           kPa
 ------ ---- -- - ----- ---------- -------- -------- -------- ----- ----- -------- -------- ----- ---- ------ -----
    81w 1.00 1  0 821.0 1995:04:02 2043.600 61.53546 513.5179 30.11 20.08                   18381 e-3w  9e-4w -1505
    82  1.99 1  0 823.0 1995:04:04 2040.018 61.42636 516.2477 30.11 20.20                   18369 e-3w  .002o -1188
    83  5.03 1  0 828.0 1995:04:09 2032.284 61.19069 521.9167 30.11 20.43                   18339 e-3w  .004o -1196
    84  11.0 1  0 839.0 1995:04:20 2018.892 60.78141 530.4213 30.11 20.81                   18272 e-3w  .009o -1118
    85  11.0 1  0 850.0 1995:05:01 2005.952 60.38437 537.9231 30.10 21.15                   18206 e-3w  .009o  -660
    86w 1.00 1  0 851.0 1995:05:02 1993.859 60.01948 531.9000 30.10 21.06                   18200 e-3w  7e-4o -59.0
    87  5.00 1  0 856.0 1995:05:07 1987.175 59.81523 536.1924 30.10 21.25                   18170 e-3w  .004o  -237
    88  25.0 1  0 881.0 1995:06:01 1962.899 59.06492 546.7317 30.09 21.79                   18020 e-3w -.021w  -812
    89w 1.00 1  0 882.0 1995:06:02 1952.687 58.75658 416.3313 30.09 17.57                   18015 e-3w -.003o -1015
    90  2.96 1  0 885.0 1995:06:05 1943.197 58.46932 425.6702 30.09 17.97                   17998 e-3w  .002o -1379
    91  6.43 1  0 891.4 1995:06:11 1938.452 58.32658 430.6285 30.09 18.18                   17962 e-3w  .005o -1163
    92   9.8 1  0 901.2 1995:06:21 1934.251 58.20108 434.9309 30.09 18.36                   17907 e-3w -.008w  -782
    93   9.8 1  0 911.0 1995:07:01 1929.934 58.07109 439.0370 30.09 18.53                   17853 e-3w  .008o  -469
    94w 1.00 1  0 912.0 1995:07:02 2138.923 64.36700 535.8135 30.09 20.03                   17847 e-3w  .002o  -422
    95  5.00 1  0 917.0 1995:07:07 2122.101 63.85813 533.1468 30.09 20.08                   17816 e-3w  .004o  -386
    96  25.0 1  0 942.0 1995:08:01 2090.328 62.87482 542.5654 30.08 20.61                   17660 e-3w  .020o  -574
    97w 1.00 1  0 943.0 1995:08:02 1796.250 54.02793 449.4243 30.08 20.01                   17655 e-3w  .003o   479
    98  5.00 1  0 948.0 1995:08:07 1786.181 53.74672 457.1816 30.09 20.38                   17628 e-3w  .010o   487
    99  25.0 1  0 973.0 1995:09:01 1769.106 53.21947 466.5826 30.08 20.87                   17495 e-3w  .020o   552
   100w 1.00 1  0 974.0 1995:09:02 1721.612 51.78711 437.0748 30.08 20.25                   17490 e-3w  8e-4o   138

                                    I M E X   T I M E   S T E P   S U M M A R Y
 ==================================================================================================================
    Time Step           Time                  Total Production             Total Injection  Total Max. Max. Change
 ---------------- ---------------- -------------------------------------- -----------------  PV   Mat. ------------
                C                    Oil      Gas     Water   GOR.  Wat.    Gas     Water   Avg.  bal. Satur. Pres.
        Size    U                                              M3/   Cut                    Pres. err. DSMAX  DPMAX
  No.   Days IT T Days   yy:mm:dd    M3/D    MM3/D     M3/D     M3    %    MM3/D     M3/D    kPa   %           kPa
 ------ ---- -- - ----- ---------- -------- -------- -------- ----- ----- -------- -------- ----- ---- ------ -----
   101  5.00 1  0 979.0 1995:09:07 1715.843 51.61120 441.8826 30.08 20.48                   17464 e-3w -.004w   184
   102  24.0 1  0  1003 1995:10:01 1701.434 51.16526 451.0328 30.07 20.95                   17342 e-3w  .019o  -354
   103w 1.00 1  0  1004 1995:10:02 2072.944 62.36384 563.0535 30.08 21.36                   17335 e-3w -.002w  -559
   104  5.00 1  0  1009 1995:10:07 2073.516 62.37052 561.1726 30.08 21.30                   17304 e-3w  .004o  -741
   105  12.5 1  0  1022 1995:10:20 2038.016 61.25075 563.7934 30.05 21.67                   17227 e-3w -.010w  -567
   106  12.5 1  0  1034 1995:11:01 2021.896 60.70990 569.1778 30.03 21.97                   17150 e-3w  .010o  -321
   107w 1.00 1  0  1035 1995:11:02 2445.268 73.46147 553.9632 30.04 18.47                   17143 e-3w  .001w -1971
   108  1.52 1  0  1037 1995:11:04 2441.268 73.33567 556.9325 30.04 18.58                   17133 e-3w  .001o -1482
   109  3.08 1  0  1040 1995:11:07 2436.424 73.17809 559.7991 30.04 18.68                   17111 e-3w  .003o -1467
   110  6.30 1  0  1046 1995:11:13 2381.600 71.49926 562.0785 30.02 19.09                   17067 e-3w -.005w -1326
   111  9.05 1  0  1055 1995:11:22 2340.179 70.19603 565.3703 30.00 19.46                   17006 e-3w  .008o -1337
   112  9.05 1  0  1064 1995:12:01 2310.227 69.24242 568.9862 29.97 19.76                   16944 e-3w -.008w  -937
   113w 1.00 1  0  1065 1995:12:02 2342.459 70.21238 568.9587 29.97 19.54                   16937 e-3w  8e-4o  -223
   114  5.00 1  0  1070 1995:12:07 2317.086 69.43020 571.4024 29.96 19.78                   16903 e-3w  .004o  -402
   115  25.0 1  0  1095 1996:01:01 2252.282 67.21152 578.1059 29.84 20.42                   16736 e-3w  .021o -1041
   116w 1.00 1  0  1096 1996:01:02 2135.977 63.72180 512.6122 29.83 19.35                   16730 e-3w  .002o   259
   117  5.00 1  0  1101 1996:01:07 2122.656 63.28159 518.0510 29.81 19.62                   16699 e-3w  .004o   305
   118  25.0 1  0  1126 1996:02:01 2082.973 61.75293 527.5065 29.65 20.21                   16544 e-3w  .022o  -537
   119w 1.00 1  0  1127 1996:02:02 1899.841 56.34608 507.9766 29.66 21.10                   16539 e-3w  .005o   459
   120  5.00 1  0  1132 1996:02:07 1890.153 56.18661 513.0485 29.73 21.35                   16510 e-3w -.014g   543

                                    I M E X   T I M E   S T E P   S U M M A R Y
 ==================================================================================================================
    Time Step           Time                  Total Production             Total Injection  Total Max. Max. Change
 ---------------- ---------------- -------------------------------------- -----------------  PV   Mat. ------------
                C                    Oil      Gas     Water   GOR.  Wat.    Gas     Water   Avg.  bal. Satur. Pres.
        Size    U                                              M3/   Cut                    Pres. err. DSMAX  DPMAX
  No.   Days IT T Days   yy:mm:dd    M3/D    MM3/D     M3/D     M3    %    MM3/D     M3/D    kPa   %           kPa
 ------ ---- -- - ----- ---------- -------- -------- -------- ----- ----- -------- -------- ----- ---- ------ -----
   121  23.0 1  0  1155 1996:03:01 1864.274 55.18267 520.2734 29.60 21.82                   16379 e-3w  .024o   799
   122w 1.00 1  0  1156 1996:03:02 2136.072 63.36108 515.2887 29.66 19.43                   16372 e-3w  .003o -1345
   123  2.23 1  0  1158 1996:03:04 2127.883 63.13923 521.8231 29.67 19.69                   16358 e-3w  .005o -1135
   124  5.89 1  0  1164 1996:03:10 2111.136 62.65065 533.4937 29.68 20.17                   16321 e-3w -.008g -1131
   125  10.9 1  0  1175 1996:03:21 2087.220 61.90657 546.6374 29.66 20.75                   16252 e-3w  .012o  -811
   126  10.9 1  0  1186 1996:04:01 2064.349 61.19940 560.5915 29.65 21.36                   16183 e-3w  .012o  -438
   127w 1.00 1  0  1187 1996:04:02 2315.302 68.84368 611.1390 29.73 20.88                   16176 e-3w -.001o  -606
   128  4.95 1  0  1192 1996:04:07 2305.659 68.45521 616.2562 29.69 21.09                   16141 e-3w  .006o  -779
   129  12.0 1  0  1204 1996:04:19 2276.291 67.43387 625.5454 29.62 21.56                   16057 e-3w  .015o  -562
   130  12.0 1  0  1216 1996:05:01 2251.751 66.61343 638.3915 29.58 22.09                   15974 e-3w  .016o  -263
   131w 1.00 1  0  1217 1996:05:02 1830.470 54.06000 496.8795 29.53 21.35                   15968 e-3w -.003g   365
   132  5.00 1  0  1222 1996:05:07 1816.955 53.87254 506.5251 29.65 21.80                   15939 e-3w  .009o   456
   133  25.0 1  0  1247 1996:06:01 1791.267 53.31669 515.7673 29.76 22.36                   15798 e-3w  .035o   430
   134w 1.00 1  0  1248 1996:06:02 1937.569 57.71615 865.7691 29.79 30.88                   15791 e-3w -.002o  -368
   135  5.00 1  0  1253 1996:06:07 1927.981 57.35442 871.4685 29.75 31.13                   15755 e-3w  .008o  -293
   136  24.0 1  0  1277 1996:07:01 1901.515 56.41532 881.1793 29.67 31.67                   15587 e-3w  .039o  -368
   137w 1.00 1  0  1278 1996:07:02 1621.576 48.14650 814.2701 29.69 33.43                   15581 e-3w -.004g   286
   138  5.00 1  0  1283 1996:07:07 1614.969 48.16266 819.3732 29.82 33.66                   15549 e-3w -.012g   352
   139  25.0 1  0  1308 1996:08:01 1603.540 48.14955 823.0586 30.03 33.92                   15396 e-3w  .046o   395
   140w 1.00 1  0  1309 1996:08:02 1751.136 52.46714 1066.999 29.96 37.86                   15389 e-3w -.006o  -337

                                    I M E X   T I M E   S T E P   S U M M A R Y
 ==================================================================================================================
    Time Step           Time                  Total Production             Total Injection  Total Max. Max. Change
 ---------------- ---------------- -------------------------------------- -----------------  PV   Mat. ------------
                C                    Oil      Gas     Water   GOR.  Wat.    Gas     Water   Avg.  bal. Satur. Pres.
        Size    U                                              M3/   Cut                    Pres. err. DSMAX  DPMAX
  No.   Days IT T Days   yy:mm:dd    M3/D    MM3/D     M3/D     M3    %    MM3/D     M3/D    kPa   %           kPa
 ------ ---- -- - ----- ---------- -------- -------- -------- ----- ----- -------- -------- ----- ---- ------ -----
   141  5.00 1  0  1314 1996:08:07 1715.519 51.28647 1070.382 29.90 38.42                   15353 e-3w -.011o  -307
   142  25.0 1  0  1339 1996:09:01 1675.876 50.22700 1072.545 29.97 39.02                   15177 e-3w  .052o  -307
   143w 1.00 1  0  1340 1996:09:02 1451.376 43.45022 862.0221 29.94 37.26                   15171 e-3w  .002o   277
   144  5.00 1  0  1345 1996:09:07 1447.592 43.34866 864.4496 29.95 37.39                   15142 e-3w  .011o   259
   145  24.0 1  0  1369 1996:10:01 1441.035 43.22537 865.2220 30.00 37.52                   15003 e-3w  .053o  -221
   146w 1.00 1  0  1370 1996:10:02 1370.930 41.07714 770.4712 29.96 35.98                   14998 e-3w -.002w   133
   147  5.00 1  0  1375 1996:10:07 1367.932 41.06743 772.1985 30.02 36.08                   14971 e-3w  .011o   211
   148  25.0 1  0  1400 1996:11:01 1362.402 41.22371 772.3852 30.26 36.18                   14839 e-3w -.057w  -237
   149w 1.00 1  0  1401 1996:11:02 1431.271 43.27939 848.5502 30.24 37.22                   14833 e-3w  .002o  -282
   150  5.00 1  0  1406 1996:11:07 1433.880 43.32727 846.4648 30.22 37.12                   14805 e-3w -.012w  -195
   151  24.0 1  0  1430 1996:12:01 1427.013 43.13940 844.9917 30.23 37.19                   14670 e-3w  .055o  -244
   152w 1.00 1  0  1431 1996:12:02 1619.104 48.86854 770.0308 30.18 32.23                   14664 e-3w  .002o -1329
   153  2.26 1  0  1433 1996:12:04 1616.902 48.77224 771.7190 30.16 32.31                   14651 e-3w  .005o -1186
   154  5.71 1  0  1439 1996:12:10 1613.378 48.64048 774.1285 30.15 32.42                   14618 e-3w  .013o -1186
   155  11.0 1  0  1450 1996:12:21 1608.624 48.31212 776.8766 30.03 32.57                   14554 e-3w  .024o  -961
   156  11.0 1  0  1461 1997:01:01 1602.876 47.79200 780.6508 29.82 32.75                   14491 e-3w  .023o  -478
   157w 1.00 1  0  1462 1997:01:02 1512.831 45.07535 666.3156 29.80 30.58                   14486 e-3w -.002w   168
   158  5.00 1  0  1467 1997:01:07 1504.479 44.75918 668.0422 29.75 30.75                   14460 e-3w  .009o   190
   159  25.0 1  0  1492 1997:02:01 1491.481 43.93450 668.5663 29.46 30.95                   14330 e-3w  .033o  -480
   160w 1.00 1  0  1493 1997:02:02 1457.233 43.07145 601.8970 29.56 29.23                   14325 e-3w -.001g -87.2

                                    I M E X   T I M E   S T E P   S U M M A R Y
 ==================================================================================================================
    Time Step           Time                  Total Production             Total Injection  Total Max. Max. Change
 ---------------- ---------------- -------------------------------------- -----------------  PV   Mat. ------------
                C                    Oil      Gas     Water   GOR.  Wat.    Gas     Water   Avg.  bal. Satur. Pres.
        Size    U                                              M3/   Cut                    Pres. err. DSMAX  DPMAX
  No.   Days IT T Days   yy:mm:dd    M3/D    MM3/D     M3/D     M3    %    MM3/D     M3/D    kPa   %           kPa
 ------ ---- -- - ----- ---------- -------- -------- -------- ----- ----- -------- -------- ----- ---- ------ -----
   161  5.00 1  0  1498 1997:02:07 1451.565 42.92373 606.5459 29.57 29.47                   14300 e-3w  .005o  -155
   162  22.0 1  0  1520 1997:03:01 1443.207 42.71943 611.2147 29.60 29.75                   14192 e-3w  .021o  -294
   163w 1.00 1  0  1521 1997:03:02 1521.940 45.04413 775.1442 29.60 33.74                   14186 e-3w  .001g  -210
   164  5.00 1  0  1526 1997:03:07 1507.954 44.70379 774.2046 29.65 33.92                   14158 e-3w  .005o  -150
   165  25.0 1  0  1551 1997:04:01 1476.204 44.02339 775.6864 29.82 34.45                   14019 e-3w  .025o  -275
   166w 1.00 1  0  1552 1997:04:02 1407.667 42.06966 750.1552 29.89 34.76                   14014 e-3w -.002g  87.2
   167  5.00 1  0  1557 1997:04:07 1402.015 41.92058 753.4188 29.90 34.95                   13987 e-3w  .005o  -143
   168  24.0 1  0  1581 1997:05:01 1390.652 41.67485 756.4936 29.97 35.23                   13860 e-3w  .025o  -228
   169w 1.00 1  0  1582 1997:05:02 1209.912 36.24519 618.2335 29.96 33.82                   13855 e-3w -.002g   188
   170  5.00 1  0  1587 1997:05:07 1205.665 36.04223 621.5825 29.89 34.02                   13833 e-3w  .005o   234
   171  25.0 1  0  1612 1997:06:01 1199.297 35.90907 624.6498 29.94 34.25                   13720 e-3w -.025w   206
   172w 1.00 1  0  1613 1997:06:02 1289.907 38.54414 647.1214 29.88 33.41                   13716 e-3w  .003g  -145
   173  5.00 1  0  1618 1997:06:07 1291.182 38.61880 645.0210 29.91 33.31                   13692 e-3w  .007g  -196
   174  24.0 1  0  1642 1997:07:01 1283.699 38.78170 649.6189 30.21 33.60                   13580 e-3w -.024w  -349
   175w 1.00 1  0  1643 1997:07:02 1123.674 33.82977 596.5115 30.11 34.68                   13575 e-3w -.003g  98.2
   176  5.00 1  0  1648 1997:07:07 1118.077 33.36768 601.3538 29.84 34.97                   13554 e-3w -.008g   221
   177  25.0 1  0  1673 1997:08:01 1112.248 33.09840 604.5619 29.76 35.21                   13447 e-3w -.024w   319
   178w 1.00 1  0  1674 1997:08:02 1086.393 32.37490 602.1150 29.80 35.66                   13443 e-3w  .002o  -166
   179  5.00 1  0  1679 1997:08:07 1083.968 32.28307 603.8510 29.78 35.78                   13422 e-3w -.007g  -202
   180  25.0 1  0  1704 1997:09:01 1079.549 32.20365 606.0050 29.83 35.95                   13317 e-3w  .024o   281

                                    I M E X   T I M E   S T E P   S U M M A R Y
 ==================================================================================================================
    Time Step           Time                  Total Production             Total Injection  Total Max. Max. Change
 ---------------- ---------------- -------------------------------------- -----------------  PV   Mat. ------------
                C                    Oil      Gas     Water   GOR.  Wat.    Gas     Water   Avg.  bal. Satur. Pres.
        Size    U                                              M3/   Cut                    Pres. err. DSMAX  DPMAX
  No.   Days IT T Days   yy:mm:dd    M3/D    MM3/D     M3/D     M3    %    MM3/D     M3/D    kPa   %           kPa
 ------ ---- -- - ----- ---------- -------- -------- -------- ----- ----- -------- -------- ----- ---- ------ -----
   181w 1.00 1  0  1705 1997:09:02 1034.304 30.77322 555.2019 29.75 34.93                   13313 e-3w -.002o   146
   182  5.00 1  0  1710 1997:09:07 1032.199 30.70554 556.7015 29.75 35.04                   13294 e-3w -.006o   178
   183  24.0 1  0  1734 1997:10:01 1028.002 30.73833 559.0453 29.90 35.23                   13201 e-3w  .022o  -217
   184w 1.00 1  0  1735 1997:10:02 963.2433 28.80425 520.1696 29.90 35.07                   13197 e-3w  .001o   118
   185  5.00 1  0  1740 1997:10:07 960.9014 28.71044 521.9968 29.88 35.20                   13178 e-3w  .005o  -136
   186  25.0 1  0  1765 1997:11:01 956.9859 28.57532 524.3079 29.86 35.40                   13087 e-3w  .021o  -175
   187w 1.00 1  0  1766 1997:11:02 865.2265 25.82482 490.1569 29.85 36.16                   13084 e-3w -.001g   142
   188  5.00 1  0  1771 1997:11:07 862.6112 25.76721 492.3349 29.87 36.34                   13067 e-3w  .004o   170
   189  24.0 1  0  1795 1997:12:01 859.5268 25.69833 494.0827 29.90 36.50                   12987 e-3w  .020o  -125
   190w 1.00 1  0  1796 1997:12:02 805.7936 24.09363 443.6140 29.90 35.51                   12984 e-3w -.002g   124
   191  5.00 1  0  1801 1997:12:07 802.8297 24.03167 446.2214 29.93 35.72                   12968 e-3w -.005g   160
   192  25.0 1  0  1826 1998:01:01 800.1717 23.98664 447.6971 29.98 35.88                   12892 e-3w  .019o   228
   193w 1.00 1  0  1827 1998:01:02 853.9397 25.62739 448.8903 30.01 34.46                   12889 e-3w  .003g  -164
   194  5.00 1  0  1832 1998:01:07 857.1195 25.68194 445.3715 29.96 34.19                   12873 e-3w  .006g  -196
   195  25.0 1  0  1857 1998:02:01 854.6465 25.64521 446.7545 30.01 34.33                   12795 e-3w -.018w  -252
   196w 1.00 1  0  1858 1998:02:02 719.0198 21.51410 387.7894 29.92 35.04                   12792 e-3w  .002o   106
   197  5.00 1  0  1863 1998:02:07 716.7075 21.38770 389.7944 29.84 35.23                   12778 e-3w -.005g   128
   198  22.0 1  0  1885 1998:03:01 714.3394 21.26889 391.3024 29.77 35.39                   12719 e-3w -.015w   152
   199w 1.00 1  0  1886 1998:03:02 695.7383 20.69002 394.0797 29.74 36.16                   12716 e-3w -.004g  -200
   200  5.00 1  0  1891 1998:03:07 699.4062 20.51228 390.4118 29.33 35.82                   12702 e-3w -.011g   269

                                    I M E X   T I M E   S T E P   S U M M A R Y
 ==================================================================================================================
    Time Step           Time                  Total Production             Total Injection  Total Max. Max. Change
 ---------------- ---------------- -------------------------------------- -----------------  PV   Mat. ------------
                C                    Oil      Gas     Water   GOR.  Wat.    Gas     Water   Avg.  bal. Satur. Pres.
        Size    U                                              M3/   Cut                    Pres. err. DSMAX  DPMAX
  No.   Days IT T Days   yy:mm:dd    M3/D    MM3/D     M3/D     M3    %    MM3/D     M3/D    kPa   %           kPa
 ------ ---- -- - ----- ---------- -------- -------- -------- ----- ----- -------- -------- ----- ---- ------ -----
   201  25.0 1  0  1916 1998:04:01 695.2493 20.30309 394.5687 29.20 36.21                   12635 e-3w -.017g   476
   202w 30.0 2  0  1946 1998:05:01 739.0889 22.21280 402.3551 30.05 35.25                   12552 e-3w  .034g  -772
   203w 1.00 1  0  1947 1998:05:02 669.2710 20.09222 366.7811 30.02 35.40                   12549 e-3w -.003g   102
   204  5.00 1  0  1952 1998:05:07 665.2300 19.98390 370.6688 30.04 35.78                   12536 e-3w -.008g   229
   205  25.0 1  0  1977 1998:06:01 662.7472 19.92028 371.9235 30.06 35.95                   12472 e-3w  .016o   322
   206w 1.00 1  0  1978 1998:06:02 693.1551 20.83023 384.7759 30.05 35.70                   12470 e-3w  .003g  -149
   207  5.00 1  0  1983 1998:06:07 697.3661 20.80084 380.5649 29.83 35.31                   12457 e-3w  .005g  -168
   208  24.0 1  0  2007 1998:07:01 698.0457 20.65346 379.8853 29.59 35.24                   12394 e-3w  .015o  -205
   209w 31.0 1  0  2038 1998:08:01 642.4349 19.18016 345.1921 29.86 34.95                   12319 e-3w  .018o   374
   210w 1.00 1  0  2039 1998:08:02 673.6484 20.13317 385.4195 29.89 36.39                   12316 e-3w  9e-4g -53.4
   211  5.00 1  0  2044 1998:08:07 673.3815 20.14361 384.2068 29.91 36.33                   12303 e-3w -.003w -61.3
   212  25.0 1  0  2069 1998:09:01 671.2559 20.05844 384.5376 29.88 36.42                   12239 e-3w  .015o -99.4
   213w 1.00 1  0  2070 1998:09:02 647.8739 19.33918 360.7751 29.85 35.77                   12236 e-3w  7e-4g  41.7
   214  5.00 1  0  2075 1998:09:07 648.3273 19.29409 360.3217 29.76 35.72                   12224 e-3w  .003o -59.0
   215  24.0 1  0  2099 1998:10:01 647.3081 19.17695 361.3409 29.63 35.82                   12165 e-3w -.013w  -113
   216w 31.0 1  0  2130 1998:11:01 611.7422 18.11121 333.9719 29.61 35.31                   12093 e-3w  .016o  -153
   217w 1.00 1  0  2131 1998:11:02 593.9796 17.57726 355.2867 29.59 37.43                   12091 e-3w -6e-4g -96.9
   218  5.00 1  0  2136 1998:11:07 593.9916 17.57342 354.7469 29.59 37.39                   12080 e-3w -.003w   119
   219  24.0 1  0  2160 1998:12:01 592.1376 17.48629 355.7307 29.53 37.53                   12024 e-3w  .012o -89.5
   220w 1.00 1  0  2161 1998:12:02 533.0159 15.71763 305.6281 29.49 36.44                   12022 e-3w -.002g -90.9

                                    I M E X   T I M E   S T E P   S U M M A R Y
 ==================================================================================================================
    Time Step           Time                  Total Production             Total Injection  Total Max. Max. Change
 ---------------- ---------------- -------------------------------------- -----------------  PV   Mat. ------------
                C                    Oil      Gas     Water   GOR.  Wat.    Gas     Water   Avg.  bal. Satur. Pres.
        Size    U                                              M3/   Cut                    Pres. err. DSMAX  DPMAX
  No.   Days IT T Days   yy:mm:dd    M3/D    MM3/D     M3/D     M3    %    MM3/D     M3/D    kPa   %           kPa
 ------ ---- -- - ----- ---------- -------- -------- -------- ----- ----- -------- -------- ----- ---- ------ -----
   221  5.00 1  0  2166 1998:12:07 531.9082 15.54392 306.7358 29.22 36.58                   12011 e-3w -.005g  -120
   222  25.0 1  0  2191 1999:01:01 531.3040 15.41349 307.3400 29.01 36.65                   11959 e-3w -.011w   208
   223w 31.0 1  0  2222 1999:02:01 489.4902 14.21337 295.6168 29.04 37.65                   11898 e-3w  .013o   319
   224w 28.0 1  0  2250 1999:03:01 622.0225 18.40682 375.1505 29.59 37.62                   11831 e-3w  .019g  -491
   225w 1.00 1  0  2251 1999:03:02 501.3327 14.82795 313.7753 29.58 38.49                   11829 e-3w -.002g   122
   226  5.00 1  0  2256 1999:03:07 498.5172 14.83051 316.5908 29.75 38.84                   11819 e-3w -.004g   152
   227  25.0 1  0  2281 1999:04:01 497.8460 14.97644 317.2620 30.08 38.92                   11768 e-3w  .010o   147
   228w 1.00 1  0  2282 1999:04:02 565.6369 16.98257 306.1802 30.02 35.12                   11766 e-3w -.002o -89.4
   229  5.00 1  0  2287 1999:04:07 567.2504 16.91562 304.5405 29.82 34.93                   11756 e-3w -.005o  -148
   230  24.0 1  0  2311 1999:05:01 566.3841 16.78175 304.9224 29.63 35.00                   11706 e-3w  .010o  -216
   231w 1.00 1  0  2312 1999:05:02 458.8829 13.55715 272.6991 29.54 37.28                   11704 e-3w -.002g  77.3
   232  5.00 1  0  2317 1999:05:07 455.9123 13.37766 275.6697 29.34 37.68                   11695 e-3w -.005g   143
   233  25.0 1  0  2342 1999:06:01 455.2175 13.27948 276.3645 29.17 37.78                   11649 e-3w  .010o   163
   234w 30.0 1  0  2372 1999:07:01 513.0309 14.98938 297.7941 29.22 36.73                   11591 e-3w  .017g  -442
   235w 31.0 1  0  2403 1999:08:01 489.9478 14.46091 272.0042 29.52 35.70                   11533 e-3w  .012o  -161
   236w 31.0 1  0  2434 1999:09:01 437.1327 12.70559 252.1643 29.07 36.58                   11480 e-3w  .012o   301
   237w 30.0 1  0  2464 1999:10:01 465.9572 13.80579 280.0808 29.63 37.54                   11426 e-3w  .011o  -247
   238w 31.0 1  0  2495 1999:11:01 501.2346 15.01442 307.0740 29.95 37.99                   11366 e-3w  .012o  -357
   239w 1.00 1  0  2496 1999:11:02 370.5333 10.95758 247.0927 29.57 40.01                   11365 e-3w -.002g  64.8
   240  5.00 1  0  2501 1999:11:07 367.5970 10.70733 250.0290 29.13 40.48                   11357 e-3w -.005g   158

                                    I M E X   T I M E   S T E P   S U M M A R Y
 ==================================================================================================================
    Time Step           Time                  Total Production             Total Injection  Total Max. Max. Change
 ---------------- ---------------- -------------------------------------- -----------------  PV   Mat. ------------
                C                    Oil      Gas     Water   GOR.  Wat.    Gas     Water   Avg.  bal. Satur. Pres.
        Size    U                                              M3/   Cut                    Pres. err. DSMAX  DPMAX
  No.   Days IT T Days   yy:mm:dd    M3/D    MM3/D     M3/D     M3    %    MM3/D     M3/D    kPa   %           kPa
 ------ ---- -- - ----- ---------- -------- -------- -------- ----- ----- -------- -------- ----- ---- ------ -----
   241  24.0 1  0  2525 1999:12:01 367.0424 10.55670 250.5836 28.76 40.57                   11319 e-3w  .009o   213
   242w 31.0 1  0  2556 2000:01:01 395.4405 11.39625 248.9605 28.82 38.63                   11269 e-3w  .012o  -210
   243w 31.0 1  0  2587 2000:02:01 480.8228 14.23716 270.6132 29.61 36.01                   11215 e-3w  .013g  -375
   244w 29.0 1  0  2616 2000:03:01 344.0676 10.05973 235.9274 29.24 40.68                   11171 e-3w -.021g   642
   245w 31.0 1  0  2647 2000:04:01 366.5720 10.59230 241.2811 28.90 39.69                   11125 e-3w  .020g  -622
   246w 30.0 1  0  2677 2000:05:01 382.7721 11.14947 248.7579 29.13 39.39                   11079 e-3w -.011w   255
   247w 31.0 1  0  2708 2000:06:01 391.8358 11.53438 225.2372 29.44 36.50                   11034 e-3w  .013g  -430
   248w 30.0 1  0  2738 2000:07:01 412.7348 12.24543 266.2572 29.67 39.21                   10986 e-3w  .010o  -246
   249w 31.0 1  0  2769 2000:08:01 346.8403 10.07588 239.4937 29.05 40.85                   10941 e-3w -.011g   320
   250w 31.0 1  0  2800 2000:09:01 399.5637 11.77425 248.3163 29.47 38.33                   10893 e-3w  .011g  -348
   251w 30.0 1  0  2830 2000:10:01 374.1639 11.04259 245.7201 29.51 39.64                   10849 e-3g  .010o   195
   252w 31.0 1  0  2861 2000:11:01 336.2043  9.75746 207.5847 29.02 38.17                   10809 e-3g  .010o   226
   253w 30.0 1  0  2891 2000:12:01 350.8916 10.22941 202.1894 29.15 36.56                   10769 e-3g -.011g   335
   254w 31.0 1  0  2922 2001:01:01 420.0937 15.40979 252.8714 36.68 37.58                   10723 e-3w  .015g  -503
   255w 1.00 1  0  2923 2001:01:02 347.8174 11.60470 218.5576 33.36 38.59                   10721 e-3w -.003g  30.7
   256  5.00 1  0  2928 2001:01:07 346.0102 10.24715 220.3648 29.62 38.91                   10714 e-3w -.007g   183
   257  25.0 1  0  2953 2001:02:01 345.8812 10.01272 220.4937 28.95 38.93                   10680 e-3w -.010g   269
   258w 28.0 1  0  2981 2001:03:01 392.5532 11.44101 247.1808 29.15 38.64                   10639 e-3w  .011g  -305
   259w 31.0 1  0  3012 2001:04:01 322.7189 9.312768 198.9781 28.86 38.14                   10601 e-3w  .009o   193
   260w 30.0 1  0  3042 2001:05:01 325.8318 9.412908 231.5402 28.89 41.54                   10562 e-3w  .009o   199

                                    I M E X   T I M E   S T E P   S U M M A R Y
 ==================================================================================================================
    Time Step           Time                  Total Production             Total Injection  Total Max. Max. Change
 ---------------- ---------------- -------------------------------------- -----------------  PV   Mat. ------------
                C                    Oil      Gas     Water   GOR.  Wat.    Gas     Water   Avg.  bal. Satur. Pres.
        Size    U                                              M3/   Cut                    Pres. err. DSMAX  DPMAX
  No.   Days IT T Days   yy:mm:dd    M3/D    MM3/D     M3/D     M3    %    MM3/D     M3/D    kPa   %           kPa
 ------ ---- -- - ----- ---------- -------- -------- -------- ----- ----- -------- -------- ----- ---- ------ -----
   261w 31.0 1  0  3073 2001:06:01 328.9306  9.58690 202.3644 29.15 38.09                   10525 e-3w -.009w  -145
   262w 30.0 1  0  3103 2001:07:01 335.9335  9.84377 220.1204 29.30 39.59                   10488 e-3g  .008o  -216
   263w 31.0 1  0  3134 2001:08:01 359.7037 10.46665 229.0823 29.10 38.91                   10447 .01g -.009o  -386
   264w 31.0 1  0  3165 2001:09:01 270.0918 7.706786 176.1112 28.53 39.47                   10414 .01g -.010g   339
   265w 30.0 1  0  3195 2001:10:01 214.4711 6.096356 149.2890 28.43 41.04                   10387 .01g -.010g   308
   266w 31.0 1  0  3226 2001:11:01 254.7810 7.379879 154.3830 28.97 37.73                   10358 .01g  .018g  -381
   267w 30.0 1  0  3256 2001:12:01 342.5006 10.29053 211.5155 30.05 38.18                   10324 .01g  .020g  -602
   268w 31.0 1  0  3287 2002:01:01 389.3202 13.25314 235.8758 34.04 37.73                   10285 .01g  .015g  -459
   269w 1.00 1  0  3288 2002:01:02 350.7789 11.34539 196.2361 32.34 35.87                   10284 .01g -.002g -44.4
   270  5.00 1  0  3293 2002:01:07 349.5304 10.59446 197.4846 30.31 36.10                   10279 .01g -.004g   131
   271  25.0 1  0  3318 2002:02:01 350.7518 10.29554 196.2632 29.35 35.88                   10251 .01g -.006w   143
   272w 28.0 1  0  3346 2002:03:01 301.2575 8.710786 187.3895 28.91 38.35                   10221 .01g -.008g   270
   273w 31.0 1  0  3377 2002:04:01 358.6912 10.66961 196.4878 29.75 35.39                   10188 .02g  .011g  -355
   274w 30.0 1  0  3407 2002:05:01 342.2363 10.12895 225.5677 29.60 39.73                   10154 .02g  .008g  -246
   275w 31.0 1  0  3438 2002:06:01 275.5850 7.903149 182.1960 28.68 39.80                   10124 .02g -.011g   300
   276w 30.0 1  0  3468 2002:07:01 315.6808 9.202353 188.2312 29.15 37.35                   10095 .02g  .007g  -262
   277w 31.0 1  0  3499 2002:08:01 329.7577  9.51770 188.5083 28.86 36.37                   10063 .02g  .010g  -274
   278w 31.0 1  0  3530 2002:09:01 365.1872 10.91987 182.7418 29.90 33.35                   10033 .02g -.007o  -276
   279w 30.0 1  0  3560 2002:10:01 293.8044 8.487503 172.0086 28.89 36.93                   10006 .02g -.007g   219
   280w 31.0 1  0  3591 2002:11:01 256.4975 7.234775 174.2305 28.21 40.45                    9978 .03g -.009g   256

                                    I M E X   T I M E   S T E P   S U M M A R Y
 ==================================================================================================================
    Time Step           Time                  Total Production             Total Injection  Total Max. Max. Change
 ---------------- ---------------- -------------------------------------- -----------------  PV   Mat. ------------
                C                    Oil      Gas     Water   GOR.  Wat.    Gas     Water   Avg.  bal. Satur. Pres.
        Size    U                                              M3/   Cut                    Pres. err. DSMAX  DPMAX
  No.   Days IT T Days   yy:mm:dd    M3/D    MM3/D     M3/D     M3    %    MM3/D     M3/D    kPa   %           kPa
 ------ ---- -- - ----- ---------- -------- -------- -------- ----- ----- -------- -------- ----- ---- ------ -----
   281w 30.0 1  0  3621 2002:12:01 301.3693 9.220164 164.0257 30.59 35.24                    9953 .02g  .014g  -373
   282w 31.0 1  0  3652 2003:01:01 279.3420 8.004141 153.7750 28.65 35.50                    9928 .03g -.006g   214
   283w 31.0 1  0  3683 2003:02:01 211.0922 5.933677 118.4168 28.11 35.94                    9907 .03g -.013g   344
   284w 28.0 1  0  3711 2003:03:01 230.7188 6.454743 141.7552 27.98 38.06                    9888 .03g -.005w   113
   285w 31.0 1  0  3742 2003:04:01 255.0478 7.161912 151.5682 28.08 37.28                    9864 .03g -.008g   226
   286w 30.0 1  0  3772 2003:05:01 310.1391 8.845487 174.6699 28.52 36.03                    9841 .03g  .012g  -409
   287w 31.0 1  0  3803 2003:06:01 242.7147 6.832369 141.8453 28.15 36.89                    9820 .03g -.005g   137
   288w 30.0 1  0  3833 2003:07:01 355.9110 11.63540 182.2580 32.69 33.87                    9795 .03g  .020g  -543
   289w 31.0 1  0  3864 2003:08:01 210.4581 6.000543 125.2769 28.51 37.31                    9775 .03g -.017g   720
   290w 31.0 1  0  3895 2003:09:01 202.2554 5.714034 131.0066 28.25 39.31                    9756 .03g -.007g   172
   291w 30.0 1  0  3925 2003:10:01 334.8829 10.88799 181.9361 32.51 35.20                    9732 .03g  .016g  -502
   292w 31.0 1  0  3956 2003:11:01 288.1863 8.470371 175.4847 29.39 37.85                    9709 .03g  .005o   125
   293w 30.0 1  0  3986 2003:12:01 254.9866 7.282115 143.5414 28.56 36.02                    9689 .03g -.011g   498
   294w 31.0 1  0  4017 2004:01:01 292.2209 10.46539 163.9891 35.81 35.95                    9668 .02g  .014g  -553
   295w 31.0 1  0  4048 2004:02:01 310.2378  9.88149 145.4802 31.85 31.92                    9649 .02g  .008g  -330
   296w 29.0 1  0  4077 2004:03:01 244.5133 6.965481 129.9497 28.49 34.70                    9632 .02g -.015g   440
   297w 31.0 1  0  4108 2004:04:01 240.2935 7.063622 135.7125 29.40 36.09                    9613 .02g  .009g  -266
   298w 30.0 1  0  4138 2004:05:01 286.5750 8.151231 147.5670 28.44 33.99                    9595 .02g  .014g  -399
   299w 31.0 1  0  4169 2004:06:01 298.0693 8.421174 173.0537 28.25 36.73                    9574 .03g -.008g   192
   300w 30.0 1  0  4199 2004:07:01 290.4905 8.194362 148.6965 28.21 33.86                    9555 .03g -.005o  -133

                                    I M E X   T I M E   S T E P   S U M M A R Y
 ==================================================================================================================
    Time Step           Time                  Total Production             Total Injection  Total Max. Max. Change
 ---------------- ---------------- -------------------------------------- -----------------  PV   Mat. ------------
                C                    Oil      Gas     Water   GOR.  Wat.    Gas     Water   Avg.  bal. Satur. Pres.
        Size    U                                              M3/   Cut                    Pres. err. DSMAX  DPMAX
  No.   Days IT T Days   yy:mm:dd    M3/D    MM3/D     M3/D     M3    %    MM3/D     M3/D    kPa   %           kPa
 ------ ---- -- - ----- ---------- -------- -------- -------- ----- ----- -------- -------- ----- ---- ------ -----
   301w 31.0 1  0  4230 2004:08:01 307.7713 8.747850 157.3037 28.42 33.82                    9536 .03g -.007w  -121
   302w 31.0 1  0  4261 2004:09:01 294.4142 8.375598 153.4478 28.45 34.26                    9517 .03g -.007o  -163
   303w 30.0 1  0  4291 2004:10:01 257.2021 7.132736 156.2630 27.73 37.79                    9499 .03g -.007w   184
   304w 31.0 1  0  4322 2004:11:01 233.8289 6.425981 121.2501 27.48 34.15                    9485 .03g -.006o   101
   305w 30.0 1  0  4352 2004:12:01 271.7784 7.508481 121.9646 27.63 30.98                    9470 .03g -.010g   253
   306w 31.0 1  0  4383 2005:01:01 234.2906 6.461052 126.3914 27.58 35.04                    9456 .03g  .009g  -244
   307w 31.0 1  0  4414 2005:02:01 267.4353 7.441629 141.9997 27.83 34.68                    9440 .03g -.004w -93.3
   308w 28.0 1  0  4442 2005:03:01 283.5476 7.974239 135.5724 28.12 32.35                    9426 .03g  .011g  -285
   309w 31.0 1  0  4473 2005:04:01 257.3136 7.069728 128.4754 27.48 33.30                    9411 .04g -.009g   210
   310w 30.0 1  0  4503 2005:05:01 238.7147 6.534114 121.2283 27.37 33.68                    9398 .04g -.004g  98.4
   311w 31.0 1  0  4534 2005:06:01 253.5060 7.196331 108.3930 28.39 29.95                    9386 .04g  .011g  -306
   312w 30.0 1  0  4564 2005:07:01 245.2990 6.732933 118.4530 27.45 32.56                    9373 .04g -.010g   288
   313w 31.0 1  0  4595 2005:08:01 225.0829 6.176321 109.5531 27.44 32.74                    9360 .04g -.005g   136
   314w 31.0 1  0  4626 2005:09:01 188.1345 5.133054 98.52754 27.28 34.37                    9349 .04g -.011g   287
   315w 30.0 1  0  4656 2005:10:01 238.9906 6.458242 120.1054 27.02 33.45                    9337 .04g  .016g  -412
   316w 31.0 1  0  4687 2005:11:01 192.0519 5.165329 103.0630 26.90 34.92                    9326 .04g -.005g   130
   317w 30.0 1  0  4717 2005:12:01 224.0384 6.064397 115.5686 27.07 34.03                    9315 .04g  .005g  -146
   318w 31.0 1  0  4748 2006:01:01 199.8266 5.394100 97.14038 26.99 32.71                    9305 .04g -.007g   201
   319w 31.0 1  0  4779 2006:02:01 227.4475 6.132401 103.7655 26.96 31.33                    9294 .04g  .006g  -127
   320w 28.0 1  0  4807 2006:03:01 245.6733 6.655737 107.0817 27.09 30.36                    9284 .04g  .005g  -134

                                    I M E X   T I M E   S T E P   S U M M A R Y
 ==================================================================================================================
    Time Step           Time                  Total Production             Total Injection  Total Max. Max. Change
 ---------------- ---------------- -------------------------------------- -----------------  PV   Mat. ------------
                C                    Oil      Gas     Water   GOR.  Wat.    Gas     Water   Avg.  bal. Satur. Pres.
        Size    U                                              M3/   Cut                    Pres. err. DSMAX  DPMAX
  No.   Days IT T Days   yy:mm:dd    M3/D    MM3/D     M3/D     M3    %    MM3/D     M3/D    kPa   %           kPa
 ------ ---- -- - ----- ---------- -------- -------- -------- ----- ----- -------- -------- ----- ---- ------ -----
   321w 31.0 1  0  4838 2006:04:01 227.1824 6.150568 100.9156 27.07 30.76                    9274 .04g -.004g   113
   322w 30.0 1  0  4868 2006:05:01 210.6410 5.672083 105.2670 26.93 33.32                    9263 .04g -.006g   166
   323w 31.0 1  0  4899 2006:06:01 185.8787 5.032657 85.56332 27.07 31.52                    9255 .04g  .010g  -229
   324w 30.0 1  0  4929 2006:07:01 217.2345 5.954576 97.43846 27.41 30.96                    9246 .04g  .004g  -114
   325w 31.0 1  0  4960 2006:08:01 206.1892 5.564256 101.8088 26.99 33.06                    9236 .04g  .008g  -203
   326w 31.0 1  0  4991 2006:09:01 231.3817 6.329976 97.16631 27.36 29.57                    9227 .04g  .008g  -209
   327w 30.0 1  0  5021 2006:10:01 193.0039 5.191015 95.37913 26.90 33.07                    9218 .04g -.008g   194
   328w 31.0 1  0  5052 2006:11:01 196.1495 5.289054 84.22648 26.96 30.04                    9209 .04g -.008g   204
   329w 30.0 1  0  5082 2006:12:01 275.1847 8.620989 103.3693 31.33 27.31                    9200 .04g  .015g  -434
   330w 31.0 1  0  5113 2007:01:01 159.7746 4.328270 72.77944 27.09 31.30                    9193 .04g -.019g   573
   331w 31.0 1  0  5144 2007:02:01 200.0426 5.438897 92.72935 27.19 31.67                    9184 .04g  .013g  -345
   332w 28.0 1  0  5172 2007:03:01 210.4621 5.705113 96.28591 27.11 31.39                    9176 .04g -.003g -75.9
   333w 31.0 1  0  5203 2007:04:01 155.3806 4.180204 68.16142 26.90 30.49                    9169 .04g -.012g   297
   334w 30.0 1  0  5233 2007:05:01 203.4385 5.475911 102.1915 26.92 33.44                    9160 .04g  .013g  -339
   335w 31.0 1  0  5264 2007:06:01 167.6788 4.481045 82.89618 26.72 33.08                    9153 .04g -.006g   163
   336w 30.0 1  0  5294 2007:07:01 192.1213 5.140850 94.18770 26.76 32.90                    9145 .04g  .006g  -131
   337w 31.0 1  0  5325 2007:08:01 192.8969 5.170566 83.24311 26.80 30.15                    9137 .04g -.004g  86.2
   338w 31.0 1  0  5356 2007:09:01 192.3474 5.159466 91.32957 26.82 32.19                    9129 .04g  .004g -98.0
   339w 30.0 1  0  5386 2007:10:01 159.3324 4.238786 72.11657 26.60 31.16                    9123 .04g -.007g   166
   340w 31.0 1  0  5417 2007:11:01 199.9041 5.332626 92.01892 26.68 31.52                    9114 .04g  .004g  -110

                                    I M E X   T I M E   S T E P   S U M M A R Y
 ==================================================================================================================
    Time Step           Time                  Total Production             Total Injection  Total Max. Max. Change
 ---------------- ---------------- -------------------------------------- -----------------  PV   Mat. ------------
                C                    Oil      Gas     Water   GOR.  Wat.    Gas     Water   Avg.  bal. Satur. Pres.
        Size    U                                              M3/   Cut                    Pres. err. DSMAX  DPMAX
  No.   Days IT T Days   yy:mm:dd    M3/D    MM3/D     M3/D     M3    %    MM3/D     M3/D    kPa   %           kPa
 ------ ---- -- - ----- ---------- -------- -------- -------- ----- ----- -------- -------- ----- ---- ------ -----
   341w 30.0 1  0  5447 2007:12:01 143.3927 3.807226 75.66230 26.55 34.54                    9108 .04g -.009g   230
   342w 31.0 1  0  5478 2008:01:01 175.2310 4.645464 72.98896 26.51 29.40                    9102 .04g  .009g  -223
   343w 31.0 1  0  5509 2008:02:01 144.1780 3.836590 62.08096 26.61 30.10                    9097 .04g -.010g   258
   344w 29.0 1  0  5538 2008:03:01 144.0844 3.823471 65.79163 26.54 31.35                    9091 .04g -.007g   166
   345w 31.0 1  0  5569 2008:04:01 168.8095 4.475062 79.24550 26.51 31.95                    9085 .05g  .006g  -149
   346w 30.0 1  0  5599 2008:05:01 142.3223 3.794767 55.64875 26.66 28.11                    9080 .05g -.009g   227
   347w 31.0 1  0  5630 2008:06:01 143.5083 3.808220 76.04272 26.54 34.64                    9074 .05g  .006g  -156
   348w 30.0 1  0  5660 2008:07:01 147.0772 3.899418 58.01478 26.51 28.29                    9069 .05g -.013g   321
   349w 31.0 1  0  5691 2008:08:01 144.7798 3.810953 67.84424 26.32 31.91                    9064 .05g  .007g  -185
   350w 31.0 1  0  5722 2008:09:01 163.1458 4.344034 64.36219 26.63 28.29                    9058 .05g  .006g  -133
   351w 30.0 1  0  5752 2008:10:01 136.0444 3.597047 72.59764 26.44 34.80                    9052 .05g -.006g   154
   352w 31.0 1  0  5783 2008:11:01 149.9964 3.974289 65.33362 26.50 30.34                    9047 .05g -.006g   155
   353w 30.0 1  0  5813 2008:12:01 154.2101 4.096766 72.68289 26.57 32.03                    9041 .05g  .004g  -108
   354w 31.0 1  0  5844 2009:01:01 102.3182 2.712715 49.22383 26.51 32.48                    9037 .05g -.011g   280
   355w 31.0 1  0  5875 2009:02:01 111.5387 2.970967 50.43728 26.64 31.14                    9032 .05g -.010g   265
   356w 28.0 1  0  5903 2009:03:01 123.8008 3.277486 53.62623 26.47 30.22                    9028 .05g -.005w  -121
   357w 31.0 1  0  5934 2009:04:01 120.4083 3.202485 58.72670 26.60 32.78                    9024 .05g  .002o -69.7
   358w 30.0 1  0  5964 2009:05:01 114.4692 3.018213 57.65776 26.37 33.50                    9020 .05g -.012g   298
   359w 31.0 1  0  5995 2009:06:01 102.9497 2.723166 52.45526 26.45 33.75                    9016 .05g -.004g   111
   360w 30.0 1  0  6025 2009:07:01 113.5213 2.970540 61.22768 26.17 35.04                    9012 .05g  .006g  -144

                                    I M E X   T I M E   S T E P   S U M M A R Y
 ==================================================================================================================
    Time Step           Time                  Total Production             Total Injection  Total Max. Max. Change
 ---------------- ---------------- -------------------------------------- -----------------  PV   Mat. ------------
                C                    Oil      Gas     Water   GOR.  Wat.    Gas     Water   Avg.  bal. Satur. Pres.
        Size    U                                              M3/   Cut                    Pres. err. DSMAX  DPMAX
  No.   Days IT T Days   yy:mm:dd    M3/D    MM3/D     M3/D     M3    %    MM3/D     M3/D    kPa   %           kPa
 ------ ---- -- - ----- ---------- -------- -------- -------- ----- ----- -------- -------- ----- ---- ------ -----
   361w 31.0 1  0  6056 2009:08:01 115.9045 3.039255 51.25753 26.22 30.66                    9008 .05g  .003g -76.0
   362w 31.0 1  0  6087 2009:09:01 115.6846 3.024348 58.75836 26.14 33.68                    9003 .05g  .003g -83.2
   363w 30.0 1  0  6117 2009:10:01 128.1036 3.367698 39.12136 26.29 23.39                    9000 .05g  .005w -86.9
   364w 31.0 1  0  6148 2009:11:01 130.7628 3.439703 63.22820 26.30 32.59                    8995 .05g  .003g -75.9
   365w 30.0 1  0  6178 2009:12:01 92.73741 2.456052 42.62159 26.48 31.49                    8992 .05g -.010g   265
   366w 31.0 1  0  6209 2010:01:01 114.7801 3.040855 56.17191 26.49 32.86                    8987 .05g  .003g -67.4
   367w 31.0 1  0  6240 2010:02:01 95.76628 2.554158 46.09372 26.67 32.49                    8984 .05g -.005g   125

 ===================== SUMMARY (from subroutine: TSIO)   ======================
  Simulation run terminated. Stopping time reached.
    
     1 Warning messages.    0 Error messages.
 ==============================================================================


       Field Total                                   Fluid
                             Oil       Gas       Water    Solvent   Polymer   Seawater
                            -------   -------   -------   -------   -------   -------
                            (MSM3)    (MMSM3)   (MSM3)    (MMSM3)   (MKG)     (MSM3)
  Cumulative Production      3836.2    113.63    1495.6     NA        NA        NA   
  Cumulative Injection        NA         0         0        NA        NA        NA   
  Cumulative Gas Lift         NA         0        NA        NA        NA        NA   
  Cumulative Water Influx     NA        NA         0        NA        NA        NA   
  Current Fluids In Place     37570    1133.2     25008     NA        NA        NA   
  Production Rates           .09577    .00255    .04609     NA        NA        NA   
  Injection Rates             NA         0         0        NA        NA        NA   

  Timesteps:    367  Newton Cycles:      370  Cuts:      0  Solver Iterations:         7053
  Average Implicitness    : 0.008
  Material Balances (owg): 1.000 1.000 1.000
  Average Active Blocks:       34077 Average Non-BHP Active Wells:     8
  Total Blocks :       35000 Total Wells :    11
  Active Blocks:       34077 Non-BHP Active Wells:    11
  Total lstpro/lstpar calls:     2
  Time at end of simulation:   6240.00     (days)   
  Average reservoir pressure excluding water zone: 8663.224 (kPa)    
  Total Number of Solver Failures:       0  Stalls:       0  ITERMAX Reached:       0
  Jacobian Domains      4
  Linear Solver: Parasol
  Number of level 1 solver classes:    4
  AUTOPSLAB Cutting Direction:    I
  Preconditioner Ordering     REDBLACK
  Preconditioner Degree aa, ab, as, bb, ba:    1    2    1    1    1
  KMP_AFFINITY: Default
  OMP_SCHEDULE: Default
  Max Impl Blocks:      370  %Impl:  1.1%  (TS,CUT,NCYC): (  248, 0,  1 )
  Max Solver Iterations (TS,CUT,NCYC):      29 (   74, 0,  1 )
  Number of threads set:    4
  Total number of cpus:    4
  Memory Usage Peak:      133 MB on TS:  295  TS 1 Peak:      118 MB  Average:      129 MB  VM Size:      160 MB
  Host computer: EHSANR-LT

  End of Simulation: Normal Termination

  CPU Time:           159.58 seconds
  Elapsed Time:        51.91 seconds

  Date and Time of End of Run:  Nov  1, 2019  14:12:43

