    Opened LOG FILE         on unit 10, filename is "D:\CMG's Modelling Workflow_2019-10\History Match\IMEX_TUTORIAL_HM_Matched.log"
 ********************************************************************************
 *                                                                              *
 *                                IMEX  2019.10                                 *
 *                   Adaptive - Implicit Black Oil Simulator                    *
 *                         General Release for Win x64                          *
 *                            2019-Sep-10   17:57:17                            *
 *                                                                              *
 *                          (c) Copyright 1977 - 2019                           *
 *                Computer Modelling Group Ltd., Calgary, Canada                *
 *                             All Rights Reserved                              *
 *                                                                              *
 ********************************************************************************


 Command-line Arguments:  -f D:\CMG's Modelling Workflow_2019-10\History Match\IMEX_TUTORIAL_HM_Matched.dat
                          -wd D:\CMG's Modelling Workflow_2019-10\History Match
                          -log
                          -doms
                          -parasol 4
                          -wait

  Date and Time of Start of Run:  Nov  1, 2019  14:51:12


*** Input/Output files specification :
    Opened data file        on unit 11, filename is "D:\CMG's Modelling Workflow_2019-10\History Match\IMEX_TUTORIAL_HM_Matched.dat"
    Opened Scratch file     on unit 12
    Opened Scratch file     on unit 13
    Opened output file      on unit 14, filename is "D:\CMG's Modelling Workflow_2019-10\History Match\IMEX_TUTORIAL_HM_Matched.out"
    Opened SR3-OUT          on unit 15, filename is "D:\CMG's Modelling Workflow_2019-10\History Match\IMEX_TUTORIAL_HM_Matched.sr3"
    Opened INDEX-OUT        on unit 16, filename is "D:\CMG's Modelling Workflow_2019-10\History Match\IMEX_TUTORIAL_HM_Matched.irf"
    Opened MAIN-RESULTS-OUT on unit 17, filename is "D:\CMG's Modelling Workflow_2019-10\History Match\IMEX_TUTORIAL_HM_Matched.mrf"
    Opened REWIND-OUT       on unit 18, filename is "D:\CMG's Modelling Workflow_2019-10\History Match\IMEX_TUTORIAL_HM_Matched.rrf"

 =================== WARNING (from subroutine: GRDLST_CHK) ====================
  Solvent property related printout is being disabled
  This MODEL option does not allow solvent property output.
  Line: 17   File Name: D:\CMG's Modelling Workflow_2019-10\History Match\IMEX_TUTORIAL_HM_Matched.dat
 ==============================================================================

    Opened GRID scratchfile on unit 19

 ===================== SUMMARY (from subroutine: INDATA) ======================
  Reading of initial data is complete.
  Simulation will stop if there were error messages.
     1 Warning messages.    0 Error messages.
 ==============================================================================


                                    I M E X   T I M E   S T E P   S U M M A R Y
 ==================================================================================================================
    Time Step           Time                  Total Production             Total Injection  Total Max. Max. Change
 ---------------- ---------------- -------------------------------------- -----------------  PV   Mat. ------------
                C                    Oil      Gas     Water   GOR.  Wat.    Gas     Water   Avg.  bal. Satur. Pres.
        Size    U                                              M3/   Cut                    Pres. err. DSMAX  DPMAX
  No.   Days IT T Days   yy:mm:dd    M3/D    MM3/D     M3/D     M3    %    MM3/D     M3/D    kPa   %           kPa
 ------ ---- -- - ----- ---------- -------- -------- -------- ----- ----- -------- -------- ----- ---- ------ -----
     1w 1.00 1  0 1.000 1993:01:02 263.0004 7.923256 56966e-8 30.13 21e-5                   20776 e-7g -1e-4o  -587
     2  5.00 1  0 6.000 1993:01:07 262.9990 7.923214 .0019784 30.13 75e-5                   20772 e-5w -.002o  -510
     3  25.0 1  0 31.00 1993:02:01 262.9973 7.923162 .0036883 30.13 .0014                   20749 e-5w  .025w  -446
     4w 28.0 1  0 59.00 1993:03:01 262.9994 7.923227 .0045511 30.13 .0017                   20721 e-5w  .029w  -207
     5w 31.0 1  0 90.00 1993:04:01 262.9999 7.923240 .0050948 30.13 .0019                   20690 e-5w -.024o  -121
     6w 30.0 1  0 120.0 1993:05:01 262.9995 7.923229 .0054693 30.13 .0021                   20660 e-5g  .024w -81.1
     7w 31.0 1  0 151.0 1993:06:01 219.0003 6.597691 .0036724 30.13 .0017                   20634 e-5g  .018w   170
     8w 30.0 1  0 181.0 1993:07:01 291.9994 8.796892 .0075507 30.13 .0026                   20601 e-5g  .020w  -395
     9w 1.00 1  0 182.0 1993:07:02 439.0084 13.22574 .0155443 30.13 .0035                   20600 e-5g -7e-4o  -340
    10  5.00 1  0 187.0 1993:07:07 439.0042 13.22561 .0198247 30.13 .0045                   20592 e-5g  .004w  -311
    11  25.0 1  0 212.0 1993:08:01 438.9988 13.22545 .0251569 30.13 .0057                   20551 e-5g -.024o  -322
    12w 1.00 1  0 213.0 1993:08:02 992.1915 29.89116 .0455964 30.13 .0046                   20548 e-5g -.001o  -754
    13  3.98 1  0 217.0 1993:08:06 992.1608 29.89023 .0763028 30.13 .0077                   20534 e-5g -.005o  -529
    14  13.0 1  0 230.0 1993:08:19 991.8455 29.88073 .3915596 30.13 .0395                   20490 e-5g  .017w  -416
    15  13.0 1  0 243.0 1993:09:01 989.0633 29.79692 3.173726 30.13 .3199                   20444 e-5w -.015o  -238
    16w 30.0 1  0 273.0 1993:10:01 664.8483 20.02949 4.115711 30.13 .6152                   20372 e-4w -.018o  1517
    17w 31.0 1  0 304.0 1993:11:01 845.2705 25.46496 11.75947 30.13 1.372                   20277 e-4w  .019w  -839
    18w 30.0 1  0 334.0 1993:12:01 1227.384 36.97667 25.52658 30.13 2.037                   20145 e-4w -.027o -1231
    19w 31.0 1  0 365.0 1994:01:01 1197.629 36.08026 42.42869 30.13 3.422                   20006 e-3w -.021o  -430
    20w 14.0 1  0 379.0 1994:01:15 1511.309 45.53031 52.74964 30.13 3.373                   19928 e-3w  .008w  -965

                                    I M E X   T I M E   S T E P   S U M M A R Y
 ==================================================================================================================
    Time Step           Time                  Total Production             Total Injection  Total Max. Max. Change
 ---------------- ---------------- -------------------------------------- -----------------  PV   Mat. ------------
                C                    Oil      Gas     Water   GOR.  Wat.    Gas     Water   Avg.  bal. Satur. Pres.
        Size    U                                              M3/   Cut                    Pres. err. DSMAX  DPMAX
  No.   Days IT T Days   yy:mm:dd    M3/D    MM3/D     M3/D     M3    %    MM3/D     M3/D    kPa   %           kPa
 ------ ---- -- - ----- ---------- -------- -------- -------- ----- ----- -------- -------- ----- ---- ------ -----
    21w 1.00 1  0 380.0 1994:01:16 1510.445 45.50428 53.61386 30.13 3.428                   19923 e-3w -6e-4o -45.7
    22  5.00 1  0 385.0 1994:01:21 1507.428 45.41338 56.63086 30.13 3.621                   19895 e-3w  .003w  -119
    23  11.0 1  0 396.0 1994:02:01 1502.596 45.26780 61.46339 30.13 3.930                   19833 e-3w  .008w  -185
    24w 1.00 1  0 397.0 1994:02:02 1080.952 32.56520 42.00069 30.13 3.740                   19829 e-3w -.001o   540
    25  5.00 1  0 402.0 1994:02:07 1079.143 32.51069 43.80999 30.13 3.901                   19808 e-3w  .003w   432
    26  22.0 1  0 424.0 1994:03:01 1076.157 32.42074 46.79593 30.13 4.167                   19717 e-3w  .014o   243
    27w 1.00 1  0 425.0 1994:03:02 964.8072 29.06617 24.05579 30.13 2.433                   19713 e-3w -.001o  -919
    28  3.27 1  0 428.3 1994:03:05 964.1714 29.04701 24.69162 30.13 2.497                   19701 e-3w -.003o  -543
    29  13.4 1  0 441.6 1994:03:19 963.8005 29.03584 25.06246 30.13 2.534                   19652 e-3w  .024w  -454
    30  13.4 1  0 455.0 1994:04:01 963.7472 29.03423 25.11575 30.13 2.540                   19602 e-3w -.025o  -221
    31w 30.0 1  0 485.0 1994:05:01 874.4221 26.34319 35.64189 30.13 3.916                   19498 e-3w -.038o   718
    32w 1.00 1  0 486.0 1994:05:02 1465.614 44.15369 47.78561 30.13 3.158                   19492 e-3w -.001o  -554
    33  5.00 1  0 491.0 1994:05:07 1465.236 44.14228 48.16434 30.13 3.183                   19466 e-3w -.005o  -405
    34  25.0 1  0 516.0 1994:06:01 1461.420 44.02731 51.98046 30.13 3.435                   19331 e-3w -.027o  -430
    35w 30.0 1  0 546.0 1994:07:01 1835.398 55.29393 44.63596 30.13 2.374                   19132 e-3w  .037w -1466
    36w 31.0 2  0 577.0 1994:08:01 2097.864 63.20108 79.00349 30.13 3.629                   18890 e-3w  .037w  -882
    37w 31.0 1  0 608.0 1994:09:01 3023.411 91.08449 141.5710 30.13 4.473                   18542 e-3w -.036o -2090
    38w 30.0 1  0 638.0 1994:10:01 2468.517 74.36754 150.5279 30.13 5.747                   18257 e-3w -.037o  -464
    39w 31.0 1  0 669.0 1994:11:01 3055.852 92.06182 198.2151 30.13 6.091                   17895 e-3w -.030o -1369
    40w 30.0 1  0 699.0 1994:12:01 2543.181 76.61689 214.7378 30.13 7.786                   17591 e-3w  .024o  -399

                                    I M E X   T I M E   S T E P   S U M M A R Y
 ==================================================================================================================
    Time Step           Time                  Total Production             Total Injection  Total Max. Max. Change
 ---------------- ---------------- -------------------------------------- -----------------  PV   Mat. ------------
                C                    Oil      Gas     Water   GOR.  Wat.    Gas     Water   Avg.  bal. Satur. Pres.
        Size    U                                              M3/   Cut                    Pres. err. DSMAX  DPMAX
  No.   Days IT T Days   yy:mm:dd    M3/D    MM3/D     M3/D     M3    %    MM3/D     M3/D    kPa   %           kPa
 ------ ---- -- - ----- ---------- -------- -------- -------- ----- ----- -------- -------- ----- ---- ------ -----
    41w 31.0 1  0 730.0 1995:01:01 2714.879 81.78955 223.8065 30.13 7.616                   17259 e-3w  .025o  -873
    42w 31.0 1  0 761.0 1995:02:01 2501.620 75.36481 254.4429 30.13 9.232                   16944 e-3w  .026o  -399
    43w 28.0 1  0 789.0 1995:03:01 2221.310 66.92007 240.6081 30.13  9.77                   16690 e-3w  .022o   340
    44w 1.00 1  0 790.0 1995:03:02 2520.140 75.92274 263.1393 30.13 9.454                   16679 e-3w  8e-4o  -324
    45  5.00 1  0 795.0 1995:03:07 2517.207 75.83438 266.0720 30.13  9.56                   16628 e-3w  .004o  -276
    46  25.0 1  0 820.0 1995:04:01 2503.623 75.42514 279.6564 30.13 10.05                   16374 e-3w  .021o  -465
    47w 1.00 1  0 821.0 1995:04:02 2973.680 89.58628 286.5298 30.13 8.789                   16362 e-3w  8e-4o  -779
    48  3.85 1  0 824.9 1995:04:06 2970.547 89.49190 289.6626 30.13 8.885                   16317 e-3w  .003o  -543
    49  12.6 1  0 837.4 1995:04:18 2961.968 89.23342 298.2423 30.13 9.148                   16168 e-3w  .011o  -548
    50  12.6 1  0 850.0 1995:05:01 2954.193 88.99920 306.0171 30.13 9.386                   16019 e-3w  .012o  -355
    51w 1.00 1  0 851.0 1995:05:02 2664.325 80.26651 302.3393 30.13 10.19                   16008 e-3w  9e-4o   372
    52  5.00 1  0 856.0 1995:05:07 2661.441 80.17965 305.2226 30.13 10.29                   15953 e-3w  .005o   191
    53  25.0 1  0 881.0 1995:06:01 2651.510 79.88045 315.1542 30.13 10.62                   15680 e-3w -.024w  -413
    54w 1.00 1  0 882.0 1995:06:02 2177.848 65.61072 227.6940 30.13 9.465                   15671 e-3w  .001w  -643
    55  4.67 1  0 886.7 1995:06:07 2175.914 65.55246 229.6279 30.13  9.55                   15629 e-3w  .005o  -518
    56  24.3 1  0 911.0 1995:07:01 2168.936 65.34223 236.6062 30.13  9.84                   15411 e-3w -.022w  -550
    57w 31.0 1  0 942.0 1995:08:01 2734.623 82.38434 315.7591 30.13 10.35                   15062 e-3w  .031o -1552
    58w 31.0 1  0 973.0 1995:09:01 2053.142 61.85377 267.9431 30.13 11.54                   14790 e-3w  .029o   479
    59w 30.0 1  0  1003 1995:10:01 1997.170 60.16753 258.2475 30.13 11.45                   14534 e-3w  .027o  -356
    60w 1.00 1  0  1004 1995:10:02 2569.974 77.42407 330.2980 30.13 11.39                   14523 e-3w  9e-4o  -302

                                    I M E X   T I M E   S T E P   S U M M A R Y
 ==================================================================================================================
    Time Step           Time                  Total Production             Total Injection  Total Max. Max. Change
 ---------------- ---------------- -------------------------------------- -----------------  PV   Mat. ------------
                C                    Oil      Gas     Water   GOR.  Wat.    Gas     Water   Avg.  bal. Satur. Pres.
        Size    U                                              M3/   Cut                    Pres. err. DSMAX  DPMAX
  No.   Days IT T Days   yy:mm:dd    M3/D    MM3/D     M3/D     M3    %    MM3/D     M3/D    kPa   %           kPa
 ------ ---- -- - ----- ---------- -------- -------- -------- ----- ----- -------- -------- ----- ---- ------ -----
    61  5.00 1  0  1009 1995:10:07 2566.836 77.32951 333.4364 30.13 11.50                   14469 e-3w  .005o  -251
    62  25.0 1  0  1034 1995:11:01 2554.762 76.96578 345.5100 30.13 11.91                   14198 e-3w  .025o  -454
    63w 1.00 1  0  1035 1995:11:02 2950.717 88.89447 332.3445 30.13 10.12                   14186 e-3w  .001o -1101
    64  2.73 1  0  1038 1995:11:05 2948.183 88.81813 334.8784 30.13 10.20                   14153 e-3w  .003o  -789
    65  10.4 1  0  1048 1995:11:15 2941.602 88.61989 341.4586 30.13 10.40                   14028 e-3w  .012o -1085
    66  15.9 1  0  1064 1995:12:01 2933.441 88.37401 349.6203 30.13 10.65                   13834 e-3w  .018o  -739
    67w 31.0 1  0  1095 1996:01:01 2961.000 89.15423 362.5419 30.11 10.91                   13450 e-3w  .038o  -783
    68w 31.0 1  0  1126 1996:02:01 2607.468 78.27212 325.9098 30.02 11.11                   13107 e-3w  .042o  -566
    69w 29.0 1  0  1155 1996:03:01 2252.630 67.72256 329.7935 30.06 12.77                   12818 e-3w  .040o  -430
    70w 1.00 1  0  1156 1996:03:02 2430.427 73.12408 323.4849 30.09 11.75                   12807 e-3w  .003o  -699
    71  4.29 1  0  1160 1996:03:06 2423.854 72.93928 330.0578 30.09 11.99                   12761 e-3w  .008w  -499
    72  12.9 1  0  1173 1996:03:19 2407.231 72.31850 346.6808 30.04 12.59                   12622 e-3w  .018o  -413
    73  12.9 1  0  1186 1996:04:01 2395.376 71.80109 358.5359 29.97 13.02                   12482 e-3w -.018w  -269
    74w 30.0 3  0  1216 1996:05:01 2867.463 84.70396 402.8786 29.54 12.32                   12107 e-3w -.045o  -969
    75w 1.00 1  0  1217 1996:05:02 2191.271 64.28162 307.7046 29.34 12.31                   12097 e-3w  .003o   193
    76  5.00 1  0  1222 1996:05:07 2186.167 64.27711 312.8095 29.40 12.52                   12047 e-3w -.007w  90.6
    77  25.0 2  0  1247 1996:06:01 2174.196 65.66076 324.7798 30.20 13.00                   11804 e-3g  .029o  -288
    78w 1.00 1  0  1248 1996:06:02 2325.801 70.20488 608.9195 30.19 20.75                   11791 e-3g  .001o  -289
    79  5.00 1  0  1253 1996:06:07 2319.506 69.65073 615.2154 30.03 20.96                   11731 e-3g -.008o  -187
    80  24.0 1  0  1277 1996:07:01 2307.618 70.44171 627.1028 30.53 21.37                   11451 e-3w  .030o  -367

                                    I M E X   T I M E   S T E P   S U M M A R Y
 ==================================================================================================================
    Time Step           Time                  Total Production             Total Injection  Total Max. Max. Change
 ---------------- ---------------- -------------------------------------- -----------------  PV   Mat. ------------
                C                    Oil      Gas     Water   GOR.  Wat.    Gas     Water   Avg.  bal. Satur. Pres.
        Size    U                                              M3/   Cut                    Pres. err. DSMAX  DPMAX
  No.   Days IT T Days   yy:mm:dd    M3/D    MM3/D     M3/D     M3    %    MM3/D     M3/D    kPa   %           kPa
 ------ ---- -- - ----- ---------- -------- -------- -------- ----- ----- -------- -------- ----- ---- ------ -----
    81w 31.0 1  0  1308 1996:08:01 1932.415 57.76195 590.4991 29.89 23.41                   11141 e-3w  .039o  -398
    82w 31.0 4  0  1339 1996:09:01 2196.439 66.96928 800.1785 30.49 26.70                   10790 e-3w  .045o  -704
    83w 30.0 1  0  1369 1996:10:01 1747.362 50.73806 637.2992 29.04 26.72                   10524 .04g  .039o  -366
    84w 31.0 1  0  1400 1996:11:01 1714.203 51.78200 564.6698 30.21 24.78                   10290 .08g  .035o  -349
    85w 1.00 1  0  1401 1996:11:02 1888.662 59.09692 617.8581 31.29 24.65                   10282 .08g -.002o  -151
    86  5.00 1  0  1406 1996:11:07 1889.554 57.78203 616.9662 30.58 24.61                   10243 .08g  .005o  -135
    87  24.0 1  0  1430 1996:12:01 1892.558 54.89446 613.9620 29.01 24.49                   10067 .12g  .025o  -247
    88w 1.00 1  0  1431 1996:12:02 2010.627 57.33155 533.3990 28.51 20.97                   10059 .12g -.010o  -694
    89  4.32 1  0  1435 1996:12:06 2012.216 57.10852 531.8103 28.38 20.90                   10030 .12g -.016o  -439
    90  12.8 1  0  1448 1996:12:19 2015.487 56.29221 528.5389 27.93 20.78                    9948 .13g -.018o  -392
    91  12.8 1  0  1461 1997:01:01 2017.108 57.30918 526.9176 28.41 20.71                    9870 .14g -.014o  -207
    92w 31.0 3  0  1492 1997:02:01 1854.294 52.58049 437.4372 28.36 19.09                    9721 .14g -.025o  -314
    93w 28.0 1  0  1520 1997:03:01 1809.947 51.98789 385.1031 28.72 17.54                    9605 .17g  .018o  -192
    94w 31.0 1  0  1551 1997:04:01 1957.537 57.50622 512.2736 29.38 20.74                    9466 .21g  .023o  -293
    95w 30.0 1  0  1581 1997:05:01 1833.892 52.41285 489.6103 28.58 21.07                    9356 .24g  .022o  -222
    96w 31.0 1  0  1612 1997:06:01 1576.249 44.19915 390.9906 28.04 19.88                    9273 .26g  .019o  -146
    97w 30.0 2  0  1642 1997:07:01 1676.514 48.67465 395.8591 29.03 19.10                    9201 .26g -.017w  -263
    98w 31.0 1  0  1673 1997:08:01 1424.205 38.11313 369.0888 26.76 20.58                    9138 .28g  .017o   292
    99w 31.0 2  0  1704 1997:09:01 1387.038 38.40594 371.0407 27.69 21.10                    9082 .28g  .016o  -194
   100w 30.0 2  0  1734 1997:10:01 1277.393 35.07942 335.7636 27.46 20.81                    9036 .27g -.014w   226

                                    I M E X   T I M E   S T E P   S U M M A R Y
 ==================================================================================================================
    Time Step           Time                  Total Production             Total Injection  Total Max. Max. Change
 ---------------- ---------------- -------------------------------------- -----------------  PV   Mat. ------------
                C                    Oil      Gas     Water   GOR.  Wat.    Gas     Water   Avg.  bal. Satur. Pres.
        Size    U                                              M3/   Cut                    Pres. err. DSMAX  DPMAX
  No.   Days IT T Days   yy:mm:dd    M3/D    MM3/D     M3/D     M3    %    MM3/D     M3/D    kPa   %           kPa
 ------ ---- -- - ----- ---------- -------- -------- -------- ----- ----- -------- -------- ----- ---- ------ -----
   101w 31.0 2  0  1765 1997:11:01 1222.755 33.51561 312.9259 27.41 20.38                    8994 .27g  .014o  -148
   102w 30.0 1  0  1795 1997:12:01 1133.837 31.17005 295.9832 27.49 20.70                    8956 .28g  .020g  -155
   103w 31.0 1  0  1826 1998:01:01 1036.096 28.50168 264.6722 27.51 20.35                    8922 .28g  .039g   118
   104w 31.0 2  0  1857 1998:02:01 1155.417 37.00985 253.4314 32.03 17.99                    8889 .28g  .050g  -353
   105w 28.0 3  0  1885 1998:03:01 899.3774 24.13271 220.8876 26.83 19.72                    8865 .28g  .054g   367
   106w 31.0 3  0  1916 1998:04:01 874.5304 26.21995 215.2876 29.98 19.75                    8838 .28g  .058g   483
   107w 30.0 2  0  1946 1998:05:01 912.5843 25.25700 228.8597 27.68 20.05                    8811 .28g  .047g  -279
   108w 31.0 1  0  1977 1998:06:01 851.9084 24.81139 214.5016 29.12 20.11                    8786 .28g  .036g   208
   109w 30.0 1  0  2007 1998:07:01 867.6789 28.63402 210.2521 33.00 19.51                    8762 .27g  .030g  -189
   110w 31.0 1  0  2038 1998:08:01 825.1551 25.27291 190.6409 30.63 18.77                    8739 .27g  .030g  -191
   111w 31.0 1  0  2069 1998:09:01 881.3220 28.23285 215.8220 32.03 19.67                    8713 .27g  .028g  -148
   112w 30.0 2  0  2099 1998:10:01 809.4345 25.65523 199.2145 31.70 19.75                    8691 .27g -.059g  2007
   113w 31.0 1  0  2130 1998:11:01 825.0869 29.81805 181.1981 36.14 18.01                    8669 .27g  .034g  -309
   114w 30.0 4  0  2160 1998:12:01 755.7841 25.09495 197.3029 33.20 20.70                    8647 .27g  .026g   190
   115w 31.0 3  0  2191 1999:01:01 672.0859 21.65855 166.5581 32.23 19.86                    8629 .27g  .028g   215
   116w 31.0 2  0  2222 1999:02:01 623.8072 19.69110 161.2998 31.57 20.54                    8612 .27g -.066g  2586
   117w 28.0 2  0  2250 1999:03:01 825.2666 32.26093 206.8424 39.09 20.04                    8590 .27g  .033g  -321
   118w 31.0 2  0  2281 1999:04:01 638.2087 22.06909 176.8993 34.58 21.70                    8572 .27g  .036g   127
   119w 30.0 4  0  2311 1999:05:01 746.9581 29.36457 158.5019 39.31 17.51                    8553 .27g  .035g  -179
   120w 31.0 1  0  2342 1999:06:01 581.1478 19.55853 150.4342 33.66 20.56                    8538 .27g  .036g   211

                                    I M E X   T I M E   S T E P   S U M M A R Y
 ==================================================================================================================
    Time Step           Time                  Total Production             Total Injection  Total Max. Max. Change
 ---------------- ---------------- -------------------------------------- -----------------  PV   Mat. ------------
                C                    Oil      Gas     Water   GOR.  Wat.    Gas     Water   Avg.  bal. Satur. Pres.
        Size    U                                              M3/   Cut                    Pres. err. DSMAX  DPMAX
  No.   Days IT T Days   yy:mm:dd    M3/D    MM3/D     M3/D     M3    %    MM3/D     M3/D    kPa   %           kPa
 ------ ---- -- - ----- ---------- -------- -------- -------- ----- ----- -------- -------- ----- ---- ------ -----
   121w 30.0 1  0  2372 1999:07:01 656.0523 26.58607 154.7727 40.52 19.09                    8520 .27g  .030g  -212
   122w 31.0 1  0  2403 1999:08:01 622.1005 23.60971 139.8515 37.95 18.35                    8504 .27g  .035g   109
   123w 31.0 1  0  2434 1999:09:01 557.3190 19.75731 131.9780 35.45 19.15                    8489 .27g  .034g   131
   124w 30.0 1  0  2464 1999:10:01 597.3063 23.97246 148.7317 40.13 19.94                    8473 .27g  .051g  -139
   125w 31.0 1  0  2495 1999:11:01 661.2354 28.71416 164.2166 43.43 19.89                    8454 .27g  .037g  -168
   126w 30.0 2  0  2525 1999:12:01 480.3691 17.98397 137.2569 37.44 22.22                    8441 .27g  .043g   214
   127w 31.0 1  0  2556 2000:01:01 509.0709 19.10841 135.3301 37.54 21.00                    8427 .27g -.051g -85.9
   128w 31.0 1  0  2587 2000:02:01 612.4255 28.53860 139.0105 46.60 18.50                    8411 .26g  .050g  -165
   129w 29.0 2  0  2616 2000:03:01 446.0943 16.09722 133.9007 36.08 23.09                    8399 .26g  .042g   289
   130w 31.0 2  0  2647 2000:04:01 483.9389 21.96816 123.9141 45.39 20.39                    8386 .26g  .040g  -302
   131w 30.0 1  0  2677 2000:05:01 495.2413 20.74830 136.2887 41.90 21.58                    8372 .26g  .040g   162
   132w 31.0 2  0  2708 2000:06:01 507.1941 24.58393 109.8789 48.47 17.81                    8359 .26g  .035g  -201
   133w 30.0 1  0  2738 2000:07:01 538.0944 26.57326 140.8976 49.38 20.75                    8344 .26g  .030g  -105
   134w 31.0 1  0  2769 2000:08:01 456.7356 20.98658 129.5984 45.95 22.10                    8331 .26g -.042g   151
   135w 31.0 4  0  2800 2000:09:01 514.5505 23.27691 133.3295 45.24 20.58                    8317 .26g  .038g  -170
   136w 30.0 3  0  2830 2000:10:01 485.3287 22.70217 134.5553 46.78 21.71                    8303 .26g  .024g  62.6
   137w 31.0 4  0  2861 2000:11:01 437.0684 21.25175 106.7207 48.62 19.63                    8291 .26g  .021g   104
   138w 30.0 3  0  2891 2000:12:01 447.4016 19.74571 105.6794 44.13 19.11                    8279 .26g  .019g   148
   139w 31.0 3  0  2922 2001:01:01 541.2511 30.19337 131.7139 55.78 19.57                    8264 .26g -.019g  -262
   140w 31.0 2  0  2953 2001:02:01 448.4978 21.59925 117.8772 48.16 20.81                    8251 .26g  .023g   246

                                    I M E X   T I M E   S T E P   S U M M A R Y
 ==================================================================================================================
    Time Step           Time                  Total Production             Total Injection  Total Max. Max. Change
 ---------------- ---------------- -------------------------------------- -----------------  PV   Mat. ------------
                C                    Oil      Gas     Water   GOR.  Wat.    Gas     Water   Avg.  bal. Satur. Pres.
        Size    U                                              M3/   Cut                    Pres. err. DSMAX  DPMAX
  No.   Days IT T Days   yy:mm:dd    M3/D    MM3/D     M3/D     M3    %    MM3/D     M3/D    kPa   %           kPa
 ------ ---- -- - ----- ---------- -------- -------- -------- ----- ----- -------- -------- ----- ---- ------ -----
   141w 28.0 4  0  2981 2001:03:01 506.7480 26.94215 132.9860 53.17 20.79                    8238 .26g  .016g  -117
   142w 31.0 2  0  3012 2001:04:01 419.5377 22.28403 102.1593 53.12 19.58                    8226 .26g -.022g  75.1
   143w 30.0 2  0  3042 2001:05:01 429.7305 23.00873 127.6415 53.54 22.90                    8213 .26g  .025g  -104
   144w 31.0 2  0  3073 2001:06:01 426.6040 23.38710 104.6911 54.82 19.70                    8201 .26g -.024g -67.5
   145w 30.0 2  0  3103 2001:07:01 438.0955 25.71438 117.9584 58.70 21.21                    8188 .26g  .017g -87.7
   146w 31.0 3  0  3134 2001:08:01 460.5730 25.57627 128.2130 55.53 21.78                    8174 .26g  .019g  -140
   147w 31.0 2  0  3165 2001:09:01 349.5138 18.18750 96.68916 52.04 21.67                    8164 .26g -.063g  1741
   148w 30.0 2  0  3195 2001:10:01 280.3298 13.71087 83.43019 48.91 22.94                    8156 .26g  .013g   131
   149w 31.0 3  0  3226 2001:11:01 326.6198 17.15166 82.54424 52.51 20.17                    8146 .26g  .016g  -228
   150w 30.0 2  0  3256 2001:12:01 443.0334 27.28866 110.9826 61.60 20.03                    8134 .26g  .012g  -247
   151w 31.0 2  0  3287 2002:01:01 499.1044 34.35677 126.0917 68.84 20.17                    8119 .26g  .014g  -196
   152w 31.0 2  0  3318 2002:02:01 442.7071 26.94263 104.3080 60.86 19.07                    8106 .26g -.058g  1860
   153w 28.0 2  0  3346 2002:03:01 384.6333 22.35182 104.0137 58.11 21.29                    8095 .26g  .014g   111
   154w 31.0 2  0  3377 2002:04:01 451.8202 31.02158 103.3588 68.66 18.62                    8083 .26g  .017g  -159
   155w 30.0 2  0  3407 2002:05:01 436.6293 29.85109 131.1747 68.37 23.10                    8069 .26g  .019g  -121
   156w 31.0 3  0  3438 2002:06:01 353.0143 22.17076 104.7667 62.80 22.89                    8057 .26g  .021g   158
   157w 30.0 2  0  3468 2002:07:01 397.2042 29.02609 106.7078 73.08 21.18                    8045 .26g  .021g  -141
   158w 31.0 2  0  3499 2002:08:01 410.0019 27.11969 108.2641 66.15 20.89                    8033 .26g  .022g  -123
   159w 31.0 2  0  3530 2002:09:01 448.9587 31.98536 98.97026 71.24 18.06                    8020 .26g  .022g  -109
   160w 30.0 3  0  3560 2002:10:01 366.8150 25.45668 98.99799 69.40 21.25                    8008 .26g  .021g   110

                                    I M E X   T I M E   S T E P   S U M M A R Y
 ==================================================================================================================
    Time Step           Time                  Total Production             Total Injection  Total Max. Max. Change
 ---------------- ---------------- -------------------------------------- -----------------  PV   Mat. ------------
                C                    Oil      Gas     Water   GOR.  Wat.    Gas     Water   Avg.  bal. Satur. Pres.
        Size    U                                              M3/   Cut                    Pres. err. DSMAX  DPMAX
  No.   Days IT T Days   yy:mm:dd    M3/D    MM3/D     M3/D     M3    %    MM3/D     M3/D    kPa   %           kPa
 ------ ---- -- - ----- ---------- -------- -------- -------- ----- ----- -------- -------- ----- ---- ------ -----
   161w 31.0 2  0  3591 2002:11:01 323.1938 20.97627 107.5342 64.90 24.97                    7997 .26g  .021g   115
   162w 30.0 2  0  3621 2002:12:01 370.0528 27.61665 95.34219 74.63 20.49                    7986 .26g  .020g  -218
   163w 31.0 2  0  3652 2003:01:01 344.0124 25.03864 89.10464 72.78 20.57                    7975 .26g  .020g   141
   164w 31.0 4  0  3683 2003:02:01 258.8866 17.33743 70.62239 66.97 21.43                    7967 .26g  .019g   153
   165w 28.0 2  0  3711 2003:03:01 287.2580 21.48597 85.21605 74.80 22.88                    7958 .26g  .017g -74.4
   166w 31.0 2  0  3742 2003:04:01 314.8148 24.45221 91.80120 77.67 22.58                    7948 .26g  .017g  94.6
   167w 30.0 2  0  3772 2003:05:01 377.4063 33.93404 107.4027 89.91 22.15                    7935 .26g  .015g  -176
   168w 31.0 2  0  3803 2003:06:01 295.7815 23.92699 88.77853 80.89 23.09                    7925 .26g  .014g  93.7
   169w 30.0 2  0  3833 2003:07:01 428.2645 38.90625 109.9045 90.85 20.42                    7912 .26g  .012g  -292
   170w 31.0 2  0  3864 2003:08:01 256.7838 18.57144 78.95119 72.32 23.52                    7903 .26g -.018g   368
   171w 31.0 3  0  3895 2003:09:01 250.6220 21.00375 82.63996 83.81 24.80                    7894 .26g  .010g  72.7
   172w 30.0 2  0  3925 2003:10:01 403.3117 39.43905 113.5073 97.79 21.96                    7880 .26g -.012o  -235
   173w 31.0 1  0  3956 2003:11:01 346.6855 31.15537 116.9855 89.87 25.23                    7867 .26g  .011g  -120
   174w 30.0 2  0  3986 2003:12:01 304.0305 25.11875 94.49747 82.62 23.71                    7857 .26g  .012g   178
   175w 31.0 3  0  4017 2004:01:01 349.8844 32.35253 106.3257 92.47 23.31                    7844 .26g  .014g  -292
   176w 31.0 1  0  4048 2004:02:01 364.2408 38.29478 91.47715 105.1 20.07                    7832 .26g  .020g  -120
   177w 29.0 2  0  4077 2004:03:01 290.7186 23.87820 83.74442 82.14 22.36                    7822 .26g  .014g   203
   178w 31.0 2  0  4108 2004:04:01 285.9701 26.46662 90.03591 92.55 23.95                    7812 .26g  .016g  -123
   179w 30.0 1  0  4138 2004:05:01 337.1395 37.05695 97.00249 109.9 22.34                    7800 .26g  .016g  -188
   180w 31.0 1  0  4169 2004:06:01 350.8941 33.55141 120.2289 95.62 25.52                    7786 .26g  .018g -92.6

                                    I M E X   T I M E   S T E P   S U M M A R Y
 ==================================================================================================================
    Time Step           Time                  Total Production             Total Injection  Total Max. Max. Change
 ---------------- ---------------- -------------------------------------- -----------------  PV   Mat. ------------
                C                    Oil      Gas     Water   GOR.  Wat.    Gas     Water   Avg.  bal. Satur. Pres.
        Size    U                                              M3/   Cut                    Pres. err. DSMAX  DPMAX
  No.   Days IT T Days   yy:mm:dd    M3/D    MM3/D     M3/D     M3    %    MM3/D     M3/D    kPa   %           kPa
 ------ ---- -- - ----- ---------- -------- -------- -------- ----- ----- -------- -------- ----- ---- ------ -----
   181w 30.0 2  0  4199 2004:07:01 338.1911 36.00871 100.9959 106.5 23.00                    7774 .26g -.021g  -110
   182w 31.0 2  0  4230 2004:08:01 355.8181 39.30953 109.2569 110.5 23.49                    7761 .26g  .022g -66.5
   183w 31.0 2  0  4261 2004:09:01 340.3641 38.00040 107.4979 111.6 24.00                    7747 .26g  .024g -77.4
   184w 30.0 2  0  4291 2004:10:01 298.3925 31.25033 115.0725 104.7 27.83                    7735 .26g  .024g  97.1
   185w 31.0 3  0  4322 2004:11:01 267.6531 32.07724 87.42591 119.8 24.62                    7725 .26g  .026g -35.7
   186w 30.0 3  0  4352 2004:12:01 309.4751 32.50769 84.26793 105.0 21.40                    7714 .26g  .026g   117
   187w 31.0 2  0  4383 2005:01:01 268.3825 32.92098 92.29947 122.7 25.59                    7702 .26g  .028g  -151
   188w 31.0 3  0  4414 2005:02:01 303.7877 39.35636 105.6473 129.6 25.80                    7689 .26g  .028g -87.6
   189w 28.0 2  0  4442 2005:03:01 317.4403 41.57084 101.6797 131.0 24.26                    7677 .26g  .024g  -133
   190w 31.0 2  0  4473 2005:04:01 289.8776 34.23688 95.91140 118.1 24.86                    7665 .26g -.058g  1951
   191w 30.0 2  0  4503 2005:05:01 269.5620 34.69730 90.38100 128.7 25.11                    7654 .26g  .019g -57.8
   192w 31.0 2  0  4534 2005:06:01 282.9360 36.35540 78.96295 128.5 21.82                    7642 .26g  .016g  -161
   193w 30.0 2  0  4564 2005:07:01 275.6636 35.26647 88.08835 127.9 24.22                    7631 .26g -.018g   160
   194w 31.0 4  0  4595 2005:08:01 252.0205 28.99747 82.61546 115.1 24.69                    7620 .26g  .011g -70.7
   195w 31.0 2  0  4626 2005:09:01 212.4324 26.80208 74.22958 126.2 25.89                    7611 .26g  .016g   110
   196w 30.0 3  0  4656 2005:10:01 266.9199 39.97243 92.17606 149.8 25.67                    7599 .26g  .009g  -246
   197w 31.0 2  0  4687 2005:11:01 213.7600 28.63827 81.35502 134.0 27.57                    7589 .26g -.027g   114
   198w 30.0 3  0  4717 2005:12:01 247.7169 35.51901 91.89008 143.4 27.06                    7578 .26g  .011g -86.9
   199w 31.0 2  0  4748 2006:01:01 221.5820 28.32153 75.38496 127.8 25.38                    7568 .26g  .013g   105
   200w 31.0 3  0  4779 2006:02:01 250.8906 40.08601 80.32242 159.8 24.25                    7557 .26g  .015g -97.6

                                    I M E X   T I M E   S T E P   S U M M A R Y
 ==================================================================================================================
    Time Step           Time                  Total Production             Total Injection  Total Max. Max. Change
 ---------------- ---------------- -------------------------------------- -----------------  PV   Mat. ------------
                C                    Oil      Gas     Water   GOR.  Wat.    Gas     Water   Avg.  bal. Satur. Pres.
        Size    U                                              M3/   Cut                    Pres. err. DSMAX  DPMAX
  No.   Days IT T Days   yy:mm:dd    M3/D    MM3/D     M3/D     M3    %    MM3/D     M3/D    kPa   %           kPa
 ------ ---- -- - ----- ---------- -------- -------- -------- ----- ----- -------- -------- ----- ---- ------ -----
   201w 28.0 2  0  4807 2006:03:01 269.5614 39.71314 83.19355 147.3 23.58                    7546 .26g -.023g -67.1
   202w 31.0 2  0  4838 2006:04:01 248.7574 35.77567 79.34055 143.8 24.18                    7535 .26g  .016g  50.9
   203w 30.0 2  0  4868 2006:05:01 231.4515 34.09133 84.45651 147.3 26.73                    7524 .26g -.057g  1595
   204w 31.0 6  0  4899 2006:06:01 202.1110 30.76092 69.33104 152.2 25.54                    7515 .26g  .055g  -147
   205w 30.0 2  0  4929 2006:07:01 237.6889 35.50964 76.98416 149.4 24.46                    7504 .26g  .016g -59.1
   206w 31.0 2  0  4960 2006:08:01 224.3854 38.18602 83.61258 170.2 27.15                    7493 .26g -.025g  -113
   207w 31.0 2  0  4991 2006:09:01 248.4368 46.03036 80.11122 185.3 24.38                    7480 .26g -.016g -96.1
   208w 30.0 2  0  5021 2006:10:01 210.2781 32.93171 78.10488 156.6 27.08                    7470 .26g  .014g   131
   209w 31.0 2  0  5052 2006:11:01 212.3748 32.81583 68.00125 154.5 24.25                    7460 .26g  .014g  80.2
   210w 30.0 2  0  5082 2006:12:01 295.8085 50.87494 82.74547 172.0 21.86                    7446 .26g -.018g  -220
   211w 31.0 2  0  5113 2007:01:01 172.0041 25.61176 60.54990 148.9 26.04                    7438 .26g  .016g   293
   212w 31.0 2  0  5144 2007:02:01 214.8012 46.20186 77.97080 215.1 26.63                    7426 .26g -.019g  -232
   213w 28.0 2  0  5172 2007:03:01 224.9762 39.15636 81.77175 174.0 26.66                    7415 .26g -.014g  90.1
   214w 31.0 3  0  5203 2007:04:01 166.3737 27.82597 57.16827 167.2 25.57                    7406 .27g  .014g   143
   215w 30.0 2  0  5233 2007:05:01 218.7486 49.22514 86.88145 225.0 28.43                    7394 .27g -.011g  -246
   216w 31.0 2  0  5264 2007:06:01 178.6993 31.63709 71.87568 177.0 28.68                    7384 .27g  .015g   152
   217w 30.0 2  0  5294 2007:07:01 203.9421 40.59019 82.36686 199.0 28.77                    7373 .27g -.024g  -105
   218w 31.0 2  0  5325 2007:08:01 203.5576 39.74330 72.58238 195.2 26.28                    7362 .27g -.018g  67.9
   219w 31.0 2  0  5356 2007:09:01 203.4587 40.02156 80.21834 196.7 28.28                    7350 .27g -.010g -72.1
   220w 30.0 3  0  5386 2007:10:01 168.5245 32.84819 62.92451 194.9 27.19                    7341 .27g -.035g  66.0

                                    I M E X   T I M E   S T E P   S U M M A R Y
 ==================================================================================================================
    Time Step           Time                  Total Production             Total Injection  Total Max. Max. Change
 ---------------- ---------------- -------------------------------------- -----------------  PV   Mat. ------------
                C                    Oil      Gas     Water   GOR.  Wat.    Gas     Water   Avg.  bal. Satur. Pres.
        Size    U                                              M3/   Cut                    Pres. err. DSMAX  DPMAX
  No.   Days IT T Days   yy:mm:dd    M3/D    MM3/D     M3/D     M3    %    MM3/D     M3/D    kPa   %           kPa
 ------ ---- -- - ----- ---------- -------- -------- -------- ----- ----- -------- -------- ----- ---- ------ -----
   221w 31.0 2  0  5417 2007:11:01 212.4867 42.37738 79.43626 199.4 27.21                    7329 .27g  .016g -67.8
   222w 30.0 3  0  5447 2007:12:01 152.5793 21.38464 66.47568 140.2 30.35                    7321 .27g  .022g   121
   223w 31.0 2  0  5478 2008:01:01 183.5456 43.21884 64.67443 235.5 26.06                    7310 .27g -.076g  -174
   224w 31.0 2  0  5509 2008:02:01 151.9224 30.99671 54.33661 204.0 26.34                    7301 .27g -.022g   183
   225w 29.0 2  0  5538 2008:03:01 153.8629 38.50952 56.01313 250.3 26.69                    7292 .27g -.046g  -123
   226w 31.0 3  0  5569 2008:04:01 178.1865 38.56957 69.86846 216.5 28.17                    7281 .27g  .022g -74.6
   227w 30.0 2  0  5599 2008:05:01 149.8521 33.63441 48.11886 224.5 24.31                    7273 .27g -.018g   113
   228w 31.0 2  0  5630 2008:06:01 150.9359 44.10416 68.61509 292.2 31.25                    7262 .27g -.051g  -109
   229w 30.0 3  0  5660 2008:07:01 154.8580 23.81978 50.23398 153.8 24.49                    7254 .27g  .024g   207
   230w 31.0 2  0  5691 2008:08:01 152.1254 42.97280 60.49869 282.5 28.45                    7243 .27g -.026g  -178
   231w 31.0 2  0  5722 2008:09:01 171.7343 35.38320 55.77367 206.0 24.52                    7234 .27g  .017g  86.1
   232w 30.0 2  0  5752 2008:10:01 144.9180 36.52022 63.72395 252.0 30.54                    7224 .27g -.043g  70.4
   233w 31.0 2  0  5783 2008:11:01 158.3147 41.14342 57.01524 259.9 26.48                    7214 .27g -.027g -66.8
   234w 30.0 3  0  5813 2008:12:01 161.3717 42.68993 65.52132 264.5 28.88                    7203 .27g  .024g -55.2
   235w 31.0 3  0  5844 2009:01:01 108.9788 24.08578 42.56316 221.0 28.09                    7196 .27g  .022g   183
   236w 31.0 2  0  5875 2009:02:01 118.4237 22.52100 43.55232 190.2 26.89                    7189 .27g  .025g  -128
   237w 28.0 2  0  5903 2009:03:01 134.1524 36.45245 43.27459 271.7 24.39                    7181 .27g  .021g  -128
   238w 31.0 3  0  5934 2009:04:01 128.8788 29.69847 50.25622 230.4 28.05                    7173 .27g  .032g  59.8
   239w 30.0 3  0  5964 2009:05:01 123.3710 39.72810 48.75596 322.0 28.33                    7164 .27g  .048g  -160
   240w 31.0 2  0  5995 2009:06:01 109.9747 30.13858 45.43028 274.1 29.23                    7156 .27g  .028g   110

                                    I M E X   T I M E   S T E P   S U M M A R Y
 ==================================================================================================================
    Time Step           Time                  Total Production             Total Injection  Total Max. Max. Change
 ---------------- ---------------- -------------------------------------- -----------------  PV   Mat. ------------
                C                    Oil      Gas     Water   GOR.  Wat.    Gas     Water   Avg.  bal. Satur. Pres.
        Size    U                                              M3/   Cut                    Pres. err. DSMAX  DPMAX
  No.   Days IT T Days   yy:mm:dd    M3/D    MM3/D     M3/D     M3    %    MM3/D     M3/D    kPa   %           kPa
 ------ ---- -- - ----- ---------- -------- -------- -------- ----- ----- -------- -------- ----- ---- ------ -----
   241w 30.0 2  0  6025 2009:07:01 120.6373 43.06070 54.11167 356.9 30.97                    7146 .27g -.043g  -121
   242w 31.0 2  0  6056 2009:08:01 121.9569 42.24511 45.20508 346.4 27.04                    7137 .27g -.046g -83.0
   243w 31.0 4  0  6087 2009:09:01 121.4581 40.81543 52.98489 336.0 30.37                    7127 .27g -.049g -70.2
   244w 30.0 2  0  6117 2009:10:01 133.3712 38.37330 33.85380 287.7 20.24                    7118 .27g  .036g -44.8
   245w 31.0 2  0  6148 2009:11:01 138.0272 41.41896 55.96376 300.1 28.85                    7108 .27g  .036g -51.9
   246w 30.0 4  0  6178 2009:12:01 98.37057 25.51225 36.98832 259.3 27.33                    7101 .27g -.019g   171
   247w 31.0 2  0  6209 2010:01:01 123.0783 35.22258 47.87370 286.2 28.00                    7092 .27g  .019g -60.5
   248w 31.0 2  0  6240 2010:02:01 101.5777 23.36225 40.28231 230.0 28.40                    7085 .27g  .024g  71.8

 ===================== SUMMARY (from subroutine: TSIO)   ======================
  Simulation run terminated. Stopping time reached.
    
     1 Warning messages.    0 Error messages.
 ==============================================================================


       Field Total                                   Fluid
                             Oil       Gas       Water    Solvent   Polymer   Seawater
                            -------   -------   -------   -------   -------   -------
                            (MSM3)    (MMSM3)   (MSM3)    (MMSM3)   (MKG)     (MSM3)
  Cumulative Production      4812.9    228.92    927.76     NA        NA        NA   
  Cumulative Injection        NA         0         0        NA        NA        NA   
  Cumulative Gas Lift         NA         0        NA        NA        NA        NA   
  Cumulative Water Influx     NA        NA         0        NA        NA        NA   
  Current Fluids In Place     36571    1014.6     25495     NA        NA        NA   
  Production Rates           .10158    .02336    .04028     NA        NA        NA   
  Injection Rates             NA         0         0        NA        NA        NA   

  Timesteps:    248  Newton Cycles:      435  Cuts:      0  Solver Iterations:        11494
  Average Implicitness    : 0.206
  Material Balances (owg): 1.000 1.000 1.003
  Average Active Blocks:       34077 Average Non-BHP Active Wells:    10
  Total Blocks :       35000 Total Wells :    11
  Active Blocks:       34077 Non-BHP Active Wells:    11
  Total lstpro/lstpar calls:     2
  Time at end of simulation:   6240.00     (days)   
  Average reservoir pressure excluding water zone: 6751.116 (kPa)    
  Total Number of Solver Failures:       4  Stalls:       0  ITERMAX Reached:       4
  Jacobian Domains      4
  Linear Solver: Parasol
  Number of level 1 solver classes:    4
  AUTOPSLAB Cutting Direction:    I
  Preconditioner Ordering     REDBLACK
  Preconditioner Degree aa, ab, as, bb, ba:    1    2    1    1    1
  KMP_AFFINITY: Default
  OMP_SCHEDULE: Default
  Max Impl Blocks:    15637  %Impl: 45.9%  (TS,CUT,NCYC): (  248, 0,  2 )
  Max Solver Iterations (TS,CUT,NCYC):      40 (   67, 0,  1 )
  Number of threads set:    4
  Total number of cpus:    4
  Memory Usage Peak:      153 MB on TS:  236  TS 1 Peak:      119 MB  Average:      136 MB  VM Size:      180 MB
  Host computer: EHSANR-LT

  End of Simulation: Normal Termination

  CPU Time:           218.50 seconds
  Elapsed Time:        68.59 seconds

  Date and Time of End of Run:  Nov  1, 2019  14:52:21

