2019-11-22T15:22:22	ehsan	Save	D:\CMG's Modelling Workflow_2019-10\Additional Exercises\IMEX_TUTORIAL_PRED_WATER_ADD_WELLS_TRIGGER.dat	1574461342	D:\CMG's Modelling Workflow_2019-10\Prediction\IMEX_TUTORIAL_PRED_WATER_ADD_WELLS.dat	
2019-11-22T15:30:43	ehsan	Save	D:\CMG's Modelling Workflow_2019-10\Additional Exercises\IMEX_TUTORIAL_PRED_WATER_ADD_WELLS_TRIGGER.dat	1574461843	D:\CMG's Modelling Workflow_2019-10\Additional Exercises\IMEX_TUTORIAL_PRED_WATER_ADD_WELLS_TRIGGER.dat	
2019-11-22T15:30:43	ehsan	Save	D:\CMG's Modelling Workflow_2019-10\Additional Exercises\IMEX_TUTORIAL_PRED_WATER_ADD_WELLS_TRIGGER.dat	1574461843	D:\CMG's Modelling Workflow_2019-10\Additional Exercises\IMEX_TUTORIAL_PRED_WATER_ADD_WELLS_TRIGGER.dat	
2019-11-22T15:30:43	ehsan	Save	D:\CMG's Modelling Workflow_2019-10\Additional Exercises\IMEX_TUTORIAL_PRED_WATER_ADD_WELLS_TRIGGER.dat	1574461843	D:\CMG's Modelling Workflow_2019-10\Additional Exercises\IMEX_TUTORIAL_PRED_WATER_ADD_WELLS_TRIGGER.dat	
2019-11-22T15:30:43	ehsan	Save	D:\CMG's Modelling Workflow_2019-10\Additional Exercises\IMEX_TUTORIAL_PRED_WATER_ADD_WELLS_TRIGGER.dat	1574461843	D:\CMG's Modelling Workflow_2019-10\Additional Exercises\IMEX_TUTORIAL_PRED_WATER_ADD_WELLS_TRIGGER.dat	
2019-11-22T15:30:43	ehsan	Save	D:\CMG's Modelling Workflow_2019-10\Additional Exercises\IMEX_TUTORIAL_PRED_WATER_ADD_WELLS_TRIGGER.dat	1574461843	D:\CMG's Modelling Workflow_2019-10\Additional Exercises\IMEX_TUTORIAL_PRED_WATER_ADD_WELLS_TRIGGER.dat	
2019-11-22T15:30:55	ehsan	Run	D:\CMG's Modelling Workflow_2019-10\Additional Exercises\IMEX_TUTORIAL_PRED_WATER_ADD_WELLS_TRIGGER.dat	1574461844	C:\Program Files (x86)\CMG\IMEX\2019.10\Win_x64\EXE\mx201910.exe
2019-11-22T15:31:10	ehsan	Submit	D:\CMG's Modelling Workflow_2019-10\Additional Exercises\IMEX_TUTORIAL_PRED_WATER_ADD_WELLS_TRIGGER.dat	1574461844	C:\Program Files (x86)\CMG\IMEX\2019.10\Win_x64\EXE\mx201910.exe
2019-11-22T16:07:46	ehsan	Save	D:\CMG's Modelling Workflow_2019-10\Additional Exercises\IMEX_TUTORIAL_SUBMODEL.dat	1574464066	D:\CMG's Modelling Workflow_2019-10\Prediction\IMEX_TUTORIAL_PRED_BASE.dat	
2020-02-27T15:24:58	ehsan	Save	D:\CMG's Modelling Workflow_2019-10\Additional Exercises\IMEX_TUTORIAL_Submodel.dat	1582842298	D:\CMG's Modelling Workflow_2019-10\Prediction\IMEX_TUTORIAL_PRED_BASE.dat	
2020-02-27T15:34:46	ehsan	Save	D:\CMG's Modelling Workflow_2019-10\Additional Exercises\IMEX_TUTORIAL_Submodel.dat	1582842886	D:\CMG's Modelling Workflow_2019-10\Additional Exercises\IMEX_TUTORIAL_Submodel.dat	
2020-02-27T15:34:46	ehsan	Save	D:\CMG's Modelling Workflow_2019-10\Additional Exercises\IMEX_TUTORIAL_Submodel.dat	1582842886	D:\CMG's Modelling Workflow_2019-10\Additional Exercises\IMEX_TUTORIAL_Submodel.dat	
2020-02-27T15:34:47	ehsan	Save	D:\CMG's Modelling Workflow_2019-10\Additional Exercises\IMEX_TUTORIAL_Submodel.dat	1582842887	D:\CMG's Modelling Workflow_2019-10\Additional Exercises\IMEX_TUTORIAL_Submodel.dat	
2020-02-27T15:34:48	ehsan	Save	D:\CMG's Modelling Workflow_2019-10\Additional Exercises\IMEX_TUTORIAL_Submodel.dat	1582842888	D:\CMG's Modelling Workflow_2019-10\Additional Exercises\IMEX_TUTORIAL_Submodel.dat	
2020-02-27T15:34:48	ehsan	Save	D:\CMG's Modelling Workflow_2019-10\Additional Exercises\IMEX_TUTORIAL_Submodel.dat	1582842888	D:\CMG's Modelling Workflow_2019-10\Additional Exercises\IMEX_TUTORIAL_Submodel.dat	
2020-02-27T15:34:48	ehsan	Save	D:\CMG's Modelling Workflow_2019-10\Additional Exercises\IMEX_TUTORIAL_Submodel.dat	1582842888	D:\CMG's Modelling Workflow_2019-10\Additional Exercises\IMEX_TUTORIAL_Submodel.dat	
2020-02-27T15:34:53	ehsan	Save	D:\CMG's Modelling Workflow_2019-10\Additional Exercises\IMEX_TUTORIAL_Submodel.dat	1582842893	D:\CMG's Modelling Workflow_2019-10\Additional Exercises\IMEX_TUTORIAL_Submodel.dat	
2020-02-27T15:35:12	ehsan	Submit	D:\CMG's Modelling Workflow_2019-10\Additional Exercises\IMEX_TUTORIAL_Submodel.dat	1582842893	C:\Program Files (x86)\CMG\IMEX\2019.10\Win_x64\EXE\mx201910.exe
2020-02-27T15:39:52	ehsan	Save	D:\CMG's Modelling Workflow_2019-10\Additional Exercises\IMEX_TUTORIAL_Submodel.dat	1582843192	D:\CMG's Modelling Workflow_2019-10\Additional Exercises\IMEX_TUTORIAL_Submodel.dat	
2020-02-27T15:40:04	ehsan	Submit	D:\CMG's Modelling Workflow_2019-10\Additional Exercises\IMEX_TUTORIAL_Submodel.dat	1582843192	C:\Program Files (x86)\CMG\IMEX\2019.10\Win_x64\EXE\mx201910.exe
2020-02-27T15:44:32	ehsan	Save	D:\CMG's Modelling Workflow_2019-10\Additional Exercises\IMEX_TUTORIAL_Submodel.dat	1582843472	D:\CMG's Modelling Workflow_2019-10\Additional Exercises\IMEX_TUTORIAL_Submodel.dat	
2020-02-27T15:44:45	ehsan	Submit	D:\CMG's Modelling Workflow_2019-10\Additional Exercises\IMEX_TUTORIAL_Submodel.dat	1582843472	C:\Program Files (x86)\CMG\IMEX\2019.10\Win_x64\EXE\mx201910.exe
2020-02-27T15:46:07	ehsan	Save	D:\CMG's Modelling Workflow_2019-10\Additional Exercises\IMEX_TUTORIAL_Submodel_Ref.dat	1582843567	D:\CMG's Modelling Workflow_2019-10\Additional Exercises\IMEX_TUTORIAL_Submodel.dat	
2020-02-27T15:47:33	ehsan	Save	D:\CMG's Modelling Workflow_2019-10\Additional Exercises\IMEX_TUTORIAL_Submodel_Ref.dat	1582843653	D:\CMG's Modelling Workflow_2019-10\Additional Exercises\IMEX_TUTORIAL_Submodel_Ref.dat	
2020-02-27T15:47:57	ehsan	Save	D:\CMG's Modelling Workflow_2019-10\Additional Exercises\IMEX_TUTORIAL_Submodel_Ref.dat	1582843677	D:\CMG's Modelling Workflow_2019-10\Additional Exercises\IMEX_TUTORIAL_Submodel_Ref.dat	
2020-02-27T15:48:07	ehsan	Submit	D:\CMG's Modelling Workflow_2019-10\Additional Exercises\IMEX_TUTORIAL_Submodel_Ref.dat	1582843677	C:\Program Files (x86)\CMG\IMEX\2019.10\Win_x64\EXE\mx201910.exe
2020-02-27T15:51:20	ehsan	Save	D:\CMG's Modelling Workflow_2019-10\Additional Exercises\IMEX_TUTORIAL_Submodel_Ref.dat	1582843880	D:\CMG's Modelling Workflow_2019-10\Additional Exercises\IMEX_TUTORIAL_Submodel.dat	
2020-02-27T15:53:39	ehsan	Save	D:\CMG's Modelling Workflow_2019-10\Additional Exercises\IMEX_TUTORIAL_Submodel_Ref.dat	1582844019	D:\CMG's Modelling Workflow_2019-10\Additional Exercises\IMEX_TUTORIAL_Submodel_Ref.dat	
2020-02-27T15:53:41	ehsan	Save	D:\CMG's Modelling Workflow_2019-10\Additional Exercises\IMEX_TUTORIAL_Submodel_Ref.dat	1582844021	D:\CMG's Modelling Workflow_2019-10\Additional Exercises\IMEX_TUTORIAL_Submodel_Ref.dat	
2020-02-27T15:53:41	ehsan	Save	D:\CMG's Modelling Workflow_2019-10\Additional Exercises\IMEX_TUTORIAL_Submodel_Ref.dat	1582844021	D:\CMG's Modelling Workflow_2019-10\Additional Exercises\IMEX_TUTORIAL_Submodel_Ref.dat	
2020-02-27T15:54:15	ehsan	Submit	D:\CMG's Modelling Workflow_2019-10\Additional Exercises\IMEX_TUTORIAL_Submodel_Ref.dat	1582844022	C:\Program Files (x86)\CMG\IMEX\2019.10\Win_x64\EXE\mx201910.exe
2020-02-27T15:57:29	ehsan	Save	D:\CMG's Modelling Workflow_2019-10\Additional Exercises\IMEX_TUTORIAL_Submodel_Ref.dat	1582844249	D:\CMG's Modelling Workflow_2019-10\Additional Exercises\IMEX_TUTORIAL_Submodel.dat	
2020-02-27T15:58:02	ehsan	Save	D:\CMG's Modelling Workflow_2019-10\Additional Exercises\IMEX_TUTORIAL_Submodel_Ref.dat	1582844282	D:\CMG's Modelling Workflow_2019-10\Additional Exercises\IMEX_TUTORIAL_Submodel_Ref.dat	
2020-02-27T15:58:14	ehsan	Submit	D:\CMG's Modelling Workflow_2019-10\Additional Exercises\IMEX_TUTORIAL_Submodel_Ref.dat	1582844282	C:\Program Files (x86)\CMG\IMEX\2019.10\Win_x64\EXE\mx201910.exe
2020-02-27T16:03:06	ehsan	Save	D:\CMG's Modelling Workflow_2019-10\Additional Exercises\IMEX_TUTORIAL_Submodel_Ref.dat	1582844586	D:\CMG's Modelling Workflow_2019-10\Additional Exercises\IMEX_TUTORIAL_Submodel.dat	
2020-02-27T16:05:00	ehsan	Save	D:\CMG's Modelling Workflow_2019-10\Additional Exercises\IMEX_TUTORIAL_Submodel_Ref.dat	1582844700	D:\CMG's Modelling Workflow_2019-10\Additional Exercises\IMEX_TUTORIAL_Submodel_Ref.dat	
2020-02-27T16:05:10	ehsan	Submit	D:\CMG's Modelling Workflow_2019-10\Additional Exercises\IMEX_TUTORIAL_Submodel_Ref.dat	1582844700	C:\Program Files (x86)\CMG\IMEX\2019.10\Win_x64\EXE\mx201910.exe
2020-02-27T16:06:47	ehsan	Save	D:\CMG's Modelling Workflow_2019-10\Additional Exercises\IMEX_TUTORIAL_Submodel_Ref.dat	1582844807	D:\CMG's Modelling Workflow_2019-10\Additional Exercises\IMEX_TUTORIAL_Submodel_Ref.dat	
2020-02-27T16:06:57	ehsan	Submit	D:\CMG's Modelling Workflow_2019-10\Additional Exercises\IMEX_TUTORIAL_Submodel_Ref.dat	1582844807	C:\Program Files (x86)\CMG\IMEX\2019.10\Win_x64\EXE\mx201910.exe
2020-02-27T16:09:21	ehsan	Save	D:\CMG's Modelling Workflow_2019-10\Additional Exercises\IMEX_TUTORIAL_Submodel_Ref.dat	1582844961	D:\CMG's Modelling Workflow_2019-10\Additional Exercises\IMEX_TUTORIAL_Submodel.dat	
2020-02-27T16:09:51	ehsan	Save	D:\CMG's Modelling Workflow_2019-10\Additional Exercises\IMEX_TUTORIAL_Submodel_Ref.dat	1582844991	D:\CMG's Modelling Workflow_2019-10\Additional Exercises\IMEX_TUTORIAL_Submodel_Ref.dat	
2020-02-27T16:10:11	ehsan	Submit	D:\CMG's Modelling Workflow_2019-10\Additional Exercises\IMEX_TUTORIAL_Submodel_Ref.dat	1582844991	C:\Program Files (x86)\CMG\IMEX\2019.10\Win_x64\EXE\mx201910.exe
2020-02-27T16:12:30	ehsan	Save	D:\CMG's Modelling Workflow_2019-10\Additional Exercises\IMEX_TUTORIAL_Submodel_Ref.dat	1582845150	D:\CMG's Modelling Workflow_2019-10\Additional Exercises\IMEX_TUTORIAL_Submodel.dat	
2020-02-27T16:15:16	ehsan	Save	D:\CMG's Modelling Workflow_2019-10\Additional Exercises\IMEX_TUTORIAL_Submodel_Ref.dat	1582845316	D:\CMG's Modelling Workflow_2019-10\Additional Exercises\IMEX_TUTORIAL_Submodel_Ref.dat	
2020-02-27T16:15:25	ehsan	Save	D:\CMG's Modelling Workflow_2019-10\Additional Exercises\IMEX_TUTORIAL_Submodel_Ref.dat	1582845325	D:\CMG's Modelling Workflow_2019-10\Additional Exercises\IMEX_TUTORIAL_Submodel_Ref.dat	
2020-02-27T16:15:35	ehsan	Submit	D:\CMG's Modelling Workflow_2019-10\Additional Exercises\IMEX_TUTORIAL_Submodel_Ref.dat	1582845325	C:\Program Files (x86)\CMG\IMEX\2019.10\Win_x64\EXE\mx201910.exe
2020-02-27T16:25:00	ehsan	Save	D:\CMG's Modelling Workflow_2019-10\Additional Exercises\IMEX_TUTORIAL_Submodel.dat	1582845900	D:\CMG's Modelling Workflow_2019-10\Prediction\IMEX_TUTORIAL_PRED_BASE.dat	
2020-02-27T16:28:51	ehsan	Save	D:\CMG's Modelling Workflow_2019-10\Additional Exercises\IMEX_TUTORIAL_Submodel.dat	1582846131	D:\CMG's Modelling Workflow_2019-10\Additional Exercises\IMEX_TUTORIAL_Submodel.dat	
2020-02-27T16:28:52	ehsan	Save	D:\CMG's Modelling Workflow_2019-10\Additional Exercises\IMEX_TUTORIAL_Submodel.dat	1582846132	D:\CMG's Modelling Workflow_2019-10\Additional Exercises\IMEX_TUTORIAL_Submodel.dat	
2020-02-27T16:28:52	ehsan	Save	D:\CMG's Modelling Workflow_2019-10\Additional Exercises\IMEX_TUTORIAL_Submodel.dat	1582846132	D:\CMG's Modelling Workflow_2019-10\Additional Exercises\IMEX_TUTORIAL_Submodel.dat	
2020-02-27T16:28:52	ehsan	Save	D:\CMG's Modelling Workflow_2019-10\Additional Exercises\IMEX_TUTORIAL_Submodel.dat	1582846132	D:\CMG's Modelling Workflow_2019-10\Additional Exercises\IMEX_TUTORIAL_Submodel.dat	
2020-02-27T16:28:52	ehsan	Save	D:\CMG's Modelling Workflow_2019-10\Additional Exercises\IMEX_TUTORIAL_Submodel.dat	1582846132	D:\CMG's Modelling Workflow_2019-10\Additional Exercises\IMEX_TUTORIAL_Submodel.dat	
2020-02-27T16:28:52	ehsan	Save	D:\CMG's Modelling Workflow_2019-10\Additional Exercises\IMEX_TUTORIAL_Submodel.dat	1582846132	D:\CMG's Modelling Workflow_2019-10\Additional Exercises\IMEX_TUTORIAL_Submodel.dat	
2020-02-27T16:28:55	ehsan	Save	D:\CMG's Modelling Workflow_2019-10\Additional Exercises\IMEX_TUTORIAL_Submodel.dat	1582846135	D:\CMG's Modelling Workflow_2019-10\Additional Exercises\IMEX_TUTORIAL_Submodel.dat	
2020-02-27T16:28:55	ehsan	Save	D:\CMG's Modelling Workflow_2019-10\Additional Exercises\IMEX_TUTORIAL_Submodel.dat	1582846135	D:\CMG's Modelling Workflow_2019-10\Additional Exercises\IMEX_TUTORIAL_Submodel.dat	
2020-02-27T16:28:55	ehsan	Save	D:\CMG's Modelling Workflow_2019-10\Additional Exercises\IMEX_TUTORIAL_Submodel.dat	1582846135	D:\CMG's Modelling Workflow_2019-10\Additional Exercises\IMEX_TUTORIAL_Submodel.dat	
2020-02-27T16:29:10	ehsan	Submit	D:\CMG's Modelling Workflow_2019-10\Additional Exercises\IMEX_TUTORIAL_Submodel.dat	1582846136	C:\Program Files (x86)\CMG\IMEX\2019.10\Win_x64\EXE\mx201910.exe
2020-02-27T16:29:44	ehsan	Save	D:\CMG's Modelling Workflow_2019-10\Additional Exercises\IMEX_TUTORIAL_Submodel_Ref.dat	1582846184	D:\CMG's Modelling Workflow_2019-10\Additional Exercises\IMEX_TUTORIAL_Submodel.dat	
2020-02-27T16:30:39	ehsan	Save	D:\CMG's Modelling Workflow_2019-10\Additional Exercises\IMEX_TUTORIAL_Submodel_Ref.dat	1582846239	D:\CMG's Modelling Workflow_2019-10\Additional Exercises\IMEX_TUTORIAL_Submodel_Ref.dat	
2020-02-27T16:30:40	ehsan	Save	D:\CMG's Modelling Workflow_2019-10\Additional Exercises\IMEX_TUTORIAL_Submodel_Ref.dat	1582846240	D:\CMG's Modelling Workflow_2019-10\Additional Exercises\IMEX_TUTORIAL_Submodel_Ref.dat	
2020-02-27T16:30:40	ehsan	Save	D:\CMG's Modelling Workflow_2019-10\Additional Exercises\IMEX_TUTORIAL_Submodel_Ref.dat	1582846240	D:\CMG's Modelling Workflow_2019-10\Additional Exercises\IMEX_TUTORIAL_Submodel_Ref.dat	
2020-02-27T16:30:40	ehsan	Save	D:\CMG's Modelling Workflow_2019-10\Additional Exercises\IMEX_TUTORIAL_Submodel_Ref.dat	1582846240	D:\CMG's Modelling Workflow_2019-10\Additional Exercises\IMEX_TUTORIAL_Submodel_Ref.dat	
2020-02-27T16:30:41	ehsan	Save	D:\CMG's Modelling Workflow_2019-10\Additional Exercises\IMEX_TUTORIAL_Submodel_Ref.dat	1582846241	D:\CMG's Modelling Workflow_2019-10\Additional Exercises\IMEX_TUTORIAL_Submodel_Ref.dat	
2020-02-27T16:30:45	ehsan	Save	D:\CMG's Modelling Workflow_2019-10\Additional Exercises\IMEX_TUTORIAL_Submodel_Ref.dat	1582846245	D:\CMG's Modelling Workflow_2019-10\Additional Exercises\IMEX_TUTORIAL_Submodel_Ref.dat	
2020-02-27T16:31:01	ehsan	Submit	D:\CMG's Modelling Workflow_2019-10\Additional Exercises\IMEX_TUTORIAL_Submodel_Ref.dat	1582846246	C:\Program Files (x86)\CMG\IMEX\2019.10\Win_x64\EXE\mx201910.exe
