    Opened LOG FILE         on unit 10, filename is "D:\CMG's Modelling Workflow_2019-10\Additional Exercises\IMEX_TUTORIAL_PRED_WATER_ADD_WELLS_TRIGGER.log"
 ********************************************************************************
 *                                                                              *
 *                                IMEX  2019.10                                 *
 *                   Adaptive - Implicit Black Oil Simulator                    *
 *                         General Release for Win x64                          *
 *                            2019-Sep-10   17:57:17                            *
 *                                                                              *
 *                          (c) Copyright 1977 - 2019                           *
 *                Computer Modelling Group Ltd., Calgary, Canada                *
 *                             All Rights Reserved                              *
 *                                                                              *
 ********************************************************************************


 Command-line Arguments:  -f D:\CMG's Modelling Workflow_2019-10\Additional Exercises\IMEX_TUTORIAL_PRED_WATER_ADD_WELLS_TRIGGER.dat
                          -wd D:\CMG's Modelling Workflow_2019-10\Additional Exercises
                          -r D:\CMG's Modelling Workflow_2019-10\Prediction\IMEX_TUTORIAL_HM_Matched.sr3
                          -log
                          -doms
                          -parasol 4
                          -wait
                          -parent ..\//Prediction\//IMEX_TUTORIAL_HM_Matched

  Date and Time of Start of Run:  Nov 22, 2019  15:31:09


*** Input/Output files specification :
    Opened data file        on unit 11, filename is "D:\CMG's Modelling Workflow_2019-10\Additional Exercises\IMEX_TUTORIAL_PRED_WATER_ADD_WELLS_TRIGGER.dat"
    Opened Scratch file     on unit 12
    Opened Scratch file     on unit 13
    Opened output file      on unit 14, filename is "D:\CMG's Modelling Workflow_2019-10\Additional Exercises\IMEX_TUTORIAL_PRED_WATER_ADD_WELLS_TRIGGER.out"
    Opened SR3-OUT          on unit 15, filename is "D:\CMG's Modelling Workflow_2019-10\Additional Exercises\IMEX_TUTORIAL_PRED_WATER_ADD_WELLS_TRIGGER.sr3"
    Opened INDEX-OUT        on unit 16, filename is "D:\CMG's Modelling Workflow_2019-10\Additional Exercises\IMEX_TUTORIAL_PRED_WATER_ADD_WELLS_TRIGGER.irf"
    Opened MAIN-RESULTS-OUT on unit 17, filename is "D:\CMG's Modelling Workflow_2019-10\Additional Exercises\IMEX_TUTORIAL_PRED_WATER_ADD_WELLS_TRIGGER.mrf"

 =================== WARNING (from subroutine: GRDLST_CHK) ====================
  Solvent property related printout is being disabled
  This MODEL option does not allow solvent property output.
  Line: 20   File Name: D:\CMG's Modelling Workflow_2019-10\Additional Exercises\IMEX_TUTORIAL_PRED_WATER_ADD_WELLS_TRIGGER.dat
 ==============================================================================

    Opened GRID scratchfile on unit 18

 ===================== SUMMARY (from subroutine: INDATA) ======================
  Reading of initial data is complete.
  Simulation will stop if there were error messages.
     1 Warning messages.    0 Error messages.
 ==============================================================================

    Opened SR3-IN           on unit 19, filename is "D:\CMG's Modelling Workflow_2019-10\Prediction\IMEX_TUTORIAL_HM_Matched.sr3"

                                    I M E X   T I M E   S T E P   S U M M A R Y
 ==================================================================================================================
    Time Step           Time                  Total Production             Total Injection  Total Max. Max. Change
 ---------------- ---------------- -------------------------------------- -----------------  PV   Mat. ------------
                C                    Oil      Gas     Water   GOR.  Wat.    Gas     Water   Avg.  bal. Satur. Pres.
        Size    U                                              M3/   Cut                    Pres. err. DSMAX  DPMAX
  No.   Days IT T Days   yy:mm:dd    M3/D    MM3/D     M3/D     M3    %    MM3/D     M3/D    kPa   %           kPa
 ------ ---- -- - ----- ---------- -------- -------- -------- ----- ----- -------- -------- ----- ---- ------ -----
   248w 31.0 2  0  6240 2010:02:01 101.5777 23.36225 40.28231 230.0 28.40                    7085 .27g  .024g  71.8
   249w 1.00 1  0  6241 2010:02:02 86.43365 22.77876 21.51214 263.5 19.93                    7084 .27g  7e-4g  14.2
   250  5.00 2  0  6246 2010:02:07 85.02585 13.75638 21.07014 161.8 19.86                    7084 .27g  .004g  59.7
   251  22.0 3  0  6268 2010:03:01 83.40191 14.52292 20.18341 174.1 19.48                    7081 .27g  .030g  53.3

 ===================== WARNING (from subroutine: WMNDPN) ======================
  Group hierarchy has been changed. Previous group target and
  monitoring constraints will no longer apply.
 ==============================================================================

   252w .500 5  1  6269 2010:03:02 188.6268 17.91042 19.47173 94.95 9.357          4000.000  7082 .27g -.074g  1059
   253  .673 1  0  6269 2010:03:02 177.1707 18.36744 19.58243 103.7  9.95          4000.000  7086 .27g  .025w   817
   254  2.47 1  0  6272 2010:03:05 161.6537 18.28010 20.88470 113.1 11.44          4000.000  7097 .28g  .073w   994
   255  3.37 1  0  6275 2010:03:08 155.5816 17.97104 23.13190 115.5 12.94          4000.000  7109 .28g  .046w   605
   256  7.27 2  0  6282 2010:03:15 153.3160 17.94794 28.80647 117.1 15.82          4000.000  7131 .28g -.084g   522
   257  8.36 3  0  6291 2010:03:24 152.9191 18.33186 34.88471 119.9 18.58          4000.000  7154 .28g -.125g   369
   258  4.18 1  0  6295 2010:03:28 152.1610 18.56249 36.91116 122.0 19.52          4000.000  7165 .28g -.052g   162
   259  4.18 1  0  6299 2010:04:01 152.1308 18.82247 39.67743 123.7 20.69          4000.000  7175 .28g -.047g   147
   260w 8.88 3  0  6308 2010:04:10 153.7598 19.46914 46.30968 126.6 23.15          4000.000  7196 .28g -.094g   244
   261  9.48 1  0  6317 2010:04:19 155.0733 20.23110 52.38744 130.5 25.25          4000.000  7218 .28g -.110g   217
   262  5.82 1  0  6323 2010:04:25 154.3802 20.66194 55.00533 133.8 26.27          4000.000  7231 .28g -.072g   160
   263  5.82 3  0  6329 2010:05:01 155.1011 21.09502 58.63039 136.0 27.43          4000.000  7244 .28g -.060g   198
   264w  9.7 1  0  6339 2010:05:11 158.4363 21.95199 65.82386 138.6 29.35          4000.000  7265 .29g -.117g   196
   265  8.32 4  0  6347 2010:05:19 158.9490 22.58588 70.72585 142.1 30.79          4000.000  7284 .29g -.076g   235
   266  6.47 1  0  6354 2010:05:26 158.6032 23.07905 74.41845 145.5 31.94          4000.000  7298 .29g -.055g   136
   267  6.47 1  0  6360 2010:06:01 159.4208 23.58702 78.76332 148.0 33.07          4000.000  7312 .29g -.054g   182

                                    I M E X   T I M E   S T E P   S U M M A R Y
 ==================================================================================================================
    Time Step           Time                  Total Production             Total Injection  Total Max. Max. Change
 ---------------- ---------------- -------------------------------------- -----------------  PV   Mat. ------------
                C                    Oil      Gas     Water   GOR.  Wat.    Gas     Water   Avg.  bal. Satur. Pres.
        Size    U                                              M3/   Cut                    Pres. err. DSMAX  DPMAX
  No.   Days IT T Days   yy:mm:dd    M3/D    MM3/D     M3/D     M3    %    MM3/D     M3/D    kPa   %           kPa
 ------ ---- -- - ----- ---------- -------- -------- -------- ----- ----- -------- -------- ----- ---- ------ -----
   268w 12.0 1  0  6372 2010:06:13 165.2832 24.80739 88.79315 150.1 34.95          4000.000  7337 .29g -.113g   250
   269  9.00 1  0  6381 2010:06:22 164.5818 25.47043 94.41477 154.8 36.45          4000.000  7356 .29g -.087g   232
   270  9.00 2  0  6390 2010:07:01 166.9623 26.15925 101.3288 156.7 37.77          4000.000  7376 .29g -.088g   439
   271w 10.3 1  0  6400 2010:07:11 171.8091 27.13462 110.0366 157.9 39.04          4000.000  7397 .29g -.103g  -452
   272  10.0 4  0  6410 2010:07:21 177.0606 27.94958 118.4823 157.9 40.09          4000.000  7418 .29g -.091g   238
   273  10.8 2  0  6421 2010:08:01 184.1345 28.83736 128.3268 156.6 41.07          4000.000  7441 .29g -.107g   237
   274w 10.1 8  0  6431 2010:08:11 190.9208 29.60531 137.6265 155.1 41.89          4000.000  7462 .29g -.092g   150
   275  10.5 6  0  6442 2010:08:22 198.8729 30.36990 147.9571 152.7 42.66          4000.000  7483 .29g -.107g   214
   276  10.5 1  0  6452 2010:09:01 207.2702 31.17052 158.7993 150.4 43.38          4000.000  7505 .29g -.096g   135
   277w 10.8 1  0  6463 2010:09:12 216.3647 31.87625 170.7669 147.3 44.11          4000.000  7527 .29g -.109g  -185
   278   9.6 3  0  6472 2010:09:21 224.2567 32.25027 181.5855 143.8 44.74          4000.000  7546 .29g -.096g   230
   279   9.6 1  0  6482 2010:10:01 232.6247 32.65357 193.0287 140.4 45.35          4000.000  7565 .30g -.083g   120
   280w 11.6 1  0  6494 2010:10:13 243.1549 32.98549 207.2517 135.7 46.01          4000.000  7588 .30g -.122g   165
   281  9.48 1  0  6503 2010:10:22 251.0882 33.18901 218.9467 132.2 46.58          4000.000  7607 .30g -.101g   145
   282   9.9 1  0  6513 2010:11:01 260.0882 33.43548 231.7472 128.6 47.12          4000.000  7627 .30g -.107g   102
   283w 9.32 4  0  6522 2010:11:10 268.5251 33.65070 244.1075 125.3 47.62          4000.000  7645 .30g -.090g   181
   284  10.3 1  0  6533 2010:11:21 278.0375 34.03321 258.7261 122.4 48.20          4000.000  7665 .30g -.112g   109
   285  5.17 1  0  6538 2010:11:26 281.1329 34.06330 265.9612 121.2 48.61          4000.000  7675 .30g -.067g  -266
   286  5.17 1  0  6543 2010:12:01 286.0505 34.17970 273.7110 119.5 48.90          4000.000  7685 .30g -.074g  73.6
   287w 6.96 6  0  6550 2010:12:08 293.0695 34.41060 284.3220 117.4 49.24          4000.000  7699 .30g -.068g  91.4

                                    I M E X   T I M E   S T E P   S U M M A R Y
 ==================================================================================================================
    Time Step           Time                  Total Production             Total Injection  Total Max. Max. Change
 ---------------- ---------------- -------------------------------------- -----------------  PV   Mat. ------------
                C                    Oil      Gas     Water   GOR.  Wat.    Gas     Water   Avg.  bal. Satur. Pres.
        Size    U                                              M3/   Cut                    Pres. err. DSMAX  DPMAX
  No.   Days IT T Days   yy:mm:dd    M3/D    MM3/D     M3/D     M3    %    MM3/D     M3/D    kPa   %           kPa
 ------ ---- -- - ----- ---------- -------- -------- -------- ----- ----- -------- -------- ----- ---- ------ -----
   288  10.2 1  0  6560 2010:12:18 303.1338 34.94789 300.4641 115.3 49.78          4000.000  7718 .30g -.098g  81.8
   289  6.91 1  0  6567 2010:12:25 309.3273 35.11436 311.5849 113.5 50.18          4000.000  7732 .30g -.069g  93.8
   290  6.91 1  0  6574 2011:01:01 315.8248 35.30673 323.0455 111.8 50.57          4000.000  7745 .30g -.073g   114
   291w 9.41 5  0  6583 2011:01:10 324.7469 35.54697 338.9106 109.5 51.07          4000.000  7763 .30g -.087g   187
   292  10.8 4  0  6594 2011:01:21 334.6745 35.88441 357.5249 107.2 51.65          4000.000  7783 .30g -.084g  92.9
   293  10.8 4  0  6605 2011:02:01 344.3619 36.16993 376.7970 105.0 52.25          4000.000  7803 .30g -.117g  -114
   294w 9.26 1  0  6614 2011:02:10 352.3639 36.40854 393.7176 103.3 52.77          4000.000  7820 .30g -.114g -90.3
   295  8.12 1  0  6622 2011:02:18 359.2990 36.54247 408.9027 101.7 53.23          4000.000  7835 .30g -.072g  -323
   296  10.6 3  0  6633 2011:03:01 368.4502 36.72721 429.1003  99.7 53.80          4000.000  7854 .30g -.094g  -105
   297w 11.3 3  0  6644 2011:03:12 377.6948 36.86015 451.3591 97.59 54.44          4000.000  7875 .30g -.171g  93.1
   298  6.61 1  0  6651 2011:03:19 382.5682 36.85028 464.9257 96.32 54.86          4000.000  7887 .30g -.106g   103
   299  6.23 1  0  6657 2011:03:25 387.6564 36.87621 477.9454 95.13 55.22          4000.000  7898 .30g -.062g  -275
   300  6.84 1  0  6664 2011:04:01 393.2199 36.93673 492.2148 93.93 55.59          4000.000  7910 .30g -.064g  -150
   301w 10.6 1  0  6675 2011:04:12 401.7864 37.16299 514.3881 92.49 56.15          4000.000  7929 .30g -.086g   124
   302   9.7 2  0  6684 2011:04:21 408.8140 37.02159 535.2514 90.56 56.70          4000.000  7946 .30g -.108g   162
   303   9.7 1  0  6694 2011:05:01 415.7158 37.02928 556.6079 89.07 57.25          4000.000  7963 .30g -.091g   121
   304w 10.6 3  0  6705 2011:05:12 423.4249 36.91072 580.2140 87.17 57.81          4000.000  7982 .30g -.080g  -159
   305  10.2 1  0  6715 2011:05:22 430.7906 36.83362 603.6599 85.50 58.36          4000.000  7999 .30g -.079g  -176
   306  10.2 1  0  6725 2011:06:01 438.0087 36.69070 627.4006 83.77 58.89          4000.000  8017 .30g -.094g  -183
   307w 10.8 1  0  6736 2011:06:12 445.5770 36.55635 653.1720 82.04 59.45          4000.000  8036 .30g -.094g  86.9

                                    I M E X   T I M E   S T E P   S U M M A R Y
 ==================================================================================================================
    Time Step           Time                  Total Production             Total Injection  Total Max. Max. Change
 ---------------- ---------------- -------------------------------------- -----------------  PV   Mat. ------------
                C                    Oil      Gas     Water   GOR.  Wat.    Gas     Water   Avg.  bal. Satur. Pres.
        Size    U                                              M3/   Cut                    Pres. err. DSMAX  DPMAX
  No.   Days IT T Days   yy:mm:dd    M3/D    MM3/D     M3/D     M3    %    MM3/D     M3/D    kPa   %           kPa
 ------ ---- -- - ----- ---------- -------- -------- -------- ----- ----- -------- -------- ----- ---- ------ -----
   308   9.6 1  0  6745 2011:06:21 452.0774 35.99484 676.5897 79.62 59.95          4000.000  8052 .30g -.066g   153
   309   9.6 1  0  6755 2011:07:01 458.6744 35.60669 700.6364 77.63 60.44          4000.000  8069 .30g -.089g   114
   310w 10.7 3  0  6766 2011:07:12 466.1147 35.22708 728.2198 75.58 60.97          4000.000  8088 .30g -.072g   152
   311  10.1 2  0  6776 2011:07:22 472.9739 34.81343 755.0540 73.61 61.49          4000.000  8106 .30g -.064g   105
   312  10.1 1  0  6786 2011:08:01 479.7078 34.39480 782.3536 71.70 61.99          4000.000  8123 .30g -.068g  91.9
   313w 15.0 4  0  6801 2011:08:16 489.6025 33.08656 822.4831 67.58 62.69          4000.000  8149 .30g -.089g  -298
   314  16.0 5  0  6817 2011:09:01 499.9949 31.88990 867.3428 63.78 63.43          4000.000  8178 .30g -.097g  -189
   315w 15.0 4  0  6832 2011:09:16 509.4954 30.90230 910.4879 60.65 64.12          4000.000  8204 .30g -.123g   168
   316  7.50 1  0  6840 2011:09:24 513.4051 30.41767 933.5470 59.25 64.52          4000.000  8216 .30g -.066g  67.8
   317  7.50 1  0  6847 2011:10:01 517.6594 29.93972 956.1716 57.84 64.88          4000.000  8229 .30g -.066g  73.9
   318w 11.4 1  0  6858 2011:10:12 524.5984 29.36025 990.0122 55.97 65.36          4000.000  8249 .30g -.086g  96.0
   319   9.8 1  0  6868 2011:10:22 530.4620 28.82013 1019.691 54.33 65.78          4000.000  8265 .30g -.055g   130
   320   9.8 1  0  6878 2011:11:01 536.4624 28.24457 1049.742 52.65 66.18          4000.000  8282 .30g -.056g   188
   321w 15.0 3  0  6893 2011:11:16 545.7471 27.41180 1095.612 50.23 66.75          4000.000  8308 .30g -.097g   237
   322  15.0 3  0  6908 2011:12:01 554.7511 26.56891 1143.440 47.89 67.33          4000.000  8334 .30g -.099g  -581
   323w 15.2 1  0  6923 2011:12:16 563.0857 25.52053 1192.697 45.32 67.93          4000.000  8360 .29g -.090g  -415
   324  15.8 4  0  6939 2012:01:01 571.2032 24.28219 1245.546 42.51 68.56          4000.000  8388 .29g -.084g   208
   325w 15.5 1  0  6955 2012:01:17 580.0592 22.98568 1298.558 39.63 69.12          4000.000  8415 .29g -.086g   189
   326  15.5 1  0  6970 2012:02:01 588.4897 21.55067 1352.597 36.62 69.68          4000.000  8441 .29g -.084g   163
   327w 14.5 3  0  6985 2012:02:16 597.2118 20.37936 1403.846 34.12 70.16          4000.000  8467 .29g -.074g   151

                                    I M E X   T I M E   S T E P   S U M M A R Y
 ==================================================================================================================
    Time Step           Time                  Total Production             Total Injection  Total Max. Max. Change
 ---------------- ---------------- -------------------------------------- -----------------  PV   Mat. ------------
                C                    Oil      Gas     Water   GOR.  Wat.    Gas     Water   Avg.  bal. Satur. Pres.
        Size    U                                              M3/   Cut                    Pres. err. DSMAX  DPMAX
  No.   Days IT T Days   yy:mm:dd    M3/D    MM3/D     M3/D     M3    %    MM3/D     M3/D    kPa   %           kPa
 ------ ---- -- - ----- ---------- -------- -------- -------- ----- ----- -------- -------- ----- ---- ------ -----
   328  14.5 1  0  6999 2012:03:01 605.9950 19.13606 1455.395 31.58 70.60          4000.000  8492 .29g -.066g   124
   329w 15.5 1  0  7015 2012:03:17 615.3911 18.20572 1510.966 29.58 71.06          4000.000  8519 .28g -.064g  -473
   330  15.5 3  0  7030 2012:04:01 624.7919 17.43428 1567.387 27.90 71.50          4000.000  8546 .28g -.067g  -336
   331w 15.0 1  0  7045 2012:04:16 633.6699 16.89311 1622.182 26.66 71.91          4000.000  8571 .28g -.063g  -286
   332  15.0 1  0  7060 2012:05:01 642.0502 16.88879 1676.310 26.30 72.31          4000.000  8595 .28g -.056g  -137
   333w 15.5 1  0  7076 2012:05:17 650.1979 16.85990 1731.155 25.93 72.70          4000.000  8618 .28g -.045g -1380
   334  15.5 2  0  7091 2012:06:01 658.3876 16.80355 1785.676 25.52 73.06          4000.000  8641 .28g -.045g  -284
   335w 30.0 5  0  7121 2012:07:01 672.6833 16.79110 1879.839 24.96 73.65          4000.000  8682 .28g -.083g  -349
   336w 31.0 5  0  7152 2012:08:01 685.4802 16.85969 1976.202 24.60 74.25          4000.000  8721 .28g -.107g   229
   337w 31.0 4  0  7183 2012:09:01 696.2960 16.97611 2068.221 24.38 74.81          4000.000  8755 .28g -.075g  -981
   338w 30.0 5  0  7213 2012:10:01 704.9394 17.10902 2152.699 24.27 75.33          4000.000  8785 .28g -.078g  -174
   339w 31.0 4  0  7244 2012:11:01 712.1609 17.23007 2233.778 24.19 75.83          4000.000  8811 .28g -.088g -1054
   340w 30.0 3  0  7274 2012:12:01 717.8038 17.32028 2307.678 24.13 76.27          4000.000  8833 .28g -.076g  -141
   341w 31.0 1  0  7305 2013:01:01 722.3295 17.40395 2378.562 24.09 76.71          4000.000  8853 .28g -.075g   120
   342w 31.0 1  0  7336 2013:02:01 725.8168 17.54572 2444.265 24.17 77.10          4000.000  8870 .28g -.083g   141
   343w 28.0 4  0  7364 2013:03:01 728.3828 17.62265 2502.091 24.19 77.45          4000.000  8885 .28g -.068g  -608
   344t 1.00 1  0  7365 2013:03:02 727.5750 17.61160 2495.046 24.21 77.42                    8868 .28g  .005g  -565
   345  5.00 2  0  7370 2013:03:07 714.1924 17.34153 2381.720 24.28 76.93                    8798 .28g -.012g -1354
   346  11.1 2  0  7381 2013:03:18 683.1887 16.71562 2159.911 24.47 75.97                    8682 .28g  .036g -1046
   347  13.9 2  0  7395 2013:04:01 653.4723 16.13728 1964.503 24.69 75.04                    8575 .28g  .045g  -542

                                    I M E X   T I M E   S T E P   S U M M A R Y
 ==================================================================================================================
    Time Step           Time                  Total Production             Total Injection  Total Max. Max. Change
 ---------------- ---------------- -------------------------------------- -----------------  PV   Mat. ------------
                C                    Oil      Gas     Water   GOR.  Wat.    Gas     Water   Avg.  bal. Satur. Pres.
        Size    U                                              M3/   Cut                    Pres. err. DSMAX  DPMAX
  No.   Days IT T Days   yy:mm:dd    M3/D    MM3/D     M3/D     M3    %    MM3/D     M3/D    kPa   %           kPa
 ------ ---- -- - ----- ---------- -------- -------- -------- ----- ----- -------- -------- ----- ---- ------ -----
   348w 30.0 3  0  7425 2013:05:01 607.9490 15.29632 1703.072 25.16 73.69                    8433 .27g  .100g  -408
   349w 31.0 3  0  7456 2013:06:01 574.0612 14.91520 1526.251 25.98 72.67                    8346 .27g  .108g  -231
   350w 30.0 2  0  7486 2013:07:01 548.2956 14.85480 1402.496 27.09 71.89                    8287 .27g  .074g  -168
   351w 31.0 2  0  7517 2013:08:01 526.3050 14.91073 1303.227 28.33 71.23                    8238 .27g  .055g  -129
   352w 31.0 4  0  7548 2013:09:01 506.9290 14.89147 1220.364 29.38 70.65                    8194 .27g  .100g  -102
   353w 30.0 3  0  7578 2013:10:01 490.1497 14.75941 1151.292 30.11 70.14                    8156 .27g  .083g -83.1
   354w 31.0 4  0  7609 2013:11:01 474.2891 14.53529 1088.347 30.65 69.65                    8119 .27g  .101g -76.1
   355w 30.0 4  0  7639 2013:12:01 460.0059 14.25659 1033.279 30.99 69.20                    8086 .27g  .092g -65.8
   356w 31.0 3  0  7670 2014:01:01 446.1135 13.92604 981.6233 31.22 68.75                    8055 .27g  .067g -59.6
   357w 31.0 2  0  7701 2014:02:01 433.0203 13.55125 934.4894 31.29 68.34                    8025 .27g  .047g -68.8
   358w 28.0 2  0  7729 2014:03:01 421.8307 13.19346 895.1807 31.28 67.97                    7999 .27g  .047g -47.5
   359w 31.0 2  0  7760 2014:04:01 410.1807 12.81259 855.4131 31.24 67.59                    7972 .27g  .051g -42.4
   360w 30.0 2  0  7790 2014:05:01 399.5262 12.47137 819.7508 31.22 67.23                    7948 .27g  .053g -36.9
   361w 31.0 2  0  7821 2014:06:01 389.1279 12.16816 785.6563 31.27 66.88                    7923 .27g  .059g -35.4
   362w 30.0 1  0  7851 2014:07:01 379.5443 11.91743 754.8392 31.40 66.54                    7901 .27g  .058g -32.7
   363w 31.0 2  0  7882 2014:08:01 370.1523 11.69714 725.0903 31.60 66.20                    7879 .27g  .062g  46.0
   364w 31.0 2  0  7913 2014:09:01 361.2078 11.48321 697.2239 31.79 65.87                    7857 .27g  .058g -36.2
   365w 30.0 2  0  7943 2014:10:01 352.9293 11.26117 671.7658 31.91 65.56                    7838 .27g  .053g -31.0
   366w 31.0 3  0  7974 2014:11:01 344.7125 11.02111 646.9194 31.97 65.24                    7818 .27g  .053g -32.5
   367w 30.0 2  0  8004 2014:12:01 337.0524 10.77779 624.1100 31.98 64.93                    7800 .27g -.042w -31.4

                                    I M E X   T I M E   S T E P   S U M M A R Y
 ==================================================================================================================
    Time Step           Time                  Total Production             Total Injection  Total Max. Max. Change
 ---------------- ---------------- -------------------------------------- -----------------  PV   Mat. ------------
                C                    Oil      Gas     Water   GOR.  Wat.    Gas     Water   Avg.  bal. Satur. Pres.
        Size    U                                              M3/   Cut                    Pres. err. DSMAX  DPMAX
  No.   Days IT T Days   yy:mm:dd    M3/D    MM3/D     M3/D     M3    %    MM3/D     M3/D    kPa   %           kPa
 ------ ---- -- - ----- ---------- -------- -------- -------- ----- ----- -------- -------- ----- ---- ------ -----
   368w 31.0 2  0  8035 2015:01:01 329.4601 10.54105 601.7647 31.99 64.62                    7782 .27g -.042w -30.2
   369w 31.0 2  0  8066 2015:02:01 322.2634 10.35251 581.0644 32.12 64.32                    7765 .27g  .046g -34.2
   370w 28.0 2  0  8094 2015:03:01 316.0747 10.19250 563.7367 32.25 64.07                    7749 .28g  .046g -33.8
   371w 31.0 2  0  8125 2015:04:01 309.2369  9.97071 544.9126 32.24 63.80                    7733 .28g  .050g -33.5
   372w 30.0 2  0  8155 2015:05:01 302.7214  9.72131 527.2325 32.11 63.53                    7718 .28g  .043g -31.9
   373w 31.0 2  0  8186 2015:06:01 296.1541 9.436414 509.6440 31.86 63.25                    7703 .28g  .043g -29.8
   374w 30.0 2  0  8216 2015:07:01 289.9658 9.145743 493.3156 31.54 62.98                    7689 .28g  .044g -26.5
   375w 31.0 2  0  8247 2015:08:01 283.7674 8.845554 477.2096 31.17 62.71                    7675 .28g  .043g -24.5
   376w 31.0 2  0  8278 2015:09:01 277.7573 8.556981 461.8181 30.81 62.44                    7661 .28g  .037g -22.2
   377w 30.0 2  0  8308 2015:10:01 272.0990 8.284286 447.5213 30.45 62.19                    7648 .28g -.038w -19.9
   378w 31.0 2  0  8339 2015:11:01 266.4348 8.019527 433.3875 30.10 61.93                    7636 .28g -.040w -20.3
   379w 30.0 2  0  8369 2015:12:01 261.1147 7.779322 420.2213 29.79 61.68                    7624 .28g  .038g -19.3
   380w 31.0 2  0  8400 2016:01:01 255.8686 7.547632 407.2908 29.50 61.42                    7612 .28g  .042g -19.4
   381w 31.0 2  0  8431 2016:02:01 250.8168 7.329174 394.9401 29.22 61.16                    7600 .28g  .040g -18.8
   382w 29.0 2  0  8460 2016:03:01 246.2556 7.131900 383.8837 28.96 60.92                    7590 .28g -.035w -17.1
   383w 31.0 2  0  8491 2016:04:01 241.5733 6.932200 372.6299 28.70 60.67                    7579 .28g -.038w -17.6
   384w 30.0 2  0  8521 2016:05:01 237.1986 6.749422 362.2034 28.45 60.43                    7569 .28g  .038g -16.5
   385w 31.0 2  0  8552 2016:06:01 232.8291 6.570830 351.8957 28.22 60.18                    7559 .28g -.041w -16.3
   386w 30.0 2  0  8582 2016:07:01 228.7314 6.405553 342.3230 28.00 59.95                    7549 .28g -.042w -15.3
   387w 31.0 2  0  8613 2016:08:01 224.6236 6.239218 332.8184 27.78 59.70                    7539 .28g -.042w -15.3

                                    I M E X   T I M E   S T E P   S U M M A R Y
 ==================================================================================================================
    Time Step           Time                  Total Production             Total Injection  Total Max. Max. Change
 ---------------- ---------------- -------------------------------------- -----------------  PV   Mat. ------------
                C                    Oil      Gas     Water   GOR.  Wat.    Gas     Water   Avg.  bal. Satur. Pres.
        Size    U                                              M3/   Cut                    Pres. err. DSMAX  DPMAX
  No.   Days IT T Days   yy:mm:dd    M3/D    MM3/D     M3/D     M3    %    MM3/D     M3/D    kPa   %           kPa
 ------ ---- -- - ----- ---------- -------- -------- -------- ----- ----- -------- -------- ----- ---- ------ -----
   388w 31.0 2  0  8644 2016:09:01 220.6375 6.078340 323.6815 27.55 59.47                    7530 .28g -.037w -14.9
   389w 30.0 2  0  8674 2016:10:01 216.8900 5.930630 315.1717 27.34 59.24                    7521 .28g  .035g -13.9
   390w 31.0 2  0  8705 2016:11:01 213.1232 5.782850 306.7045 27.13 59.00                    7512 .28g  .033g -13.9
   391w 30.0 2  0  8735 2016:12:01 209.5794 5.643741 298.8250 26.93 58.78                    7504 .28g -.036w -12.9
   392w 31.0 2  0  8766 2017:01:01 203.4869 5.076898 288.8357 24.95 58.67                    7496 .28g -.039w  21.0
   393t 1.00 1  0  8767 2017:01:02 203.4806 5.076128 289.1102 24.95 58.69          4000.000  7499 .28g -.064g   405
   394t 1.55 1  0  8769 2017:01:04 203.4274 5.072885 289.9521 24.94 58.77          4000.000  7503 .28g -.026g   127
   395  5.89 2  0  8774 2017:01:09 204.9176 5.086737 302.0344 24.82 59.58          4000.000  7520 .28g -.129g   192
   396  4.56 1  0  8779 2017:01:14 206.6455 5.109240 313.9921 24.72 60.31          4000.000  7532 .28g -.105g   103
   397  4.34 1  0  8783 2017:01:18 208.7636 5.144283 327.4289 24.64 61.07          4000.000  7543 .28g -.053g   100
   398  6.83 1  0  8790 2017:01:25 212.9072 5.223113 351.7717 24.53 62.30          4000.000  7561 .28g -.081g   112
   399  6.83 1  0  8797 2017:02:01 217.2410 5.313028 377.2668 24.46 63.46          4000.000  7578 .28g -.095g   147
   400w 7.21 2  0  8804 2017:02:08 222.0678 5.419839 405.5048 24.41 64.61          4000.000  7595 .28g -.079g   132
   401  9.09 1  0  8813 2017:02:17 228.3379 5.566748 442.3336 24.38 65.95          4000.000  7617 .28g -.087g   110
   402  5.85 1  0  8819 2017:02:23 232.1231 5.659871 465.9019 24.38 66.75          4000.000  7630 .28g -.057g  74.1
   403  5.85 1  0  8825 2017:03:01 236.1350 5.761212 490.4974 24.40 67.50          4000.000  7644 .28g -.068g  56.9
   404w 8.59 1  0  8834 2017:03:10 242.0718 5.915169 526.9005 24.44 68.52          4000.000  7663 .29g -.101g   102
   405  8.54 1  0  8842 2017:03:18 247.7795 6.067987 562.9149 24.49 69.44          4000.000  7682 .29g -.070g   103
   406  6.93 1  0  8849 2017:03:25 252.3404 6.191060 592.2356 24.53 70.12          4000.000  7696 .29g -.058g  73.5
   407  6.93 2  0  8856 2017:04:01 256.9426 6.313775 621.7998 24.57 70.76          4000.000  7711 .29g -.086g  89.4

                                    I M E X   T I M E   S T E P   S U M M A R Y
 ==================================================================================================================
    Time Step           Time                  Total Production             Total Injection  Total Max. Max. Change
 ---------------- ---------------- -------------------------------------- -----------------  PV   Mat. ------------
                C                    Oil      Gas     Water   GOR.  Wat.    Gas     Water   Avg.  bal. Satur. Pres.
        Size    U                                              M3/   Cut                    Pres. err. DSMAX  DPMAX
  No.   Days IT T Days   yy:mm:dd    M3/D    MM3/D     M3/D     M3    %    MM3/D     M3/D    kPa   %           kPa
 ------ ---- -- - ----- ---------- -------- -------- -------- ----- ----- -------- -------- ----- ---- ------ -----
   408w 8.04 1  0  8864 2017:04:09 262.2245 6.453039 655.9200 24.61 71.44          4000.000  7728 .29g -.106g  57.4
   409  7.61 1  0  8872 2017:04:17 267.0978 6.579213 688.0308 24.63 72.04          4000.000  7744 .29g -.086g  87.0
   410  7.17 1  0  8879 2017:04:24 271.6380 6.691031 718.1696 24.63 72.56          4000.000  7758 .29g -.064g  68.7
   411  7.17 2  0  8886 2017:05:01 276.1267 6.796141 748.2522 24.61 73.04          4000.000  7773 .29g -.050g  67.6
   412w 14.5 2  0  8900 2017:05:15 285.0118 6.976569 807.1771 24.48 73.90          4000.000  7801 .29g -.109g  76.9
   413  8.26 1  0  8909 2017:05:24 289.8644 7.065219 841.0750 24.37 74.37          4000.000  7817 .29g -.076g  39.9
   414  8.26 1  0  8917 2017:06:01 294.7446 7.141706 874.9668 24.23 74.80          4000.000  7832 .29g -.074g  46.6
   415w 11.1 1  0  8928 2017:06:12 301.1853 7.221287 919.6725 23.98 75.33          4000.000  7853 .29g -.103g  82.7
   416  9.43 1  0  8938 2017:06:22 306.4911 7.264430 957.3295 23.70 75.75          4000.000  7870 .29g -.083g  56.0
   417  9.43 1  0  8947 2017:07:01 311.7889 7.300490 994.7481 23.41 76.14          4000.000  7888 .29g -.082g  50.9
   418w 11.5 1  0  8958 2017:07:12 318.1520 7.337804 1039.466 23.06 76.57          4000.000  7908 .29g -.086g  46.7
   419   9.8 1  0  8968 2017:07:22 323.4752 7.376683 1077.401 22.80 76.91          4000.000  7925 .29g -.058g  53.4
   420   9.8 1  0  8978 2017:08:01 328.7337 7.450418 1114.953 22.66 77.23          4000.000  7942 .29g -.071g  34.4
   421w 13.8 2  0  8992 2017:08:15 335.9937 7.540126 1166.754 22.44 77.64          4000.000  7965 .29g -.076g  52.2
   422  17.2 2  0  9009 2017:09:01 344.7665 7.677226 1230.167 22.27 78.11          4000.000  7993 .29g -.087g  61.2
   423w 15.0 1  0  9024 2017:09:16 352.1007 7.803367 1285.104 22.16 78.49          4000.000  8017 .29g -.074g  47.9
   424  15.0 3  0  9039 2017:10:01 359.2142 7.935830 1339.230 22.09 78.85          4000.000  8041 .29g -.057g  54.0
   425w 15.5 1  0  9055 2017:10:17 366.2692 8.082977 1394.046 22.07 79.19          4000.000  8065 .29g -.056g  52.1
   426  15.5 1  0  9070 2017:11:01 373.0912 8.234506 1448.308 22.07 79.52          4000.000  8088 .30g -.050g  53.3
   427w 30.0 1  0  9100 2017:12:01 385.5670 8.526166 1547.071 22.11 80.05          4000.000  8130 .30g -.073g  85.3

                                    I M E X   T I M E   S T E P   S U M M A R Y
 ==================================================================================================================
    Time Step           Time                  Total Production             Total Injection  Total Max. Max. Change
 ---------------- ---------------- -------------------------------------- -----------------  PV   Mat. ------------
                C                    Oil      Gas     Water   GOR.  Wat.    Gas     Water   Avg.  bal. Satur. Pres.
        Size    U                                              M3/   Cut                    Pres. err. DSMAX  DPMAX
  No.   Days IT T Days   yy:mm:dd    M3/D    MM3/D     M3/D     M3    %    MM3/D     M3/D    kPa   %           kPa
 ------ ---- -- - ----- ---------- -------- -------- -------- ----- ----- -------- -------- ----- ---- ------ -----
   428w 31.0 4  0  9131 2018:01:01 397.7746 8.821484 1649.429 22.18 80.57          4000.000  8173 .30g -.077g  82.1
   429w 31.0 1  0  9162 2018:02:01 409.0452 9.101303 1749.678 22.25 81.05          4000.000  8214 .30g -.069g  80.7
   430w 28.0 3  0  9190 2018:03:01 418.6829 9.347513 1839.736 22.33 81.46          4000.000  8250 .30g -.062g  -591
   431w 31.0 1  0  9221 2018:04:01 428.5060  9.61074 1935.651 22.43 81.87          4000.000  8288 .29g -.074g  -407
   432w 30.0 1  0  9251 2018:05:01 437.4162  9.87539 2027.525 22.58 82.25          4000.000  8324 .29g -.075g   132
   433w 31.0 3  0  9282 2018:06:01 446.1975 10.16029 2121.443 22.77 82.62          4000.000  8362 .29g -.090g  -337
   434w 30.0 4  0  9312 2018:07:01 454.2188 10.42971 2211.210 22.96 82.96          4000.000  8397 .29g -.080g   127
   435w 31.0 1  0  9343 2018:08:01 461.7622 10.69550 2299.730 23.16 83.28          4000.000  8429 .28g -.070g   103
   436w 31.0 4  0  9374 2018:09:01 468.8359 10.94499 2385.109 23.35 83.57          4000.000  8461 .28g -.068g  -339
   437w 30.0 2  0  9404 2018:10:01 475.2539 11.17308 2465.389 23.51 83.84          4000.000  8490 .28g -.074g  -173
   438w 31.0 1  0  9435 2018:11:01 481.2696 11.38746 2543.529 23.66 84.09          4000.000  8517 .28g -.079g  -146
   439t 1.00 1  0  9436 2018:11:02 481.2222 11.38635 2540.483 23.66 84.07                    8502 .28g  .005g  -522
   440t 5.00 1  0  9441 2018:11:07 476.6172 11.26893 2460.821 23.64 83.77                    8453 .31g  .021g  -313
   441  24.0 5  0  9465 2018:12:01 454.5110 10.74636 2170.960 23.64 82.69                    8347 .31g  .131g  -897
   442w 15.5 2  0  9481 2018:12:17 441.9427 10.47163 2026.602 23.69 82.10                    8303 .31g  .076g  -120
   443  15.5 2  0  9496 2019:01:01 430.9876 10.22786 1912.930 23.73 81.61                    8269 .31g  .057g -84.2
   444w 15.5 3  0  9512 2019:01:17 421.0875 10.00352 1817.514 23.76 81.19                    8238 .31g  .045g -68.5
   445  15.5 2  0  9527 2019:02:01 411.9480  9.80414 1734.825 23.80 80.81                    8210 .31g  .054g -60.6
   446w 28.0 2  0  9555 2019:03:01 397.3303 9.462952 1612.043 23.82 80.23                    8164 .31g  .097g -92.8
   447w 31.0 3  0  9586 2019:04:01 382.8644 9.109421 1497.710 23.79 79.64                    8119 .31g  .074g -89.4

                                    I M E X   T I M E   S T E P   S U M M A R Y
 ==================================================================================================================
    Time Step           Time                  Total Production             Total Injection  Total Max. Max. Change
 ---------------- ---------------- -------------------------------------- -----------------  PV   Mat. ------------
                C                    Oil      Gas     Water   GOR.  Wat.    Gas     Water   Avg.  bal. Satur. Pres.
        Size    U                                              M3/   Cut                    Pres. err. DSMAX  DPMAX
  No.   Days IT T Days   yy:mm:dd    M3/D    MM3/D     M3/D     M3    %    MM3/D     M3/D    kPa   %           kPa
 ------ ---- -- - ----- ---------- -------- -------- -------- ----- ----- -------- -------- ----- ---- ------ -----
   448w 30.0 2  0  9616 2019:05:01 370.0698 8.803636 1402.485 23.79 79.12                    8080 .31g  .087g -73.7
   449w 31.0 2  0  9647 2019:06:01 357.9817 8.519953 1317.341 23.80 78.63                    8043 .31g  .076g -65.7
   450w 30.0 2  0  9677 2019:07:01 347.2173 8.267517 1244.690 23.81 78.19                    8009 .31g  .059g -55.7
   451w 31.0 2  0  9708 2019:08:01 336.8805 8.029515 1178.058 23.83 77.76                    7977 .31g  .059g -51.8
   452w 31.0 2  0  9739 2019:09:01 327.3076 7.807234 1118.245 23.85 77.36                    7947 .31g  .044g -46.7
   453w 30.0 2  0  9769 2019:10:01 318.7189 7.598853 1065.784 23.84 76.98                    7920 .31g  .033g -42.1
   454w 31.0 2  0  9800 2019:11:01 310.3419 7.385216 1015.912 23.80 76.60                    7893 .31g  .035g -40.6
   455w 30.0 2  0  9830 2019:12:01 302.6343 7.183532 971.0771 23.74 76.24                    7868 .31g  .032g -36.8
   456w 31.0 2  0  9861 2020:01:01 295.0817 6.983357 928.0701 23.67 75.88                    7844 .31g  .028g -35.7
   457w 31.0 2  0  9892 2020:02:01 287.9131 6.796623 888.1018 23.61 75.52                    7822 .31g -.031g -34.3

 ===================== SUMMARY (from subroutine: TSIO)   ======================
  Simulation run terminated. Stopping time reached.
    
     2 Warning messages.    0 Error messages.
 ==============================================================================


       Field Total                                   Fluid
                             Oil       Gas       Water    Solvent   Polymer   Seawater
                            -------   -------   -------   -------   -------   -------
                            (MSM3)    (MMSM3)   (MSM3)    (MMSM3)   (MKG)     (MSM3)
  Cumulative Production      6234.0    281.62    4714.7     NA        NA        NA   
  Cumulative Injection        NA         0       7060.0     NA        NA        NA   
  Cumulative Gas Lift         NA         0        NA        NA        NA        NA   
  Cumulative Water Influx     NA        NA         0        NA        NA        NA   
  Current Fluids In Place     35134    961.72     28768     NA        NA        NA   
  Production Rates           .28791    .00680    .88810     NA        NA        NA   
  Injection Rates             NA         0         0        NA        NA        NA   

  Timesteps:    210  Newton Cycles:      427  Cuts:      1  Solver Iterations:        10742
  Average Implicitness    : 0.474
  Material Balances (owg): 1.000 1.000 1.003
  Average Active Blocks:       34077 Average Non-BHP Active Wells:     1
  Total Blocks :       35000 Total Wells :    14
  Active Blocks:       34077 Non-BHP Active Wells:     0
  Total lstpro/lstpar calls:     2
  Time at end of simulation:   9892.00     (days)   
  Average reservoir pressure excluding water zone: 7487.838 (kPa)    
  Total Number of Solver Failures:      75  Stalls:       0  ITERMAX Reached:      75
  Jacobian Domains      4
  Linear Solver: Parasol
  Number of level 1 solver classes:    4
  AUTOPSLAB Cutting Direction:    I
  Preconditioner Ordering     REDBLACK
  Preconditioner Degree aa, ab, as, bb, ba:    1    2    1    1    1
  KMP_AFFINITY: Default
  OMP_SCHEDULE: Default
  Max Impl Blocks:    16382  %Impl: 48.1%  (TS,CUT,NCYC): (  456, 0,  1 )
  Max Solver Iterations (TS,CUT,NCYC):      40 (  335, 0,  1 )
  Number of threads set:    4
  Total number of cpus:    4
  Memory Usage Peak:      167 MB on TS:  457  TS 1 Peak:        0 MB  Average:      152 MB  VM Size:      196 MB
  Host computer: EHSANR-LT

  End of Simulation: Normal Termination

  CPU Time:           191.25 seconds
  Elapsed Time:        51.96 seconds

  Date and Time of End of Run:  Nov 22, 2019  15:32:01

