    Opened LOG FILE         on unit 10, filename is "D:\CMG's Modelling Workflow_2019-10\Additional Exercises\IMEX_TUTORIAL_Submodel_Ref.log"
 ********************************************************************************
 *                                                                              *
 *                                IMEX  2019.10                                 *
 *                   Adaptive - Implicit Black Oil Simulator                    *
 *                         General Release for Win x64                          *
 *                            2019-Sep-10   17:57:17                            *
 *                                                                              *
 *                          (c) Copyright 1977 - 2019                           *
 *                Computer Modelling Group Ltd., Calgary, Canada                *
 *                             All Rights Reserved                              *
 *                                                                              *
 ********************************************************************************


 Command-line Arguments:  -f D:\CMG's Modelling Workflow_2019-10\Additional Exercises\IMEX_TUTORIAL_Submodel_Ref.dat
                          -wd D:\CMG's Modelling Workflow_2019-10\Additional Exercises
                          -log
                          -doms
                          -parasol 4
                          -wait

  Date and Time of Start of Run:  Feb 27, 2020  16:31:01


*** Input/Output files specification :
    Opened data file        on unit 11, filename is "D:\CMG's Modelling Workflow_2019-10\Additional Exercises\IMEX_TUTORIAL_Submodel_Ref.dat"
    Opened Scratch file     on unit 12
    Opened Scratch file     on unit 13
    Opened output file      on unit 14, filename is "D:\CMG's Modelling Workflow_2019-10\Additional Exercises\IMEX_TUTORIAL_Submodel_Ref.out"
    Opened SR3-OUT          on unit 15, filename is "D:\CMG's Modelling Workflow_2019-10\Additional Exercises\IMEX_TUTORIAL_Submodel_Ref.sr3"
    Opened INDEX-OUT        on unit 16, filename is "D:\CMG's Modelling Workflow_2019-10\Additional Exercises\IMEX_TUTORIAL_Submodel_Ref.irf"
    Opened MAIN-RESULTS-OUT on unit 17, filename is "D:\CMG's Modelling Workflow_2019-10\Additional Exercises\IMEX_TUTORIAL_Submodel_Ref.mrf"

 =================== WARNING (from subroutine: GRDLST_CHK) ====================
  Solvent property related printout is being disabled
  This MODEL option does not allow solvent property output.
  Line: 18   File Name: D:\CMG's Modelling Workflow_2019-10\Additional Exercises\IMEX_TUTORIAL_Submodel_Ref.dat
 ==============================================================================

    Opened GRID scratchfile on unit 18

 ===================== WARNING (from subroutine: PSSLDS) ======================
  Chosen direction has too few slabs containing active blocks (5) to support *AUTOPSLAB 4 ;
  Treating the partition as *AUTOPSLAB 3 .
 ==============================================================================


 ===================== WARNING (from subroutine: PSSLDS) ======================
   Numbers of active storage blocks in level 1 classes
  differ by more than 20% of the number of active blocks.
 ==============================================================================


 ===================== SUMMARY (from subroutine: INDATA) ======================
  Reading of initial data is complete.
  Simulation will stop if there were error messages.
     3 Warning messages.    0 Error messages.
 ==============================================================================


 ===================== WARNING (from subroutine: PSSLDS) ======================
   Numbers of active storage blocks in level 1 classes
  differ by more than 20% of the number of active blocks.
 ==============================================================================


                                    I M E X   T I M E   S T E P   S U M M A R Y
 ==================================================================================================================
    Time Step           Time                  Total Production             Total Injection  Total Max. Max. Change
 ---------------- ---------------- -------------------------------------- -----------------  PV   Mat. ------------
                C                    Oil      Gas     Water   GOR.  Wat.    Gas     Water   Avg.  bal. Satur. Pres.
        Size    U                                              M3/   Cut                    Pres. err. DSMAX  DPMAX
  No.   Days IT T Days   yy:mm:dd    M3/D    MM3/D     M3/D     M3    %    MM3/D     M3/D    kPa   %           kPa
 ------ ---- -- - ----- ---------- -------- -------- -------- ----- ----- -------- -------- ----- ---- ------ -----
     1w 1.00 1  0 1.000 1993:01:02                                                          20723 0  w  2e-6w -.020
     2  5.00 1  0 6.000 1993:01:07                                                          20723 0  w -1e-5o  .002
     3  25.0 1  0 31.00 1993:02:01                                                          20723 0  w -6e-5o  8e-4
     4w 28.0 1  0 59.00 1993:03:01                                                          20723 0  w  6e-5w  1e-4
     5w 31.0 1  0 90.00 1993:04:01                                                          20723 0  w -7e-5o  2e-5
     6w 30.0 1  0 120.0 1993:05:01                                                          20723 0  w  7e-5w  4e-6
     7w 31.0 1  0 151.0 1993:06:01                                                          20723 0  w -7e-5o  1e-6
     8w 30.0 1  0 181.0 1993:07:01                                                          20723 0  w  7e-5w  1e-6
     9w 31.0 1  0 212.0 1993:08:01                                                          20723 0  w  7e-5w  1e-6
    10w 31.0 1  0 243.0 1993:09:01                                                          20723 0  w -7e-5o  1e-6
    11w 30.0 1  0 273.0 1993:10:01                                                          20723 0  w  7e-5w  1e-6
    12w 31.0 1  0 304.0 1993:11:01                                                          20723 0  w -7e-5o  1e-6
    13w 30.0 1  0 334.0 1993:12:01                                                          20723 0  w  7e-5w  1e-6
    14w 31.0 1  0 365.0 1994:01:01                                                          20723 0  w -7e-5o  1e-6
    15w 14.0 1  0 379.0 1994:01:15                                                          20723 0  w -3e-5o  7e-7
    16w 17.0 1  0 396.0 1994:02:01                                                          20723 0  w  4e-5w  7e-7
    17w 28.0 1  0 424.0 1994:03:01                                                          20723 0  w -6e-5o  1e-6
    18w 31.0 1  0 455.0 1994:04:01                                                          20723 0  w  7e-5w  1e-6
    19w 30.0 1  0 485.0 1994:05:01                                                          20723 0  w -7e-5o  1e-6
    20w 31.0 1  0 516.0 1994:06:01                                                          20723 0  w -7e-5o  1e-6

                                    I M E X   T I M E   S T E P   S U M M A R Y
 ==================================================================================================================
    Time Step           Time                  Total Production             Total Injection  Total Max. Max. Change
 ---------------- ---------------- -------------------------------------- -----------------  PV   Mat. ------------
                C                    Oil      Gas     Water   GOR.  Wat.    Gas     Water   Avg.  bal. Satur. Pres.
        Size    U                                              M3/   Cut                    Pres. err. DSMAX  DPMAX
  No.   Days IT T Days   yy:mm:dd    M3/D    MM3/D     M3/D     M3    %    MM3/D     M3/D    kPa   %           kPa
 ------ ---- -- - ----- ---------- -------- -------- -------- ----- ----- -------- -------- ----- ---- ------ -----
    21w 30.0 1  0 546.0 1994:07:01                                                          20723 0  w  7e-5w  1e-6
    22w 31.0 1  0 577.0 1994:08:01                                                          20723 0  w -7e-5o  1e-6
    23w 31.0 1  0 608.0 1994:09:01                                                          20723 0  w -7e-5o  1e-6
    24w 30.0 1  0 638.0 1994:10:01                                                          20723 0  w  7e-5w  1e-6
    25w 31.0 1  0 669.0 1994:11:01                                                          20723 0  w -7e-5o  1e-6
    26w 30.0 1  0 699.0 1994:12:01                                                          20723 0  w -7e-5o  1e-6
    27w 31.0 1  0 730.0 1995:01:01                                                          20723 0  w -7e-5o  1e-6
    28w 31.0 1  0 761.0 1995:02:01                                                          20723 0  w -7e-5o  1e-6
    29w 28.0 1  0 789.0 1995:03:01                                                          20723 0  w  6e-5w  1e-6
    30w 31.0 1  0 820.0 1995:04:01                                                          20723 0  w -7e-5o  1e-6
    31w 30.0 1  0 850.0 1995:05:01                                                          20723 0  w -7e-5o  1e-6
    32w 31.0 1  0 881.0 1995:06:01                                                          20723 0  w -7e-5o  1e-6
    33w 30.0 1  0 911.0 1995:07:01                                                          20723 0  w -7e-5o  1e-6
    34w 31.0 1  0 942.0 1995:08:01                                                          20723 0  w -7e-5o  1e-6
    35w 31.0 1  0 973.0 1995:09:01                                                          20723 0  w  7e-5w  1e-6
    36w 30.0 1  0  1003 1995:10:01                                                          20723 0  w -7e-5o  1e-6
    37w 31.0 1  0  1034 1995:11:01                                                          20723 0  w -7e-5o  1e-6
    38w 30.0 1  0  1064 1995:12:01                                                          20723 0  w -7e-5o  1e-6
    39w 31.0 1  0  1095 1996:01:01                                                          20723 0  w -7e-5o  1e-6
    40w 31.0 1  0  1126 1996:02:01                                                          20723 0  w  7e-5w  1e-6

                                    I M E X   T I M E   S T E P   S U M M A R Y
 ==================================================================================================================
    Time Step           Time                  Total Production             Total Injection  Total Max. Max. Change
 ---------------- ---------------- -------------------------------------- -----------------  PV   Mat. ------------
                C                    Oil      Gas     Water   GOR.  Wat.    Gas     Water   Avg.  bal. Satur. Pres.
        Size    U                                              M3/   Cut                    Pres. err. DSMAX  DPMAX
  No.   Days IT T Days   yy:mm:dd    M3/D    MM3/D     M3/D     M3    %    MM3/D     M3/D    kPa   %           kPa
 ------ ---- -- - ----- ---------- -------- -------- -------- ----- ----- -------- -------- ----- ---- ------ -----
    41w 29.0 1  0  1155 1996:03:01                                                          20723 0  w -7e-5o  1e-6
    42w 31.0 1  0  1186 1996:04:01                                                          20723 0  w  7e-5w  1e-6
    43w 30.0 1  0  1216 1996:05:01                                                          20723 0  w -7e-5o  1e-6

 ===================== WARNING (from subroutine: PSSLDS) ======================
   Numbers of active storage blocks in level 1 classes
  differ by more than 20% of the number of active blocks.
 ==============================================================================

    44w .222 2  2  1216 1996:05:01 89.69470 2.702178 .0201361 30.13 .0224                   20716 e-6w -.030o -6516
    45  .111 1  0  1216 1996:05:01 87.35464 2.631681 .0219658 30.13 .0251                   20713 e-6w  .016w  -377
    46  .555 4  0  1217 1996:05:02 84.42831 2.543521 1.377999 30.13 1.606                   20692 e-5w  .045w  -112
    47  1.23 4  0  1218 1996:05:03 76.27375 2.297854 14.81255 30.13 16.26                   20645 e-4w  .053w   118
    48  1.16 4  1  1219 1996:05:04 67.14365 2.022796 37.07110 30.13 35.57                   20595 e-4w  .034w  -103
    49  2.31 3  0  1222 1996:05:07 58.95758 1.776180 68.89357 30.13 53.89                   20475 e-4w -.042o  -200
    50  2.78 2  2  1224 1996:05:09 53.10014 1.599716 96.89986 30.13 64.60                   20312 e-4w  .036w  -234
    51  5.56 3  0  1230 1996:05:15 41.32802 1.245065 108.6720 30.13 72.45                   20001 e-4w  .083o   679
    52  6.72 2  0  1237 1996:05:22 35.44878 1.067944 114.5512 30.13 76.37                   19635 e-4w  .113o  -377
    53  5.18 2  0  1242 1996:05:27 32.91145 .9915034 117.0886 30.13 78.06                   19356 e-4w  .088o  -286
    54  5.18 1  0  1247 1996:06:01 31.35837 .9447149 118.6416 30.13 79.09                   19078 e-4w -.085w  -282
    55w 6.08 2  0  1253 1996:06:07 30.19093 .9095442 119.8091 30.13 79.87                   18753 e-4w  .093o  -329
    56  6.50 3  0  1260 1996:06:14 29.39763 .8856447 120.6024 30.13 80.40                   18406 e-4w  .100o  -351
    57  6.52 1  0  1266 1996:06:20 28.91583 .8711300 121.0842 30.13 80.72                   18058 e-4o  .098o  -352
    58  5.45 1  0  1272 1996:06:26 28.65412 .8632454 121.3459 30.13 80.90                   17766 e-4o  .078o  -295
    59  5.45 1  0  1277 1996:07:01 28.49450 .8584366 121.5055 30.13 81.00                   17475 e-4o  .086o  -294
    60w 6.37 1  0  1283 1996:07:07 28.38254 .8550639 121.6175 30.13 81.08                   17134 e-4o -.103w  -344

                                    I M E X   T I M E   S T E P   S U M M A R Y
 ==================================================================================================================
    Time Step           Time                  Total Production             Total Injection  Total Max. Max. Change
 ---------------- ---------------- -------------------------------------- -----------------  PV   Mat. ------------
                C                    Oil      Gas     Water   GOR.  Wat.    Gas     Water   Avg.  bal. Satur. Pres.
        Size    U                                              M3/   Cut                    Pres. err. DSMAX  DPMAX
  No.   Days IT T Days   yy:mm:dd    M3/D    MM3/D     M3/D     M3    %    MM3/D     M3/D    kPa   %           kPa
 ------ ---- -- - ----- ---------- -------- -------- -------- ----- ----- -------- -------- ----- ---- ------ -----
    61  6.16 1  0  1290 1996:07:14 28.36142 .8544276 121.6386 30.13 81.09                   16804 e-4o  .098o  -333
    62  6.27 2  0  1296 1996:07:20 28.39348 .8553933 121.6065 30.13 81.07                   16468 e-4o  .091o  -339
    63  6.10 1  0  1302 1996:07:26 28.47859 .8579573 121.5214 30.13 81.01                   16141 e-4o  .091o  -331
    64  6.10 1  0  1308 1996:08:01 28.60007 .8616170 121.3999 30.13 80.93                   15813 e-4g  .091o  -332
    65w 6.74 1  0  1315 1996:08:08 28.76401 .8665560 121.2360 30.13 80.82                   15451 e-4g  .099o  -369
    66  6.84 1  0  1322 1996:08:15 28.95778 .8723936 121.0422 30.13 80.69                   15084 e-4g  .102o  -378
    67  6.71 1  0  1328 1996:08:21 29.12252 .8773567 120.8775 30.13 80.58                   14722 e-4g  .090o  -369
    68  5.36 1  0  1334 1996:08:27 29.33140 .8836495 120.6686 30.13 80.45                   14434 e-4g  .075o  -301
    69  5.36 1  0  1339 1996:09:01 29.54644 .8901278 120.4536 30.13 80.30                   14145 e-4g  .076o  -298
    70w 7.10 1  0  1346 1996:09:08 29.82056 .8983863 120.1794 30.13 80.12                   13762 e-3g  .099o  -397
    71  7.19 7  0  1353 1996:09:15 30.13471 .9053129 119.8653 30.04 79.91                   13373 e-3g  .102o  -408
    72  7.02 3  0  1360 1996:09:22 28.76389 .8726045 113.2913 30.34 79.75                   13016 e-3g -.094w  -370
    73  4.35 1  0  1365 1996:09:27 28.14556 .8469953 110.6169 30.09 79.72                   12800 e-3g  .055o  -225
    74  4.35 4  0  1369 1996:10:01 27.67156 .8320688 107.6435 30.07 79.55                   12589 e-3g  .052o  -220
    75w 8.41 1  0  1377 1996:10:09 26.55007 .8074533 102.5557 30.41 79.44                   12200 e-3g  .099o  -408
    76  8.46 5  0  1386 1996:10:18 25.48876 .7681803 97.14847 30.14 79.22                   11828 e-3g  .090o  -391
    77  7.07 1  0  1393 1996:10:25 24.58954 .7459359 93.20998 30.34 79.13                   11530 e-3g -.067w  -314
    78  7.07 1  0  1400 1996:11:01 23.74522 .7186992 89.41194 30.27 79.02                   11242 e-3g  .067o  -302
    79w 10.5 2  0  1411 1996:11:12 22.55632 .6821160 84.21998 30.24 78.88                   10838 e-3g  .097o  -425
    80   9.7 1  0  1420 1996:11:21 21.51310 .6514555 79.81019 30.28 78.77                   10483 e-3g  .089o  -372

                                    I M E X   T I M E   S T E P   S U M M A R Y
 ==================================================================================================================
    Time Step           Time                  Total Production             Total Injection  Total Max. Max. Change
 ---------------- ---------------- -------------------------------------- -----------------  PV   Mat. ------------
                C                    Oil      Gas     Water   GOR.  Wat.    Gas     Water   Avg.  bal. Satur. Pres.
        Size    U                                              M3/   Cut                    Pres. err. DSMAX  DPMAX
  No.   Days IT T Days   yy:mm:dd    M3/D    MM3/D     M3/D     M3    %    MM3/D     M3/D    kPa   %           kPa
 ------ ---- -- - ----- ---------- -------- -------- -------- ----- ----- -------- -------- ----- ---- ------ -----
    81   9.7 2  0  1430 1996:12:01 20.54328 .6132165 75.19206 29.85 78.54                   10147 e-3g  .084o  -353
    82w 11.5 3  0  1442 1996:12:13 19.43191 .5682597 70.20338 29.24 78.32                    9775 e-3g -.088w  -390
    83   9.7 5  0  1451 1996:12:22 18.75103 .5436650 65.52361 28.99 77.75                    9520 e-3g  .067o  -277
    84   9.7 4  0  1461 1997:01:01 18.57035 .5316723 61.25983 28.63 76.74                    9377 e-3g  .083o  -167
    85w 11.7 3  0  1473 1997:01:13 18.40471 .5230638 58.82218 28.42 76.17                    9284 e-3g -.116w  -119
    86   9.7 3  0  1482 1997:01:22 18.26022 .5165031 57.41677 28.29 75.87                    9216 e-3g -.099w -87.4
    87   9.7 1  0  1492 1997:02:01 18.11130 .5077395 56.14275 28.03 75.61                    9151 e-3w -.103w -88.4
    88w 9.39 1  0  1501 1997:02:10 17.96398 .4997716 55.02056 27.82 75.39                    9089 e-3g -.101w  -124
    89  9.31 2  0  1511 1997:02:20 17.81622 .4928785 54.00399 27.66 75.19                    9031 e-3g -.090w -78.7
    90  9.31 1  0  1520 1997:03:01 17.66899 .4854422 53.03368 27.47 75.01                    8974 .01g -.091w  -138
    91w 10.2 1  0  1530 1997:03:11 17.50498 .4782693 52.02915 27.32 74.83                    8914 .02g -.098w  -167
    92  10.4 1  0  1541 1997:03:22 17.33111 .4720614 51.10315 27.24 74.67                    8854 .02g -.111w  -401
    93  5.20 1  0  1546 1997:03:27 17.24377 .4689529 50.64885 27.20 74.60                    8825 .03g -.057w   500
    94  5.20 1  0  1551 1997:04:01 17.16153 .4647382 50.20204 27.08 74.52                    8796 .03g -.057w -50.0
    95w 9.07 1  0  1560 1997:04:10 17.02307 .4581673 49.45085 26.91 74.39                    8747 .03g -.089w  -188
    96  10.1 1  0  1570 1997:04:20 16.86409 .4523391 48.66668 26.82 74.27                    8693 .03g -.094w  -793
    97  10.8 1  0  1581 1997:05:01 16.70064 .4453644 47.86407 26.67 74.13                    8638 .04g -.096w  1510
    98w 11.2 1  0  1592 1997:05:12 16.53651 .4381664 47.06618 26.50 74.00                    8583 .05g -.111w  -217
    99   9.9 1  0  1602 1997:05:22 16.39350 .4318242 46.39445 26.34 73.89                    8535 .05g -.100w   340
   100   9.9 1  0  1612 1997:06:01 16.25332 .4264166 45.79168 26.24 73.80                    8488 .05g -.097w  -179

                                    I M E X   T I M E   S T E P   S U M M A R Y
 ==================================================================================================================
    Time Step           Time                  Total Production             Total Injection  Total Max. Max. Change
 ---------------- ---------------- -------------------------------------- -----------------  PV   Mat. ------------
                C                    Oil      Gas     Water   GOR.  Wat.    Gas     Water   Avg.  bal. Satur. Pres.
        Size    U                                              M3/   Cut                    Pres. err. DSMAX  DPMAX
  No.   Days IT T Days   yy:mm:dd    M3/D    MM3/D     M3/D     M3    %    MM3/D     M3/D    kPa   %           kPa
 ------ ---- -- - ----- ---------- -------- -------- -------- ----- ----- -------- -------- ----- ---- ------ -----
   101w 10.2 1  0  1622 1997:06:11 16.06268 .4369299 45.25448 27.20 73.80                    8441 .06g -.088w  -202
   102   9.9 1  0  1632 1997:06:21 15.91006 .4339404 44.74405 27.27 73.77                    8397 .06g -.086w   383
   103   9.9 1  0  1642 1997:07:01 15.77328 .4285301 44.22911 27.17 73.71                    8353 .07g -.085w  -164
   104w 11.6 1  0  1654 1997:07:13 15.61843 .4232706 43.63104 27.10 73.64                    8303 .07g -.103w  -215
   105   9.7 1  0  1663 1997:07:22 15.49022 .4187433 43.15961 27.03 73.59                    8263 .07g -.088w   304
   106   9.7 1  0  1673 1997:08:01 15.36555 .4144457 42.70657 26.97 73.54                    8223 .08g -.089w  -160
   107w 10.8 1  0  1684 1997:08:12 15.22931 .4103747 42.21928 26.95 73.49                    8179 .08g -.099w   327
   108  10.1 1  0  1694 1997:08:22 15.10178 .4069494 41.80245 26.95 73.46                    8140 .08g -.081w   207
   109  10.1 1  0  1704 1997:09:01 14.97553 .4058433 41.37576 27.10 73.42                    8101 .09g -.081w   151
   110w 12.5 1  0  1717 1997:09:14 14.81609 .4067915 40.87147 27.46 73.39                    8053 .09g -.097w  -287
   111  8.74 1  0  1725 1997:09:22 14.70342 .4088166 40.53498 27.80 73.38                    8021 .09g -.070w   510
   112  8.74 1  0  1734 1997:10:01 14.59284 .4100598 40.22167 28.10 73.38                    7989 .09g -.074w  -145
   113w 11.8 2  0  1746 1997:10:13 14.44677 .4141998 39.83152 28.67 73.38                    7946 .09g -.104w -68.6
   114   9.6 3  0  1755 1997:10:22 14.32325 .4230461 39.51526 29.54 73.40                    7912 .09g -.085w -46.0
   115   9.6 2  0  1765 1997:11:01 14.19678 .4365284 39.20664 30.75 73.42                    7878 .09g -.075w -40.1
   116w 12.8 3  0  1778 1997:11:14 14.02805 .4581373 38.79235 32.66 73.44                    7833 .09g -.096w -51.8
   117  8.58 4  0  1786 1997:11:22 13.91787 .4796848 38.45395 34.47 73.42                    7802 .09g -.064w -41.3
   118  8.58 4  0  1795 1997:12:01 13.81012 .5032866 38.10545 36.44 73.40                    7772 .09g -.062w -33.7
   119w 13.7 4  0  1809 1997:12:15 13.64314 .5395676 37.57593 39.55 73.36                    7725 .09g -.101w -61.8
   120  8.63 2  0  1817 1997:12:23 13.54006 .5715132 37.19438 42.21 73.31                    7695 .09g -.067w -42.9

                                    I M E X   T I M E   S T E P   S U M M A R Y
 ==================================================================================================================
    Time Step           Time                  Total Production             Total Injection  Total Max. Max. Change
 ---------------- ---------------- -------------------------------------- -----------------  PV   Mat. ------------
                C                    Oil      Gas     Water   GOR.  Wat.    Gas     Water   Avg.  bal. Satur. Pres.
        Size    U                                              M3/   Cut                    Pres. err. DSMAX  DPMAX
  No.   Days IT T Days   yy:mm:dd    M3/D    MM3/D     M3/D     M3    %    MM3/D     M3/D    kPa   %           kPa
 ------ ---- -- - ----- ---------- -------- -------- -------- ----- ----- -------- -------- ----- ---- ------ -----
   121  8.63 1  0  1826 1998:01:01 13.43941 .6002890 36.82197 44.67 73.26                    7665 .10g -.068w -32.5
   122w 12.7 2  0  1839 1998:01:14 13.29678 .6352615 36.31846 47.78 73.20                    7622 .10g -.098w -75.7
   123  9.13 1  0  1848 1998:01:23 13.20170 .6611311 35.90699 50.08 73.12                    7591 .10g -.065w -75.0
   124  9.13 1  0  1857 1998:02:01 13.11044 .6860143 35.48926 52.33 73.02                    7561 .10g -.057w -74.1
   125w 14.0 2  0  1871 1998:02:15 12.97755 .7149104 34.89775 55.09 72.89                    7516 .10g -.094w -78.3
   126  14.0 2  0  1885 1998:03:01 12.85179 .7445059 34.28595 57.93 72.74                    7471 .10g -.096w -71.4
   127w 14.6 2  0  1900 1998:03:16 12.72635 .7743454 33.65816 60.85 72.56                    7426 .10g -.098w -57.6
   128  16.4 2  0  1916 1998:04:01 12.59022 .8051149 32.97602 63.95 72.37                    7377 .10g -.109w  -101
   129w 15.0 2  0  1931 1998:04:16 12.46899 .8376046 32.35300 67.18 72.18                    7333 .10g -.091w -52.9
   130  15.0 2  0  1946 1998:05:01 12.34959 .8704618 31.76416 70.49 72.01                    7290 .10g -.075w -75.7
   131w 15.5 3  0  1962 1998:05:17 12.22805 .9060391 31.16809 74.10 71.82                    7247 .10g -.085w -74.0
   132  15.5 2  0  1977 1998:06:01 12.10655 .9466520 30.59814 78.19 71.65                    7204 .10g -.093w -47.9
   133w 15.0 2  0  1992 1998:06:16 11.98819 .9930144 30.06823 82.83 71.49                    7163 .10g -.094w -79.3
   134  15.0 2  0  2007 1998:07:01 11.86836 1.043693 29.56362 87.94 71.35                    7123 .10g -.093w -69.6
   135w 15.5 2  0  2023 1998:07:17 11.74217 1.105004 29.06390 94.11 71.22                    7081 .10g -.101w -73.0
   136  15.5 1  0  2038 1998:08:01 11.61439 1.166226 28.58792 100.4 71.11                    7040 .10g -.101w  -100
   137w 15.3 1  0  2053 1998:08:16 11.48839 1.226184 28.13668 106.7 71.01                    6999 .11g -.101w -98.7
   138  15.7 2  0  2069 1998:09:01 11.36044 1.285867 27.68582 113.2 70.91                    6957 .11g -.091w -75.8
   139w 15.0 1  0  2084 1998:09:16 11.23821 1.346234 27.26157 119.8 70.81                    6917 .11g -.086w  -155
   140  15.0 1  0  2099 1998:10:01 11.11544 1.405769 26.85241 126.5 70.72                    6877 .11g -.074w   108

                                    I M E X   T I M E   S T E P   S U M M A R Y
 ==================================================================================================================
    Time Step           Time                  Total Production             Total Injection  Total Max. Max. Change
 ---------------- ---------------- -------------------------------------- -----------------  PV   Mat. ------------
                C                    Oil      Gas     Water   GOR.  Wat.    Gas     Water   Avg.  bal. Satur. Pres.
        Size    U                                              M3/   Cut                    Pres. err. DSMAX  DPMAX
  No.   Days IT T Days   yy:mm:dd    M3/D    MM3/D     M3/D     M3    %    MM3/D     M3/D    kPa   %           kPa
 ------ ---- -- - ----- ---------- -------- -------- -------- ----- ----- -------- -------- ----- ---- ------ -----
   141w 15.5 1  0  2115 1998:10:17 10.98943 1.465330 26.44225 133.3 70.64                    6836 .12g -.082w  82.7
   142  15.5 2  0  2130 1998:11:01 10.86266 1.532586 26.04890 141.1 70.57                    6795 .12g -.081w -71.2
   143w 15.0 2  0  2145 1998:11:16 10.74073 1.596037 25.68100 148.6 70.51                    6756 .12g -.071w -44.7
   144  15.0 1  0  2160 1998:12:01 10.61900 1.657743 25.32561 156.1 70.46                    6716 .12g -.075w  -125
   145w 15.5 1  0  2176 1998:12:17 10.49419 1.718781 24.96847 163.8 70.41                    6675 .12g -.081w -75.2
   146  15.5 2  0  2191 1999:01:01 10.37097 1.780023 24.60931 171.6 70.35                    6634 .12g -.080w -69.0
   147w 15.5 1  0  2207 1999:01:17 10.24695 1.843141 24.25473 179.9 70.30                    6593 .13g -.076w  -100
   148  15.5 1  0  2222 1999:02:01 10.12184 1.915850 23.90588 189.3 70.25                    6552 .13g -.065w -77.4
   149w 14.0 2  0  2236 1999:02:15 10.00867 1.984706 23.60298 198.3 70.22                    6515 .13g -.060w -47.5
   150  14.0 1  0  2250 1999:03:01  9.89511 2.047826 23.31260 207.0 70.20                    6478 .13g -.059w -93.0
   151w 15.5 2  0  2266 1999:03:17  9.76980 2.107468 23.01214 215.7 70.20                    6436 .13g -.063w -71.9
   152  15.5 1  0  2281 1999:04:01  9.64506 2.167292 22.71150 224.7 70.19                    6394 .13g -.064w  -120
   153w 15.0 1  0  2296 1999:04:16  9.52523 2.225497 22.41595 233.6 70.18                    6354 .14g -.062w  -105
   154  15.0 2  0  2311 1999:05:01 9.406810 2.283062 22.12182 242.7 70.16                    6313 .14g -.057w -57.3
   155w 15.5 1  0  2327 1999:05:17 9.286100 2.339087 21.81794 251.9 70.15                    6270 .14g -.051w -82.0
   156  15.5 2  0  2342 1999:06:01 9.166722 2.397728 21.52188 261.6 70.13                    6228 .14g -.052w -65.9
   157w 30.0 2  0  2372 1999:07:01 8.945071 2.457915 20.96795 274.8 70.10                    6146 .15g -.100w  -104
   158w 31.0 2  0  2403 1999:08:01 8.721595 2.539403 20.39291 291.2 70.04                    6063 .15g -.107w  -110
   159w 31.0 2  0  2434 1999:09:01 8.499747 2.619518 19.83807 308.2 70.01                    5979 .15g -.106w  -109
   160w 30.0 2  0  2464 1999:10:01 8.287588 2.691263 19.33310 324.7 69.99                    5899 .15g -.100w  -109

                                    I M E X   T I M E   S T E P   S U M M A R Y
 ==================================================================================================================
    Time Step           Time                  Total Production             Total Injection  Total Max. Max. Change
 ---------------- ---------------- -------------------------------------- -----------------  PV   Mat. ------------
                C                    Oil      Gas     Water   GOR.  Wat.    Gas     Water   Avg.  bal. Satur. Pres.
        Size    U                                              M3/   Cut                    Pres. err. DSMAX  DPMAX
  No.   Days IT T Days   yy:mm:dd    M3/D    MM3/D     M3/D     M3    %    MM3/D     M3/D    kPa   %           kPa
 ------ ---- -- - ----- ---------- -------- -------- -------- ----- ----- -------- -------- ----- ---- ------ -----
   161w 31.0 2  0  2495 1999:11:01 8.069083 2.755934 18.83977 341.5 70.01                    5816 .16g -.090w -98.6
   162w 30.0 2  0  2525 1999:12:01 7.859994 2.833411 18.35769 360.5 70.02                    5734 .16g -.086w -86.9
   163w 31.0 2  0  2556 2000:01:01 7.648201 2.903950 17.85752 379.7 70.01                    5650 .16g -.088w  -115
   164w 31.0 2  0  2587 2000:02:01 7.440615 2.965489 17.35175 398.6 69.99                    5567 .16g -.087w  -110
   165w 29.0 2  0  2616 2000:03:01 7.251423 3.017944 16.87517 416.2 69.94                    5489 .16g -.077w  -133
   166w 31.0 2  0  2647 2000:04:01 7.055254 3.055245 16.37977 433.0 69.89                    5407 .17g -.086w  -104
   167w 30.0 2  0  2677 2000:05:01 6.870404 3.081726 15.92263 448.6 69.86                    5328 .17g -.082w -98.5
   168w 31.0 2  0  2708 2000:06:01 6.682167 3.089433 15.48282 462.3 69.85                    5247 .17g -.080w -82.8
   169w 30.0 2  0  2738 2000:07:01 6.505181 3.096394 15.05441 476.0 69.83                    5169 .17g -.074w  -117
   170w 31.0 2  0  2769 2000:08:01 6.327735 3.097956 14.61305 489.6 69.78                    5090 .18g -.075w -81.0
   171w 31.0 2  0  2800 2000:09:01 6.155680 3.092820 14.19366 502.4 69.75                    5012 .18g -.074w -83.0
   172w 30.0 2  0  2830 2000:10:01 5.994688 3.084275 13.79904 514.5 69.71                    4937 .18g -.068w -92.7
   173w 31.0 2  0  2861 2000:11:01 5.834954 3.072463 13.38354 526.6 69.64                    4861 .18g -.070w -80.2
   174w 30.0 2  0  2891 2000:12:01 5.684923 3.056703 12.99553 537.7 69.57                    4789 .19g -.068w  -100
   175w 31.0 2  0  2922 2001:01:01 5.534216 3.030374 12.61970 547.6 69.52                    4717 .19g -.068w -90.1
   176w 31.0 2  0  2953 2001:02:01 5.387284 2.992917 12.26960 555.6 69.49                    4645 .19g -.067w -73.8
   177w 28.0 2  0  2981 2001:03:01 5.258869 2.959700 11.96153 562.8 69.46                    4580 .20g -.061w -82.3
   178w 31.0 2  0  3012 2001:04:01 5.122224 2.917113 11.62589 569.5 69.42                    4511 .20g -.066w  -109
   179w 30.0 2  0  3042 2001:05:01 4.996246 2.874224 11.28599 575.3 69.31                    4445 .20g -.063w -67.2
   180w 31.0 2  0  3073 2001:06:01 4.871888 2.826885 10.93910 580.2 69.19                    4378 .20g -.063w -87.5

                                    I M E X   T I M E   S T E P   S U M M A R Y
 ==================================================================================================================
    Time Step           Time                  Total Production             Total Injection  Total Max. Max. Change
 ---------------- ---------------- -------------------------------------- -----------------  PV   Mat. ------------
                C                    Oil      Gas     Water   GOR.  Wat.    Gas     Water   Avg.  bal. Satur. Pres.
        Size    U                                              M3/   Cut                    Pres. err. DSMAX  DPMAX
  No.   Days IT T Days   yy:mm:dd    M3/D    MM3/D     M3/D     M3    %    MM3/D     M3/D    kPa   %           kPa
 ------ ---- -- - ----- ---------- -------- -------- -------- ----- ----- -------- -------- ----- ---- ------ -----
   181w 30.0 2  0  3103 2001:07:01 4.755856 2.781587 10.61907 584.9 69.07                    4316 .21g -.059w -95.9
   182w 31.0 2  0  3134 2001:08:01 4.640804 2.732396 10.30909 588.8 68.96                    4252 .21g -.057w  75.9
   183w 31.0 2  0  3165 2001:09:01 4.530348 2.680383 10.01906 591.7 68.86                    4191 .21g -.055w -76.6
   184w 30.0 2  0  3195 2001:10:01 4.427336 2.626756  9.75809 593.3 68.79                    4133 .22g -.051w -59.2
   185w 31.0 2  0  3226 2001:11:01 4.324171 2.563695  9.51266 592.9 68.75                    4074 .22g -.053w -75.4
   186w 30.0 2  0  3256 2001:12:01 4.228221 2.504818 9.281753 592.4 68.70                    4019 .22g -.051w  -103
   187w 31.0 2  0  3287 2002:01:01 4.132854 2.445993 9.047875 591.8 68.64                    3963 .23g -.052w -85.0
   188w 31.0 2  0  3318 2002:02:01 4.041096 2.387645 8.819095 590.8 68.58                    3908 .23g -.052w -65.3
   189w 28.0 2  0  3346 2002:03:01 3.961363 2.334940 8.620347 589.4 68.51                    3860 .23g -.047w -51.3
   190w 31.0 2  0  3377 2002:04:01 3.877092 2.275038 8.408946 586.8 68.44                    3809 .24g -.053w -52.7
   191w 30.0 2  0  3407 2002:05:01 3.799096 2.217357 8.210442 583.7 68.37                    3761 .24g -.051w -63.9
   192w 31.0 3  0  3438 2002:06:01 3.721777 2.157739 8.010878 579.8 68.28                    3712 .24g -.052w -51.5
   193w 30.0 2  0  3468 2002:07:01 3.650228 2.100896 7.825122 575.6 68.19                    3667 .25g -.048w -53.7
   194w 31.0 2  0  3499 2002:08:01 3.579608 2.042752 7.640327 570.7 68.10                    3621 .25g -.051w -46.6
   195w 31.0 2  0  3530 2002:09:01 3.511914 1.985105 7.460356 565.2 67.99                    3577 .25g -.051w -62.0
   196w 30.0 2  0  3560 2002:10:01 3.448475 1.928869 7.295604 559.3 67.90                    3536 .26g -.049w -44.2
   197w 31.0 2  0  3591 2002:11:01 3.385441 1.869771 7.133011 552.3 67.81                    3494 .26g -.047w -43.2
   198w 30.0 3  0  3621 2002:12:01 3.326985 1.815849 6.974789 545.8 67.70                    3454 .26g -.043w -46.6
   199w 31.0 2  0  3652 2003:01:01 3.269121 1.763023 6.812953 539.3 67.57                    3414 .27g -.045w -55.7
   200w 31.0 2  0  3683 2003:02:01 3.213553 1.712751 6.655035 533.0 67.44                    3376 .27g -.045w -50.2

                                    I M E X   T I M E   S T E P   S U M M A R Y
 ==================================================================================================================
    Time Step           Time                  Total Production             Total Injection  Total Max. Max. Change
 ---------------- ---------------- -------------------------------------- -----------------  PV   Mat. ------------
                C                    Oil      Gas     Water   GOR.  Wat.    Gas     Water   Avg.  bal. Satur. Pres.
        Size    U                                              M3/   Cut                    Pres. err. DSMAX  DPMAX
  No.   Days IT T Days   yy:mm:dd    M3/D    MM3/D     M3/D     M3    %    MM3/D     M3/D    kPa   %           kPa
 ------ ---- -- - ----- ---------- -------- -------- -------- ----- ----- -------- -------- ----- ---- ------ -----
   201w 28.0 2  0  3711 2003:03:01 3.165153 1.669075 6.516663 527.3 67.31                    3342 .27g -.040w -48.1
   202w 31.0 2  0  3742 2003:04:01 3.114289 1.621529 6.367433 520.7 67.15                    3306 .28g -.042w -37.1
   203w 30.0 2  0  3772 2003:05:01 3.067264 1.575991 6.228413 513.8 67.00                    3272 .28g -.039w -52.1
   204w 31.0 2  0  3803 2003:06:01 3.020838 1.529568 6.090302 506.3 66.84                    3238 .28g -.041w -43.9
   205w 30.0 2  0  3833 2003:07:01 2.977695 1.485453 5.964212 498.9 66.70                    3206 .29g -.040w -32.8
   206w 31.0 2  0  3864 2003:08:01 2.934927 1.441073 5.840307 491.0 66.55                    3174 .29g -.042w -40.6
   207w 31.0 2  0  3895 2003:09:01 2.893774 1.397721 5.722620 483.0 66.42                    3143 .29g -.042w -42.9
   208w 30.0 2  0  3925 2003:10:01 2.855343 1.356597 5.613746 475.1 66.29                    3114 .30g -.040w -29.9
   209w 31.0 2  0  3956 2003:11:01 2.817201 1.314980 5.505940 466.8 66.15                    3085 .30g -.041w -51.6
   210w 30.0 2  0  3986 2003:12:01 2.781654 1.275754 5.406261 458.6 66.03                    3058 .30g -.039w -34.8
   211w 31.0 2  0  4017 2004:01:01 2.746327 1.236366 5.307200 450.2 65.90                    3031 .30g -.038w -51.3
   212w 31.0 1  0  4048 2004:02:01 2.712384 1.198123 5.211788 441.7 65.77                    3004 .31g -.039w -81.8
   213w 29.0 1  0  4077 2004:03:01 2.681818 1.163334 5.126424 433.8 65.65                    2981 .31g -.037w -24.7
   214w 31.0 2  0  4108 2004:04:01 2.649883 1.125597 5.042995 424.8 65.55                    2956 .32g -.040w -29.3
   215w 30.0 1  0  4138 2004:05:01 2.620070 1.089353 4.965623 415.8 65.46                    2932 .32g -.039w -45.3
   216w 31.0 1  0  4169 2004:06:01 2.590472 1.053999 4.886107 406.9 65.35                    2909 .32g -.039w -24.5
   217w 30.0 1  0  4199 2004:07:01 2.562701 1.021733 4.812531 398.7 65.25                    2887 .32g -.037w -37.4
   218w 31.0 1  0  4230 2004:08:01 2.535016 .9902470 4.736964 390.6 65.14                    2864 .33g -.037w -22.9
   219w 31.0 1  0  4261 2004:09:01 2.508112 .9603350 4.663788 382.9 65.03                    2843 .33g -.034w -39.0
   220w 30.0 1  0  4291 2004:10:01 2.482903 .9325885 4.597055 375.6 64.93                    2822 .33g -.032w -40.6

                                    I M E X   T I M E   S T E P   S U M M A R Y
 ==================================================================================================================
    Time Step           Time                  Total Production             Total Injection  Total Max. Max. Change
 ---------------- ---------------- -------------------------------------- -----------------  PV   Mat. ------------
                C                    Oil      Gas     Water   GOR.  Wat.    Gas     Water   Avg.  bal. Satur. Pres.
        Size    U                                              M3/   Cut                    Pres. err. DSMAX  DPMAX
  No.   Days IT T Days   yy:mm:dd    M3/D    MM3/D     M3/D     M3    %    MM3/D     M3/D    kPa   %           kPa
 ------ ---- -- - ----- ---------- -------- -------- -------- ----- ----- -------- -------- ----- ---- ------ -----
   221w 31.0 1  0  4322 2004:11:01 2.457864 .9051430 4.528547 368.3 64.82                    2802 .34g -.033w -45.2
   222w 30.0 1  0  4352 2004:12:01 2.434412 .8794867 4.465016 361.3 64.72                    2783 .34g -.032w -35.8
   223w 31.0 1  0  4383 2005:01:01 2.410978 .8537939 4.402644 354.1 64.62                    2764 .34g -.034w -36.7
   224w 31.0 1  0  4414 2005:02:01 2.388292 .8289099 4.343186 347.1 64.52                    2745 .34g -.033w -56.4
   225w 28.0 1  0  4442 2005:03:01 2.368417 .8070925 4.291261 340.8 64.44                    2728 .35g -.030w -37.8
   226w 31.0 1  0  4473 2005:04:01 2.347178 .7835707 4.236260 333.8 64.35                    2711 .35g -.032w -42.7
   227w 30.0 1  0  4503 2005:05:01 2.327235 .7615558 4.185483 327.2 64.27                    2694 .35g -.031w -58.3
   228w 31.0 1  0  4534 2005:06:01 2.307367 .7393716 4.135077 320.4 64.18                    2677 .36g -.032w -56.5
   229w 30.0 1  0  4564 2005:07:01 2.288714 .7185289 4.088663 313.9 64.11                    2662 .36g -.031w -16.3
   230w 31.0 1  0  4595 2005:08:01 2.270092 .6975861 4.042294 307.3 64.04                    2646 .36g -.033w -52.7
   231w 31.0 1  0  4626 2005:09:01 2.252185 .6772630 3.996022 300.7 63.95                    2630 .37g -.033w -35.4
   232w 30.0 1  0  4656 2005:10:01 2.235426 .6581808 3.952903 294.4 63.88                    2616 .37g -.032w -55.3
   233w 31.0 1  0  4687 2005:11:01 2.218710 .6391078 3.909719 288.1 63.80                    2602 .37g -.033w -37.1
   234w 30.0 1  0  4717 2005:12:01 2.203039 .6212841 3.869305 282.0 63.72                    2588 .37g -.031w -65.3
   235w 31.0 1  0  4748 2006:01:01 2.187384 .6034095 3.828857 275.9 63.64                    2574 .38g -.030w  18.4
   236w 31.0 1  0  4779 2006:02:01 2.172219 .5860925 3.789692 269.8 63.57                    2561 .38g -.029w -28.0
   237w 28.0 1  0  4807 2006:03:01 2.158938 .5707899 3.755347 264.4 63.50                    2549 .38g -.027w -26.4
   238w 31.0 1  0  4838 2006:04:01 2.144751 .5544868 3.718283 258.5 63.42                    2537 .39g -.031w -40.3
   239w 30.0 1  0  4868 2006:05:01 2.131427 .5392956 3.683139 253.0 63.34                    2525 .39g -.031w -45.5
   240w 31.0 1  0  4899 2006:06:01 2.118023 .5243240 3.647731 247.6 63.27                    2513 .39g -.032w -34.5

                                    I M E X   T I M E   S T E P   S U M M A R Y
 ==================================================================================================================
    Time Step           Time                  Total Production             Total Injection  Total Max. Max. Change
 ---------------- ---------------- -------------------------------------- -----------------  PV   Mat. ------------
                C                    Oil      Gas     Water   GOR.  Wat.    Gas     Water   Avg.  bal. Satur. Pres.
        Size    U                                              M3/   Cut                    Pres. err. DSMAX  DPMAX
  No.   Days IT T Days   yy:mm:dd    M3/D    MM3/D     M3/D     M3    %    MM3/D     M3/D    kPa   %           kPa
 ------ ---- -- - ----- ---------- -------- -------- -------- ----- ----- -------- -------- ----- ---- ------ -----
   241w 30.0 1  0  4929 2006:07:01 2.105542 .5099937 3.614070 242.2 63.19                    2502 .39g -.031w -44.2
   242w 31.0 1  0  4960 2006:08:01 2.093151 .4957091 3.577923 236.8 63.09                    2490 .40g -.032w -24.4
   243w 31.0 1  0  4991 2006:09:01 2.081188 .4819693 3.542001 231.6 62.99                    2479 .40g -.032w -11.5
   244w 30.0 1  0  5021 2006:10:01 2.069947 .4690676 3.507454 226.6 62.89                    2469 .40g -.030w -67.1
   245w 31.0 1  0  5052 2006:11:01 2.058751 .4563065 3.471539 221.6 62.77                    2458 .40g -.031w -47.6
   246w 30.0 1  0  5082 2006:12:01 2.048897 .4420071 3.436620 215.7 62.65                    2449 .41g -.030w -23.1
   247w 31.0 1  0  5113 2007:01:01 2.039267 .4274673 3.400322 209.6 62.51                    2439 .41g -.031w -34.2
   248w 31.0 2  0  5144 2007:02:01 2.029706 .4151446 3.364480 204.5 62.37                    2429 .41g -.029w -14.4
   249w 28.0 1  0  5172 2007:03:01 2.021151 .4049155 3.332756 200.3 62.25                    2421 .41g -.026w -11.5
   250w 31.0 1  0  5203 2007:04:01 2.011913 .3939430 3.299232 195.8 62.12                    2412 .42g -.029w -23.3
   251w 30.0 1  0  5233 2007:05:01 2.003168 .3837351 3.267944 191.6 62.00                    2403 .42g -.029w -26.6
   252w 31.0 1  0  5264 2007:06:01 1.994371 .3734785 3.236749 187.3 61.87                    2394 .42g -.029w -22.9
   253w 30.0 1  0  5294 2007:07:01 1.986020 .3639275 3.207918 183.2 61.76                    2386 .42g -.027w -48.3
   254w 31.0 1  0  5325 2007:08:01 1.977373 .3537065 3.180687 178.9 61.66                    2378 .42g -.027w  -318
   255w 31.0 1  0  5356 2007:09:01 1.968993 .3442424 3.162025 174.8 61.63                    2370 .41g -.027w   543
   256w 30.0 1  0  5386 2007:10:01 1.960978 .3349705 3.136927 170.8 61.53                    2363 .42g -.027w  -9.6
   257w 31.0 1  0  5417 2007:11:01 1.953039 .3256677 3.110334 166.7 61.43                    2355 .42g -.029w -8.30
   258w 30.0 1  0  5447 2007:12:01 1.945535 .3171330 3.084913 163.0 61.32                    2347 .42g -.028w -42.2
   259w 31.0 1  0  5478 2008:01:01 1.937926 .3088219 3.059162 159.4 61.22                    2340 .42g -.030w  10.0
   260w 31.0 1  0  5509 2008:02:01 1.930399 .3008914 3.034750 155.9 61.12                    2333 .43g -.029w -7.72

                                    I M E X   T I M E   S T E P   S U M M A R Y
 ==================================================================================================================
    Time Step           Time                  Total Production             Total Injection  Total Max. Max. Change
 ---------------- ---------------- -------------------------------------- -----------------  PV   Mat. ------------
                C                    Oil      Gas     Water   GOR.  Wat.    Gas     Water   Avg.  bal. Satur. Pres.
        Size    U                                              M3/   Cut                    Pres. err. DSMAX  DPMAX
  No.   Days IT T Days   yy:mm:dd    M3/D    MM3/D     M3/D     M3    %    MM3/D     M3/D    kPa   %           kPa
 ------ ---- -- - ----- ---------- -------- -------- -------- ----- ----- -------- -------- ----- ---- ------ -----
   261w 29.0 1  0  5538 2008:03:01 1.923451 .2939071 3.012558 152.8 61.03                    2326 .43g -.027w -30.7
   262w 31.0 1  0  5569 2008:04:01 1.916163 .2868296 2.989239 149.7 60.94                    2319 .44g -.029w -7.40
   263w 30.0 1  0  5599 2008:05:01 1.909252 .2803767 2.966692 146.9 60.84                    2312 .44g -.027w -28.6
   264w 31.0 1  0  5630 2008:06:01 1.902309 .2739341 2.943288 144.0 60.74                    2305 .44g -.027w -26.3
   265w 30.0 1  0  5660 2008:07:01 1.895660 .2681147 2.920942 141.4 60.64                    2299 .44g -.026w -19.6
   266w 31.0 1  0  5691 2008:08:01 1.889089 .2624028 2.895241 138.9 60.52                    2292 .45g -.027w -42.5
   267w 31.0 1  0  5722 2008:09:01 1.882655 .2569527 2.869824 136.5 60.39                    2286 .45g -.027w -23.6
   268w 30.0 2  0  5752 2008:10:01 1.876620 .2519565 2.846061 134.3 60.26                    2280 .45g -.026w -7.19
   269w 31.0 1  0  5783 2008:11:01 1.870532 .2469497 2.822058 132.0 60.14                    2274 .45g -.027w -31.8
   270w 30.0 1  0  5813 2008:12:01 1.864695 .2422696 2.799936 129.9 60.02                    2268 .45g -.027w  30.1
   271w 31.0 1  0  5844 2009:01:01 1.858762 .2376086 2.777702 127.8 59.91                    2262 .45g -.028w -6.26
   272w 31.0 1  0  5875 2009:02:01 1.852880 .2330194 2.756915 125.8 59.81                    2257 .45g -.028w -39.8
   273w 28.0 1  0  5903 2009:03:01 1.847635 .2289452 2.738823 123.9 59.72                    2252 .45g -.026w -5.52
   274w 31.0 1  0  5934 2009:04:01 1.841956 .2245971 2.718963 121.9 59.61                    2246 .45g -.028w -44.2
   275w 30.0 1  0  5964 2009:05:01 1.836518 .2205939 2.700026 120.1 59.52                    2241 .45g -.027w  8.43
   276w 31.0 1  0  5995 2009:06:01 1.830998 .2166050 2.680872 118.3 59.42                    2235 .45g -.028w -22.4
   277w 30.0 1  0  6025 2009:07:01 1.825713 .2128891 2.662791 116.6 59.32                    2230 .45g -.026w -38.9
   278w 31.0 1  0  6056 2009:08:01 1.820327 .2092292 2.644416 114.9 59.23                    2225 .45g -.027w -5.58
   279w 31.0 1  0  6087 2009:09:01 1.815001 .2057493 2.626415 113.4 59.13                    2220 .45g -.027w -5.49
   280w 30.0 1  0  6117 2009:10:01 1.809880 .2025327 2.609708 111.9 59.05                    2215 .45g -.026w -15.6

                                    I M E X   T I M E   S T E P   S U M M A R Y
 ==================================================================================================================
    Time Step           Time                  Total Production             Total Injection  Total Max. Max. Change
 ---------------- ---------------- -------------------------------------- -----------------  PV   Mat. ------------
                C                    Oil      Gas     Water   GOR.  Wat.    Gas     Water   Avg.  bal. Satur. Pres.
        Size    U                                              M3/   Cut                    Pres. err. DSMAX  DPMAX
  No.   Days IT T Days   yy:mm:dd    M3/D    MM3/D     M3/D     M3    %    MM3/D     M3/D    kPa   %           kPa
 ------ ---- -- - ----- ---------- -------- -------- -------- ----- ----- -------- -------- ----- ---- ------ -----
   281w 31.0 1  0  6148 2009:11:01 1.804624 .1992844 2.593295 110.4 58.97                    2210 .45g -.028w -5.35
   282w 30.0 1  0  6178 2009:12:01 1.799578 .1962511 2.578075 109.1 58.89                    2205 .45g -.027w -5.12
   283w 31.0 1  0  6209 2010:01:01 1.794415 .1932309 2.562907 107.7 58.82                    2200 .45g -.028w -27.8
   284w 31.0 1  0  6240 2010:02:01 1.789309 .1903418 2.547844 106.4 58.74                    2195 .45g -.027w -33.3
   285w 28.0 1  0  6268 2010:03:01 1.784752 .1878983 2.534172 105.3 58.68                    2191 .45g -.024w -4.60
   286w 31.0 1  0  6299 2010:04:01 1.779737 .1852466 2.519795 104.1 58.61                    2186 .45g -.026w -45.3
   287w 30.0 1  0  6329 2010:05:01 1.774907 .1827981 2.506389 103.0 58.54                    2182 .45g -.022w  43.0
   288w 31.0 1  0  6360 2010:06:01 1.769947 .1803709 2.492831 101.9 58.48                    2177 .45g -.022w  10.1
   289w 30.0 1  0  6390 2010:07:01 1.765188 .1781257 2.479920 100.9 58.42                    2173 .45g -.021w -9.24
   290w 31.0 1  0  6421 2010:08:01 1.760310 .1759190 2.466796  99.9 58.36                    2169 .45g -.022w -42.4
   291w 31.0 1  0  6452 2010:09:01 1.755471 .1738341 2.453752 99.02 58.29                    2164 .45g -.022w -56.6
   292w 30.0 1  0  6482 2010:10:01 1.750834 .1719318 2.441256 98.20 58.23                    2160 .45g -.021w  52.7
   293w 31.0 1  0  6513 2010:11:01 1.746059 .1700875 2.428619 97.41 58.18                    2156 .45g -.022w -43.3
   294w 30.0 1  0  6543 2010:12:01 1.741447 .1684409 2.416524 96.72 58.12                    2151 .45g -.021w  10.7
   295w 31.0 1  0  6574 2011:01:01 1.736693 .1668595 2.404288 96.08 58.06                    2147 .45g -.022w -11.8
   296w 31.0 1  0  6605 2011:02:01 1.731934 .1654413 2.392299 95.52 58.01                    2143 .45g -.022w -11.8
   297w 28.0 1  0  6633 2011:03:01 1.728329 .1635647 2.379520 94.64 57.93                    2139 .45g -.020w -27.9
   298w 31.0 1  0  6664 2011:04:01 1.724196 .1617233 2.364912 93.80 57.83                    2135 .45g -.022w -36.4
   299w 30.0 1  0  6694 2011:05:01 1.719890 .1603800 2.351440 93.25 57.76                    2131 .45g -.021w  5.88
   300w 31.0 1  0  6725 2011:06:01 1.715205 .1593012 2.338546 92.88 57.69                    2127 .45g -.022w -4.34

                                    I M E X   T I M E   S T E P   S U M M A R Y
 ==================================================================================================================
    Time Step           Time                  Total Production             Total Injection  Total Max. Max. Change
 ---------------- ---------------- -------------------------------------- -----------------  PV   Mat. ------------
                C                    Oil      Gas     Water   GOR.  Wat.    Gas     Water   Avg.  bal. Satur. Pres.
        Size    U                                              M3/   Cut                    Pres. err. DSMAX  DPMAX
  No.   Days IT T Days   yy:mm:dd    M3/D    MM3/D     M3/D     M3    %    MM3/D     M3/D    kPa   %           kPa
 ------ ---- -- - ----- ---------- -------- -------- -------- ----- ----- -------- -------- ----- ---- ------ -----
   301w 30.0 1  0  6755 2011:07:01 1.710552 .1584174 2.326853 92.61 57.63                    2123 .45g -.021w -8.93
   302w 31.0 1  0  6786 2011:08:01 1.705696 .1575820 2.315325 92.39 57.58                    2119 .45g -.022w -40.1
   303w 31.0 1  0  6817 2011:09:01 1.700834 .1568030 2.303836 92.19 57.53                    2115 .45g -.022w  11.3
   304w 30.0 1  0  6847 2011:10:01 1.696164 .1560825 2.292186 92.02 57.47                    2111 .45g -.021w -4.10
   305w 31.0 1  0  6878 2011:11:01 1.691389 .1553257 2.279969 91.83 57.41                    2107 .45g -.021w -25.2
   306w 30.0 1  0  6908 2011:12:01 1.686805 .1546110 2.267987 91.66 57.35                    2104 .45g -.020w -41.7
   307w 31.0 1  0  6939 2012:01:01 1.682109 .1538767 2.255487 91.48 57.28                    2100 .45g -.021w -14.9
   308w 31.0 1  0  6970 2012:02:01 1.677427 .1531639 2.242912 91.31 57.21                    2096 .45g -.021w -42.1
   309w 29.0 1  0  6999 2012:03:01 1.673084 .1525094 2.231040 91.15 57.15                    2092 .45g -.021w  12.6
   310w 31.0 1  0  7030 2012:04:01 1.668475 .1518232 2.218302 91.00 57.07                    2088 .46g -.023w -4.06
   311w 30.0 1  0  7060 2012:05:01 1.664044 .1511699 2.205954 90.84 57.00                    2085 .46g -.022w -13.8
   312w 31.0 1  0  7091 2012:06:01 1.659497 .1505166 2.193152 90.70 56.93                    2081 .46g -.023w -13.2
   313w 30.0 1  0  7121 2012:07:01 1.655121 .1499024 2.180755 90.57 56.85                    2077 .46g -.022w  4.69
   314w 31.0 1  0  7152 2012:08:01 1.650625 .1492825 2.168067 90.44 56.78                    2073 .46g -.023w -16.9
   315w 31.0 1  0  7183 2012:09:01 1.646155 .1486675 2.155451 90.31 56.70                    2070 .46g -.022w -3.97
   316w 30.0 1  0  7213 2012:10:01 1.641847 .1480935 2.143286 90.20 56.62                    2066 .46g -.020w -3.82
   317w 31.0 1  0  7244 2012:11:01 1.637427 .1475135 2.130734 90.09 56.55                    2062 .46g -.020w -24.3
   318w 30.0 1  0  7274 2012:12:01 1.633177 .1469609 2.118557 89.98 56.47                    2059 .46g -.020w -12.0
   319w 31.0 1  0  7305 2013:01:01 1.628817 .1463923 2.106002 89.88 56.39                    2055 .46g -.021w -21.9
   320w 31.0 1  0  7336 2013:02:01 1.624485 .1458257 2.093615 89.77 56.31                    2052 .46g -.022w -16.4

                                    I M E X   T I M E   S T E P   S U M M A R Y
 ==================================================================================================================
    Time Step           Time                  Total Production             Total Injection  Total Max. Max. Change
 ---------------- ---------------- -------------------------------------- -----------------  PV   Mat. ------------
                C                    Oil      Gas     Water   GOR.  Wat.    Gas     Water   Avg.  bal. Satur. Pres.
        Size    U                                              M3/   Cut                    Pres. err. DSMAX  DPMAX
  No.   Days IT T Days   yy:mm:dd    M3/D    MM3/D     M3/D     M3    %    MM3/D     M3/D    kPa   %           kPa
 ------ ---- -- - ----- ---------- -------- -------- -------- ----- ----- -------- -------- ----- ---- ------ -----
   321w 28.0 1  0  7364 2013:03:01 1.620593 .1453210 2.082434 89.67 56.24                    2048 .47g -.020w -30.1
   322w 31.0 1  0  7395 2013:04:01 1.616306 .1447747 2.070315 89.57 56.16                    2045 .47g -.022w -28.0
   323w 30.0 1  0  7425 2013:05:01 1.612173 .1442434 2.058758 89.47 56.08                    2041 .47g -.022w -35.7
   324w 31.0 1  0  7456 2013:06:01 1.607927 .1436910 2.046981 89.36 56.01                    2038 .47g -.022w  6.84
   325w 30.0 1  0  7486 2013:07:01 1.603837 .1431613 2.035638 89.26 55.93                    2034 .47g -.021w -18.3
   326w 31.0 1  0  7517 2013:08:01 1.599647 .1425580 2.024232 89.12 55.86                    2031 .47g -.022w -3.78
   327w 31.0 1  0  7548 2013:09:01 1.595476 .1419304 2.013165 88.96 55.79                    2027 .47g -.021w -3.76
   328w 30.0 1  0  7578 2013:10:01 1.591448 .1413233 2.002817 88.80 55.72                    2024 .47g -.020w -3.63
   329w 31.0 1  0  7609 2013:11:01 1.587297 .1406936 1.992530 88.64 55.66                    2020 .47g -.017w -8.37
   330w 30.0 1  0  7639 2013:12:01 1.583288 .1400806 1.982956 88.47 55.60                    2017 .47g -.017w -13.8
   331w 31.0 1  0  7670 2014:01:01 1.579156 .1394398 1.973466 88.30 55.55                    2014 .48g -.017w  3.84
   332w 31.0 1  0  7701 2014:02:01 1.575038 .1387935 1.964284 88.12 55.50                    2010 .48g -.018w -41.3
   333w 28.0 1  0  7729 2014:03:01 1.571328 .1382116 1.956208 87.96 55.46                    2007 .48g -.016w -18.2
   334w 31.0 1  0  7760 2014:04:01 1.567243 .1375594 1.947514 87.77 55.41                    2004 .48g -.018w -19.0
   335w 30.0 1  0  7790 2014:05:01 1.563305 .1369344 1.939301 87.59 55.37                    2001 .48g -.018w  4.56
   336w 31.0 1  0  7821 2014:06:01 1.559256 .1362867 1.930987 87.40 55.33                    1997 .48g -.018w -3.59
   337w 30.0 1  0  7851 2014:07:01 1.555360 .1356633 1.923041 87.22 55.29                    1994 .48g -.018w -22.3
   338w 31.0 1  0  7882 2014:08:01 1.551354 .1350240 1.915002 87.04 55.25                    1991 .48g -.018w  7.38
   339w 31.0 1  0  7913 2014:09:01 1.547367 .1343892 1.907091 86.85 55.21                    1987 .48g -.018w -3.53
   340w 30.0 1  0  7943 2014:10:01 1.543532 .1337835 1.899339 86.67 55.17                    1984 .48g -.017w -35.7

                                    I M E X   T I M E   S T E P   S U M M A R Y
 ==================================================================================================================
    Time Step           Time                  Total Production             Total Injection  Total Max. Max. Change
 ---------------- ---------------- -------------------------------------- -----------------  PV   Mat. ------------
                C                    Oil      Gas     Water   GOR.  Wat.    Gas     Water   Avg.  bal. Satur. Pres.
        Size    U                                              M3/   Cut                    Pres. err. DSMAX  DPMAX
  No.   Days IT T Days   yy:mm:dd    M3/D    MM3/D     M3/D     M3    %    MM3/D     M3/D    kPa   %           kPa
 ------ ---- -- - ----- ---------- -------- -------- -------- ----- ----- -------- -------- ----- ---- ------ -----
   341w 31.0 1  0  7974 2014:11:01 1.539584 .1331430 1.891381 86.48 55.13                    1981 .49g -.018w  7.02
   342w 30.0 1  0  8004 2014:12:01 1.535774 .1325487 1.883783 86.31 55.09                    1978 .49g -.017w -14.2
   343w 31.0 1  0  8035 2015:01:01 1.531859 .1319444 1.875990 86.13 55.05                    1975 .49g -.018w -3.45
   344w 31.0 1  0  8066 2015:02:01 1.527961 .1313554 1.868243 85.97 55.01                    1971 .49g -.018w -13.5
   345w 28.0 1  0  8094 2015:03:01 1.524452 .1308485 1.861224 85.83 54.97                    1969 .49g -.016w -3.09
   346w 31.0 1  0  8125 2015:04:01 1.520587 .1302886 1.853599 85.68 54.93                    1965 .49g -.017w -38.6
   347w 30.0 1  0  8155 2015:05:01 1.516858 .1297666 1.846276 85.55 54.90                    1962 .49g -.017w -17.7
   348w 31.0 1  0  8186 2015:06:01 1.513018 .1292374 1.838849 85.42 54.86                    1959 .49g -.017w -4.45
   349w 30.0 1  0  8216 2015:07:01 1.509311 .1287408 1.831745 85.30 54.83                    1956 .49g -.017w -14.1
   350w 31.0 1  0  8247 2015:08:01 1.505491 .1282524 1.824546 85.19 54.79                    1953 .49g -.017w -12.3
   351w 31.0 1  0  8278 2015:09:01 1.501754 .1277850 1.815860 85.09 54.73                    1950 .50g -.017w -3.32
   352w 30.0 1  0  8308 2015:10:01 1.498188 .1273367 1.807293 84.99 54.68                    1947 .50g -.017w -25.7
   353w 31.0 1  0  8339 2015:11:01 1.494529 .1268777 1.798436 84.89 54.61                    1944 .50g -.017w  4.11
   354w 30.0 1  0  8369 2015:12:01 1.490984 .1264624 1.789931 84.82 54.56                    1941 .50g -.016w -24.5
   355w 31.0 1  0  8400 2016:01:01 1.487331 .1260408 1.781323 84.74 54.50                    1938 .50g -.017w  10.4
   356w 31.0 1  0  8431 2016:02:01 1.483693 .1256184 1.772845 84.67 54.44                    1935 .50g -.017w -23.3
   357w 29.0 1  0  8460 2016:03:01 1.480301 .1252240 1.765033 84.59 54.39                    1932 .50g -.016w  5.00
   358w 31.0 1  0  8491 2016:04:01 1.476695 .1247928 1.756835 84.51 54.33                    1929 .50g -.018w -12.8
   359w 30.0 1  0  8521 2016:05:01 1.473222 .1243834 1.748903 84.43 54.28                    1926 .50g -.017w -3.12
   360w 31.0 1  0  8552 2016:06:01 1.469655 .1239499 1.740784 84.34 54.22                    1923 .50g -.018w -13.1

                                    I M E X   T I M E   S T E P   S U M M A R Y
 ==================================================================================================================
    Time Step           Time                  Total Production             Total Injection  Total Max. Max. Change
 ---------------- ---------------- -------------------------------------- -----------------  PV   Mat. ------------
                C                    Oil      Gas     Water   GOR.  Wat.    Gas     Water   Avg.  bal. Satur. Pres.
        Size    U                                              M3/   Cut                    Pres. err. DSMAX  DPMAX
  No.   Days IT T Days   yy:mm:dd    M3/D    MM3/D     M3/D     M3    %    MM3/D     M3/D    kPa   %           kPa
 ------ ---- -- - ----- ---------- -------- -------- -------- ----- ----- -------- -------- ----- ---- ------ -----
   361w 30.0 1  0  8582 2016:07:01 1.466224 .1235255 1.732960 84.25 54.17                    1920 .51g -.018w -20.9
   362w 31.0 1  0  8613 2016:08:01 1.462701 .1230829 1.724926 84.15 54.11                    1917 .51g -.018w -17.3
   363w 31.0 1  0  8644 2016:09:01 1.459196 .1226384 1.716949 84.05 54.06                    1914 .51g -.018w  3.50
   364w 30.0 1  0  8674 2016:10:01 1.455819 .1222241 1.709293 83.96 54.00                    1911 .51g -.018w -3.05
   365w 31.0 1  0  8705 2016:11:01 1.452345 .1217843 1.701524 83.85 53.95                    1909 .51g -.018w -22.7
   366w 30.0 1  0  8735 2016:12:01 1.449001 .1213761 1.693923 83.77 53.90                    1906 .51g -.017w -16.2
   367w 31.0 1  0  8766 2017:01:01 1.445560 .1209440 1.686295 83.67 53.84                    1903 .51g -.017w  -129
   368w 31.0 1  0  8797 2017:02:01 1.442136 .1205178 1.678699 83.57 53.79                    1900 .51g -.017w   618
   369w 28.0 1  0  8825 2017:03:01 1.439056 .1201405 1.671856 83.49 53.74                    1897 .51g -.015w -2.79
   370w 31.0 1  0  8856 2017:04:01 1.435670 .1197114 1.664824 83.38 53.70                    1895 .51g -.017w -18.0
   371w 30.0 2  0  8886 2017:05:01 1.432470 .1193115 1.657066 83.29 53.63                    1892 .51g -.017w -6.95
   372w 31.0 2  0  8917 2017:06:01 1.429178 .1188924 1.649443 83.19 53.58                    1889 .52g -.018w -14.2
   373w 30.0 1  0  8947 2017:07:01 1.426012 .1184990 1.641962 83.10 53.52                    1886 .52g -.017w -30.3
   374w 31.0 2  0  8978 2017:08:01 1.422774 .1180439 1.634353 82.97 53.46                    1883 .52g -.018w  6.84
   375w 31.0 1  0  9009 2017:09:01 1.419542 .1176010 1.626792 82.84 53.40                    1881 .52g -.018w -3.01
   376w 30.0 2  0  9039 2017:10:01 1.416423 .1171818 1.619598 82.73 53.35                    1878 .52g -.017w -2.91
   377w 31.0 1  0  9070 2017:11:01 1.413213 .1167517 1.612224 82.61 53.29                    1875 .52g -.018w -2.99
   378w 30.0 1  0  9100 2017:12:01 1.410122 .1163499 1.605034 82.51 53.23                    1873 .52g -.017w -2.89
   379w 31.0 1  0  9131 2018:01:01 1.406947 .1159370 1.597600 82.40 53.17                    1870 .52g -.017w -2.97
   380w 31.0 1  0  9162 2018:02:01 1.403795 .1155260 1.590108 82.30 53.11                    1867 .52g -.017w -2.96

                                    I M E X   T I M E   S T E P   S U M M A R Y
 ==================================================================================================================
    Time Step           Time                  Total Production             Total Injection  Total Max. Max. Change
 ---------------- ---------------- -------------------------------------- -----------------  PV   Mat. ------------
                C                    Oil      Gas     Water   GOR.  Wat.    Gas     Water   Avg.  bal. Satur. Pres.
        Size    U                                              M3/   Cut                    Pres. err. DSMAX  DPMAX
  No.   Days IT T Days   yy:mm:dd    M3/D    MM3/D     M3/D     M3    %    MM3/D     M3/D    kPa   %           kPa
 ------ ---- -- - ----- ---------- -------- -------- -------- ----- ----- -------- -------- ----- ---- ------ -----
   381w 28.0 1  0  9190 2018:03:01 1.400970 .1151686 1.583185 82.21 53.05                    1865 .52g -.015w -2.67
   382w 31.0 1  0  9221 2018:04:01 1.397872 .1147579 1.575566 82.09 52.99                    1862 .52g -.016w -12.8
   383w 30.0 1  0  9251 2018:05:01 1.394903 .1143712 1.567979 81.99 52.92                    1859 .52g -.015w -24.5
   384w 31.0 1  0  9282 2018:06:01 1.391866 .1139580 1.560021 81.87 52.85                    1857 .53g -.016w -22.1
   385w 30.0 1  0  9312 2018:07:01 1.388953 .1135719 1.552165 81.77 52.77                    1854 .53g -.015w -27.3
   386w 31.0 1  0  9343 2018:08:01 1.385961 .1131619 1.544148 81.65 52.70                    1851 .53g -.015w -15.5
   387w 31.0 1  0  9374 2018:09:01 1.382983 .1127473 1.536199 81.52 52.62                    1849 .53g -.015w -2.87
   388w 30.0 1  0  9404 2018:10:01 1.380118 .1123568 1.528478 81.41 52.55                    1846 .53g -.014w -2.76
   389w 31.0 1  0  9435 2018:11:01 1.377169 .1119440 1.520709 81.29 52.48                    1844 .53g -.014w -2.84
   390w 30.0 1  0  9465 2018:12:01 1.374325 .1115471 1.513299 81.17 52.41                    1841 .53g -.013w -2.75
   391w 31.0 1  0  9496 2019:01:01 1.371392 .1111148 1.505980 81.02 52.34                    1839 .53g -.014w -2.83
   392w 31.0 1  0  9527 2019:02:01 1.368467 .1106810 1.498849 80.88 52.27                    1836 .53g -.014w -2.82
   393w 28.0 1  0  9555 2019:03:01 1.365832 .1102740 1.492624 80.74 52.22                    1834 .53g -.012w -2.55
   394w 31.0 1  0  9586 2019:04:01 1.362929 .1098047 1.486063 80.57 52.16                    1831 .53g -.013w -26.9
   395w 30.0 1  0  9616 2019:05:01 1.360131 .1093230 1.479964 80.38 52.11                    1829 .53g -.013w  9.30
   396w 31.0 1  0  9647 2019:06:01 1.357256 .1087957 1.474025 80.16 52.06                    1826 .53g -.013w -2.78
   397w 30.0 1  0  9677 2019:07:01 1.354491 .1082528 1.468503 79.92 52.02                    1824 .53g -.013w -2.69
   398w 31.0 1  0  9708 2019:08:01 1.351651 .1076535 1.463121 79.65 51.98                    1822 .54g -.014w -2.76
   399w 31.0 1  0  9739 2019:09:01 1.348827 .1070165 1.457872 79.34 51.94                    1819 .54g -.014w -31.4
   400w 30.0 1  0  9769 2019:10:01 1.346113 .1063914 1.452879 79.04 51.91                    1817 .54g -.013w -21.0

                                    I M E X   T I M E   S T E P   S U M M A R Y
 ==================================================================================================================
    Time Step           Time                  Total Production             Total Injection  Total Max. Max. Change
 ---------------- ---------------- -------------------------------------- -----------------  PV   Mat. ------------
                C                    Oil      Gas     Water   GOR.  Wat.    Gas     Water   Avg.  bal. Satur. Pres.
        Size    U                                              M3/   Cut                    Pres. err. DSMAX  DPMAX
  No.   Days IT T Days   yy:mm:dd    M3/D    MM3/D     M3/D     M3    %    MM3/D     M3/D    kPa   %           kPa
 ------ ---- -- - ----- ---------- -------- -------- -------- ----- ----- -------- -------- ----- ---- ------ -----
   401w 31.0 1  0  9800 2019:11:01 1.343328 .1057260 1.447947 78.70 51.87                    1815 .54g -.014w -20.5
   402w 30.0 1  0  9830 2019:12:01 1.340649 .1050441 1.443432 78.35 51.85                    1812 .54g -.014w  -9.5
   403w 31.0 1  0  9861 2020:01:01 1.337891 .1042697 1.439123 77.94 51.82                    1810 .54g -.014w -2.69
   404w 31.0 1  0  9892 2020:02:01 1.335154 .1033690 1.435131 77.42 51.80                    1808 .54g -.015w -26.5

 ===================== SUMMARY (from subroutine: TSIO)   ======================
  Simulation run terminated. Stopping time reached.
    
     5 Warning messages.    0 Error messages.
 ==============================================================================


       Field Total                                   Fluid
                             Oil       Gas       Water    Solvent   Polymer   Seawater
                            -------   -------   -------   -------   -------   -------
                            (MSM3)    (MMSM3)   (MSM3)    (MMSM3)   (MKG)     (MSM3)
  Cumulative Production      36.965    6.7177    89.131     NA        NA        NA   
  Cumulative Injection        NA         0         0        NA        NA        NA   
  Cumulative Gas Lift         NA         0        NA        NA        NA        NA   
  Cumulative Water Influx     NA        NA         0        NA        NA        NA   
  Current Fluids In Place    257.62    2.1458    781.81     NA        NA        NA   
  Production Rates           .00134    103e-6    .00144     NA        NA        NA   
  Injection Rates             NA         0         0        NA        NA        NA   

  Timesteps:    404  Newton Cycles:      572  Cuts:      5  Solver Iterations:        13830
  Average Implicitness    : 0.483
  Material Balances (owg): 1.000 1.000 1.005
  Average Active Blocks:        4964 Average Non-BHP Active Wells:     0
  Total Blocks :        5000 Total Wells :     1
  Active Blocks:        4964 Non-BHP Active Wells:     0
  Total lstpro/lstpar calls:     3
  Time at end of simulation:   9892.00     (days)   
  Average reservoir pressure excluding water zone: 1384.847 (kPa)    
  Total Number of Solver Failures:       0  Stalls:       0  ITERMAX Reached:       0
  Jacobian Domains      4
  Linear Solver: Parasol
  Number of level 1 solver classes:    3
  AUTOPSLAB Cutting Direction:    J
  Preconditioner Ordering     REDBLACK
  Preconditioner Degree aa, ab, as, bb, ba:    1    2    1    1    1
  KMP_AFFINITY: Default
  OMP_SCHEDULE: Default
  Max Impl Blocks:     3670  %Impl: 73.9%  (TS,CUT,NCYC): (  403, 0,  1 )
  Max Solver Iterations (TS,CUT,NCYC):      31 (  133, 0,  1 )
  Number of threads set:    4
  Total number of cpus:    4
  Memory Usage Peak:       72 MB on TS:  357  TS 1 Peak:       45 MB  Average:       58 MB  VM Size:       84 MB
  Host computer: EHSANR-LT

  End of Simulation: Normal Termination

  CPU Time:            57.39 seconds
  Elapsed Time:        15.70 seconds

  Date and Time of End of Run:  Feb 27, 2020  16:31:16

