    Opened LOG FILE         on unit 10, filename is "D:\CMG's Modelling Workflow_2019-10\Additional Exercises\IMEX_TUTORIAL_Submodel.log"
 ********************************************************************************
 *                                                                              *
 *                                IMEX  2019.10                                 *
 *                   Adaptive - Implicit Black Oil Simulator                    *
 *                         General Release for Win x64                          *
 *                            2019-Sep-10   17:57:17                            *
 *                                                                              *
 *                          (c) Copyright 1977 - 2019                           *
 *                Computer Modelling Group Ltd., Calgary, Canada                *
 *                             All Rights Reserved                              *
 *                                                                              *
 ********************************************************************************


 Command-line Arguments:  -f D:\CMG's Modelling Workflow_2019-10\Additional Exercises\IMEX_TUTORIAL_Submodel.dat
                          -wd D:\CMG's Modelling Workflow_2019-10\Additional Exercises
                          -log
                          -doms
                          -parasol 4
                          -wait

  Date and Time of Start of Run:  Feb 27, 2020  16:29:09


*** Input/Output files specification :
    Opened data file        on unit 11, filename is "D:\CMG's Modelling Workflow_2019-10\Additional Exercises\IMEX_TUTORIAL_Submodel.dat"
    Opened Scratch file     on unit 12
    Opened Scratch file     on unit 13
    Opened output file      on unit 14, filename is "D:\CMG's Modelling Workflow_2019-10\Additional Exercises\IMEX_TUTORIAL_Submodel.out"
    Opened SR3-OUT          on unit 15, filename is "D:\CMG's Modelling Workflow_2019-10\Additional Exercises\IMEX_TUTORIAL_Submodel.sr3"
    Opened INDEX-OUT        on unit 16, filename is "D:\CMG's Modelling Workflow_2019-10\Additional Exercises\IMEX_TUTORIAL_Submodel.irf"
    Opened MAIN-RESULTS-OUT on unit 17, filename is "D:\CMG's Modelling Workflow_2019-10\Additional Exercises\IMEX_TUTORIAL_Submodel.mrf"

 =================== WARNING (from subroutine: GRDLST_CHK) ====================
  Solvent property related printout is being disabled
  This MODEL option does not allow solvent property output.
  Line: 16   File Name: D:\CMG's Modelling Workflow_2019-10\Additional Exercises\IMEX_TUTORIAL_Submodel.dat
 ==============================================================================

    Opened GRID scratchfile on unit 18

 ===================== WARNING (from subroutine: PSSLDS) ======================
  Chosen direction has too few slabs containing active blocks (5) to support *AUTOPSLAB 4 ;
  Treating the partition as *AUTOPSLAB 3 .
 ==============================================================================


 ===================== SUMMARY (from subroutine: INDATA) ======================
  Reading of initial data is complete.
  Simulation will stop if there were error messages.
     2 Warning messages.    0 Error messages.
 ==============================================================================


                                    I M E X   T I M E   S T E P   S U M M A R Y
 ==================================================================================================================
    Time Step           Time                  Total Production             Total Injection  Total Max. Max. Change
 ---------------- ---------------- -------------------------------------- -----------------  PV   Mat. ------------
                C                    Oil      Gas     Water   GOR.  Wat.    Gas     Water   Avg.  bal. Satur. Pres.
        Size    U                                              M3/   Cut                    Pres. err. DSMAX  DPMAX
  No.   Days IT T Days   yy:mm:dd    M3/D    MM3/D     M3/D     M3    %    MM3/D     M3/D    kPa   %           kPa
 ------ ---- -- - ----- ---------- -------- -------- -------- ----- ----- -------- -------- ----- ---- ------ -----
     1w 1.00 1  0 1.000 1993:01:02                                                          20723 0  w -4e-8o -.003
     2  5.00 1  0 6.000 1993:01:07                                                          20723 0  w  3e-7w -.002
     3  25.0 1  0 31.00 1993:02:01                                                          20723 0  w  1e-6w -5e-4
     4w 28.0 1  0 59.00 1993:03:01                                                          20723 0  w -1e-6o  8e-5
     5w 31.0 1  0 90.00 1993:04:01                                                          20723 0  w -1e-6o  9e-6
     6w 30.0 1  0 120.0 1993:05:01                                                          20723 0  w  1e-6w -1e-6
     7w 31.0 1  0 151.0 1993:06:01                                                          20723 0  w -1e-6o -8e-7
     8w 30.0 1  0 181.0 1993:07:01                                                          20723 0  w  1e-6w -7e-7
     9w 31.0 1  0 212.0 1993:08:01                                                          20723 0  w -1e-6o -7e-7
    10w 31.0 1  0 243.0 1993:09:01                                                          20723 0  w -1e-6o -7e-7
    11w 30.0 1  0 273.0 1993:10:01                                                          20723 0  w -1e-6o -7e-7
    12w 31.0 1  0 304.0 1993:11:01                                                          20723 0  w  1e-6w -7e-7
    13w 30.0 1  0 334.0 1993:12:01                                                          20723 0  w -1e-6o -7e-7
    14w 31.0 1  0 365.0 1994:01:01                                                          20723 0  w -1e-6o -7e-7
    15w 14.0 1  0 379.0 1994:01:15                                                          20723 0  w  8e-7w -3e-7
    16w 17.0 1  0 396.0 1994:02:01                                                          20723 0  w -1e-6o -4e-7
    17w 28.0 1  0 424.0 1994:03:01                                                          20723 0  w -1e-6o -6e-7
    18w 31.0 1  0 455.0 1994:04:01                                                          20723 0  w -1e-6o -7e-7
    19w 30.0 1  0 485.0 1994:05:01                                                          20723 0  w -1e-6o -7e-7
    20w 31.0 1  0 516.0 1994:06:01                                                          20723 0  w -1e-6o -7e-7

                                    I M E X   T I M E   S T E P   S U M M A R Y
 ==================================================================================================================
    Time Step           Time                  Total Production             Total Injection  Total Max. Max. Change
 ---------------- ---------------- -------------------------------------- -----------------  PV   Mat. ------------
                C                    Oil      Gas     Water   GOR.  Wat.    Gas     Water   Avg.  bal. Satur. Pres.
        Size    U                                              M3/   Cut                    Pres. err. DSMAX  DPMAX
  No.   Days IT T Days   yy:mm:dd    M3/D    MM3/D     M3/D     M3    %    MM3/D     M3/D    kPa   %           kPa
 ------ ---- -- - ----- ---------- -------- -------- -------- ----- ----- -------- -------- ----- ---- ------ -----
    21w 30.0 1  0 546.0 1994:07:01                                                          20723 0  w -1e-6o -7e-7
    22w 31.0 1  0 577.0 1994:08:01                                                          20723 0  w  1e-6w -7e-7
    23w 31.0 1  0 608.0 1994:09:01                                                          20723 0  w -1e-6o -7e-7
    24w 30.0 1  0 638.0 1994:10:01                                                          20723 0  w -1e-6o -7e-7
    25w 31.0 1  0 669.0 1994:11:01                                                          20723 0  w -1e-6o -7e-7
    26w 30.0 1  0 699.0 1994:12:01                                                          20723 0  w  1e-6w -7e-7
    27w 31.0 1  0 730.0 1995:01:01                                                          20723 0  w -1e-6o -7e-7
    28w 31.0 1  0 761.0 1995:02:01                                                          20723 0  w -1e-6o -7e-7
    29w 28.0 1  0 789.0 1995:03:01                                                          20723 0  w  1e-6w -6e-7
    30w 31.0 1  0 820.0 1995:04:01                                                          20723 0  w -1e-6o -7e-7
    31w 30.0 1  0 850.0 1995:05:01                                                          20723 0  w  1e-6w -7e-7
    32w 31.0 1  0 881.0 1995:06:01                                                          20723 0  w -1e-6o -7e-7
    33w 30.0 1  0 911.0 1995:07:01                                                          20723 0  w  1e-6w -7e-7
    34w 31.0 1  0 942.0 1995:08:01                                                          20723 0  w -1e-6o -7e-7
    35w 31.0 1  0 973.0 1995:09:01                                                          20723 0  w  1e-6w -7e-7
    36w 30.0 1  0  1003 1995:10:01                                                          20723 0  w -1e-6o -7e-7
    37w 31.0 1  0  1034 1995:11:01                                                          20723 0  w -1e-6o -7e-7
    38w 30.0 1  0  1064 1995:12:01                                                          20723 0  w -1e-6o -7e-7
    39w 31.0 1  0  1095 1996:01:01                                                          20723 0  w  1e-6w -7e-7
    40w 31.0 1  0  1126 1996:02:01                                                          20723 0  w -1e-6o -7e-7

                                    I M E X   T I M E   S T E P   S U M M A R Y
 ==================================================================================================================
    Time Step           Time                  Total Production             Total Injection  Total Max. Max. Change
 ---------------- ---------------- -------------------------------------- -----------------  PV   Mat. ------------
                C                    Oil      Gas     Water   GOR.  Wat.    Gas     Water   Avg.  bal. Satur. Pres.
        Size    U                                              M3/   Cut                    Pres. err. DSMAX  DPMAX
  No.   Days IT T Days   yy:mm:dd    M3/D    MM3/D     M3/D     M3    %    MM3/D     M3/D    kPa   %           kPa
 ------ ---- -- - ----- ---------- -------- -------- -------- ----- ----- -------- -------- ----- ---- ------ -----
    41w 29.0 1  0  1155 1996:03:01                                                          20723 0  w  1e-6w -6e-7
    42w 31.0 1  0  1186 1996:04:01                                                          20723 0  w -1e-6o -7e-7
    43w 30.0 1  0  1216 1996:05:01                                                          20723 0  w -1e-6o -7e-7
    44w 1.00 1  0  1217 1996:05:02 65.77046 1.981427 22.71252 30.13 25.67                   20694 e-3w -.041o  -535
    45  2.43 1  0  1219 1996:05:04 52.67806 1.587000 67.51819 30.13 56.17                   20588 e-3w -.034o  -341
    46  7.09 2  1  1227 1996:05:12 33.46430 1.008159 116.5357 30.13 77.69                   20175 e-3w  .040w  -546
    47  10.2 1  0  1237 1996:05:22 24.58392 .7406251 125.4161 30.13 83.61                   19616 e-3o  .031o  -589
    48  10.2 1  0  1247 1996:06:01 21.37159 .6438491 128.6284 30.13 85.75                   19067 e-3g  .031o  -565
    49w 30.0 2  0  1277 1996:07:01 20.50136 .6176322 129.4986 30.13 86.33                   17469 e-3o  .090o -1632
    50w 31.0 1  0  1308 1996:08:01 21.42722 .6455250 128.5728 30.13 85.72                   15816 .01o  .089o -1685
    51w 31.0 1  0  1339 1996:09:01 23.13846 .6970785 126.8615 30.13 84.57                   14156 .01o  .099o -1703
    52w 30.0 1  0  1369 1996:10:01 24.86184 .7489978 125.1382 30.13 83.43                   12543 .02o  .102o -1660
    53w 31.0 1  0  1400 1996:11:01 19.24171 .5796835 90.14190 30.13 82.41                   11349 .02o  .076o -1307
    54w 30.0 1  0  1430 1996:12:01 17.51943 .5277975 79.55365 30.13 81.95                   10311 .02o -.061w -1087
    55w 31.0 2  0  1461 1997:01:01 16.08411 .4554546 64.91857 28.32 80.14                    9467 .22g  .054o  -895
    56w 31.0 2  0  1492 1997:02:01 16.01169 .4392747 56.09624 27.43 77.79                    9227 .23g -.057w  -257
    57w 28.0 1  0  1520 1997:03:01 15.77873 .4228574 51.27445 26.80 76.47                    9058 .18g -.050w  -192
    58w 31.0 2  0  1551 1997:04:01 15.28562 .5822917 46.98375 38.09 75.45                    8897 .24g -.057w  -278
    59w 30.0 1  0  1581 1997:05:01 15.01375 .4521233 44.45765 30.11 74.75                    8750 .22g -.054w  -653
    60w 31.0 1  0  1612 1997:06:01 14.75197 .4075713 42.03148 27.63 74.02                    8611 .19g -.053w   490

                                    I M E X   T I M E   S T E P   S U M M A R Y
 ==================================================================================================================
    Time Step           Time                  Total Production             Total Injection  Total Max. Max. Change
 ---------------- ---------------- -------------------------------------- -----------------  PV   Mat. ------------
                C                    Oil      Gas     Water   GOR.  Wat.    Gas     Water   Avg.  bal. Satur. Pres.
        Size    U                                              M3/   Cut                    Pres. err. DSMAX  DPMAX
  No.   Days IT T Days   yy:mm:dd    M3/D    MM3/D     M3/D     M3    %    MM3/D     M3/D    kPa   %           kPa
 ------ ---- -- - ----- ---------- -------- -------- -------- ----- ----- -------- -------- ----- ---- ------ -----
    61w 30.0 1  0  1642 1997:07:01 14.44396 .4117225 40.03689 28.50 73.49                    8485 .16g -.051w  -132
    62w 31.0 1  0  1673 1997:08:01 14.19778 .3926591 38.21945 27.66 72.91                    8365 .13g -.054w  -127
    63w 31.0 1  0  1704 1997:09:01 13.95057 .3769383 36.70511 27.02 72.46                    8252 .11g -.056w  -345
    64w 30.0 1  0  1734 1997:10:01 13.70998 .3635150 35.47093 26.51 72.12                    8150 .09g -.054w  -265
    65w 31.0 1  0  1765 1997:11:01 13.44103 .3570018 34.39110 26.56 71.90                    8049 .07g -.055w  -296
    66w 30.0 1  0  1795 1997:12:01 13.11978 .3638729 33.74590 27.73 72.01                    7955 .06o -.052w -96.2
    67w 31.0 1  0  1826 1998:01:01 12.79625 .3844933 33.04673 30.05 72.09                    7860 .06o -.051w -97.9
    68w 31.0 1  0  1857 1998:02:01 12.46543 .4457841 32.26293 35.76 72.13                    7766 .06o -.047w  -336
    69w 28.0 1  0  1885 1998:03:01 12.19386 .5123251 31.42682 42.01 72.05                    7682 .06o -.044w -90.2
    70w 31.0 1  0  1916 1998:04:01 11.94021 .5620326 30.43967 47.07 71.83                    7591 .06o -.047w -96.6
    71w 30.0 1  0  1946 1998:05:01 11.71610 .6257582 29.43283 53.41 71.53                    7506 .06o -.045w  -243
    72w 31.0 1  0  1977 1998:06:01 11.48079 .6798012 28.56276 59.21 71.33                    7421 .06o -.044w -93.8
    73w 30.0 1  0  2007 1998:07:01 11.26849 .7208521 27.77350 63.97 71.14                    7343 .06o -.038w -87.8
    74w 31.0 1  0  2038 1998:08:01 11.06034 .7554013 27.03877 68.30 70.97                    7266 .06o -.038w  -202
    75w 31.0 1  0  2069 1998:09:01 10.86256 .7879414 26.35249 72.54 70.81                    7192 .06o -.036w -82.9
    76w 30.0 1  0  2099 1998:10:01 10.67863 .8212550 25.72060 76.91 70.66                    7122 .06g -.033w  -288
    77w 31.0 1  0  2130 1998:11:01 10.49410 .8582430 25.10479 81.78 70.52                    7052 .07g -.032w -76.7
    78w 30.0 1  0  2160 1998:12:01 10.31397 .9011859 24.56793 87.38 70.43                    6985 .08g -.031w  -201
    79w 31.0 1  0  2191 1999:01:01 10.12889 .9523183 24.03750 94.02 70.35                    6917 .08g -.032w -73.6
    80w 31.0 1  0  2222 1999:02:01  9.94654 1.010607 23.51762 101.6 70.28                    6850 .09g -.032w -72.0

                                    I M E X   T I M E   S T E P   S U M M A R Y
 ==================================================================================================================
    Time Step           Time                  Total Production             Total Injection  Total Max. Max. Change
 ---------------- ---------------- -------------------------------------- -----------------  PV   Mat. ------------
                C                    Oil      Gas     Water   GOR.  Wat.    Gas     Water   Avg.  bal. Satur. Pres.
        Size    U                                              M3/   Cut                    Pres. err. DSMAX  DPMAX
  No.   Days IT T Days   yy:mm:dd    M3/D    MM3/D     M3/D     M3    %    MM3/D     M3/D    kPa   %           kPa
 ------ ---- -- - ----- ---------- -------- -------- -------- ----- ----- -------- -------- ----- ---- ------ -----
    81w 28.0 1  0  2250 1999:03:01  9.77253 1.081661 23.05814 110.7 70.23                    6789 .10g -.028w -64.2
    82w 31.0 1  0  2281 1999:04:01  9.58420 1.152183 22.57316 120.2 70.20                    6723 .11g -.031w  -277
    83w 30.0 1  0  2311 1999:05:01 9.403175 1.224651 22.12644 130.2 70.18                    6659 .12g -.029w -67.1
    84w 31.0 1  0  2342 1999:06:01 9.215719 1.311513 21.68022 142.3 70.17                    6593 .13g -.030w -69.0
    85w 30.0 1  0  2372 1999:07:01 9.035506 1.386868 21.28605 153.5 70.20                    6529 .14g -.028w -66.5
    86w 31.0 1  0  2403 1999:08:01 8.855874 1.462788 20.84862 165.2 70.19                    6464 .14g -.028w -68.2
    87w 31.0 1  0  2434 1999:09:01 8.684337 1.536893 20.33619 177.0 70.08                    6398 .14g -.026w -68.6
    88w 30.0 1  0  2464 1999:10:01 8.523595 1.610402 19.81840 188.9 69.93                    6334 .15g -.024w -66.5
    89w 31.0 1  0  2495 1999:11:01 8.360355 1.683498 19.29279 201.4 69.77                    6267 .16g -.024w -68.4
    90w 30.0 1  0  2525 1999:12:01 8.204558 1.753975 18.78079 213.8 69.60                    6203 .17g -.023w -66.0
    91w 31.0 1  0  2556 2000:01:01 8.040278 1.818958 18.26954 226.2 69.44                    6137 .18g -.023w -67.8
    92w 31.0 1  0  2587 2000:02:01 7.879790 1.878324 17.77335 238.4 69.28                    6072 .19g -.023w -67.5
    93w 29.0 1  0  2616 2000:03:01 7.729792 1.943725 17.32520 251.5 69.15                    6011 .20g -.021w -63.1
    94w 31.0 1  0  2647 2000:04:01 7.572778 2.003843 16.87207 264.6 69.02                    5946 .21g -.021w -67.2
    95w 30.0 1  0  2677 2000:05:01 7.423906 2.059997 16.43269 277.5 68.88                    5883 .20g -.020w  -108
    96w 31.0 1  0  2708 2000:06:01 7.271213 2.107726 15.99960 289.9 68.75                    5818 .21g -.020w  -105
    97w 30.0 1  0  2738 2000:07:01 7.125375 2.165475 15.56567 303.9 68.60                    5754 .22g -.020w -65.4
    98w 31.0 1  0  2769 2000:08:01 6.977947 2.214672 15.16570 317.4 68.49                    5688 .23g -.020w  -253
    99w 31.0 1  0  2800 2000:09:01 6.841752 2.267168 14.71957 331.4 68.27                    5622 .24g -.020w  67.6
   100w 30.0 1  0  2830 2000:10:01 6.708688 2.311340 14.30842 344.5 68.08                    5559 .24g -.019w -64.6

                                    I M E X   T I M E   S T E P   S U M M A R Y
 ==================================================================================================================
    Time Step           Time                  Total Production             Total Injection  Total Max. Max. Change
 ---------------- ---------------- -------------------------------------- -----------------  PV   Mat. ------------
                C                    Oil      Gas     Water   GOR.  Wat.    Gas     Water   Avg.  bal. Satur. Pres.
        Size    U                                              M3/   Cut                    Pres. err. DSMAX  DPMAX
  No.   Days IT T Days   yy:mm:dd    M3/D    MM3/D     M3/D     M3    %    MM3/D     M3/D    kPa   %           kPa
 ------ ---- -- - ----- ---------- -------- -------- -------- ----- ----- -------- -------- ----- ---- ------ -----
   101w 31.0 1  0  2861 2000:11:01 6.570992 2.349678 13.90005 357.6 67.90                    5494 .25g -.020w -66.3
   102w 30.0 1  0  2891 2000:12:01 6.441243 2.382773 13.50815 369.9 67.71                    5431 .26g -.019w -97.2
   103w 31.0 1  0  2922 2001:01:01 6.306331 2.406031 13.15951 381.5 67.60                    5367 .27g -.020w -65.4
   104w 31.0 1  0  2953 2001:02:01 6.172679 2.425230 12.83494 392.9 67.53                    5304 .27g -.020w -64.8
   105w 28.0 1  0  2981 2001:03:01 6.051140 2.438814 12.56547 403.0 67.50                    5246 .28g -.018w -58.9
   106w 31.0 1  0  3012 2001:04:01 5.919343 2.446512 12.27898 413.3 67.47                    5183 .29g -.019w -64.6
   107w 30.0 1  0  3042 2001:05:01 5.794686 2.451736 12.01219 423.1 67.46                    5122 .29g -.019w -62.0
   108w 31.0 1  0  3073 2001:06:01 5.669300 2.455708 11.73729 433.2 67.43                    5060 .30g -.019w -63.4
   109w 30.0 1  0  3103 2001:07:01 5.552658 2.457478 11.46405 442.6 67.37                    5000 .31g -.018w -60.7
   110w 31.0 1  0  3134 2001:08:01 5.433815 2.456800 11.18197 452.1 67.30                    4939 .32g -.018w  -242
   111w 31.0 1  0  3165 2001:09:01 5.317237 2.457531 10.88538 462.2 67.18                    4878 .33g -.018w   107
   112w 30.0 1  0  3195 2001:10:01 5.207125 2.456486 10.60936 471.8 67.08                    4821 .34g -.017w -88.4
   113w 31.0 1  0  3226 2001:11:01 5.095897 2.448190 10.34424 480.4 67.00                    4762 .35g -.016w -59.7
   114w 30.0 1  0  3256 2001:12:01 4.991042 2.435237 10.10368 487.9 66.94                    4707 .34g -.015w -88.7
   115w 31.0 1  0  3287 2002:01:01 4.884335 2.413889  9.86807 494.2 66.89                    4649 .35g -.014w -58.8
   116w 31.0 1  0  3318 2002:02:01 4.781735 2.393280  9.62457 500.5 66.81                    4593 .36g -.014w -57.9
   117w 28.0 1  0  3346 2002:03:01 4.692042 2.374922 9.404788 506.2 66.72                    4542 .36g -.012w -51.5
   118w 31.0 1  0  3377 2002:04:01 4.595768 2.353651 9.165127 512.1 66.60                    4487 .37g -.014w -56.0
   119w 30.0 1  0  3407 2002:05:01 4.505742 2.332587 8.935139 517.7 66.48                    4434 .38g -.013w -53.4
   120w 31.0 1  0  3438 2002:06:01 4.415660 2.308855 8.707329 522.9 66.35                    4381 .39g -.014w -54.2

                                    I M E X   T I M E   S T E P   S U M M A R Y
 ==================================================================================================================
    Time Step           Time                  Total Production             Total Injection  Total Max. Max. Change
 ---------------- ---------------- -------------------------------------- -----------------  PV   Mat. ------------
                C                    Oil      Gas     Water   GOR.  Wat.    Gas     Water   Avg.  bal. Satur. Pres.
        Size    U                                              M3/   Cut                    Pres. err. DSMAX  DPMAX
  No.   Days IT T Days   yy:mm:dd    M3/D    MM3/D     M3/D     M3    %    MM3/D     M3/D    kPa   %           kPa
 ------ ---- -- - ----- ---------- -------- -------- -------- ----- ----- -------- -------- ----- ---- ------ -----
   121w 30.0 1  0  3468 2002:07:01 4.330988 2.299208 8.501989 530.9 66.25                    4330 .39g -.013w -51.6
   122w 31.0 1  0  3499 2002:08:01 4.243742 2.254913 8.303984 531.4 66.18                    4279 .40g -.014w -52.3
   123w 31.0 1  0  3530 2002:09:01 4.159993 2.220350 8.106908 533.7 66.09                    4229 .40g -.013w -51.2
   124w 30.0 1  0  3560 2002:10:01 4.081773 2.185044 7.924273 535.3 66.00                    4181 .41g -.013w -48.5
   125w 31.0 1  0  3591 2002:11:01 4.003440 2.146433 7.746299 536.1 65.93                    4133 .41g -.013w -49.0
   126w 30.0 1  0  3621 2002:12:01 3.928607 2.105146 7.588810 535.9 65.89                    4088 .42g -.013w -47.2
   127w 31.0 1  0  3652 2003:01:01 3.854310 2.062153 7.428161 535.0 65.84                    4041 .42g -.013w -47.7
   128w 31.0 1  0  3683 2003:02:01 3.782665 2.020026 7.270555 534.0 65.78                    3996 .43g -.013w -46.5
   129w 28.0 1  0  3711 2003:03:01 3.720170 1.982156 7.131561 532.8 65.72                    3956 .43g -.012w -41.1
   130w 31.0 1  0  3742 2003:04:01 3.653391 1.940473 6.982437 531.1 65.65                    3912 .44g -.013w -44.4
   131w 30.0 1  0  3772 2003:05:01 3.590951 1.902695 6.841545 529.9 65.58                    3871 .45g -.012w -42.1
   132w 31.0 1  0  3803 2003:06:01 3.528876 1.862395 6.700370 527.8 65.50                    3830 .46g -.012w  -120
   133w 30.0 1  0  3833 2003:07:01 3.471168 1.823325 6.566039 525.3 65.42                    3790 .46g -.011w -40.1
   134w 31.0 1  0  3864 2003:08:01 3.413990 1.783234 6.429197 522.3 65.32                    3751 .47g -.010w -40.3
   135w 31.0 1  0  3895 2003:09:01 3.359138 1.743326 6.295249 519.0 65.21                    3712 .48g -.010w -39.3
   136w 30.0 1  0  3925 2003:10:01 3.306103 1.705174 6.169240 515.8 65.11                    3676 .49g  .009o -37.1
   137w 31.0 1  0  3956 2003:11:01 3.253888 1.663414 6.038476 511.2 64.98                    3640 .49g  .009o -37.3
   138w 30.0 1  0  3986 2003:12:01 3.205191 1.623785 5.916811 506.6 64.86                    3605 .50g  .009o -35.1
   139w 31.0 1  0  4017 2004:01:01 3.156610 1.584549 5.795913 502.0 64.74                    3571 .51g -.009w -35.3
   140w 31.0 1  0  4048 2004:02:01 3.109457 1.543539 5.682302 496.4 64.63                    3537 .50g -.009w -34.6

                                    I M E X   T I M E   S T E P   S U M M A R Y
 ==================================================================================================================
    Time Step           Time                  Total Production             Total Injection  Total Max. Max. Change
 ---------------- ---------------- -------------------------------------- -----------------  PV   Mat. ------------
                C                    Oil      Gas     Water   GOR.  Wat.    Gas     Water   Avg.  bal. Satur. Pres.
        Size    U                                              M3/   Cut                    Pres. err. DSMAX  DPMAX
  No.   Days IT T Days   yy:mm:dd    M3/D    MM3/D     M3/D     M3    %    MM3/D     M3/D    kPa   %           kPa
 ------ ---- -- - ----- ---------- -------- -------- -------- ----- ----- -------- -------- ----- ---- ------ -----
   141w 29.0 1  0  4077 2004:03:01 3.066203 1.504628 5.582282 490.7 64.55                    3506 .51g -.008w -32.0
   142w 31.0 1  0  4108 2004:04:01 3.021961 1.464861 5.474778 484.7 64.43                    3474 .51g  .008o -33.2
   143w 30.0 1  0  4138 2004:05:01 2.980770 1.428379 5.370348 479.2 64.31                    3443 .52g  .008o -31.3
   144w 31.0 1  0  4169 2004:06:01 2.939657 1.392313 5.265221 473.6 64.17                    3413 .53g  .008o -31.4
   145w 30.0 1  0  4199 2004:07:01 2.901211 1.360215 5.165095 468.8 64.03                    3383 .53g -.007w -29.7
   146w 31.0 1  0  4230 2004:08:01 2.862811 1.327281 5.064887 463.6 63.89                    3354 .54g -.008w -29.9
   147w 31.0 1  0  4261 2004:09:01 2.825688 1.294899 4.968669 458.3 63.75                    3326 .54g -.008w -29.2
   148w 30.0 1  0  4291 2004:10:01 2.790867 1.264062 4.879955 452.9 63.62                    3299 .55g -.007w -27.6
   149w 31.0 1  0  4322 2004:11:01 2.756038 1.232730 4.792609 447.3 63.49                    3272 .56g -.008w -27.8
   150w 30.0 1  0  4352 2004:12:01 2.723401 1.202829 4.711868 441.7 63.37                    3246 .56g -.007w -26.2
   151w 31.0 1  0  4383 2005:01:01 2.690801 1.172337 4.632320 435.7 63.26                    3221 .57g -.008w -26.4
   152w 31.0 1  0  4414 2005:02:01 2.659324 1.142321 4.556014 429.6 63.14                    3196 .57g -.008w -25.7
   153w 28.0 1  0  4442 2005:03:01 2.631770 1.115568 4.489841 423.9 63.05                    3174 .58g -.007w -22.7
   154w 31.0 1  0  4473 2005:04:01 2.602336 1.086701 4.418625 417.6 62.93                    3150 .59g -.008w -24.4
   155w 30.0 1  0  4503 2005:05:01 2.574545 1.059020 4.356062 411.3 62.85                    3128 .59g -.007w -23.0
   156w 31.0 1  0  4534 2005:06:01 2.546927 1.033107 4.291640 405.6 62.76                    3105 .60g -.008w -23.2
   157w 30.0 1  0  4564 2005:07:01 2.521377 1.006807 4.232281 399.3 62.67                    3084 .60g -.007w -21.9
   158w 31.0 1  0  4595 2005:08:01 2.495529 .9813400 4.170331 393.2 62.56                    3063 .61g -.008w -22.0
   159w 31.0 1  0  4626 2005:09:01 2.470904 .9551538 4.105682 386.6 62.43                    3042 .61g -.008w -52.5
   160w 30.0 1  0  4656 2005:10:01 2.447754 .9307206 4.044883 380.2 62.30                    3023 .62g -.007w -28.4

                                    I M E X   T I M E   S T E P   S U M M A R Y
 ==================================================================================================================
    Time Step           Time                  Total Production             Total Injection  Total Max. Max. Change
 ---------------- ---------------- -------------------------------------- -----------------  PV   Mat. ------------
                C                    Oil      Gas     Water   GOR.  Wat.    Gas     Water   Avg.  bal. Satur. Pres.
        Size    U                                              M3/   Cut                    Pres. err. DSMAX  DPMAX
  No.   Days IT T Days   yy:mm:dd    M3/D    MM3/D     M3/D     M3    %    MM3/D     M3/D    kPa   %           kPa
 ------ ---- -- - ----- ---------- -------- -------- -------- ----- ----- -------- -------- ----- ---- ------ -----
   161w 31.0 1  0  4687 2005:11:01 2.424593 .9062695 3.984174 373.8 62.17                    3003 .63g -.008w -21.4
   162w 30.0 1  0  4717 2005:12:01 2.402818 .8832709 3.927895 367.6 62.05                    2984 .63g -.007w -19.1
   163w 31.0 1  0  4748 2006:01:01 2.380798 .8587882 3.874321 360.7 61.94                    2966 .63g -.008w -19.5
   164w 31.0 1  0  4779 2006:02:01 2.359378 .8346234 3.823074 353.7 61.84                    2947 .63g -.007w -19.1
   165w 28.0 1  0  4807 2006:03:01 2.340597 .8137545 3.777283 347.7 61.74                    2931 .64g -.007w -16.9
   166w 31.0 1  0  4838 2006:04:01 2.320515 .7918694 3.726304 341.2 61.62                    2914 .64g -.007w -18.1
   167w 30.0 1  0  4868 2006:05:01 2.301717 .7715437 3.677464 335.2 61.50                    2897 .65g -.007w -17.1
   168w 31.0 1  0  4899 2006:06:01 2.282939 .7514696 3.627561 329.2 61.37                    2880 .65g -.007w -17.2
   169w 30.0 1  0  4929 2006:07:01 2.265272 .7327978 3.580402 323.5 61.25                    2865 .66g -.007w -16.3
   170w 31.0 1  0  4960 2006:08:01 2.247543 .7142981 3.532506 317.8 61.12                    2849 .66g -.007w -16.4
   171w 31.0 1  0  4991 2006:09:01 2.230270 .6966266 3.486433 312.4 60.99                    2833 .66g -.007w -16.0
   172w 30.0 1  0  5021 2006:10:01 2.213987 .6799218 3.443736 307.1 60.87                    2819 .67g -.007w -15.2
   173w 31.0 1  0  5052 2006:11:01 2.197624 .6632825 3.400628 301.8 60.74                    2804 .67g -.007w -15.3
   174w 30.0 1  0  5082 2006:12:01 2.182241 .6474636 3.360661 296.7 60.63                    2790 .68g -.007w -14.5
   175w 31.0 1  0  5113 2007:01:01 2.166818 .6317710 3.319399 291.6 60.50                    2776 .68g -.007w -14.6
   176w 31.0 1  0  5144 2007:02:01 2.151880 .6165543 3.278529 286.5 60.37                    2762 .69g -.007w -14.3
   177w 28.0 1  0  5172 2007:03:01 2.138753 .6031056 3.242579 282.0 60.26                    2750 .69g -.006w -12.6
   178w 31.0 1  0  5203 2007:04:01 2.124641 .5886976 3.203347 277.1 60.12                    2737 .69g -.007w -13.6
   179w 30.0 1  0  5233 2007:05:01 2.111314 .5755351 3.166055 272.6 59.99                    2724 .70g -.007w -12.9
   180w 31.0 1  0  5264 2007:06:01 2.097899 .5621596 3.128864 268.0 59.86                    2712 .70g -.007w -13.1

                                    I M E X   T I M E   S T E P   S U M M A R Y
 ==================================================================================================================
    Time Step           Time                  Total Production             Total Injection  Total Max. Max. Change
 ---------------- ---------------- -------------------------------------- -----------------  PV   Mat. ------------
                C                    Oil      Gas     Water   GOR.  Wat.    Gas     Water   Avg.  bal. Satur. Pres.
        Size    U                                              M3/   Cut                    Pres. err. DSMAX  DPMAX
  No.   Days IT T Days   yy:mm:dd    M3/D    MM3/D     M3/D     M3    %    MM3/D     M3/D    kPa   %           kPa
 ------ ---- -- - ----- ---------- -------- -------- -------- ----- ----- -------- -------- ----- ---- ------ -----
   181w 30.0 1  0  5294 2007:07:01 2.085265 .5493999 3.094433 263.5 59.74                    2700 .70g -.007w -12.4
   182w 31.0 1  0  5325 2007:08:01 2.072569 .5365570 3.059805 258.9 59.62                    2688 .71g -.007w -12.5
   183w 31.0 1  0  5356 2007:09:01 2.060227 .5239938 3.026245 254.3 59.50                    2676 .71g -.007w -12.2
   184w 30.0 1  0  5386 2007:10:01 2.048612 .5120708 2.994792 250.0 59.38                    2665 .72g -.007w -11.6
   185w 31.0 1  0  5417 2007:11:01 2.036959 .5000430 2.963056 245.5 59.26                    2654 .72g -.007w -11.7
   186w 30.0 1  0  5447 2007:12:01 2.026000 .4886350 2.933182 241.2 59.15                    2643 .72g -.007w -11.1
   187w 31.0 1  0  5478 2008:01:01 2.015008 .4771443 2.902920 236.8 59.03                    2632 .73g -.007w -11.2
   188w 31.0 1  0  5509 2008:02:01 2.004337 .4659421 2.873266 232.5 58.91                    2622 .73g -.007w -10.9
   189w 29.0 1  0  5538 2008:03:01 1.994624 .4556801 2.846215 228.5 58.80                    2612 .73g -.006w -10.0
   190w 31.0 1  0  5569 2008:04:01 1.984541 .4450237 2.817754 224.2 58.68                    2602 .74g -.007w -10.5
   191w 30.0 1  0  5599 2008:05:01 1.975050 .4349645 2.790789 220.2 58.56                    2593 .74g -.006w  -9.9
   192w 31.0 1  0  5630 2008:06:01 1.965516 .4248563 2.763486 216.2 58.44                    2583 .74g -.007w -10.0
   193w 30.0 1  0  5660 2008:07:01 1.956534 .4153251 2.737638 212.3 58.32                    2574 .75g -.006w -44.2
   194w 31.0 1  0  5691 2008:08:01 1.947504 .4057657 2.711347 208.4 58.20                    2565 .75g -.007w -23.3
   195w 31.0 1  0  5722 2008:09:01 1.938724 .3965210 2.685293 204.5 58.07                    2556 .75g -.006w -14.7
   196w 30.0 1  0  5752 2008:10:01 1.930450 .3878409 2.660341 200.9 57.95                    2548 .76g -.006w -45.8
   197w 31.0 1  0  5783 2008:11:01 1.922133 .3791751 2.634754 197.3 57.82                    2539 .76g -.006w -27.8
   198w 30.0 1  0  5813 2008:12:01 1.914293 .3710779 2.610213 193.8 57.69                    2531 .76g -.006w -17.4
   199w 31.0 1  0  5844 2009:01:01 1.906422 .3629251 2.588600 190.4 57.59                    2523 .77g -.006w -13.4
   200w 31.0 1  0  5875 2009:02:01 1.899107 .3556130 2.565358 187.3 57.46                    2515 .77g  .006o -10.6

                                    I M E X   T I M E   S T E P   S U M M A R Y
 ==================================================================================================================
    Time Step           Time                  Total Production             Total Injection  Total Max. Max. Change
 ---------------- ---------------- -------------------------------------- -----------------  PV   Mat. ------------
                C                    Oil      Gas     Water   GOR.  Wat.    Gas     Water   Avg.  bal. Satur. Pres.
        Size    U                                              M3/   Cut                    Pres. err. DSMAX  DPMAX
  No.   Days IT T Days   yy:mm:dd    M3/D    MM3/D     M3/D     M3    %    MM3/D     M3/D    kPa   %           kPa
 ------ ---- -- - ----- ---------- -------- -------- -------- ----- ----- -------- -------- ----- ---- ------ -----
   201w 28.0 1  0  5903 2009:03:01 1.892727 .3489561 2.544957 184.4 57.35                    2507 .77g  .005o -7.84
   202w 31.0 1  0  5934 2009:04:01 1.885866 .3417990 2.522623 181.2 57.22                    2500 .78g  .006o -8.17
   203w 30.0 1  0  5964 2009:05:01 1.879628 .3342840 2.501302 177.8 57.10                    2492 .78g  .005o -7.76
   204w 31.0 1  0  5995 2009:06:01 1.873567 .3264279 2.479188 174.2 56.96                    2485 .78g  .006o -7.84
   205w 30.0 1  0  6025 2009:07:01 1.867937 .3190135 2.457784 170.8 56.82                    2478 .78g  .005o -7.45
   206w 31.0 1  0  6056 2009:08:01 1.862284 .3117532 2.435735 167.4 56.67                    2471 .79g  .006o -7.53
   207w 31.0 1  0  6087 2009:09:01 1.856720 .3049057 2.414022 164.2 56.52                    2464 .79g  .006o -7.39
   208w 30.0 1  0  6117 2009:10:01 1.851383 .2986424 2.393504 161.3 56.39                    2457 .79g  .005o -7.03
   209w 31.0 1  0  6148 2009:11:01 1.845904 .2925395 2.372845 158.5 56.25                    2450 .80g  .005o -7.12
   210w 30.0 1  0  6178 2009:12:01 1.840630 .2869271 2.353425 155.9 56.11                    2444 .80g  .005o -6.78
   211w 31.0 1  0  6209 2010:01:01 1.834945 .2813356 2.334497 153.3 55.99                    2437 .80g  .005o -6.87
   212w 31.0 1  0  6240 2010:02:01 1.829362 .2758570 2.316074 150.8 55.87                    2431 .80g  .005o -6.75
   213w 28.0 1  0  6268 2010:03:01 1.824349 .2711118 2.299916 148.6 55.77                    2425 .81g  .005o -6.02
   214w 31.0 1  0  6299 2010:04:01 1.818853 .2660761 2.282468 146.3 55.65                    2419 .81g  .005o -6.52
   215w 30.0 1  0  6329 2010:05:01 1.813592 .2613607 2.266019 144.1 55.54                    2413 .81g  .005o -6.23
   216w 31.0 1  0  6360 2010:06:01 1.808228 .2566548 2.249381 141.9 55.44                    2407 .82g  .005o -6.32
   217w 30.0 1  0  6390 2010:07:01 1.803078 .2521156 2.233955 139.8 55.34                    2402 .82g  .005o -6.05
   218w 31.0 1  0  6421 2010:08:01 1.797708 .2471603 2.219214 137.5 55.25                    2396 .82g  .005o -6.23
   219w 31.0 1  0  6452 2010:09:01 1.792440 .2423444 2.204648 135.2 55.16                    2390 .82g  .005o -6.14
   220w 30.0 1  0  6482 2010:10:01 1.787448 .2379178 2.190388 133.1 55.06                    2385 .82g  .005o -5.89

                                    I M E X   T I M E   S T E P   S U M M A R Y
 ==================================================================================================================
    Time Step           Time                  Total Production             Total Injection  Total Max. Max. Change
 ---------------- ---------------- -------------------------------------- -----------------  PV   Mat. ------------
                C                    Oil      Gas     Water   GOR.  Wat.    Gas     Water   Avg.  bal. Satur. Pres.
        Size    U                                              M3/   Cut                    Pres. err. DSMAX  DPMAX
  No.   Days IT T Days   yy:mm:dd    M3/D    MM3/D     M3/D     M3    %    MM3/D     M3/D    kPa   %           kPa
 ------ ---- -- - ----- ---------- -------- -------- -------- ----- ----- -------- -------- ----- ---- ------ -----
   221w 31.0 1  0  6513 2010:11:01 1.782393 .2335944 2.175422 131.1 54.97                    2379 .83g  .005o -5.94
   222w 30.0 1  0  6543 2010:12:01 1.777607 .2296102 2.160744 129.2 54.86                    2374 .83g  .005o -5.68
   223w 31.0 1  0  6574 2011:01:01 1.772760 .2256989 2.145433 127.3 54.76                    2368 .83g -.005w -50.3
   224w 31.0 1  0  6605 2011:02:01 1.767997 .2219840 2.130048 125.6 54.64                    2363 .83g -.005w -7.16
   225w 28.0 1  0  6633 2011:03:01 1.763757 .2187818 2.116147 124.0 54.54                    2358 .84g -.004w -28.8
   226w 31.0 1  0  6664 2011:04:01 1.759125 .2154033 2.100806 122.4 54.43                    2353 .84g -.005w -15.3
   227w 30.0 1  0  6694 2011:05:01 1.754684 .2122751 2.086119 121.0 54.31                    2348 .84g -.005w -8.38
   228w 31.0 1  0  6725 2011:06:01 1.750147 .2091622 2.071139 119.5 54.20                    2343 .84g -.005w -6.32
   229w 30.0 1  0  6755 2011:07:01 1.745784 .2062657 2.056897 118.2 54.09                    2338 .85g -.005w -5.15
   230w 31.0 1  0  6786 2011:08:01 1.741325 .2033475 2.042495 116.8 53.98                    2333 .85g -.005w -5.25
   231w 31.0 1  0  6817 2011:09:01 1.736917 .2005146 2.028282 115.4 53.87                    2328 .85g -.005w -5.18
   232w 30.0 1  0  6847 2011:10:01 1.732539 .1987366 2.014095 114.7 53.76                    2324 .85g -.005w -4.98
   233w 31.0 1  0  6878 2011:11:01 1.727993 .1965529 2.000375 113.7 53.65                    2319 .86g -.005w -5.08
   234w 30.0 1  0  6908 2011:12:01 1.723665 .1943524 1.987569 112.8 53.56                    2314 .86g -.005w -4.88
   235w 31.0 1  0  6939 2012:01:01 1.719262 .1920374 1.974674 111.7 53.46                    2310 .86g -.005w -4.97
   236w 31.0 1  0  6970 2012:02:01 1.714919 .1897072 1.962045 110.6 53.36                    2305 .86g -.005w -4.92
   237w 29.0 1  0  6999 2012:03:01 1.710909 .1875258 1.950457 109.6 53.27                    2301 .86g -.005w -4.56
   238w 31.0 1  0  7030 2012:04:01 1.706679 .1851777 1.938370 108.5 53.18                    2296 .87g -.005w -4.80
   239w 30.0 1  0  7060 2012:05:01 1.702626 .1829164 1.926954 107.4 53.09                    2292 .87g -.005w -4.61
   240w 31.0 1  0  7091 2012:06:01 1.698488 .1805690 1.915503 106.3 53.00                    2288 .87g -.005w -4.70

                                    I M E X   T I M E   S T E P   S U M M A R Y
 ==================================================================================================================
    Time Step           Time                  Total Production             Total Injection  Total Max. Max. Change
 ---------------- ---------------- -------------------------------------- -----------------  PV   Mat. ------------
                C                    Oil      Gas     Water   GOR.  Wat.    Gas     Water   Avg.  bal. Satur. Pres.
        Size    U                                              M3/   Cut                    Pres. err. DSMAX  DPMAX
  No.   Days IT T Days   yy:mm:dd    M3/D    MM3/D     M3/D     M3    %    MM3/D     M3/D    kPa   %           kPa
 ------ ---- -- - ----- ---------- -------- -------- -------- ----- ----- -------- -------- ----- ---- ------ -----
   241w 30.0 1  0  7121 2012:07:01 1.694534 .1783070 1.904621 105.2 52.92                    2284 .87g -.005w -4.50
   242w 31.0 1  0  7152 2012:08:01 1.690498 .1759302 1.893829 104.1 52.84                    2279 .88g -.005w -4.59
   243w 31.0 1  0  7183 2012:09:01 1.686498 .1735175 1.883593 102.9 52.76                    2275 .88g -.005w -4.54
   244w 30.0 1  0  7213 2012:10:01 1.682658 .1711322 1.874287 101.7 52.69                    2271 .88g -.005w -4.35
   245w 31.0 1  0  7244 2012:11:01 1.678722 .1686113 1.865318 100.4 52.63                    2267 .88g -.005w -4.43
   246w 30.0 1  0  7274 2012:12:01 1.674943 .1661272 1.857237 99.18 52.58                    2263 .89g -.005w -4.24
   247w 31.0 1  0  7305 2013:01:01 1.671079 .1635440 1.849342 97.87 52.53                    2259 .89g -.005w -4.32
   248w 31.0 1  0  7336 2013:02:01 1.667256 .1609336 1.841964 96.53 52.49                    2255 .89g -.005w -4.27
   249w 28.0 1  0  7364 2013:03:01 1.663831 .1585719 1.835716 95.31 52.46                    2252 .89g -.004w -3.82
   250w 31.0 1  0  7395 2013:04:01 1.660079 .1559589 1.829216 93.95 52.42                    2248 .89g -.005w -4.16
   251w 30.0 1  0  7425 2013:05:01 1.656492 .1534545 1.823214 92.64 52.40                    2245 .89g -.005w -3.97
   252w 31.0 1  0  7456 2013:06:01 1.652841 .1509200 1.817120 91.31 52.37                    2241 .90g -.005w -4.05
   253w 30.0 1  0  7486 2013:07:01 1.649368 .1485301 1.811201 90.05 52.34                    2237 .90g -.005w -3.86
   254w 31.0 1  0  7517 2013:08:01 1.645849 .1461382 1.804963 88.79 52.31                    2234 .90g -.005w -3.93
   255w 31.0 1  0  7548 2013:09:01 1.642401 .1438295 1.798554 87.57 52.27                    2230 .90g -.005w -3.87
   256w 30.0 1  0  7578 2013:10:01 1.639129 .1416849 1.792157 86.44 52.23                    2227 .90g -.005w -3.69
   257w 31.0 1  0  7609 2013:11:01 1.635805 .1395646 1.785364 85.32 52.19                    2223 .91g -.005w -3.76
   258w 30.0 1  0  7639 2013:12:01 1.632642 .1376129 1.778576 84.29 52.14                    2220 .91g -.005w -3.59
   259w 31.0 1  0  7670 2014:01:01 1.629428 .1356922 1.771350 83.28 52.09                    2217 .91g -.005w -3.66
   260w 31.0 1  0  7701 2014:02:01 1.626260 .1338638 1.763972 82.31 52.03                    2213 .91g -.005w -3.61

                                    I M E X   T I M E   S T E P   S U M M A R Y
 ==================================================================================================================
    Time Step           Time                  Total Production             Total Injection  Total Max. Max. Change
 ---------------- ---------------- -------------------------------------- -----------------  PV   Mat. ------------
                C                    Oil      Gas     Water   GOR.  Wat.    Gas     Water   Avg.  bal. Satur. Pres.
        Size    U                                              M3/   Cut                    Pres. err. DSMAX  DPMAX
  No.   Days IT T Days   yy:mm:dd    M3/D    MM3/D     M3/D     M3    %    MM3/D     M3/D    kPa   %           kPa
 ------ ---- -- - ----- ---------- -------- -------- -------- ----- ----- -------- -------- ----- ---- ------ -----
   261w 28.0 1  0  7729 2014:03:01 1.623432 .1322848 1.757228 81.48 51.98                    2210 .91g -.004w -3.23
   262w 31.0 1  0  7760 2014:04:01 1.620311 .1305973 1.749961 80.60 51.92                    2207 .91g -.005w -3.52
   263w 30.0 1  0  7790 2014:05:01 1.617265 .1290169 1.743379 79.77 51.88                    2204 .92g -.004w -3.38
   264w 31.0 1  0  7821 2014:06:01 1.614149 .1274878 1.736338 78.98 51.82                    2200 .92g -.005w -3.46
   265w 30.0 1  0  7851 2014:07:01 1.611163 .1260744 1.729456 78.25 51.77                    2197 .92g -.004w -3.32
   266w 31.0 1  0  7882 2014:08:01 1.608102 .1246821 1.722296 77.53 51.71                    2194 .92g -.005w -3.39
   267w 31.0 1  0  7913 2014:09:01 1.605065 .1233389 1.715184 76.84 51.66                    2191 .92g -.005w -3.37
   268w 30.0 1  0  7943 2014:10:01 1.602145 .1220789 1.708387 76.20 51.60                    2188 .92g -.004w -3.23
   269w 31.0 1  0  7974 2014:11:01 1.599145 .1208192 1.701454 75.55 51.55                    2185 .93g -.005w -3.31
   270w 30.0 1  0  8004 2014:12:01 1.596254 .1196338 1.694850 74.95 51.50                    2182 .93g -.004w -3.18
   271w 31.0 1  0  8035 2015:01:01 1.593284 .1184444 1.688120 74.34 51.45                    2179 .93g -.005w -7.85
   272w 31.0 1  0  8066 2015:02:01 1.590327 .1172837 1.681505 73.75 51.39                    2176 .93g -.005w -7.76
   273w 28.0 1  0  8094 2015:03:01 1.587671 .1162659 1.675598 73.23 51.35                    2173 .93g -.004w -6.84
   274w 31.0 1  0  8125 2015:04:01 1.584739 .1151599 1.669212 72.67 51.30                    2170 .93g -.005w -7.42
   275w 30.0 1  0  8155 2015:05:01 1.581879 .1142980 1.662983 72.25 51.25                    2167 .94g -.004w -6.89
   276w 31.0 1  0  8186 2015:06:01 1.578902 .1133651 1.656864 71.80 51.20                    2164 .94g -.005w -6.91
   277w 30.0 1  0  8216 2015:07:01 1.576035 .1124668 1.651095 71.36 51.16                    2161 .94g -.004w -6.49
   278w 31.0 1  0  8247 2015:08:01 1.573086 .1115456 1.645275 70.91 51.12                    2159 .94g -.004w -6.45
   279w 31.0 1  0  8278 2015:09:01 1.570154 .1106398 1.639538 70.46 51.08                    2156 .94g -.004w -6.17
   280w 30.0 1  0  8308 2015:10:01 1.567335 .1097755 1.634068 70.04 51.04                    2153 .94g -.004w -5.66

                                    I M E X   T I M E   S T E P   S U M M A R Y
 ==================================================================================================================
    Time Step           Time                  Total Production             Total Injection  Total Max. Max. Change
 ---------------- ---------------- -------------------------------------- -----------------  PV   Mat. ------------
                C                    Oil      Gas     Water   GOR.  Wat.    Gas     Water   Avg.  bal. Satur. Pres.
        Size    U                                              M3/   Cut                    Pres. err. DSMAX  DPMAX
  No.   Days IT T Days   yy:mm:dd    M3/D    MM3/D     M3/D     M3    %    MM3/D     M3/D    kPa   %           kPa
 ------ ---- -- - ----- ---------- -------- -------- -------- ----- ----- -------- -------- ----- ---- ------ -----
   281w 31.0 1  0  8339 2015:11:01 1.564441 .1088945 1.628480 69.61 51.00                    2150 .95g -.004w -5.59
   282w 30.0 1  0  8369 2015:12:01 1.561660 .1080625 1.623091 69.20 50.96                    2147 .95g -.004w -5.16
   283w 31.0 1  0  8400 2016:01:01 1.558803 .1072134 1.617604 68.78 50.93                    2145 .95g -.004w -5.06
   284w 31.0 1  0  8431 2016:02:01 1.555963 .1063790 1.612190 68.37 50.89                    2142 .95g -.004w -4.78
   285w 29.0 1  0  8460 2016:03:01 1.553405 .1055677 1.606978 67.96 50.85                    2139 .95g -.004w -4.18
   286w 31.0 1  0  8491 2016:04:01 1.550665 .1047413 1.601461 67.55 50.81                    2137 .95g -.004w -4.23
   287w 30.0 1  0  8521 2016:05:01 1.548012 .1039767 1.596194 67.17 50.77                    2134 .95g -.004w -3.48
   288w 31.0 1  0  8552 2016:06:01 1.545268 .1032180 1.590840 66.80 50.73                    2131 .96g -.004w -3.43
   289w 30.0 1  0  8582 2016:07:01 1.542611 .1025082 1.585773 66.45 50.69                    2129 .96g -.004w -3.22
   290w 31.0 1  0  8613 2016:08:01 1.539862 .1017984 1.580652 66.11 50.65                    2126 .96g -.004w -3.25
   291w 31.0 1  0  8644 2016:09:01 1.537112 .1011118 1.575640 65.78 50.62                    2123 .96g -.004w -3.14
   292w 30.0 1  0  8674 2016:10:01 1.534451 .1004705 1.570882 65.48 50.59                    2121 .96g -.004w -2.91
   293w 31.0 1  0  8705 2016:11:01 1.531703 .0998284 1.566050 65.17 50.55                    2118 .96g -.004w -2.90
   294w 30.0 1  0  8735 2016:12:01 1.529046 .0992284 1.561448 64.90 50.52                    2116 .96g -.004w -2.71
   295w 31.0 1  0  8766 2017:01:01 1.526303 .0986290 1.556763 64.62 50.49                    2113 .97g -.004w -2.78
   296w 31.0 1  0  8797 2017:02:01 1.524283 .0975339 1.550679 63.99 50.43                    2111 .97g -.004w -2.77
   297w 28.0 1  0  8825 2017:03:01 1.522342 .0967305 1.545086 63.54 50.37                    2108 .97g -.004w -2.49
   298w 31.0 1  0  8856 2017:04:01 1.519996 .0960375 1.539299 63.18 50.32                    2106 .97g -.004w -2.72
   299w 30.0 1  0  8886 2017:05:01 1.517583 .0955054 1.534032 62.93 50.27                    2103 .97g -.004w -2.62
   300w 31.0 1  0  8917 2017:06:01 1.514989 .0950311 1.528971 62.73 50.23                    2101 .97g -.004w -2.69

                                    I M E X   T I M E   S T E P   S U M M A R Y
 ==================================================================================================================
    Time Step           Time                  Total Production             Total Injection  Total Max. Max. Change
 ---------------- ---------------- -------------------------------------- -----------------  PV   Mat. ------------
                C                    Oil      Gas     Water   GOR.  Wat.    Gas     Water   Avg.  bal. Satur. Pres.
        Size    U                                              M3/   Cut                    Pres. err. DSMAX  DPMAX
  No.   Days IT T Days   yy:mm:dd    M3/D    MM3/D     M3/D     M3    %    MM3/D     M3/D    kPa   %           kPa
 ------ ---- -- - ----- ---------- -------- -------- -------- ----- ----- -------- -------- ----- ---- ------ -----
   301w 30.0 1  0  8947 2017:07:01 1.512417 .0946260 1.524314 62.57 50.20                    2099 .98g -.004w -2.60
   302w 31.0 1  0  8978 2017:08:01 1.509719 .0942333 1.519728 62.42 50.17                    2096 .98g -.004w -2.67
   303w 31.0 1  0  9009 2017:09:01 1.506998 .0938623 1.515293 62.28 50.14                    2094 .98g -.004w -2.66
   304w 30.0 1  0  9039 2017:10:01 1.504354 .0935159 1.511110 62.16 50.11                    2091 .98g -.003w -2.56
   305w 31.0 1  0  9070 2017:11:01 1.501618 .0931749 1.506837 62.05 50.09                    2089 .98g -.003w -2.63
   306w 30.0 1  0  9100 2017:12:01 1.498972 .0928562 1.502741 61.95 50.06                    2086 .98g -.003w -2.54
   307w 31.0 1  0  9131 2018:01:01 1.496242 .0925295 1.498569 61.84 50.04                    2084 .98g -.003w -2.61
   308w 31.0 1  0  9162 2018:02:01 1.493516 .0922075 1.494447 61.74 50.02                    2082 .99g -.003w -2.61
   309w 28.0 1  0  9190 2018:03:01 1.491059 .0919285 1.490737 61.65 49.99                    2079 .99g -.003w -2.35
   310w 31.0 1  0  9221 2018:04:01 1.488343 .0916179 1.486699 61.56 49.97                    2077 .99g -.003w -2.59
   311w 30.0 1  0  9251 2018:05:01 1.485720 .0913267 1.482820 61.47 49.95                    2075 .99g -.003w -2.50
   312w 31.0 1  0  9282 2018:06:01 1.483014 .0910287 1.478858 61.38 49.93                    2072 .99g -.003w -2.57
   313w 30.0 1  0  9312 2018:07:01 1.480400 .0907553 1.475015 61.30 49.91                    2070 .99g -.003w -2.48
   314w 31.0 1  0  9343 2018:08:01 1.477704 .0904758 1.471085 61.23 49.89                    2068 .99g -.003w -2.55
   315w 31.0 1  0  9374 2018:09:01 1.475014 .0902024 1.467190 61.15 49.87                    2065 .99g -.003w -2.55
   316w 30.0 1  0  9404 2018:10:01 1.472415 .0899450 1.463455 61.09 49.85                    2063 1.0g -.003w -2.46
   317w 31.0 1  0  9435 2018:11:01 1.469728 .0897324 1.459583 61.05 49.83                    2061 1.0g -.003w -2.53
   318w 30.0 1  0  9465 2018:12:01 1.467122 .0895398 1.455880 61.03 49.81                    2058 1.0g -.003w -2.45
   319w 31.0 1  0  9496 2019:01:01 1.464421 .0892554 1.452390 60.95 49.79                    2056 1.0g -.003w -2.53
   320w 31.0 1  0  9527 2019:02:01 1.461725 .0889676 1.448991 60.86 49.78                    2054 1.0g -.003w -2.53

                                    I M E X   T I M E   S T E P   S U M M A R Y
 ==================================================================================================================
    Time Step           Time                  Total Production             Total Injection  Total Max. Max. Change
 ---------------- ---------------- -------------------------------------- -----------------  PV   Mat. ------------
                C                    Oil      Gas     Water   GOR.  Wat.    Gas     Water   Avg.  bal. Satur. Pres.
        Size    U                                              M3/   Cut                    Pres. err. DSMAX  DPMAX
  No.   Days IT T Days   yy:mm:dd    M3/D    MM3/D     M3/D     M3    %    MM3/D     M3/D    kPa   %           kPa
 ------ ---- -- - ----- ---------- -------- -------- -------- ----- ----- -------- -------- ----- ---- ------ -----
   321w 28.0 1  0  9555 2019:03:01 1.459294 .0887463 1.445854 60.81 49.77                    2052 1.0g -.003w -2.28
   322w 31.0 1  0  9586 2019:04:01 1.456601 .0884857 1.442475 60.75 49.76                    2049 1.0g -.003w -2.51
   323w 30.0 1  0  9616 2019:05:01 1.454000 .0882461 1.439216 60.69 49.74                    2047 1.0g -.003w -2.43
   324w 31.0 1  0  9647 2019:06:01 1.451315 .0880003 1.435889 60.63 49.73                    2045 1.0g -.003w -2.50
   325w 30.0 1  0  9677 2019:07:01 1.448721 .0877762 1.432672 60.59 49.72                    2043 1.0g -.003w -2.42
   326w 31.0 1  0  9708 2019:08:01 1.446044 .0875465 1.429381 60.54 49.71                    2040 1.0g -.003w -2.48
   327w 31.0 1  0  9739 2019:09:01 1.443373 .0873226 1.426113 60.50 49.70                    2038 1.0g -.003w -2.47
   328w 30.0 1  0  9769 2019:10:01 1.440792 .0871171 1.422954 60.46 49.69                    2036 1.0g -.003w -2.39
   329w 31.0 1  0  9800 2019:11:01 1.438130 .0869060 1.419720 60.43 49.68                    2033 1.0g -.003w -2.46
   330w 30.0 1  0  9830 2019:12:01 1.435578 .0866981 1.416547 60.39 49.67                    2031 1.0g -.003w -2.37
   331w 31.0 1  0  9861 2020:01:01 1.432939 .0864956 1.413279 60.36 49.65                    2029 1.0g -.003w -2.44
   332w 31.0 1  0  9892 2020:02:01 1.430298 .0863070 1.410028 60.34 49.64                    2027 1.0g -.003w -2.44

 ===================== SUMMARY (from subroutine: TSIO)   ======================
  Simulation run terminated. Stopping time reached.
    
     2 Warning messages.    0 Error messages.
 ==============================================================================


       Field Total                                   Fluid
                             Oil       Gas       Water    Solvent   Polymer   Seawater
                            -------   -------   -------   -------   -------   -------
                            (MSM3)    (MMSM3)   (MSM3)    (MMSM3)   (MKG)     (MSM3)
  Cumulative Production      36.156    6.3571    88.422     NA        NA        NA   
  Cumulative Injection        NA         0         0        NA        NA        NA   
  Cumulative Gas Lift         NA         0        NA        NA        NA        NA   
  Cumulative Water Influx     NA        NA         0        NA        NA        NA   
  Current Fluids In Place    258.26    2.4923    782.61     NA        NA        NA   
  Production Rates           .00143    863e-7    .00141     NA        NA        NA   
  Injection Rates             NA         0         0        NA        NA        NA   

  Timesteps:    332  Newton Cycles:      339  Cuts:      1  Solver Iterations:         5805
  Average Implicitness    : 0.185
  Material Balances (owg): 1.001 1.000 1.010
  Average Active Blocks:         500 Average Non-BHP Active Wells:     0
  Total Blocks :         500 Total Wells :     1
  Active Blocks:         500 Non-BHP Active Wells:     0
  Total lstpro/lstpar calls:     3
  Time at end of simulation:   9892.00     (days)   
  Average reservoir pressure excluding water zone: 1602.807 (kPa)    
  Total Number of Solver Failures:       0  Stalls:       0  ITERMAX Reached:       0
  Jacobian Domains      4
  Linear Solver: Parasol
  Number of level 1 solver classes:    3
  AUTOPSLAB Cutting Direction:    J
  Preconditioner Ordering     REDBLACK
  Preconditioner Degree aa, ab, as, bb, ba:    1    2    1    1    1
  KMP_AFFINITY: Default
  OMP_SCHEDULE: Default
  Max Impl Blocks:      121  %Impl: 24.2%  (TS,CUT,NCYC): (  159, 0,  1 )
  Max Solver Iterations (TS,CUT,NCYC):      19 (   84, 0,  1 )
  Number of threads set:    4
  Total number of cpus:    4
  Memory Usage Peak:       57 MB on TS:  298  TS 1 Peak:       33 MB  Average:       43 MB  VM Size:       67 MB
  Memory Usage Final Size:         58 MB
  Host computer: EHSANR-LT

  End of Simulation: Normal Termination

  CPU Time:             8.20 seconds
  Elapsed Time:         2.31 seconds

  Date and Time of End of Run:  Feb 27, 2020  16:29:11

