    Opened LOG FILE         on unit 10, filename is "D:\CMG's Modelling Workflow_2019-10\Prediction\IMEX_TUTORIAL_PRED_GAS.log"
 ********************************************************************************
 *                                                                              *
 *                                IMEX  2019.10                                 *
 *                   Adaptive - Implicit Black Oil Simulator                    *
 *                         General Release for Win x64                          *
 *                            2019-Sep-10   17:57:17                            *
 *                                                                              *
 *                          (c) Copyright 1977 - 2019                           *
 *                Computer Modelling Group Ltd., Calgary, Canada                *
 *                             All Rights Reserved                              *
 *                                                                              *
 ********************************************************************************


 Command-line Arguments:  -f D:\CMG's Modelling Workflow_2019-10\Prediction\IMEX_TUTORIAL_PRED_GAS.dat
                          -wd D:\CMG's Modelling Workflow_2019-10\Prediction
                          -r D:\CMG's Modelling Workflow_2019-10\Prediction\IMEX_TUTORIAL_HM_Matched.sr3
                          -log
                          -doms
                          -parasol 4
                          -wait
                          -parent IMEX_TUTORIAL_HM_Matched

  Date and Time of Start of Run:  Nov 22, 2019  11:17:41


*** Input/Output files specification :
    Opened data file        on unit 11, filename is "D:\CMG's Modelling Workflow_2019-10\Prediction\IMEX_TUTORIAL_PRED_GAS.dat"
    Opened Scratch file     on unit 12
    Opened Scratch file     on unit 13
    Opened output file      on unit 14, filename is "D:\CMG's Modelling Workflow_2019-10\Prediction\IMEX_TUTORIAL_PRED_GAS.out"
    Opened SR3-OUT          on unit 15, filename is "D:\CMG's Modelling Workflow_2019-10\Prediction\IMEX_TUTORIAL_PRED_GAS.sr3"
    Opened INDEX-OUT        on unit 16, filename is "D:\CMG's Modelling Workflow_2019-10\Prediction\IMEX_TUTORIAL_PRED_GAS.irf"
    Opened MAIN-RESULTS-OUT on unit 17, filename is "D:\CMG's Modelling Workflow_2019-10\Prediction\IMEX_TUTORIAL_PRED_GAS.mrf"

 =================== WARNING (from subroutine: GRDLST_CHK) ====================
  Solvent property related printout is being disabled
  This MODEL option does not allow solvent property output.
  Line: 18   File Name: D:\CMG's Modelling Workflow_2019-10\Prediction\IMEX_TUTORIAL_PRED_GAS.dat
 ==============================================================================

    Opened GRID scratchfile on unit 18

 ===================== SUMMARY (from subroutine: INDATA) ======================
  Reading of initial data is complete.
  Simulation will stop if there were error messages.
     1 Warning messages.    0 Error messages.
 ==============================================================================

    Opened SR3-IN           on unit 19, filename is "D:\CMG's Modelling Workflow_2019-10\Prediction\IMEX_TUTORIAL_HM_Matched.sr3"

                                    I M E X   T I M E   S T E P   S U M M A R Y
 ==================================================================================================================
    Time Step           Time                  Total Production             Total Injection  Total Max. Max. Change
 ---------------- ---------------- -------------------------------------- -----------------  PV   Mat. ------------
                C                    Oil      Gas     Water   GOR.  Wat.    Gas     Water   Avg.  bal. Satur. Pres.
        Size    U                                              M3/   Cut                    Pres. err. DSMAX  DPMAX
  No.   Days IT T Days   yy:mm:dd    M3/D    MM3/D     M3/D     M3    %    MM3/D     M3/D    kPa   %           kPa
 ------ ---- -- - ----- ---------- -------- -------- -------- ----- ----- -------- -------- ----- ---- ------ -----
   248w 31.0 2  0  6240 2010:02:01 101.5777 23.36225 40.28231 230.0 28.40                    7085 .27g  .024g  71.8
   249w 1.00 1  0  6241 2010:02:02 92.41063 16.74522 38.19533 181.2 29.24                    7084 .27g  8e-4g  19.9
   250  5.00 2  0  6246 2010:02:07 91.10013 7.855652 37.27749 86.23 29.04                    7084 .27g  .005g  58.9
   251  22.0 4  0  6268 2010:03:01 90.30007  9.53437 34.03175 105.6 27.37                    7080 .27g  .028g  49.9
   252w 1.00 4  0  6269 2010:03:02 89.28888  9.96899 31.90589 111.6 26.33 400.0000           7081 .27g  .005o   946
   253  3.17 4  0  6272 2010:03:05 91.73393 12.45258 31.71715 135.7 25.69 400.0000           7086 .27g  .024g   729
   254  6.52 3  1  6279 2010:03:12 99.36836 18.49589 30.81600 186.1 23.67 400.0000           7095 .27g -.087g   867
   255  7.54 3  0  6286 2010:03:19 109.3652 27.51349 27.59800 251.6 20.15 400.0000           7106 .27g -.081g   611
   256  6.39 2  0  6293 2010:03:26 119.4160 36.41144 22.80845 304.9 16.04 400.0000           7116 .27g -.047g   436
   257  6.39 2  0  6299 2010:04:01 130.3425 45.91310 18.53240 352.2 12.45 400.0000           7126 .27g -.038g   372
   258w 15.0 4  0  6314 2010:04:16 157.5026 68.00852 18.31679 431.8 10.42 400.0000           7147 .27g -.063g   629
   259  15.0 3  0  6329 2010:05:01 186.9796 91.77285 18.10822 490.8 8.829 400.0000           7168 .27g -.058g   471
   260w 15.5 3  0  6345 2010:05:17 222.5698 117.4559 18.46985 527.7 7.663 400.0000           7189 .27g -.056g   366
   261  15.5 4  0  6360 2010:06:01 259.3941 143.7888 22.40986 554.3 7.952 400.0000           7207 .27g -.048g   291
   262w 30.0 4  0  6390 2010:07:01 309.6642 186.6269 46.49263 602.7 13.05 400.0000           7239 .26g -.079g   380
   263w 31.0 4  0  6421 2010:08:01 348.7687 230.6327 74.80450 661.3 17.66 400.0000           7264 .26g  .112g   279
   264w 15.5 2  0  6437 2010:08:17 371.4596 254.2787 94.98911 684.5 20.36 400.0000           7276 .26g -.070g   124
   265  15.5 3  0  6452 2010:09:01 385.5008 273.5680 105.5952 709.6 21.50 400.0000           7285 .26g -.060g  -120
   266w 15.0 1  0  6467 2010:09:16 396.2031 290.1940 114.1118 732.4 22.36 400.0000           7294 .26g -.041g   105
   267  15.0 1  0  6482 2010:10:01 405.1688 305.8196 121.9641 754.8 23.14 400.0000           7301 .26g -.025g   457

                                    I M E X   T I M E   S T E P   S U M M A R Y
 ==================================================================================================================
    Time Step           Time                  Total Production             Total Injection  Total Max. Max. Change
 ---------------- ---------------- -------------------------------------- -----------------  PV   Mat. ------------
                C                    Oil      Gas     Water   GOR.  Wat.    Gas     Water   Avg.  bal. Satur. Pres.
        Size    U                                              M3/   Cut                    Pres. err. DSMAX  DPMAX
  No.   Days IT T Days   yy:mm:dd    M3/D    MM3/D     M3/D     M3    %    MM3/D     M3/D    kPa   %           kPa
 ------ ---- -- - ----- ---------- -------- -------- -------- ----- ----- -------- -------- ----- ---- ------ -----
   268w 31.0 3  0  6513 2010:11:01 413.5877 329.3913 130.1800 796.4 23.94 400.0000           7311 .26g  .042g   116
   269w 30.0 3  0  6543 2010:12:01 421.9111 351.2439 144.1525 832.5 25.47 400.0000           7318 .26g -.040g  91.5
   270w 31.0 5  0  6574 2011:01:01 425.8394 370.0669 155.6515 869.0 26.77 400.0000           7321 .26g  .031g  -131
   271w 31.0 3  0  6605 2011:02:01 424.9638 384.9819 161.8287 905.9 27.58 400.0000           7321 .26g  .034g  -114
   272w 28.0 2  0  6633 2011:03:01 421.5497 395.9465 164.7371 939.3 28.10 400.0000           7319 .26g -.030o -96.5
   273w 31.0 3  0  6664 2011:04:01 415.9374 404.6369 166.5631 972.8 28.59 400.0000           7314 .26g  .036g -76.4
   274w 30.0 3  0  6694 2011:05:01 409.2543 411.2267 167.5314  1005 29.05 400.0000           7309 .26g -.028g -93.9
   275w 31.0 4  0  6725 2011:06:01 401.0016 416.3124 167.5078  1038 29.46 400.0000           7302 .26g -.047g -95.7
   276w 30.0 2  0  6755 2011:07:01 392.5025 419.9033 166.1344  1070 29.74 400.0000           7295 .26g -.111g -62.5
   277w 15.5 1  0  6771 2011:07:17 388.1630 422.0940 164.3565  1087 29.75 400.0000           7291 .26g -.064g -31.2
   278  15.5 1  0  6786 2011:08:01 382.8586 422.9338 162.5543  1105 29.80 400.0000           7287 .26g -.026g -64.7
   279w 31.0 7  0  6817 2011:09:01 372.5966 423.2533 159.6019  1136 29.99 400.0000           7279 .26g -.065g -49.8
   280w 30.0 3  0  6847 2011:10:01 362.8776 423.7865 155.1506  1168 29.95 400.0000           7271 .26g -.037g -49.4
   281w 31.0 1  0  6878 2011:11:01 352.4251 423.4356 150.0508  1201 29.86 400.0000           7262 .26g -.039g -43.8
   282w 30.0 2  0  6908 2011:12:01 342.0100 423.2034 144.4737  1237 29.70 400.0000           7254 .26g -.064g -42.8
   283w 31.0 6  0  6939 2012:01:01 331.1836 422.7020 138.4348  1276 29.48 400.0000           7246 .26g -.060g -98.2
   284w 31.0 3  0  6970 2012:02:01 319.9666 421.9780 131.4586  1319 29.12 400.0000           7239 .26g -.085g -35.1
   285w 29.0 1  0  6999 2012:03:01 309.0773 420.9474 123.9357  1362 28.62 400.0000           7232 .26g -.083g -31.0
   286w 31.0 1  0  7030 2012:04:01 298.2178 419.7905 116.1982  1408 28.04 400.0000           7225 .26g -.079g -59.6
   287w 30.0 2  0  7060 2012:05:01 287.4939 419.0852 108.1594  1458 27.34 400.0000           7218 .26g -.040g -27.9

                                    I M E X   T I M E   S T E P   S U M M A R Y
 ==================================================================================================================
    Time Step           Time                  Total Production             Total Injection  Total Max. Max. Change
 ---------------- ---------------- -------------------------------------- -----------------  PV   Mat. ------------
                C                    Oil      Gas     Water   GOR.  Wat.    Gas     Water   Avg.  bal. Satur. Pres.
        Size    U                                              M3/   Cut                    Pres. err. DSMAX  DPMAX
  No.   Days IT T Days   yy:mm:dd    M3/D    MM3/D     M3/D     M3    %    MM3/D     M3/D    kPa   %           kPa
 ------ ---- -- - ----- ---------- -------- -------- -------- ----- ----- -------- -------- ----- ---- ------ -----
   288w 31.0 2  0  7091 2012:06:01 277.4572 418.1180 101.3381  1507 26.75 400.0000           7212 .26g -.027g -97.3
   289w 30.0 2  0  7121 2012:07:01 267.9288 417.1936 95.02069  1557 26.18 400.0000           7206 .26g -.028g -24.3
   290w 31.0 2  0  7152 2012:08:01 259.0985 416.2001 89.69823  1606 25.72 400.0000           7200 .26g -.031g -33.2
   291w 31.0 2  0  7183 2012:09:01 250.8896 415.2066 85.20051  1655 25.35 400.0000           7195 .26g -.032g -22.3
   292w 30.0 4  0  7213 2012:10:01 243.3167 414.2746 81.31577  1703 25.05 400.0000           7189 .26g -.044g -20.4
   293w 31.0 2  0  7244 2012:11:01 233.8689 412.7962 77.43069  1765 24.87 400.0000           7184 .26g -.167g  26.2
   294w 15.0 1  0  7259 2012:11:16 228.9928 412.7711 74.67943  1803 24.59 400.0000           7182 .26g -.074g  16.0
   295  15.0 1  0  7274 2012:12:01 225.9210 412.3471 73.18921  1825 24.47 400.0000           7180 .26g -.047g  15.2
   296w 31.0 2  0  7305 2013:01:01 221.2711 411.5277 71.16783  1860 24.34 400.0000           7175 .26g -.063g -17.3
   297w 31.0 2  0  7336 2013:02:01 215.5722 410.9715 68.91282  1906 24.22 400.0000           7171 .26g -.035g  18.9
   298w 28.0 3  0  7364 2013:03:01 208.4505 390.5744 66.67843  1874 24.24 400.0000           7169 .26g -.030g   135
   299w 31.0 4  0  7395 2013:04:01 204.1096 395.1556 64.25209  1936 23.94 400.0000           7167 .26g -.088g  38.5
   300w 30.0 1  0  7425 2013:05:01 199.2990 397.9494 61.25034  1997 23.51 400.0000           7164 .26g -.167g  21.5
   301w 15.5 1  0  7441 2013:05:17 194.7323 399.2633 57.59089  2050 22.82 400.0000           7163 .26g -.066g  20.2
   302  15.5 1  0  7456 2013:06:01 192.2031 400.0229 55.71369  2081 22.47 400.0000           7162 .26g -.044g  11.7
   303w 30.0 1  0  7486 2013:07:01 189.0483 400.8429 53.74655  2120 22.14 400.0000           7160 .27g -.043g -11.9
   304w 31.0 1  0  7517 2013:08:01 184.7889 401.4918 51.41720  2173 21.77 400.0000           7157 .27g -.022g  15.9
   305w 31.0 1  0  7548 2013:09:01 180.9157 401.8164 49.77129  2221 21.58 400.0000           7155 .27g -.020g  17.9
   306w 30.0 1  0  7578 2013:10:01 177.2664 402.0013 48.34036  2268 21.43 400.0000           7153 .27g -.018g  19.3
   307w 31.0 1  0  7609 2013:11:01 173.7360 402.0753 46.89927  2314 21.26 400.0000           7150 .27g -.019g  35.2

                                    I M E X   T I M E   S T E P   S U M M A R Y
 ==================================================================================================================
    Time Step           Time                  Total Production             Total Injection  Total Max. Max. Change
 ---------------- ---------------- -------------------------------------- -----------------  PV   Mat. ------------
                C                    Oil      Gas     Water   GOR.  Wat.    Gas     Water   Avg.  bal. Satur. Pres.
        Size    U                                              M3/   Cut                    Pres. err. DSMAX  DPMAX
  No.   Days IT T Days   yy:mm:dd    M3/D    MM3/D     M3/D     M3    %    MM3/D     M3/D    kPa   %           kPa
 ------ ---- -- - ----- ---------- -------- -------- -------- ----- ----- -------- -------- ----- ---- ------ -----
   308w 30.0 1  0  7639 2013:12:01 170.3086 402.0867 45.42776  2361 21.06 400.0000           7148 .27g -.019g  28.2
   309w 31.0 1  0  7670 2014:01:01 166.9746 402.0840 43.86910  2408 20.81 400.0000           7146 .27g -.019g  20.5
   310w 31.0 1  0  7701 2014:02:01 163.6723 402.0881 42.15874  2457 20.48 400.0000           7144 .27g -.020g  23.6
   311w 28.0 1  0  7729 2014:03:01 160.6061 402.0520 40.33197  2503 20.07 400.0000           7142 .27g -.019g  11.4
   312w 31.0 1  0  7760 2014:04:01 157.9806 401.9807 38.98253  2544 19.79 400.0000           7140 .27g -.022g  16.0
   313w 30.0 1  0  7790 2014:05:01 155.4444 401.9212 37.67542  2586 19.51 400.0000           7138 .27g -.021g  9.34
   314w 31.0 1  0  7821 2014:06:01 152.9573 401.7832 36.23751  2627 19.15 400.0000           7136 .27g -.022g  11.2
   315w 30.0 1  0  7851 2014:07:01 150.3575 401.6344 34.36928  2671 18.61 400.0000           7134 .27g -.020g  12.5
   316w 31.0 1  0  7882 2014:08:01 147.4474 401.4466 31.68508  2723 17.69 400.0000           7133 .27g -.020g  17.1
   317w 31.0 1  0  7913 2014:09:01 144.8305 401.2868 29.34881  2771 16.85 400.0000           7131 .27g -.022g  23.3
   318w 30.0 1  0  7943 2014:10:01 142.6864 401.1285 27.69871  2811 16.26 400.0000           7130 .27g -.017g  18.6
   319w 31.0 1  0  7974 2014:11:01 140.8280 401.0001 26.52109  2847 15.85 400.0000           7128 .27g -.018g  11.9
   320w 30.0 1  0  8004 2014:12:01 139.1563 400.8817 25.63314  2881 15.56 400.0000           7127 .27g -.018g  30.0
   321w 31.0 1  0  8035 2015:01:01 137.5858 400.7817 24.89706  2913 15.32 400.0000           7125 .27g -.019g  10.7
   322w 31.0 2  0  8066 2015:02:01 136.1532 400.6721 24.25684  2943 15.12 400.0000           7124 .27g -.017g  11.1
   323w 28.0 1  0  8094 2015:03:01 134.8571 400.5668 23.72161  2970 14.96 400.0000           7123 .27g -.016g  12.3
   324w 31.0 1  0  8125 2015:04:01 133.5490 400.5114 23.18129  2999 14.79 400.0000           7121 .27g -.019g  9.38
   325w 30.0 1  0  8155 2015:05:01 132.2655 400.4525 22.67368  3028 14.63 400.0000           7120 .27g -.019g  11.2
   326w 31.0 1  0  8186 2015:06:01 130.6217 400.3830 21.80681  3065 14.31 400.0000           7119 .27g -.020g  13.2
   327w 30.0 1  0  8216 2015:07:01 128.9247 400.4030 20.86420  3106 13.93 400.0000           7117 .27g -.048g  12.7

                                    I M E X   T I M E   S T E P   S U M M A R Y
 ==================================================================================================================
    Time Step           Time                  Total Production             Total Injection  Total Max. Max. Change
 ---------------- ---------------- -------------------------------------- -----------------  PV   Mat. ------------
                C                    Oil      Gas     Water   GOR.  Wat.    Gas     Water   Avg.  bal. Satur. Pres.
        Size    U                                              M3/   Cut                    Pres. err. DSMAX  DPMAX
  No.   Days IT T Days   yy:mm:dd    M3/D    MM3/D     M3/D     M3    %    MM3/D     M3/D    kPa   %           kPa
 ------ ---- -- - ----- ---------- -------- -------- -------- ----- ----- -------- -------- ----- ---- ------ -----
   328w 31.0 1  0  8247 2015:08:01 127.5458 400.3708 20.19628  3139 13.67 400.0000           7116 .27g -.051g  11.2
   329w 31.0 1  0  8278 2015:09:01 126.3490 400.2605 19.63070  3168 13.45 400.0000           7115 .27g -.039g  12.3
   330w 30.0 1  0  8308 2015:10:01 122.5242 400.0256 17.10054  3265 12.25 400.0000           7114 .27g -.019g  15.4
   331w 31.0 1  0  8339 2015:11:01 121.6579 399.9319 16.93541  3287 12.22 400.0000           7113 .27g -.019g  13.7
   332w 30.0 1  0  8369 2015:12:01 120.8079 399.8267 16.76610  3310 12.19 400.0000           7112 .27g -.018g  17.3
   333w 31.0 1  0  8400 2016:01:01 119.9482 399.7617 16.58798  3333 12.15 400.0000           7111 .27g -.016g  14.1
   334w 31.0 2  0  8431 2016:02:01 119.0781 399.7035 16.40398  3357 12.11 400.0000           7109 .27g -.017g  15.4
   335w 29.0 1  0  8460 2016:03:01 118.2507 399.6125 16.22850  3379 12.07 400.0000           7108 .27g -.019g  17.2
   336w 31.0 1  0  8491 2016:04:01 117.4117 399.5150 16.04280  3403 12.02 400.0000           7107 .27g -.022g  7.78
   337w 30.0 1  0  8521 2016:05:01 116.5841 399.4483 15.85703  3426 11.97 400.0000           7106 .27g -.022g  10.9
   338w 31.0 2  0  8552 2016:06:01 115.7566 399.3551 15.66452  3450 11.92 400.0000           7105 .27g -.023g  12.1
   339w 30.0 1  0  8582 2016:07:01 114.9422 399.2659 15.47153  3474 11.86 400.0000           7104 .27g -.020g  10.9
   340w 31.0 1  0  8613 2016:08:01 114.1367 399.1787 15.27293  3497 11.80 400.0000           7103 .27g -.019g  14.2
   341w 31.0 1  0  8644 2016:09:01 113.3362 399.0956 15.07167  3521 11.74 400.0000           7103 .27g -.020g  20.0
   342w 30.0 1  0  8674 2016:10:01 112.5486 399.0213 14.87213  3545 11.67 400.0000           7102 .27g -.020g  16.5
   343w 31.0 1  0  8705 2016:11:01 111.7498 398.9893 14.66678  3570 11.60 400.0000           7101 .27g -.020g  14.7
   344w 30.0 1  0  8735 2016:12:01 110.9453 398.8790 14.45852  3595 11.53 400.0000           7100 .27g -.017g  21.7
   345w 31.0 1  0  8766 2017:01:01 110.1391 398.7829 14.24129  3621 11.45 400.0000           7099 .27g -.020g  18.9
   346w 31.0 2  0  8797 2017:02:01 109.3294 398.7334 14.03269  3647 11.38 400.0000           7098 .27g -.022g  12.1
   347w 28.0 1  0  8825 2017:03:01 108.5727 398.6781 13.83681  3672 11.30 400.0000           7097 .27g -.021g  15.7

                                    I M E X   T I M E   S T E P   S U M M A R Y
 ==================================================================================================================
    Time Step           Time                  Total Production             Total Injection  Total Max. Max. Change
 ---------------- ---------------- -------------------------------------- -----------------  PV   Mat. ------------
                C                    Oil      Gas     Water   GOR.  Wat.    Gas     Water   Avg.  bal. Satur. Pres.
        Size    U                                              M3/   Cut                    Pres. err. DSMAX  DPMAX
  No.   Days IT T Days   yy:mm:dd    M3/D    MM3/D     M3/D     M3    %    MM3/D     M3/D    kPa   %           kPa
 ------ ---- -- - ----- ---------- -------- -------- -------- ----- ----- -------- -------- ----- ---- ------ -----
   348w 31.0 1  0  8856 2017:04:01 107.8085 398.6196 13.63068  3697 11.22 400.0000           7097 .27g -.025g  19.6
   349w 30.0 1  0  8886 2017:05:01 107.0099 398.5822 13.41338  3725 11.14 400.0000           7096 .27g -.023g  17.7
   350w 31.0 1  0  8917 2017:06:01 106.2043 398.4993 13.18429  3752 11.04 400.0000           7095 .27g -.020g  17.5
   351w 30.0 1  0  8947 2017:07:01 105.4076 398.4290 12.94390  3780 10.94 400.0000           7094 .27g -.020g  25.9
   352w 31.0 2  0  8978 2017:08:01 104.6016 398.3715 12.68554  3808 10.82 400.0000           7094 .27g -.021g  16.3
   353w 31.0 1  0  9009 2017:09:01 103.7481 398.3124 12.40116  3839 10.68 400.0000           7093 .27g -.022g  8.88
   354w 30.0 1  0  9039 2017:10:01 102.8594 398.2703 12.08850  3872 10.52 400.0000           7092 .27g -.021g  8.65
   355w 31.0 1  0  9070 2017:11:01 101.9392 398.2318 11.73841  3907 10.33 400.0000           7092 .27g -.028g  19.0
   356w 30.0 1  0  9100 2017:12:01 100.9314 398.1941 11.32481  3945 10.09 400.0000           7091 .27g -.032g  20.6
   357w 31.0 2  0  9131 2018:01:01  99.8266 398.1245 10.83183  3988  9.79 400.0000           7090 .27g -.036g  19.0
   358w 31.0 1  0  9162 2018:02:01 98.52244 398.0554 10.19925  4040 9.381 400.0000           7090 .27g -.038g  22.6
   359w 28.0 1  0  9190 2018:03:01 97.01400 397.9749 9.359321  4102 8.799 400.0000           7089 .27g -.034g  13.8
   360w 31.0 3  0  9221 2018:04:01 95.72884 397.9070 8.318433  4157 7.995 400.0000           7089 .27g -.035g  12.4
   361w 30.0 2  0  9251 2018:05:01 94.65889 397.8861 7.422244  4203 7.271 400.0000           7089 .27g -.025g  6.29
   362w 31.0 1  0  9282 2018:06:01 93.82827 397.8759 6.854977  4240 6.808 400.0000           7088 .27g -.022g  7.48
   363w 30.0 1  0  9312 2018:07:01 93.10318 397.8606 6.509360  4273 6.535 400.0000           7088 .27g -.020g  10.3
   364w 31.0 1  0  9343 2018:08:01 92.43309 397.8495 6.300505  4304 6.381 400.0000           7088 .27g -.021g  13.0
   365w 31.0 1  0  9374 2018:09:01 91.68998 397.8179 6.156293  4339 6.292 400.0000           7087 .27g -.021g  14.4
   366w 30.0 1  0  9404 2018:10:01 90.81537 397.8062 6.046152  4380 6.242 400.0000           7087 .27g -.021g  22.4
   367w 31.0 2  0  9435 2018:11:01 89.84330 397.7761 5.948941  4427 6.210 400.0000           7086 .27g -.021g  17.5

                                    I M E X   T I M E   S T E P   S U M M A R Y
 ==================================================================================================================
    Time Step           Time                  Total Production             Total Injection  Total Max. Max. Change
 ---------------- ---------------- -------------------------------------- -----------------  PV   Mat. ------------
                C                    Oil      Gas     Water   GOR.  Wat.    Gas     Water   Avg.  bal. Satur. Pres.
        Size    U                                              M3/   Cut                    Pres. err. DSMAX  DPMAX
  No.   Days IT T Days   yy:mm:dd    M3/D    MM3/D     M3/D     M3    %    MM3/D     M3/D    kPa   %           kPa
 ------ ---- -- - ----- ---------- -------- -------- -------- ----- ----- -------- -------- ----- ---- ------ -----
   368w 30.0 1  0  9465 2018:12:01 89.07773 397.7693 5.870479  4465 6.183 400.0000           7086 .27g -.021g  13.2
   369w 31.0 1  0  9496 2019:01:01 88.19903 397.7446 5.792429  4510 6.163 400.0000           7086 .27g -.026g  19.4
   370w 31.0 2  0  9527 2019:02:01 87.12268 397.7092 5.709115  4565 6.150 400.0000           7086 .27g -.024g  11.5
   371w 28.0 2  0  9555 2019:03:01 86.49163 397.7065 5.643800  4598 6.126 400.0000           7085 .27g -.019g  5.15
   372w 31.0 2  0  9586 2019:04:01 86.09239 397.7027 5.580224  4619 6.087 400.0000           7085 .27g -.019g  3.24
   373w 30.0 1  0  9616 2019:05:01 85.72730 397.7085 5.519496  4639 6.049 400.0000           7085 .27g -.019g   9.9
   374w 31.0 1  0  9647 2019:06:01 85.37646 397.6998 5.457212  4658 6.008 400.0000           7084 .27g -.019g  13.5
   375w 30.0 1  0  9677 2019:07:01 85.01735 397.6978 5.395637  4678 5.968 400.0000           7084 .27g -.017g  11.5
   376w 31.0 1  0  9708 2019:08:01 84.64499 397.6785 5.332837  4698 5.927 400.0000           7084 .27g -.017g  7.23
   377w 31.0 1  0  9739 2019:09:01 84.24094 397.6703 5.267441  4721 5.885 400.0000           7084 .27g -.016g  11.6
   378w 30.0 2  0  9769 2019:10:01 83.80371 397.6445 5.199046  4745 5.841 400.0000           7083 .27g -.016g  18.0
   379w 31.0 1  0  9800 2019:11:01 83.31502 397.6235 5.127652  4773 5.798 400.0000           7083 .27g -.018g  14.2
   380w 30.0 1  0  9830 2019:12:01 82.77127 397.6025 5.059087  4804 5.760 400.0000           7083 .27g -.017g  11.7
   381w 31.0 3  0  9861 2020:01:01 82.12171 397.5720 4.991077  4841 5.729 400.0000           7083 .27g -.018g  11.3
   382w 31.0 1  0  9892 2020:02:01 81.29863 397.5681 4.920546  4890 5.707 400.0000           7082 .27g -.017g  8.81

 ===================== SUMMARY (from subroutine: TSIO)   ======================
  Simulation run terminated. Stopping time reached.
    
     1 Warning messages.    0 Error messages.
 ==============================================================================


       Field Total                                   Fluid
                             Oil       Gas       Water    Solvent   Polymer   Seawater
                            -------   -------   -------   -------   -------   -------
                            (MSM3)    (MMSM3)   (MSM3)    (MMSM3)   (MKG)     (MSM3)
  Cumulative Production      5469.3    1635.5    1101.7     NA        NA        NA   
  Cumulative Injection        NA       1449.6      0        NA        NA        NA   
  Cumulative Gas Lift         NA         0        NA        NA        NA        NA   
  Cumulative Water Influx     NA        NA         0        NA        NA        NA   
  Current Fluids In Place     35915    1057.6     25321     NA        NA        NA   
  Production Rates           .08130    .39757    .00492     NA        NA        NA   
  Injection Rates             NA       .40000      0        NA        NA        NA   

  Timesteps:    135  Newton Cycles:      241  Cuts:      1  Solver Iterations:         5898
  Average Implicitness    : 0.477
  Material Balances (owg): 1.000 1.000 1.003
  Average Active Blocks:       34077 Average Non-BHP Active Wells:     1
  Total Blocks :       35000 Total Wells :    12
  Active Blocks:       34077 Non-BHP Active Wells:     1
  Total lstpro/lstpar calls:     2
  Time at end of simulation:   9892.00     (days)   
  Average reservoir pressure excluding water zone: 6758.037 (kPa)    
  Total Number of Solver Failures:       0  Stalls:       0  ITERMAX Reached:       0
  Jacobian Domains      4
  Linear Solver: Parasol
  Number of level 1 solver classes:    4
  AUTOPSLAB Cutting Direction:    I
  Preconditioner Ordering     REDBLACK
  Preconditioner Degree aa, ab, as, bb, ba:    1    2    1    1    1
  KMP_AFFINITY: Default
  OMP_SCHEDULE: Default
  Max Impl Blocks:    16370  %Impl: 48.0%  (TS,CUT,NCYC): (  321, 0,  1 )
  Max Solver Iterations (TS,CUT,NCYC):      39 (  281, 0,  1 )
  Number of threads set:    4
  Total number of cpus:    4
  Memory Usage Peak:      166 MB on TS:  379  TS 1 Peak:        0 MB  Average:      155 MB  VM Size:      193 MB
  Host computer: EHSANR-LT

  End of Simulation: Normal Termination

  CPU Time:           116.89 seconds
  Elapsed Time:        33.95 seconds

  Date and Time of End of Run:  Nov 22, 2019  11:18:15

