    Opened LOG FILE         on unit 10, filename is "D:\CMG's Modelling Workflow_2019-10\Prediction\IMEX_TUTORIAL_PRED_WATER_ADD_WELLS.log"
 ********************************************************************************
 *                                                                              *
 *                                IMEX  2019.10                                 *
 *                   Adaptive - Implicit Black Oil Simulator                    *
 *                         General Release for Win x64                          *
 *                            2019-Sep-10   17:57:17                            *
 *                                                                              *
 *                          (c) Copyright 1977 - 2019                           *
 *                Computer Modelling Group Ltd., Calgary, Canada                *
 *                             All Rights Reserved                              *
 *                                                                              *
 ********************************************************************************


 Command-line Arguments:  -f D:\CMG's Modelling Workflow_2019-10\Prediction\IMEX_TUTORIAL_PRED_WATER_ADD_WELLS.dat
                          -wd D:\CMG's Modelling Workflow_2019-10\Prediction
                          -r D:\CMG's Modelling Workflow_2019-10\Prediction\IMEX_TUTORIAL_HM_Matched.sr3
                          -log
                          -doms
                          -parasol 4
                          -wait
                          -parent IMEX_TUTORIAL_HM_Matched

  Date and Time of Start of Run:  Nov 22, 2019  13:50:21


*** Input/Output files specification :
    Opened data file        on unit 11, filename is "D:\CMG's Modelling Workflow_2019-10\Prediction\IMEX_TUTORIAL_PRED_WATER_ADD_WELLS.dat"
    Opened Scratch file     on unit 12
    Opened Scratch file     on unit 13
    Opened output file      on unit 14, filename is "D:\CMG's Modelling Workflow_2019-10\Prediction\IMEX_TUTORIAL_PRED_WATER_ADD_WELLS.out"
    Opened SR3-OUT          on unit 15, filename is "D:\CMG's Modelling Workflow_2019-10\Prediction\IMEX_TUTORIAL_PRED_WATER_ADD_WELLS.sr3"
    Opened INDEX-OUT        on unit 16, filename is "D:\CMG's Modelling Workflow_2019-10\Prediction\IMEX_TUTORIAL_PRED_WATER_ADD_WELLS.irf"
    Opened MAIN-RESULTS-OUT on unit 17, filename is "D:\CMG's Modelling Workflow_2019-10\Prediction\IMEX_TUTORIAL_PRED_WATER_ADD_WELLS.mrf"

 =================== WARNING (from subroutine: GRDLST_CHK) ====================
  Solvent property related printout is being disabled
  This MODEL option does not allow solvent property output.
  Line: 19   File Name: D:\CMG's Modelling Workflow_2019-10\Prediction\IMEX_TUTORIAL_PRED_WATER_ADD_WELLS.dat
 ==============================================================================

    Opened GRID scratchfile on unit 18

 ===================== SUMMARY (from subroutine: INDATA) ======================
  Reading of initial data is complete.
  Simulation will stop if there were error messages.
     1 Warning messages.    0 Error messages.
 ==============================================================================

    Opened SR3-IN           on unit 19, filename is "D:\CMG's Modelling Workflow_2019-10\Prediction\IMEX_TUTORIAL_HM_Matched.sr3"

                                    I M E X   T I M E   S T E P   S U M M A R Y
 ==================================================================================================================
    Time Step           Time                  Total Production             Total Injection  Total Max. Max. Change
 ---------------- ---------------- -------------------------------------- -----------------  PV   Mat. ------------
                C                    Oil      Gas     Water   GOR.  Wat.    Gas     Water   Avg.  bal. Satur. Pres.
        Size    U                                              M3/   Cut                    Pres. err. DSMAX  DPMAX
  No.   Days IT T Days   yy:mm:dd    M3/D    MM3/D     M3/D     M3    %    MM3/D     M3/D    kPa   %           kPa
 ------ ---- -- - ----- ---------- -------- -------- -------- ----- ----- -------- -------- ----- ---- ------ -----
   248w 31.0 2  0  6240 2010:02:01 101.5777 23.36225 40.28231 230.0 28.40                    7085 .27g  .024g  71.8
   249w 1.00 1  0  6241 2010:02:02 86.43365 22.77876 21.51214 263.5 19.93                    7084 .27g  7e-4g  14.2
   250  5.00 2  0  6246 2010:02:07 85.02585 13.75638 21.07014 161.8 19.86                    7084 .27g  .004g  59.7
   251  22.0 3  0  6268 2010:03:01 83.40191 14.52292 20.18341 174.1 19.48                    7081 .27g  .030g  53.3

 ===================== WARNING (from subroutine: WMNDPN) ======================
  Group hierarchy has been changed. Previous group target and
  monitoring constraints will no longer apply.
 ==============================================================================

   252w .500 5  1  6269 2010:03:02 188.6268 17.91042 19.47173 94.95 9.357          4000.000  7082 .27g -.074g  1059
   253  .673 1  0  6269 2010:03:02 177.1707 18.36744 19.58243 103.7  9.95          4000.000  7086 .27g  .025w   817
   254  2.47 1  0  6272 2010:03:05 161.6537 18.28010 20.88470 113.1 11.44          4000.000  7097 .28g  .073w   994
   255  3.37 1  0  6275 2010:03:08 155.5816 17.97104 23.13190 115.5 12.94          4000.000  7109 .28g  .046w   605
   256  7.27 2  0  6282 2010:03:15 153.3160 17.94794 28.80647 117.1 15.82          4000.000  7131 .28g -.084g   522
   257  8.36 3  0  6291 2010:03:24 152.9191 18.33186 34.88471 119.9 18.58          4000.000  7154 .28g -.125g   369
   258  4.18 1  0  6295 2010:03:28 152.1610 18.56249 36.91116 122.0 19.52          4000.000  7165 .28g -.052g   162
   259  4.18 1  0  6299 2010:04:01 152.1308 18.82247 39.67743 123.7 20.69          4000.000  7175 .28g -.047g   147
   260w 8.88 3  0  6308 2010:04:10 153.7598 19.46914 46.30968 126.6 23.15          4000.000  7196 .28g -.094g   244
   261  9.48 1  0  6317 2010:04:19 155.0733 20.23110 52.38744 130.5 25.25          4000.000  7218 .28g -.110g   217
   262  5.82 1  0  6323 2010:04:25 154.3802 20.66194 55.00533 133.8 26.27          4000.000  7231 .28g -.072g   160
   263  5.82 3  0  6329 2010:05:01 155.1011 21.09502 58.63039 136.0 27.43          4000.000  7244 .28g -.060g   198
   264w  9.7 1  0  6339 2010:05:11 158.4363 21.95199 65.82386 138.6 29.35          4000.000  7265 .29g -.117g   196
   265  8.32 4  0  6347 2010:05:19 158.9490 22.58588 70.72585 142.1 30.79          4000.000  7284 .29g -.076g   235
   266  6.47 1  0  6354 2010:05:26 158.6032 23.07905 74.41845 145.5 31.94          4000.000  7298 .29g -.055g   136
   267  6.47 1  0  6360 2010:06:01 159.4208 23.58702 78.76332 148.0 33.07          4000.000  7312 .29g -.054g   182

                                    I M E X   T I M E   S T E P   S U M M A R Y
 ==================================================================================================================
    Time Step           Time                  Total Production             Total Injection  Total Max. Max. Change
 ---------------- ---------------- -------------------------------------- -----------------  PV   Mat. ------------
                C                    Oil      Gas     Water   GOR.  Wat.    Gas     Water   Avg.  bal. Satur. Pres.
        Size    U                                              M3/   Cut                    Pres. err. DSMAX  DPMAX
  No.   Days IT T Days   yy:mm:dd    M3/D    MM3/D     M3/D     M3    %    MM3/D     M3/D    kPa   %           kPa
 ------ ---- -- - ----- ---------- -------- -------- -------- ----- ----- -------- -------- ----- ---- ------ -----
   268w 12.0 1  0  6372 2010:06:13 165.2832 24.80739 88.79315 150.1 34.95          4000.000  7337 .29g -.113g   250
   269  9.00 1  0  6381 2010:06:22 164.5818 25.47043 94.41477 154.8 36.45          4000.000  7356 .29g -.087g   232
   270  9.00 2  0  6390 2010:07:01 166.9623 26.15925 101.3288 156.7 37.77          4000.000  7376 .29g -.088g   439
   271w 10.3 1  0  6400 2010:07:11 171.8091 27.13462 110.0366 157.9 39.04          4000.000  7397 .29g -.103g  -452
   272  10.0 4  0  6410 2010:07:21 177.0606 27.94958 118.4823 157.9 40.09          4000.000  7418 .29g -.091g   238
   273  10.8 2  0  6421 2010:08:01 184.1345 28.83736 128.3268 156.6 41.07          4000.000  7441 .29g -.107g   237
   274w 10.1 8  0  6431 2010:08:11 190.9208 29.60531 137.6265 155.1 41.89          4000.000  7462 .29g -.092g   150
   275  10.5 6  0  6442 2010:08:22 198.8729 30.36990 147.9571 152.7 42.66          4000.000  7483 .29g -.107g   214
   276  10.5 1  0  6452 2010:09:01 207.2702 31.17052 158.7993 150.4 43.38          4000.000  7505 .29g -.096g   135
   277w 10.8 1  0  6463 2010:09:12 216.3647 31.87625 170.7669 147.3 44.11          4000.000  7527 .29g -.109g  -185
   278   9.6 3  0  6472 2010:09:21 224.2567 32.25027 181.5855 143.8 44.74          4000.000  7546 .29g -.096g   230
   279   9.6 1  0  6482 2010:10:01 232.6247 32.65357 193.0287 140.4 45.35          4000.000  7565 .30g -.083g   120
   280w 11.6 1  0  6494 2010:10:13 243.1549 32.98549 207.2517 135.7 46.01          4000.000  7588 .30g -.122g   165
   281  9.48 1  0  6503 2010:10:22 251.0882 33.18901 218.9467 132.2 46.58          4000.000  7607 .30g -.101g   145
   282   9.9 1  0  6513 2010:11:01 260.0882 33.43548 231.7472 128.6 47.12          4000.000  7627 .30g -.107g   102
   283w 9.32 4  0  6522 2010:11:10 268.5251 33.65070 244.1075 125.3 47.62          4000.000  7645 .30g -.090g   181
   284  10.3 1  0  6533 2010:11:21 278.0375 34.03321 258.7261 122.4 48.20          4000.000  7665 .30g -.112g   109
   285  5.17 1  0  6538 2010:11:26 281.1329 34.06330 265.9612 121.2 48.61          4000.000  7675 .30g -.067g  -266
   286  5.17 1  0  6543 2010:12:01 286.0505 34.17970 273.7110 119.5 48.90          4000.000  7685 .30g -.074g  73.6
   287w 6.96 6  0  6550 2010:12:08 293.0695 34.41060 284.3220 117.4 49.24          4000.000  7699 .30g -.068g  91.4

                                    I M E X   T I M E   S T E P   S U M M A R Y
 ==================================================================================================================
    Time Step           Time                  Total Production             Total Injection  Total Max. Max. Change
 ---------------- ---------------- -------------------------------------- -----------------  PV   Mat. ------------
                C                    Oil      Gas     Water   GOR.  Wat.    Gas     Water   Avg.  bal. Satur. Pres.
        Size    U                                              M3/   Cut                    Pres. err. DSMAX  DPMAX
  No.   Days IT T Days   yy:mm:dd    M3/D    MM3/D     M3/D     M3    %    MM3/D     M3/D    kPa   %           kPa
 ------ ---- -- - ----- ---------- -------- -------- -------- ----- ----- -------- -------- ----- ---- ------ -----
   288  10.2 1  0  6560 2010:12:18 303.1338 34.94789 300.4641 115.3 49.78          4000.000  7718 .30g -.098g  81.8
   289  6.91 1  0  6567 2010:12:25 309.3273 35.11436 311.5849 113.5 50.18          4000.000  7732 .30g -.069g  93.8
   290  6.91 1  0  6574 2011:01:01 315.8248 35.30673 323.0455 111.8 50.57          4000.000  7745 .30g -.073g   114
   291w 9.41 5  0  6583 2011:01:10 324.7469 35.54697 338.9106 109.5 51.07          4000.000  7763 .30g -.087g   187
   292  10.8 4  0  6594 2011:01:21 334.6745 35.88441 357.5249 107.2 51.65          4000.000  7783 .30g -.084g  92.9
   293  10.8 4  0  6605 2011:02:01 344.3619 36.16993 376.7970 105.0 52.25          4000.000  7803 .30g -.117g  -114
   294w 9.26 1  0  6614 2011:02:10 352.3639 36.40854 393.7176 103.3 52.77          4000.000  7820 .30g -.114g -90.3
   295  8.12 1  0  6622 2011:02:18 359.2990 36.54247 408.9027 101.7 53.23          4000.000  7835 .30g -.072g  -323
   296  10.6 3  0  6633 2011:03:01 368.4502 36.72721 429.1003  99.7 53.80          4000.000  7854 .30g -.094g  -105
   297w 11.3 3  0  6644 2011:03:12 377.6948 36.86015 451.3591 97.59 54.44          4000.000  7875 .30g -.171g  93.1
   298  6.61 1  0  6651 2011:03:19 382.5682 36.85028 464.9257 96.32 54.86          4000.000  7887 .30g -.106g   103
   299  6.23 1  0  6657 2011:03:25 387.6564 36.87621 477.9454 95.13 55.22          4000.000  7898 .30g -.062g  -275
   300  6.84 1  0  6664 2011:04:01 393.2199 36.93673 492.2148 93.93 55.59          4000.000  7910 .30g -.064g  -150
   301w 10.6 1  0  6675 2011:04:12 401.7864 37.16299 514.3881 92.49 56.15          4000.000  7929 .30g -.086g   124
   302   9.7 2  0  6684 2011:04:21 408.8140 37.02159 535.2514 90.56 56.70          4000.000  7946 .30g -.108g   162
   303   9.7 1  0  6694 2011:05:01 415.7158 37.02928 556.6079 89.07 57.25          4000.000  7963 .30g -.091g   121
   304w 10.6 3  0  6705 2011:05:12 423.4249 36.91072 580.2140 87.17 57.81          4000.000  7982 .30g -.080g  -159
   305  10.2 1  0  6715 2011:05:22 430.7906 36.83362 603.6599 85.50 58.36          4000.000  7999 .30g -.079g  -176
   306  10.2 1  0  6725 2011:06:01 438.0087 36.69070 627.4006 83.77 58.89          4000.000  8017 .30g -.094g  -183
   307w 10.8 1  0  6736 2011:06:12 445.5770 36.55635 653.1720 82.04 59.45          4000.000  8036 .30g -.094g  86.9

                                    I M E X   T I M E   S T E P   S U M M A R Y
 ==================================================================================================================
    Time Step           Time                  Total Production             Total Injection  Total Max. Max. Change
 ---------------- ---------------- -------------------------------------- -----------------  PV   Mat. ------------
                C                    Oil      Gas     Water   GOR.  Wat.    Gas     Water   Avg.  bal. Satur. Pres.
        Size    U                                              M3/   Cut                    Pres. err. DSMAX  DPMAX
  No.   Days IT T Days   yy:mm:dd    M3/D    MM3/D     M3/D     M3    %    MM3/D     M3/D    kPa   %           kPa
 ------ ---- -- - ----- ---------- -------- -------- -------- ----- ----- -------- -------- ----- ---- ------ -----
   308   9.6 1  0  6745 2011:06:21 452.0774 35.99484 676.5897 79.62 59.95          4000.000  8052 .30g -.066g   153
   309   9.6 1  0  6755 2011:07:01 458.6744 35.60669 700.6364 77.63 60.44          4000.000  8069 .30g -.089g   114
   310w 10.7 3  0  6766 2011:07:12 466.1147 35.22708 728.2198 75.58 60.97          4000.000  8088 .30g -.072g   152
   311  10.1 2  0  6776 2011:07:22 472.9739 34.81343 755.0540 73.61 61.49          4000.000  8106 .30g -.064g   105
   312  10.1 1  0  6786 2011:08:01 479.7078 34.39480 782.3536 71.70 61.99          4000.000  8123 .30g -.068g  91.9
   313w 15.0 4  0  6801 2011:08:16 489.6025 33.08656 822.4831 67.58 62.69          4000.000  8149 .30g -.089g  -298
   314  16.0 5  0  6817 2011:09:01 499.9949 31.88990 867.3428 63.78 63.43          4000.000  8178 .30g -.097g  -189
   315w 15.0 4  0  6832 2011:09:16 509.4954 30.90230 910.4879 60.65 64.12          4000.000  8204 .30g -.123g   168
   316  7.50 1  0  6840 2011:09:24 513.4051 30.41767 933.5470 59.25 64.52          4000.000  8216 .30g -.066g  67.8
   317  7.50 1  0  6847 2011:10:01 517.6594 29.93972 956.1716 57.84 64.88          4000.000  8229 .30g -.066g  73.9
   318w 11.4 1  0  6858 2011:10:12 524.5984 29.36025 990.0122 55.97 65.36          4000.000  8249 .30g -.086g  96.0
   319   9.8 1  0  6868 2011:10:22 530.4620 28.82013 1019.691 54.33 65.78          4000.000  8265 .30g -.055g   130
   320   9.8 1  0  6878 2011:11:01 536.4624 28.24457 1049.742 52.65 66.18          4000.000  8282 .30g -.056g   188
   321w 15.0 3  0  6893 2011:11:16 545.7471 27.41180 1095.612 50.23 66.75          4000.000  8308 .30g -.097g   237
   322  15.0 3  0  6908 2011:12:01 554.7511 26.56891 1143.440 47.89 67.33          4000.000  8334 .30g -.099g  -581
   323w 15.2 1  0  6923 2011:12:16 563.0857 25.52053 1192.697 45.32 67.93          4000.000  8360 .29g -.090g  -415
   324  15.8 4  0  6939 2012:01:01 571.2032 24.28219 1245.546 42.51 68.56          4000.000  8388 .29g -.084g   208
   325w 15.5 1  0  6955 2012:01:17 580.0592 22.98568 1298.558 39.63 69.12          4000.000  8415 .29g -.086g   189
   326  15.5 1  0  6970 2012:02:01 588.4897 21.55067 1352.597 36.62 69.68          4000.000  8441 .29g -.084g   163
   327w 14.5 3  0  6985 2012:02:16 597.2118 20.37936 1403.846 34.12 70.16          4000.000  8467 .29g -.074g   151

                                    I M E X   T I M E   S T E P   S U M M A R Y
 ==================================================================================================================
    Time Step           Time                  Total Production             Total Injection  Total Max. Max. Change
 ---------------- ---------------- -------------------------------------- -----------------  PV   Mat. ------------
                C                    Oil      Gas     Water   GOR.  Wat.    Gas     Water   Avg.  bal. Satur. Pres.
        Size    U                                              M3/   Cut                    Pres. err. DSMAX  DPMAX
  No.   Days IT T Days   yy:mm:dd    M3/D    MM3/D     M3/D     M3    %    MM3/D     M3/D    kPa   %           kPa
 ------ ---- -- - ----- ---------- -------- -------- -------- ----- ----- -------- -------- ----- ---- ------ -----
   328  14.5 1  0  6999 2012:03:01 605.9950 19.13606 1455.395 31.58 70.60          4000.000  8492 .29g -.066g   124
   329w 15.5 1  0  7015 2012:03:17 615.3911 18.20572 1510.966 29.58 71.06          4000.000  8519 .28g -.064g  -473
   330  15.5 3  0  7030 2012:04:01 624.7919 17.43428 1567.387 27.90 71.50          4000.000  8546 .28g -.067g  -336
   331w 15.0 1  0  7045 2012:04:16 633.6699 16.89311 1622.182 26.66 71.91          4000.000  8571 .28g -.063g  -286
   332  15.0 1  0  7060 2012:05:01 642.0502 16.88879 1676.310 26.30 72.31          4000.000  8595 .28g -.056g  -137
   333w 15.5 1  0  7076 2012:05:17 650.1979 16.85990 1731.155 25.93 72.70          4000.000  8618 .28g -.045g -1380
   334  15.5 2  0  7091 2012:06:01 658.3876 16.80355 1785.676 25.52 73.06          4000.000  8641 .28g -.045g  -284
   335w 30.0 5  0  7121 2012:07:01 672.6833 16.79110 1879.839 24.96 73.65          4000.000  8682 .28g -.083g  -349
   336w 31.0 5  0  7152 2012:08:01 685.4802 16.85969 1976.202 24.60 74.25          4000.000  8721 .28g -.107g   229
   337w 31.0 4  0  7183 2012:09:01 696.2960 16.97611 2068.221 24.38 74.81          4000.000  8755 .28g -.075g  -981
   338w 30.0 5  0  7213 2012:10:01 704.9394 17.10902 2152.699 24.27 75.33          4000.000  8785 .28g -.078g  -174
   339w 31.0 4  0  7244 2012:11:01 712.1609 17.23007 2233.778 24.19 75.83          4000.000  8811 .28g -.088g -1054
   340w 30.0 3  0  7274 2012:12:01 717.8038 17.32028 2307.678 24.13 76.27          4000.000  8833 .28g -.076g  -141
   341w 31.0 1  0  7305 2013:01:01 722.3295 17.40395 2378.562 24.09 76.71          4000.000  8853 .28g -.075g   120
   342w 31.0 1  0  7336 2013:02:01 725.8168 17.54572 2444.265 24.17 77.10          4000.000  8870 .28g -.083g   141
   343w 28.0 4  0  7364 2013:03:01 728.3828 17.62265 2502.091 24.19 77.45          4000.000  8885 .28g -.068g  -608
   344w 31.0 3  0  7395 2013:04:01 730.3751 17.70309 2560.757 24.24 77.81          4000.000  8899 .28g -.092g  -562
   345w 30.0 1  0  7425 2013:05:01 731.6800 17.77711 2615.755 24.30 78.14          4000.000  8911 .28g -.099g  -734
   346w 31.0 4  0  7456 2013:06:01 732.4101 17.80847 2668.277 24.31 78.46          4000.000  8920 .28g -.068g  -881
   347w 30.0 2  0  7486 2013:07:01 732.4621 17.82831 2717.019 24.34 78.77          4000.000  8928 .28g -.066g  -212

                                    I M E X   T I M E   S T E P   S U M M A R Y
 ==================================================================================================================
    Time Step           Time                  Total Production             Total Injection  Total Max. Max. Change
 ---------------- ---------------- -------------------------------------- -----------------  PV   Mat. ------------
                C                    Oil      Gas     Water   GOR.  Wat.    Gas     Water   Avg.  bal. Satur. Pres.
        Size    U                                              M3/   Cut                    Pres. err. DSMAX  DPMAX
  No.   Days IT T Days   yy:mm:dd    M3/D    MM3/D     M3/D     M3    %    MM3/D     M3/D    kPa   %           kPa
 ------ ---- -- - ----- ---------- -------- -------- -------- ----- ----- -------- -------- ----- ---- ------ -----
   348w 31.0 1  0  7517 2013:08:01 731.9046 17.85867 2763.676 24.40 79.06          4000.000  8934 .28g -.072g  -133
   349w 31.0 2  0  7548 2013:09:01 730.9117 17.83596 2808.373 24.40 79.35          4000.000  8939 .28g -.061g  -543
   350w 30.0 1  0  7578 2013:10:01 729.2451 17.88992 2848.793 24.53 79.62          4000.000  8941 .28g -.057g  -441
   351w 31.0 1  0  7609 2013:11:01 727.2763 17.83492 2888.504 24.52 79.89          4000.000  8943 .28g -.060g  -707
   352w 30.0 2  0  7639 2013:12:01 724.8135 17.77520 2924.877 24.52 80.14          4000.000  8944 .28g -.057g  -147
   353w 31.0 2  0  7670 2014:01:01 722.0598 17.71091 2960.067 24.53 80.39          4000.000  8944 .28g -.054g  -333
   354w 31.0 2  0  7701 2014:02:01 719.0998 17.65747 2993.389 24.55 80.63          4000.000  8944 .28g -.054g  -928
   355w 28.0 1  0  7729 2014:03:01 716.1423 17.63043 3022.325 24.62 80.84          4000.000  8942 .28g -.053g  -537
   356w 31.0 1  0  7760 2014:04:01 712.7358 17.64376 3051.470 24.75 81.07          4000.000  8940 .28g -.064g  -454
   357w 30.0 1  0  7790 2014:05:01 709.2736 17.63618 3078.968 24.87 81.28          4000.000  8938 .28g -.063g  -982
   358w 31.0 3  0  7821 2014:06:01 705.4229 17.64223 3105.493 25.01 81.49          4000.000  8935 .28g -.044g  -130
   359w 30.0 2  0  7851 2014:07:01 701.3521 17.65618 3130.113 25.17 81.69          4000.000  8931 .28g -.039g -89.4
   360w 31.0 1  0  7882 2014:08:01 697.0211 17.65392 3154.024 25.33 81.90          4000.000  8927 .28g -.040g -84.5
   361w 31.0 1  0  7913 2014:09:01 692.5087 17.62451 3176.774 25.45 82.10          4000.000  8923 .28g -.046g -61.7
   362w 30.0 1  0  7943 2014:10:01 688.0063 17.56774 3197.848 25.53 82.29          4000.000  8918 .28g -.046g -54.2
   363w 31.0 1  0  7974 2014:11:01 683.4354 17.48723 3217.712 25.59 82.48          4000.000  8913 .28g -.048g -51.1
   364w 30.0 1  0  8004 2014:12:01 679.0141 17.40598 3236.248 25.63 82.66          4000.000  8908 .28g -.043g  -185
   365w 31.0 1  0  8035 2015:01:01 674.4595 17.31287 3254.037 25.67 82.83          4000.000  8903 .28g  .042g  -159
   366w 31.0 2  0  8066 2015:02:01 669.8415 17.22424 3271.127 25.71 83.00          4000.000  8898 .28g -.034g  -524
   367w 28.0 1  0  8094 2015:03:01 665.6226 17.13458 3286.511 25.74 83.16          4000.000  8892 .28g -.029g  -360

                                    I M E X   T I M E   S T E P   S U M M A R Y
 ==================================================================================================================
    Time Step           Time                  Total Production             Total Injection  Total Max. Max. Change
 ---------------- ---------------- -------------------------------------- -----------------  PV   Mat. ------------
                C                    Oil      Gas     Water   GOR.  Wat.    Gas     Water   Avg.  bal. Satur. Pres.
        Size    U                                              M3/   Cut                    Pres. err. DSMAX  DPMAX
  No.   Days IT T Days   yy:mm:dd    M3/D    MM3/D     M3/D     M3    %    MM3/D     M3/D    kPa   %           kPa
 ------ ---- -- - ----- ---------- -------- -------- -------- ----- ----- -------- -------- ----- ---- ------ -----
   368w 31.0 1  0  8125 2015:04:01 660.9755 17.02608 3301.717 25.76 83.32          4000.000  8887 .28g -.029g -1720
   369w 30.0 1  0  8155 2015:05:01 656.4680 16.91980 3316.480 25.77 83.48          4000.000  8881 .28g -.026g   513
   370w 31.0 1  0  8186 2015:06:01 651.8612 16.81227 3330.402 25.79 83.63          4000.000  8875 .28g -.025g  -977
   371w 30.0 1  0  8216 2015:07:01 647.4455 16.71513 3343.644 25.82 83.78          4000.000  8869 .28g -.027g  -228
   372w 31.0 2  0  8247 2015:08:01 642.8694 16.63746 3356.702 25.88 83.93          4000.000  8863 .28g -.026g  -153
   373w 31.0 1  0  8278 2015:09:01 638.3266 16.57742 3369.174 25.97 84.07          4000.000  8857 .28g -.024g  -144
   374w 30.0 1  0  8308 2015:10:01 633.9544 16.55149 3381.195 26.11 84.21          4000.000  8851 .28g -.023g  -107
   375w 31.0 1  0  8339 2015:11:01 629.4675 16.50518 3392.379 26.22 84.35          4000.000  8845 .28g -.024g  -316
   376w 30.0 1  0  8369 2015:12:01 625.1148 16.44330 3402.834 26.30 84.48          4000.000  8839 .28g -.030g  -408
   377w 31.0 3  0  8400 2016:01:01 620.5863 16.35744 3413.033 26.36 84.61          4000.000  8832 .28g -.031g  -567
   378w 31.0 1  0  8431 2016:02:01 616.0455 16.25492 3422.647 26.39 84.75          4000.000  8826 .29g -.032g  -299
   379w 29.0 1  0  8460 2016:03:01 611.8037 16.14571 3431.410 26.39 84.87          4000.000  8820 .29g -.027g  -124
   380w 31.0 1  0  8491 2016:04:01 607.3302 16.01980 3439.917 26.38 84.99          4000.000  8813 .29g -.027g  -108
   381w 30.0 1  0  8521 2016:05:01 603.0485 15.88213 3448.027 26.34 85.11          4000.000  8807 .29g -.022g  -345
   382w 31.0 1  0  8552 2016:06:01 598.6727 15.73056 3455.805 26.28 85.23          4000.000  8800 .29g -.022g  -206
   383w 30.0 1  0  8582 2016:07:01 594.4577 15.58124 3463.209 26.21 85.35          4000.000  8794 .29g -.025g  -101
   384w 31.0 1  0  8613 2016:08:01 590.1502 15.43009 3470.344 26.15 85.47          4000.000  8787 .29g -.026g -57.3
   385w 31.0 1  0  8644 2016:09:01 585.8942 15.27990 3477.238 26.08 85.58          4000.000  8780 .29g -.024g  -590
   386w 30.0 1  0  8674 2016:10:01 581.8071 15.13350 3483.765 26.01 85.69          4000.000  8774 .29g -.022g  -467
   387w 31.0 1  0  8705 2016:11:01 577.6382 14.98901 3490.107 25.95 85.80          4000.000  8767 .29g -.025g  -220

                                    I M E X   T I M E   S T E P   S U M M A R Y
 ==================================================================================================================
    Time Step           Time                  Total Production             Total Injection  Total Max. Max. Change
 ---------------- ---------------- -------------------------------------- -----------------  PV   Mat. ------------
                C                    Oil      Gas     Water   GOR.  Wat.    Gas     Water   Avg.  bal. Satur. Pres.
        Size    U                                              M3/   Cut                    Pres. err. DSMAX  DPMAX
  No.   Days IT T Days   yy:mm:dd    M3/D    MM3/D     M3/D     M3    %    MM3/D     M3/D    kPa   %           kPa
 ------ ---- -- - ----- ---------- -------- -------- -------- ----- ----- -------- -------- ----- ---- ------ -----
   388w 30.0 1  0  8735 2016:12:01 573.6414 14.85856 3496.251 25.90 85.91          4000.000  8761 .29g -.025g -69.5
   389w 31.0 1  0  8766 2017:01:01 569.5565 14.73200 3502.210 25.87 86.01          4000.000  8755 .29g -.025g -33.1
   390w 31.0 1  0  8797 2017:02:01 565.5129 14.61046 3508.030 25.84 86.12          4000.000  8748 .29g -.024g  -741
   391w 28.0 1  0  8825 2017:03:01 561.8736 14.50155 3513.597 25.81 86.21          4000.000  8742 .29g -.021g -61.8
   392w 31.0 1  0  8856 2017:04:01 557.8952 14.38237 3518.634 25.78 86.31          4000.000  8736 .29g -.023g  -364
   393w 30.0 1  0  8886 2017:05:01 554.0962 14.27094 3523.695 25.76 86.41          4000.000  8730 .29g -.022g  -659
   394w 31.0 1  0  8917 2017:06:01 550.2018 14.15716 3528.590 25.73 86.51          4000.000  8724 .29g -.023g  -203
   395w 30.0 1  0  8947 2017:07:01 546.4516 14.04552 3533.452 25.70 86.61          4000.000  8718 .29g -.024g  -154
   396w 31.0 1  0  8978 2017:08:01 542.5871 13.92508 3538.088 25.66 86.70          4000.000  8712 .29g -.028g  -128
   397w 31.0 1  0  9009 2017:09:01 538.7522 13.79892 3542.826 25.61 86.80          4000.000  8705 .29g -.032g -1343
   398w 30.0 2  0  9039 2017:10:01 535.0877 13.67916 3547.406 25.56 86.89          4000.000  8700 .29g -.032g   202
   399w 31.0 1  0  9070 2017:11:01 531.3567 13.56191 3551.684 25.52 86.99          4000.000  8694 .29g -.030g   125
   400w 30.0 1  0  9100 2017:12:01 527.7960 13.44660 3555.999 25.48 87.08          4000.000  8688 .29g -.026g -49.1
   401w 31.0 1  0  9131 2018:01:01 524.1772 13.32682 3560.121 25.42 87.17          4000.000  8682 .29g -.033g  47.0
   402w 31.0 1  0  9162 2018:02:01 520.6269 13.21759 3564.269 25.39 87.25          4000.000  8676 .29g -.031g  45.1
   403w 28.0 1  0  9190 2018:03:01 517.4462 13.12045 3568.251 25.36 87.34          4000.000  8671 .29g -.027g  -233
   404w 31.0 1  0  9221 2018:04:01 513.9902 13.01620 3571.981 25.32 87.42          4000.000  8666 .29g -.027g  -201
   405w 30.0 1  0  9251 2018:05:01 510.7040 12.91433 3575.833 25.29 87.50          4000.000  8660 .29g -.023g  -129
   406w 31.0 1  0  9282 2018:06:01 507.3629 12.80888 3579.580 25.25 87.59          4000.000  8655 .29g -.028g -85.8
   407w 30.0 1  0  9312 2018:07:01 504.1793 12.71222 3583.260 25.21 87.67          4000.000  8649 .29g -.027g -53.9

                                    I M E X   T I M E   S T E P   S U M M A R Y
 ==================================================================================================================
    Time Step           Time                  Total Production             Total Injection  Total Max. Max. Change
 ---------------- ---------------- -------------------------------------- -----------------  PV   Mat. ------------
                C                    Oil      Gas     Water   GOR.  Wat.    Gas     Water   Avg.  bal. Satur. Pres.
        Size    U                                              M3/   Cut                    Pres. err. DSMAX  DPMAX
  No.   Days IT T Days   yy:mm:dd    M3/D    MM3/D     M3/D     M3    %    MM3/D     M3/D    kPa   %           kPa
 ------ ---- -- - ----- ---------- -------- -------- -------- ----- ----- -------- -------- ----- ---- ------ -----
   408w 31.0 1  0  9343 2018:08:01 500.9519 12.61696 3586.850 25.19 87.75          4000.000  8644 .29g -.028g -38.3
   409w 31.0 1  0  9374 2018:09:01 497.7682 12.52546 3590.404 25.16 87.82          4000.000  8639 .29g -.028g  -134
   410w 30.0 1  0  9404 2018:10:01 494.7268 12.43919 3593.867 25.14 87.90          4000.000  8634 .29g -.025g  -323
   411w 31.0 1  0  9435 2018:11:01 491.6291 12.35033 3597.183 25.12 87.98          4000.000  8628 .29g -.021g  -200
   412w 30.0 1  0  9465 2018:12:01 488.6684 12.26115 3600.450 25.09 88.05          4000.000  8623 .29g -.025g  -103
   413w 31.0 2  0  9496 2019:01:01 485.6582 12.17377 3603.596 25.07 88.12          4000.000  8618 .29g -.026g -55.2
   414w 31.0 2  0  9527 2019:02:01 482.6942 12.08845 3606.757 25.04 88.20          4000.000  8613 .29g -.026g -46.6
   415w 28.0 2  0  9555 2019:03:01 480.0312 12.01168 3609.848 25.02 88.26          4000.000  8609 .29g -.022g -36.1
   416w 31.0 2  0  9586 2019:04:01 477.1323 11.92762 3612.706 25.00 88.33          4000.000  8604 .29g -.021g -34.1
   417w 30.0 2  0  9616 2019:05:01 474.3681 11.84549 3615.673 24.97 88.40          4000.000  8599 .29g -.022g -28.3
   418w 31.0 3  0  9647 2019:06:01 471.5562 11.76289 3618.516 24.94 88.47          4000.000  8594 .29g -.024g -25.1
   419w 30.0 1  0  9677 2019:07:01 468.8716 11.68522 3621.304 24.92 88.54          4000.000  8590 .29g -.022g -23.3
   420w 31.0 1  0  9708 2019:08:01 466.1472 11.60611 3624.088 24.90 88.60          4000.000  8585 .29g -.022g -20.6
   421w 31.0 1  0  9739 2019:09:01 463.4611 11.52721 3626.796 24.87 88.67          4000.000  8580 .29g -.026g -41.1
   422w 30.0 1  0  9769 2019:10:01 460.8979 11.45258 3629.470 24.85 88.73          4000.000  8576 .29g -.022g  -262
   423w 31.0 1  0  9800 2019:11:01 458.2898 11.37343 3632.059 24.82 88.80          4000.000  8571 .29g -.016g  -187
   424w 30.0 1  0  9830 2019:12:01 455.7975 11.30213 3634.656 24.80 88.86          4000.000  8567 .29g -.016g  -140
   425w 31.0 1  0  9861 2020:01:01 453.2611 11.23254 3637.158 24.78 88.92          4000.000  8563 .29g -.016g  -379
   426w 31.0 1  0  9892 2020:02:01 450.7593 11.16505 3639.697 24.77 88.98          4000.000  8558 .29g -.016g  -231

 ===================== SUMMARY (from subroutine: TSIO)   ======================
  Simulation run terminated. Stopping time reached.
    
     2 Warning messages.    0 Error messages.
 ==============================================================================


       Field Total                                   Fluid
                             Oil       Gas       Water    Solvent   Polymer   Seawater
                            -------   -------   -------   -------   -------   -------
                            (MSM3)    (MMSM3)   (MSM3)    (MMSM3)   (MKG)     (MSM3)
  Cumulative Production      6830.4    295.48     10603     NA        NA        NA   
  Cumulative Injection        NA         0        14496     NA        NA        NA   
  Cumulative Gas Lift         NA         0        NA        NA        NA        NA   
  Cumulative Water Influx     NA        NA         0        NA        NA        NA   
  Current Fluids In Place     34544    948.11     30316     NA        NA        NA   
  Production Rates           .45076    .01117    3.6397     NA        NA        NA   
  Injection Rates             NA         0       4.0000     NA        NA        NA   

  Timesteps:    179  Newton Cycles:      318  Cuts:      1  Solver Iterations:         7889
  Average Implicitness    : 0.472
  Material Balances (owg): 1.000 1.000 1.003
  Average Active Blocks:       34077 Average Non-BHP Active Wells:     2
  Total Blocks :       35000 Total Wells :    14
  Active Blocks:       34077 Non-BHP Active Wells:     2
  Total lstpro/lstpar calls:     2
  Time at end of simulation:   9892.00     (days)   
  Average reservoir pressure excluding water zone: 8196.103 (kPa)    
  Total Number of Solver Failures:      76  Stalls:       0  ITERMAX Reached:      76
  Jacobian Domains      4
  Linear Solver: Parasol
  Number of level 1 solver classes:    4
  AUTOPSLAB Cutting Direction:    I
  Preconditioner Ordering     REDBLACK
  Preconditioner Degree aa, ab, as, bb, ba:    1    2    1    1    1
  KMP_AFFINITY: Default
  OMP_SCHEDULE: Default
  Max Impl Blocks:    16430  %Impl: 48.2%  (TS,CUT,NCYC): (  410, 0,  1 )
  Max Solver Iterations (TS,CUT,NCYC):      40 (  335, 0,  1 )
  Number of threads set:    4
  Total number of cpus:    4
  Memory Usage Peak:      166 MB on TS:  424  TS 1 Peak:        0 MB  Average:      150 MB  VM Size:      196 MB
  Host computer: EHSANR-LT

  End of Simulation: Normal Termination

  CPU Time:           142.08 seconds
  Elapsed Time:        51.74 seconds

  Date and Time of End of Run:  Nov 22, 2019  13:51:13

