    Opened LOG FILE         on unit 10, filename is "D:\CMG's Modelling Workflow_2019-10\Prediction\IMEX_TUTORIAL_PRED_WATER.log"
 ********************************************************************************
 *                                                                              *
 *                                IMEX  2019.10                                 *
 *                   Adaptive - Implicit Black Oil Simulator                    *
 *                         General Release for Win x64                          *
 *                            2019-Sep-10   17:57:17                            *
 *                                                                              *
 *                          (c) Copyright 1977 - 2019                           *
 *                Computer Modelling Group Ltd., Calgary, Canada                *
 *                             All Rights Reserved                              *
 *                                                                              *
 ********************************************************************************


 Command-line Arguments:  -f D:\CMG's Modelling Workflow_2019-10\Prediction\IMEX_TUTORIAL_PRED_WATER.dat
                          -wd D:\CMG's Modelling Workflow_2019-10\Prediction
                          -r D:\CMG's Modelling Workflow_2019-10\Prediction\IMEX_TUTORIAL_HM_Matched.sr3
                          -log
                          -doms
                          -parasol 4
                          -wait
                          -parent IMEX_TUTORIAL_HM_Matched

  Date and Time of Start of Run:  Nov 22, 2019  10:15:41


*** Input/Output files specification :
    Opened data file        on unit 11, filename is "D:\CMG's Modelling Workflow_2019-10\Prediction\IMEX_TUTORIAL_PRED_WATER.dat"
    Opened Scratch file     on unit 12
    Opened Scratch file     on unit 13
    Opened output file      on unit 14, filename is "D:\CMG's Modelling Workflow_2019-10\Prediction\IMEX_TUTORIAL_PRED_WATER.out"
    Opened SR3-OUT          on unit 15, filename is "D:\CMG's Modelling Workflow_2019-10\Prediction\IMEX_TUTORIAL_PRED_WATER.sr3"
    Opened INDEX-OUT        on unit 16, filename is "D:\CMG's Modelling Workflow_2019-10\Prediction\IMEX_TUTORIAL_PRED_WATER.irf"
    Opened MAIN-RESULTS-OUT on unit 17, filename is "D:\CMG's Modelling Workflow_2019-10\Prediction\IMEX_TUTORIAL_PRED_WATER.mrf"

 =================== WARNING (from subroutine: GRDLST_CHK) ====================
  Solvent property related printout is being disabled
  This MODEL option does not allow solvent property output.
  Line: 17   File Name: D:\CMG's Modelling Workflow_2019-10\Prediction\IMEX_TUTORIAL_PRED_WATER.dat
 ==============================================================================

    Opened GRID scratchfile on unit 18

 ===================== SUMMARY (from subroutine: INDATA) ======================
  Reading of initial data is complete.
  Simulation will stop if there were error messages.
     1 Warning messages.    0 Error messages.
 ==============================================================================

    Opened SR3-IN           on unit 19, filename is "D:\CMG's Modelling Workflow_2019-10\Prediction\IMEX_TUTORIAL_HM_Matched.sr3"

                                    I M E X   T I M E   S T E P   S U M M A R Y
 ==================================================================================================================
    Time Step           Time                  Total Production             Total Injection  Total Max. Max. Change
 ---------------- ---------------- -------------------------------------- -----------------  PV   Mat. ------------
                C                    Oil      Gas     Water   GOR.  Wat.    Gas     Water   Avg.  bal. Satur. Pres.
        Size    U                                              M3/   Cut                    Pres. err. DSMAX  DPMAX
  No.   Days IT T Days   yy:mm:dd    M3/D    MM3/D     M3/D     M3    %    MM3/D     M3/D    kPa   %           kPa
 ------ ---- -- - ----- ---------- -------- -------- -------- ----- ----- -------- -------- ----- ---- ------ -----
   248w 31.0 2  0  6240 2010:02:01 101.5777 23.36225 40.28231 230.0 28.40                    7085 .27g  .024g  71.8
   249w 1.00 1  0  6241 2010:02:02 86.43365 22.77876 21.51214 263.5 19.93                    7084 .27g  7e-4g  14.2
   250  5.00 2  0  6246 2010:02:07 85.02585 13.75638 21.07014 161.8 19.86                    7084 .27g  .004g  59.7
   251  22.0 3  0  6268 2010:03:01 83.40191 14.52292 20.18341 174.1 19.48                    7081 .27g  .030g  53.3

 ===================== WARNING (from subroutine: WMNDPN) ======================
  Group hierarchy has been changed. Previous group target and
  monitoring constraints will no longer apply.
 ==============================================================================

   252w .500 5  1  6269 2010:03:02 82.49266 14.53577 19.26140 176.2 18.93          4000.000  7082 .27g -.074g  1059
   253  .673 1  0  6269 2010:03:02 82.47933 14.57206 19.39083 176.7 19.03          4000.000  7086 .27g  .025w   817
   254  2.47 1  0  6272 2010:03:05 82.64126 14.69744 20.72067 177.8 20.05          4000.000  7097 .28g  .073w   994
   255  3.37 1  0  6275 2010:03:08 82.96315 14.87390 22.97991 179.3 21.69          4000.000  7109 .28g  .046w   605
   256  7.27 2  0  6282 2010:03:15 84.37954 15.29044 28.66225 181.2 25.36          4000.000  7132 .28g -.084g   522
   257  8.36 3  0  6291 2010:03:24 86.20352 15.82715 34.74651 183.6 28.73          4000.000  7155 .28g -.125g   369
   258  4.18 1  0  6295 2010:03:28 86.38868 16.09627 36.77557 186.3 29.86          4000.000  7165 .28g -.052g   162
   259  4.18 1  0  6299 2010:04:01 87.24625 16.38315 39.54488 187.8 31.19          4000.000  7176 .28g -.047g   147
   260w 8.88 3  0  6308 2010:04:10 90.51539 17.07900 46.18521 188.7 33.79          4000.000  7197 .28g -.094g   244
   261  9.48 1  0  6317 2010:04:19 93.32040 17.87668 52.27177 191.6 35.90          4000.000  7219 .28g -.110g   217
   262  5.82 1  0  6323 2010:04:25 93.45464 18.31858 54.89372 196.0 37.00          4000.000  7233 .28g -.072g   160
   263  5.82 3  0  6329 2010:05:01 94.98290 18.76264 58.52434 197.5 38.12          4000.000  7246 .28g -.060g   198
   264w  9.7 1  0  6339 2010:05:11  99.5895 19.64522 65.72981 197.3 39.76          4000.000  7267 .29g -.117g   196
   265  8.32 4  0  6347 2010:05:19 101.0917 20.29331 70.63967 200.7 41.13          4000.000  7286 .29g -.076g   235
   266  6.47 1  0  6354 2010:05:26 101.4876 20.79559 74.33780 204.9 42.28          4000.000  7300 .29g -.055g   136
   267  6.47 1  0  6360 2010:06:01 103.0358 21.31569 78.68990 206.9 43.30          4000.000  7314 .29g -.054g   182

                                    I M E X   T I M E   S T E P   S U M M A R Y
 ==================================================================================================================
    Time Step           Time                  Total Production             Total Injection  Total Max. Max. Change
 ---------------- ---------------- -------------------------------------- -----------------  PV   Mat. ------------
                C                    Oil      Gas     Water   GOR.  Wat.    Gas     Water   Avg.  bal. Satur. Pres.
        Size    U                                              M3/   Cut                    Pres. err. DSMAX  DPMAX
  No.   Days IT T Days   yy:mm:dd    M3/D    MM3/D     M3/D     M3    %    MM3/D     M3/D    kPa   %           kPa
 ------ ---- -- - ----- ---------- -------- -------- -------- ----- ----- -------- -------- ----- ---- ------ -----
   268w 12.0 1  0  6372 2010:06:13 110.1821 22.57116 88.73878 204.9 44.61          4000.000  7340 .29g -.113g   250
   269  9.00 1  0  6381 2010:06:22 110.3446 23.25909 94.36970 210.8 46.10          4000.000  7359 .29g -.087g   232
   270  9.00 2  0  6390 2010:07:01 113.5693 23.97640 101.2973 211.1 47.14          4000.000  7379 .29g -.088g   439
   271w 10.3 1  0  6400 2010:07:11 119.3280 24.98977 110.0244 209.4 47.97          4000.000  7401 .29g -.103g  -452
   272  10.0 4  0  6410 2010:07:21 125.4053 25.84466 118.4920 206.1 48.58          4000.000  7422 .29g -.091g   238
   273  10.8 2  0  6421 2010:08:01 133.3189 26.77880 128.3582 200.9 49.05          4000.000  7445 .29g -.107g   237
   274w 10.1 8  0  6431 2010:08:11 140.8471 27.59424 137.6877 195.9 49.43          4000.000  7466 .29g -.092g   150
   275  10.5 6  0  6442 2010:08:22 149.5297 28.40975 148.0516 190.0 49.75          4000.000  7488 .29g -.107g   215
   276  10.5 1  0  6452 2010:09:01 158.6120 29.26310 158.9323 184.5 50.05          4000.000  7509 .29g -.096g   135
   277w 10.8 1  0  6463 2010:09:12 168.3584 30.02420 170.9348 178.3 50.38          4000.000  7532 .29g -.109g  -185
   278   9.6 3  0  6472 2010:09:21 176.8060 30.44973 181.7947 172.2 50.70          4000.000  7551 .29g -.096g   230
   279   9.6 1  0  6482 2010:10:01 185.6878 30.90290 193.2791 166.4 51.00          4000.000  7571 .29g -.083g   120
   280w 11.6 3  0  6494 2010:10:13 196.8783 31.26924 207.5919 158.8 51.32          4000.000  7594 .29g -.117g   173
   281   9.7 3  0  6503 2010:10:22 205.6411 31.54455 219.6563 153.4 51.65          4000.000  7614 .30g -.089g   127
   282   9.7 1  0  6513 2010:11:01 214.7784 31.85603 232.2714 148.3 51.96          4000.000  7633 .30g -.096g  91.3
   283w 10.1 4  0  6523 2010:11:11 224.4343 32.15760 245.7791 143.3 52.27          4000.000  7653 .30g -.090g   169
   284  10.0 1  0  6533 2010:11:21 233.6483 32.53835 259.9039 139.3 52.66          4000.000  7673 .30g -.109g  99.4
   285  10.0 3  0  6543 2010:12:01 242.4257 32.85279 274.4145 135.5 53.09          4000.000  7692 .30g -.140g  -202
   286w 7.13 6  0  6550 2010:12:08 248.8697 33.06602 285.1272 132.9 53.39          4000.000  7706 .30g -.060g -87.5
   287  11.8 1  0  6562 2010:12:20 260.8005 33.76952 303.9296 129.5 53.82          4000.000  7729 .30g -.104g  93.0

                                    I M E X   T I M E   S T E P   S U M M A R Y
 ==================================================================================================================
    Time Step           Time                  Total Production             Total Injection  Total Max. Max. Change
 ---------------- ---------------- -------------------------------------- -----------------  PV   Mat. ------------
                C                    Oil      Gas     Water   GOR.  Wat.    Gas     Water   Avg.  bal. Satur. Pres.
        Size    U                                              M3/   Cut                    Pres. err. DSMAX  DPMAX
  No.   Days IT T Days   yy:mm:dd    M3/D    MM3/D     M3/D     M3    %    MM3/D     M3/D    kPa   %           kPa
 ------ ---- -- - ----- ---------- -------- -------- -------- ----- ----- -------- -------- ----- ---- ------ -----
   288  12.0 3  0  6574 2011:01:01 272.1356 34.08447 323.4444 125.2 54.31          4000.000  7752 .30g -.125g   202
   289w  9.6 6  0  6584 2011:01:11 280.9528 34.33455 339.6774 122.2 54.73          4000.000  7771 .30g -.084g   127
   290  10.7 4  0  6594 2011:01:21 290.9403 34.67751 358.2738 119.2 55.19          4000.000  7791 .30g -.083g  97.0
   291  10.7 4  0  6605 2011:02:01 300.6513 35.00107 377.4727 116.4 55.66          4000.000  7811 .30g -.115g  97.4
   292w 9.27 2  0  6614 2011:02:10 308.7844 35.24754 394.4669 114.1 56.09          4000.000  7828 .30g -.090g  -206
   293  9.36 2  0  6624 2011:02:20 316.9331 35.48144 412.0268 112.0 56.52          4000.000  7846 .30g  .084w  -164
   294  9.36 3  0  6633 2011:03:01 324.7452 35.68703 430.0345 109.9 56.97          4000.000  7863 .30g -.078g -85.1
   295w 12.1 2  0  6645 2011:03:13 334.7022 35.81457 453.7360 107.0 57.55          4000.000  7885 .30g -.173g   128
   296  6.98 1  0  6652 2011:03:20 339.7114 35.89414 468.0524 105.7 57.94          4000.000  7898 .30g -.095g  -152
   297  5.98 1  0  6658 2011:03:26 344.4246 35.94032 480.6269 104.3 58.25          4000.000  7908 .30g -.048g  -260
   298  5.98 1  0  6664 2011:04:01 349.1443 35.97870 493.1949 103.0 58.55          4000.000  7919 .30g -.054g  -131
   299w 11.1 1  0  6675 2011:04:12 357.9998 36.28134 516.3559 101.3 59.06          4000.000  7939 .30g -.085g  -134
   300  9.46 2  0  6685 2011:04:22 364.5491 36.13578 536.8751 99.12 59.56          4000.000  7956 .30g -.106g   166
   301  9.46 1  0  6694 2011:05:01 371.1086 36.19273 557.8483 97.53 60.05          4000.000  7973 .30g -.084g   117
   302w 11.2 3  0  6705 2011:05:12 379.1311 36.13524 582.9500 95.31 60.59          4000.000  7993 .30g -.085g  -167
   303   9.9 1  0  6715 2011:05:22 385.9773 36.08372 605.9531 93.49 61.09          4000.000  8010 .30g -.075g  -160
   304   9.9 1  0  6725 2011:06:01 392.7600 35.96329 629.1825 91.57 61.57          4000.000  8027 .30g -.092g   131
   305w 10.8 1  0  6736 2011:06:12 400.0506 35.84105 655.0538 89.59 62.08          4000.000  8046 .30g -.090g  85.1
   306   9.6 1  0  6745 2011:06:21 406.3077 35.32916 678.6934 86.95 62.55          4000.000  8063 .30g -.066g   134
   307   9.6 1  0  6755 2011:07:01 412.5326 34.93953 702.9276 84.70 63.02          4000.000  8080 .30g -.092g   123

                                    I M E X   T I M E   S T E P   S U M M A R Y
 ==================================================================================================================
    Time Step           Time                  Total Production             Total Injection  Total Max. Max. Change
 ---------------- ---------------- -------------------------------------- -----------------  PV   Mat. ------------
                C                    Oil      Gas     Water   GOR.  Wat.    Gas     Water   Avg.  bal. Satur. Pres.
        Size    U                                              M3/   Cut                    Pres. err. DSMAX  DPMAX
  No.   Days IT T Days   yy:mm:dd    M3/D    MM3/D     M3/D     M3    %    MM3/D     M3/D    kPa   %           kPa
 ------ ---- -- - ----- ---------- -------- -------- -------- ----- ----- -------- -------- ----- ---- ------ -----
   308w 10.5 3  0  6765 2011:07:11 419.3208 34.54392 729.9382 82.38 63.51          4000.000  8099 .30g -.069g   144
   309  10.3 2  0  6776 2011:07:22 425.8714 34.13512 757.2032 80.15 64.00          4000.000  8117 .30g -.063g  -302
   310  10.3 1  0  6786 2011:08:01 432.3038 33.70623 785.0257 77.97 64.49          4000.000  8135 .30g -.067g  -246
   311w 15.3 5  0  6801 2011:08:16 441.8296 32.37770 826.3434 73.28 65.16          4000.000  8162 .30g -.090g   185
   312  15.7 5  0  6817 2011:09:01 451.3523 31.17981 870.6668 69.08 65.86          4000.000  8190 .30g -.094g  -193
   313w 15.0 4  0  6832 2011:09:16 460.2261 30.19048 914.1437 65.60 66.51          4000.000  8217 .30g -.117g   167
   314  7.50 1  0  6840 2011:09:24 463.7998 29.70042 937.4045 64.04 66.90          4000.000  8230 .30g -.065g  67.8
   315  7.50 1  0  6847 2011:10:01 467.7181 29.21261 960.2281 62.46 67.25          4000.000  8243 .30g -.065g  72.5
   316w 11.5 1  0  6858 2011:10:12 474.2199 28.63293 994.5776 60.38 67.71          4000.000  8262 .30g -.094g   101
   317   9.8 1  0  6868 2011:10:22 479.6150 27.99265 1024.469 58.36 68.11          4000.000  8279 .30g -.056g   175
   318   9.8 2  0  6878 2011:11:01 485.2247 27.43663 1054.899 56.54 68.49          4000.000  8296 .30g -.055g   161
   319w 15.0 3  0  6893 2011:11:16 493.8387 26.63733 1101.180 53.94 69.04          4000.000  8323 .30g -.097g  -528
   320  15.0 4  0  6908 2011:12:01 501.9690 25.71854 1149.620 51.24 69.61          4000.000  8349 .30g -.098g  -582
   321w 15.2 3  0  6923 2011:12:16 509.6496 24.61413 1200.386 48.30 70.20          4000.000  8377 .30g -.095g  -219
   322  15.8 1  0  6939 2012:01:01 517.8134 23.28690 1253.811 44.97 70.77          4000.000  8405 .29g -.094g  -162
   323w 15.5 2  0  6955 2012:01:17 526.0331 22.08003 1307.698 41.97 71.31          4000.000  8433 .29g -.082g   317
   324  15.5 1  0  6970 2012:02:01 534.3577 20.70449 1362.407 38.75 71.83          4000.000  8460 .29g -.089g   117
   325w 14.5 1  0  6985 2012:02:16 541.6825 19.38483 1413.879 35.79 72.30          4000.000  8485 .29g -.078g   153
   326  14.5 1  0  6999 2012:03:01 549.2660 18.13421 1465.498 33.02 72.74          4000.000  8511 .28g -.057g   167
   327w 15.5 2  0  7015 2012:03:17 557.8499 17.06287 1521.587 30.59 73.17          4000.000  8539 .28g -.065g  -358

                                    I M E X   T I M E   S T E P   S U M M A R Y
 ==================================================================================================================
    Time Step           Time                  Total Production             Total Injection  Total Max. Max. Change
 ---------------- ---------------- -------------------------------------- -----------------  PV   Mat. ------------
                C                    Oil      Gas     Water   GOR.  Wat.    Gas     Water   Avg.  bal. Satur. Pres.
        Size    U                                              M3/   Cut                    Pres. err. DSMAX  DPMAX
  No.   Days IT T Days   yy:mm:dd    M3/D    MM3/D     M3/D     M3    %    MM3/D     M3/D    kPa   %           kPa
 ------ ---- -- - ----- ---------- -------- -------- -------- ----- ----- -------- -------- ----- ---- ------ -----
   328  15.5 1  0  7030 2012:04:01 566.3521 16.22019 1578.394 28.64 73.59          4000.000  8566 .28g -.069g  -460
   329w 15.0 2  0  7045 2012:04:16 574.6370 15.73524 1634.119 27.38 73.98          4000.000  8592 .28g -.059g  -610
   330  15.0 1  0  7060 2012:05:01 582.3784 15.56391 1689.148 26.72 74.36          4000.000  8617 .28g -.053g  -458
   331w 31.0 3  0  7091 2012:06:01 597.1524 15.56927 1791.781 26.07 75.00          4000.000  8664 .28g -.086g  -601
   332w 30.0 4  0  7121 2012:07:01 609.6190 15.60096 1892.330 25.59 75.63          4000.000  8706 .28g -.078g  -269
   333w 31.0 4  0  7152 2012:08:01 620.3441 15.65729 1991.523 25.24 76.25          4000.000  8746 .28g -.110g   239
   334w 15.5 1  0  7168 2012:08:17 624.7720 15.68469 2044.992 25.10 76.60          4000.000  8765 .28g -.051g   120
   335  15.5 1  0  7183 2012:09:01 628.5698 15.72082 2093.679 25.01 76.91          4000.000  8782 .28g -.035g  95.3
   336w 30.0 5  0  7213 2012:10:01 635.1080 15.79690 2175.944 24.87 77.41          4000.000  8813 .28g -.068g  -676
   337w 31.0 1  0  7244 2012:11:01 639.8680 15.90360 2257.870 24.85 77.92          4000.000  8841 .28g -.074g  -495
   338w 30.0 1  0  7274 2012:12:01 643.1165 15.90190 2332.581 24.73 78.39          4000.000  8864 .28g -.076g -1701
   339w 31.0 3  0  7305 2013:01:01 645.3762 15.89465 2404.811 24.63 78.84          4000.000  8886 .28g -.064g   194
   340w 31.0 1  0  7336 2013:02:01 646.3719 15.99616 2472.899 24.75 79.28          4000.000  8905 .27g -.063g   152
   341w 28.0 1  0  7364 2013:03:01 646.7401 16.04686 2532.901 24.81 79.66          4000.000  8921 .27g -.065g   139
   342w 31.0 4  0  7395 2013:04:01 646.4714 16.10309 2594.356 24.91 80.05          4000.000  8937 .27g -.055g  -624
   343w 30.0 1  0  7425 2013:05:01 645.6347 16.17107 2651.503 25.05 80.42          4000.000  8950 .27g -.063g  -810
   344w 31.0 1  0  7456 2013:06:01 644.2361 16.16650 2707.314 25.09 80.78          4000.000  8961 .27g -.085g  -152
   345w 30.0 2  0  7486 2013:07:01 642.3270 16.13076 2758.628 25.11 81.11          4000.000  8970 .27g -.077g  -614
   346w 31.0 1  0  7517 2013:08:01 639.9575 16.13465 2807.942 25.21 81.44          4000.000  8978 .27g -.065g  -528
   347w 31.0 2  0  7548 2013:09:01 637.3249 16.13841 2855.286 25.32 81.75          4000.000  8984 .27g -.059g  -546

                                    I M E X   T I M E   S T E P   S U M M A R Y
 ==================================================================================================================
    Time Step           Time                  Total Production             Total Injection  Total Max. Max. Change
 ---------------- ---------------- -------------------------------------- -----------------  PV   Mat. ------------
                C                    Oil      Gas     Water   GOR.  Wat.    Gas     Water   Avg.  bal. Satur. Pres.
        Size    U                                              M3/   Cut                    Pres. err. DSMAX  DPMAX
  No.   Days IT T Days   yy:mm:dd    M3/D    MM3/D     M3/D     M3    %    MM3/D     M3/D    kPa   %           kPa
 ------ ---- -- - ----- ---------- -------- -------- -------- ----- ----- -------- -------- ----- ---- ------ -----
   348w 30.0 1  0  7578 2013:10:01 634.4155 16.19460 2897.981 25.53 82.04          4000.000  8989 .27g -.050g  -434
   349w 31.0 2  0  7609 2013:11:01 631.3559 16.22513 2939.437 25.70 82.32          4000.000  8992 .27g -.049g  90.2
   350w 30.0 1  0  7639 2013:12:01 628.0637 16.27162 2976.960 25.91 82.58          4000.000  8995 .27g -.042g  54.7
   351w 31.0 1  0  7670 2014:01:01 624.4978 16.39857 3013.058 26.26 82.83          4000.000  8996 .27g -.040g  51.8
   352w 31.0 2  0  7701 2014:02:01 620.8547 16.42319 3047.247 26.45 83.07          4000.000  8997 .27g -.040g  -344
   353w 28.0 1  0  7729 2014:03:01 617.3497 16.45723 3076.862 26.66 83.29          4000.000  8997 .27g -.036g  -495
   354w 31.0 1  0  7760 2014:04:01 613.4480 16.49988 3106.550 26.90 83.51          4000.000  8996 .27g -.039g -1143
   355w 30.0 1  0  7790 2014:05:01 609.6421 16.51225 3134.482 27.09 83.72          4000.000  8995 .27g -.037g -1053
   356w 31.0 1  0  7821 2014:06:01 605.6007 16.50573 3161.082 27.26 83.92          4000.000  8993 .27g -.037g  -282
   357w 30.0 1  0  7851 2014:07:01 601.5310 16.49670 3185.918 27.42 84.12          4000.000  8991 .27g -.034g  -107
   358w 31.0 1  0  7882 2014:08:01 597.1337 16.49758 3210.313 27.63 84.32          4000.000  8988 .27g -.031g -72.2
   359w 31.0 1  0  7913 2014:09:01 592.7696 16.46733 3233.579 27.78 84.51          4000.000  8985 .27g -.034g -62.5
   360w 30.0 1  0  7943 2014:10:01 588.5355 16.43527 3254.609 27.93 84.69          4000.000  8981 .27g -.032w -54.9
   361w 31.0 1  0  7974 2014:11:01 584.2728 16.37092 3274.841 28.02 84.86          4000.000  8978 .27g -.039w -51.7
   362w 30.0 1  0  8004 2014:12:01 580.2647 16.30105 3293.540 28.09 85.02          4000.000  8974 .27g  .041g -45.6
   363w 31.0 1  0  8035 2015:01:01 576.1459 16.23758 3311.450 28.18 85.18          4000.000  8970 .27g  .042g -1897
   364w 31.0 1  0  8066 2015:02:01 572.0820 16.16735 3328.673 28.26 85.33          4000.000  8965 .27g  .039g   740
   365w 28.0 1  0  8094 2015:03:01 568.4231 16.08751 3343.969 28.30 85.47          4000.000  8961 .27g  .032g  -196
   366w 31.0 1  0  8125 2015:04:01 564.4350 16.00078 3359.205 28.35 85.61          4000.000  8957 .27g -.029g -2021
   367w 30.0 1  0  8155 2015:05:01 560.6195 15.90867 3373.909 28.38 85.75          4000.000  8953 .27g -.029g   736

                                    I M E X   T I M E   S T E P   S U M M A R Y
 ==================================================================================================================
    Time Step           Time                  Total Production             Total Injection  Total Max. Max. Change
 ---------------- ---------------- -------------------------------------- -----------------  PV   Mat. ------------
                C                    Oil      Gas     Water   GOR.  Wat.    Gas     Water   Avg.  bal. Satur. Pres.
        Size    U                                              M3/   Cut                    Pres. err. DSMAX  DPMAX
  No.   Days IT T Days   yy:mm:dd    M3/D    MM3/D     M3/D     M3    %    MM3/D     M3/D    kPa   %           kPa
 ------ ---- -- - ----- ---------- -------- -------- -------- ----- ----- -------- -------- ----- ---- ------ -----
   368w 31.0 1  0  8186 2015:06:01 556.7439 15.81950 3388.308 28.41 85.89          4000.000  8948 .27g -.031g -1092
   369w 30.0 1  0  8216 2015:07:01 553.0373 15.74061 3401.830 28.46 86.02          4000.000  8944 .27g -.031g  -234
   370w 31.0 1  0  8247 2015:08:01 549.2951 15.69550 3414.893 28.57 86.14          4000.000  8939 .27g -.035g  -188
   371w 31.0 1  0  8278 2015:09:01 545.5964 15.64152 3427.377 28.67 86.27          4000.000  8934 .27g -.031g  -144
   372w 30.0 1  0  8308 2015:10:01 542.0110 15.67194 3438.790 28.91 86.38          4000.000  8929 .27g -.032g  -107
   373w 31.0 1  0  8339 2015:11:01 538.2589 15.64061 3449.634 29.06 86.50          4000.000  8924 .27g -.034g -87.0
   374w 30.0 1  0  8369 2015:12:01 534.6228 15.57203 3459.770 29.13 86.62          4000.000  8918 .27g -.028g  -930
   375w 31.0 1  0  8400 2016:01:01 530.8591 15.46805 3469.188 29.14 86.73          4000.000  8913 .27g -.035g  -250
   376w 31.0 1  0  8431 2016:02:01 527.1232 15.30498 3478.085 29.03 86.84          4000.000  8907 .27g -.038g  -168
   377w 29.0 1  0  8460 2016:03:01 523.6464 15.14394 3486.311 28.92 86.94          4000.000  8901 .27g -.035g  -124
   378w 31.0 1  0  8491 2016:04:01 519.9740 14.96036 3494.075 28.77 87.05          4000.000  8895 .27g -.035g  -108
   379w 30.0 1  0  8521 2016:05:01 516.4655 14.76619 3501.620 28.59 87.15          4000.000  8889 .27g -.033g -84.0
   380w 31.0 1  0  8552 2016:06:01 512.8770 14.57507 3508.695 28.42 87.25          4000.000  8883 .27g -.038g  -369
   381w 30.0 1  0  8582 2016:07:01 509.4371 14.39387 3515.556 28.25 87.34          4000.000  8877 .27g -.038g  -803
   382w 31.0 2  0  8613 2016:08:01 505.9367 14.21288 3522.271 28.09 87.44          4000.000  8870 .27g -.036g  -110
   383w 31.0 2  0  8644 2016:09:01 502.4666 14.04943 3528.763 27.96 87.54          4000.000  8864 .27g -.039g -50.7
   384w 30.0 1  0  8674 2016:10:01 499.1247 13.91337 3534.842 27.88 87.63          4000.000  8858 .27g -.036g -41.2
   385w 31.0 1  0  8705 2016:11:01 495.7150 13.77660 3540.758 27.79 87.72          4000.000  8852 .27g -.035g  33.1
   386w 30.0 1  0  8735 2016:12:01 492.4418 13.64942 3546.389 27.72 87.81          4000.000  8846 .27g -.031g  -690
   387w 31.0 2  0  8766 2017:01:01 489.1060 13.51143 3551.954 27.62 87.90          4000.000  8840 .27g -.034g  -324

                                    I M E X   T I M E   S T E P   S U M M A R Y
 ==================================================================================================================
    Time Step           Time                  Total Production             Total Injection  Total Max. Max. Change
 ---------------- ---------------- -------------------------------------- -----------------  PV   Mat. ------------
                C                    Oil      Gas     Water   GOR.  Wat.    Gas     Water   Avg.  bal. Satur. Pres.
        Size    U                                              M3/   Cut                    Pres. err. DSMAX  DPMAX
  No.   Days IT T Days   yy:mm:dd    M3/D    MM3/D     M3/D     M3    %    MM3/D     M3/D    kPa   %           kPa
 ------ ---- -- - ----- ---------- -------- -------- -------- ----- ----- -------- -------- ----- ---- ------ -----
   388w 31.0 1  0  8797 2017:02:01 485.8012 13.38799 3557.240 27.56 87.98          4000.000  8834 .27g -.033g  -296
   389w 28.0 1  0  8825 2017:03:01 482.8403 13.28062 3562.176 27.51 88.06          4000.000  8828 .27g -.028g  -124
   390w 31.0 2  0  8856 2017:04:01 479.6132 13.15493 3566.961 27.43 88.15          4000.000  8822 .27g -.033g -55.2
   391w 30.0 1  0  8886 2017:05:01 476.5260 13.03967 3571.626 27.36 88.23          4000.000  8816 .27g -.031g -45.2
   392w 31.0 1  0  8917 2017:06:01 473.3843 12.92451 3576.240 27.30 88.31          4000.000  8810 .27g -.033g  -866
   393w 30.0 1  0  8947 2017:07:01 470.3763 12.81698 3580.679 27.25 88.39          4000.000  8805 .27g -.030g  -126
   394w 31.0 1  0  8978 2017:08:01 467.3124 12.70470 3584.978 27.19 88.47          4000.000  8799 .27g -.030g  26.6
   395w 31.0 1  0  9009 2017:09:01 464.2888 12.59266 3589.210 27.12 88.55          4000.000  8793 .27g -.036g  -180
   396w 30.0 1  0  9039 2017:10:01 461.4027 12.49816 3593.298 27.09 88.62          4000.000  8787 .27g -.027g  -871
   397w 31.0 1  0  9070 2017:11:01 458.4580 12.40000 3597.216 27.05 88.70          4000.000  8782 .27g -.036g  -123
   398w 30.0 1  0  9100 2017:12:01 455.6498 12.31462 3601.116 27.03 88.77          4000.000  8776 .27g -.033g -96.1
   399w 31.0 1  0  9131 2018:01:01 452.7898 12.22997 3604.838 27.01 88.84          4000.000  8771 .27g -.031g -80.2
   400w 31.0 1  0  9162 2018:02:01 449.9690 12.14699 3608.537 27.00 88.91          4000.000  8765 .27g -.029g -64.5
   401w 28.0 1  0  9190 2018:03:01 447.4438 12.08110 3612.055 27.00 88.98          4000.000  8760 .27g -.024g -47.3
   402w 31.0 1  0  9221 2018:04:01 444.6839 12.01465 3615.322 27.02 89.05          4000.000  8755 .27g -.023g  43.7
   403w 30.0 1  0  9251 2018:05:01 442.0466 11.95170 3618.625 27.04 89.11          4000.000  8749 .27g -.022g  -265
   404w 31.0 1  0  9282 2018:06:01 439.3579 11.87964 3621.854 27.04 89.18          4000.000  8744 .27g -.023g  -211
   405w 30.0 1  0  9312 2018:07:01 436.7839 11.80683 3624.958 27.03 89.25          4000.000  8739 .27g -.023g  -133
   406w 31.0 1  0  9343 2018:08:01 434.1613 11.72825 3627.953 27.01 89.31          4000.000  8734 .27g -.025g -86.8
   407w 31.0 1  0  9374 2018:09:01 431.5797 11.64492 3630.998 26.98 89.38          4000.000  8728 .27g -.028g  -149

                                    I M E X   T I M E   S T E P   S U M M A R Y
 ==================================================================================================================
    Time Step           Time                  Total Production             Total Injection  Total Max. Max. Change
 ---------------- ---------------- -------------------------------------- -----------------  PV   Mat. ------------
                C                    Oil      Gas     Water   GOR.  Wat.    Gas     Water   Avg.  bal. Satur. Pres.
        Size    U                                              M3/   Cut                    Pres. err. DSMAX  DPMAX
  No.   Days IT T Days   yy:mm:dd    M3/D    MM3/D     M3/D     M3    %    MM3/D     M3/D    kPa   %           kPa
 ------ ---- -- - ----- ---------- -------- -------- -------- ----- ----- -------- -------- ----- ---- ------ -----
   408w 30.0 1  0  9404 2018:10:01 429.1108 11.56240 3633.982 26.95 89.44          4000.000  8724 .27g -.030g  -121
   409w 31.0 1  0  9435 2018:11:01 426.5994 11.48708 3636.894 26.93 89.50          4000.000  8718 .27g -.029g  -372
   410w 30.0 1  0  9465 2018:12:01 424.1997 11.41453 3639.773 26.91 89.56          4000.000  8714 .28g -.023g  -207
   411w 31.0 1  0  9496 2019:01:01 421.7482 11.33966 3642.501 26.89 89.62          4000.000  8709 .28g -.027g  -109
   412w 31.0 2  0  9527 2019:02:01 419.3327 11.27776 3645.307 26.89 89.68          4000.000  8704 .28g -.034g -48.5
   413w 28.0 1  0  9555 2019:03:01 417.1661 11.22106 3647.978 26.90 89.74          4000.000  8699 .28g -.030g -41.9
   414w 31.0 1  0  9586 2019:04:01 414.7944 11.15796 3650.447 26.90 89.80          4000.000  8695 .28g -.032g -39.0
   415w 30.0 1  0  9616 2019:05:01 412.5339 11.09621 3653.063 26.90 89.85          4000.000  8690 .28g -.030g -31.3
   416w 31.0 1  0  9647 2019:06:01 410.2225 11.02967 3655.511 26.89 89.91          4000.000  8685 .28g -.029g -27.2
   417w 30.0 2  0  9677 2019:07:01 408.0149 10.96160 3658.018 26.87 89.97          4000.000  8681 .28g -.026g  -280
   418w 31.0 2  0  9708 2019:08:01 405.7607 10.89309 3660.418 26.85 90.02          4000.000  8676 .28g -.025g  -199
   419w 31.0 2  0  9739 2019:09:01 403.5366 10.82097 3662.824 26.82 90.08          4000.000  8672 .28g -.023g  -123
   420w 30.0 2  0  9769 2019:10:01 401.4072 10.74401 3665.169 26.77 90.13          4000.000  8667 .28g -.021g -75.4
   421w 31.0 1  0  9800 2019:11:01 399.2355 10.67373 3667.379 26.74 90.18          4000.000  8663 .28g -.019g -65.5
   422w 30.0 1  0  9830 2019:12:01 397.1647 10.60840 3669.643 26.71 90.23          4000.000  8659 .28g -.017g -39.5
   423w 31.0 1  0  9861 2020:01:01 395.0527 10.54358 3671.815 26.69 90.29          4000.000  8654 .28g -.017g  -262
   424w 31.0 1  0  9892 2020:02:01 392.9696 10.48038 3674.053 26.67 90.34          4000.000  8650 .28g -.017g  -456

 ===================== SUMMARY (from subroutine: TSIO)   ======================
  Simulation run terminated. Stopping time reached.
    
     2 Warning messages.    0 Error messages.
 ==============================================================================


       Field Total                                   Fluid
                             Oil       Gas       Water    Solvent   Polymer   Seawater
                            -------   -------   -------   -------   -------   -------
                            (MSM3)    (MMSM3)   (MSM3)    (MMSM3)   (MKG)     (MSM3)
  Cumulative Production      6563.1    291.28     10733     NA        NA        NA   
  Cumulative Injection        NA         0        14496     NA        NA        NA   
  Cumulative Gas Lift         NA         0        NA        NA        NA        NA   
  Cumulative Water Influx     NA        NA         0        NA        NA        NA   
  Current Fluids In Place     34810    952.39     30185     NA        NA        NA   
  Production Rates           .39297    .01048    3.6741     NA        NA        NA   
  Injection Rates             NA         0       4.0000     NA        NA        NA   

  Timesteps:    177  Newton Cycles:      308  Cuts:      1  Solver Iterations:         7387
  Average Implicitness    : 0.471
  Material Balances (owg): 1.000 1.000 1.003
  Average Active Blocks:       34077 Average Non-BHP Active Wells:     2
  Total Blocks :       35000 Total Wells :    13
  Active Blocks:       34077 Non-BHP Active Wells:     2
  Total lstpro/lstpar calls:     2
  Time at end of simulation:   9892.00     (days)   
  Average reservoir pressure excluding water zone: 8297.187 (kPa)    
  Total Number of Solver Failures:      33  Stalls:       0  ITERMAX Reached:      33
  Jacobian Domains      4
  Linear Solver: Parasol
  Number of level 1 solver classes:    4
  AUTOPSLAB Cutting Direction:    I
  Preconditioner Ordering     REDBLACK
  Preconditioner Degree aa, ab, as, bb, ba:    1    2    1    1    1
  KMP_AFFINITY: Default
  OMP_SCHEDULE: Default
  Max Impl Blocks:    16427  %Impl: 48.2%  (TS,CUT,NCYC): (  420, 0,  2 )
  Max Solver Iterations (TS,CUT,NCYC):      40 (  331, 0,  1 )
  Number of threads set:    4
  Total number of cpus:    4
  Memory Usage Peak:      167 MB on TS:  422  TS 1 Peak:        0 MB  Average:      152 MB  VM Size:      195 MB
  Host computer: EHSANR-LT

  End of Simulation: Normal Termination

  CPU Time:           140.62 seconds
  Elapsed Time:        38.59 seconds

  Date and Time of End of Run:  Nov 22, 2019  10:16:20

