    Opened LOG FILE         on unit 10, filename is "D:\CMG's Modelling Workflow_2019-10\Prediction\IMEX_TUTORIAL_PRED_BASE.log"
 ********************************************************************************
 *                                                                              *
 *                                IMEX  2019.10                                 *
 *                   Adaptive - Implicit Black Oil Simulator                    *
 *                         General Release for Win x64                          *
 *                            2019-Sep-10   17:57:17                            *
 *                                                                              *
 *                          (c) Copyright 1977 - 2019                           *
 *                Computer Modelling Group Ltd., Calgary, Canada                *
 *                             All Rights Reserved                              *
 *                                                                              *
 ********************************************************************************


 Command-line Arguments:  -f D:\CMG's Modelling Workflow_2019-10\Prediction\IMEX_TUTORIAL_PRED_BASE.dat
                          -wd D:\CMG's Modelling Workflow_2019-10\Prediction
                          -r D:\CMG's Modelling Workflow_2019-10\Prediction\IMEX_TUTORIAL_HM_Matched.sr3
                          -log
                          -doms
                          -parasol 4
                          -wait
                          -parent IMEX_TUTORIAL_HM_Matched

  Date and Time of Start of Run:  Nov  1, 2019  16:38:12


*** Input/Output files specification :
    Opened data file        on unit 11, filename is "D:\CMG's Modelling Workflow_2019-10\Prediction\IMEX_TUTORIAL_PRED_BASE.dat"
    Opened Scratch file     on unit 12
    Opened Scratch file     on unit 13
    Opened output file      on unit 14, filename is "D:\CMG's Modelling Workflow_2019-10\Prediction\IMEX_TUTORIAL_PRED_BASE.out"
    Opened SR3-OUT          on unit 15, filename is "D:\CMG's Modelling Workflow_2019-10\Prediction\IMEX_TUTORIAL_PRED_BASE.sr3"
    Opened INDEX-OUT        on unit 16, filename is "D:\CMG's Modelling Workflow_2019-10\Prediction\IMEX_TUTORIAL_PRED_BASE.irf"
    Opened MAIN-RESULTS-OUT on unit 17, filename is "D:\CMG's Modelling Workflow_2019-10\Prediction\IMEX_TUTORIAL_PRED_BASE.mrf"

 =================== WARNING (from subroutine: GRDLST_CHK) ====================
  Solvent property related printout is being disabled
  This MODEL option does not allow solvent property output.
  Line: 17   File Name: D:\CMG's Modelling Workflow_2019-10\Prediction\IMEX_TUTORIAL_PRED_BASE.dat
 ==============================================================================

    Opened GRID scratchfile on unit 18

 ===================== SUMMARY (from subroutine: INDATA) ======================
  Reading of initial data is complete.
  Simulation will stop if there were error messages.
     1 Warning messages.    0 Error messages.
 ==============================================================================

    Opened SR3-IN           on unit 19, filename is "D:\CMG's Modelling Workflow_2019-10\Prediction\IMEX_TUTORIAL_HM_Matched.sr3"

                                    I M E X   T I M E   S T E P   S U M M A R Y
 ==================================================================================================================
    Time Step           Time                  Total Production             Total Injection  Total Max. Max. Change
 ---------------- ---------------- -------------------------------------- -----------------  PV   Mat. ------------
                C                    Oil      Gas     Water   GOR.  Wat.    Gas     Water   Avg.  bal. Satur. Pres.
        Size    U                                              M3/   Cut                    Pres. err. DSMAX  DPMAX
  No.   Days IT T Days   yy:mm:dd    M3/D    MM3/D     M3/D     M3    %    MM3/D     M3/D    kPa   %           kPa
 ------ ---- -- - ----- ---------- -------- -------- -------- ----- ----- -------- -------- ----- ---- ------ -----
   248w 31.0 2  0  6240 2010:02:01 101.5777 23.36225 40.28231 230.0 28.40                    7085 .27g  .024g  71.8
   249w 1.00 1  0  6241 2010:02:02 96.10992 23.43565 38.20203 243.8 28.44                    7084 .27g  7e-4g  7.26
   250  5.00 2  0  6246 2010:02:07 94.75051 14.66139 37.25770 154.7 28.22                    7083 .27g  .004g  58.9
   251  22.0 3  0  6268 2010:03:01 93.05811 16.27670 33.86432 174.9 26.68                    7080 .27g  .028g  49.7
   252w 31.0 2  0  6299 2010:04:01 90.21634 18.01727 28.76196 199.7 24.17                    7074 .27g  .036g  30.9
   253w 30.0 2  0  6329 2010:05:01 87.00875 19.38488 23.48269 222.8 21.25                    7069 .27g  .026g  16.4
   254w 31.0 2  0  6360 2010:06:01 82.00914 20.44543 14.52654 249.3 15.05                    7064 .27g  .019g -22.4
   255w 30.0 2  0  6390 2010:07:01 77.22769 21.10987 12.63531 273.3 14.06                    7059 .28g  .019g -13.3
   256w 31.0 2  0  6421 2010:08:01 74.99324 21.65283 11.29632 288.7 13.09                    7054 .28g  .021g -12.1
   257w 31.0 2  0  6452 2010:09:01 70.33191 21.87389 4.081702 311.0 5.485                    7050 .28g  .021g  18.1
   258w 30.0 2  0  6482 2010:10:01 68.39896 22.07445 3.994116 322.7 5.517                    7045 .28g  .020g -10.9
   259w 31.0 2  0  6513 2010:11:01 63.94236 16.36802 3.898374 256.0 5.746                    7041 .28g  .024g  49.0
   260w 30.0 1  0  6543 2010:12:01 62.29616 16.81725 3.793539 270.0 5.740                    7037 .28g  .023g  14.8
   261w 31.0 1  0  6574 2011:01:01 60.63217 17.14478 3.689542 282.8 5.736                    7034 .28g  .021g -10.2
   262w 31.0 1  0  6605 2011:02:01 58.97334 17.38056 3.591291 294.7 5.740                    7030 .28g  .018g -10.1
   263w 28.0 1  0  6633 2011:03:01 57.04900 17.55312 3.494316 307.7 5.772                    7026 .28g  .015g -9.15
   264w 31.0 1  0  6664 2011:04:01 55.08380 17.76369 3.406959 322.5 5.825                    7023 .28g -.021g  -9.8
   265w 30.0 1  0  6694 2011:05:01 53.31743 17.86053 3.327801 335.0 5.875                    7019 .28g -.021g -9.50
   266w 31.0 2  0  6725 2011:06:01 51.58896 17.90523 3.260686 347.1 5.945                    7015 .28g -.018g  -9.7
   267w 30.0 2  0  6755 2011:07:01 49.87109 17.88315 3.195527 358.6 6.022                    7012 .28g -.016g  -9.6

                                    I M E X   T I M E   S T E P   S U M M A R Y
 ==================================================================================================================
    Time Step           Time                  Total Production             Total Injection  Total Max. Max. Change
 ---------------- ---------------- -------------------------------------- -----------------  PV   Mat. ------------
                C                    Oil      Gas     Water   GOR.  Wat.    Gas     Water   Avg.  bal. Satur. Pres.
        Size    U                                              M3/   Cut                    Pres. err. DSMAX  DPMAX
  No.   Days IT T Days   yy:mm:dd    M3/D    MM3/D     M3/D     M3    %    MM3/D     M3/D    kPa   %           kPa
 ------ ---- -- - ----- ---------- -------- -------- -------- ----- ----- -------- -------- ----- ---- ------ -----
   268w 31.0 1  0  6786 2011:08:01 48.16196 17.77964 3.133959 369.2 6.110                    7008 .28g -.014g  -9.9
   269w 31.0 1  0  6817 2011:09:01 46.34185 17.63233 3.072930 380.5 6.219                    7005 .28g  .013g -10.1
   270w 30.0 2  0  6847 2011:10:01 44.40792 17.47379 3.008706 393.5 6.345                    7001 .28g  .012g  -9.9
   271w 31.0 1  0  6878 2011:11:01 42.43293 17.23292 2.943701 406.1 6.487                    6998 .28g  .012g -10.2
   272w 30.0 2  0  6908 2011:12:01 36.26887 11.89560 2.803346 328.0 7.175                    6995 .28g  .011g  38.5
   273w 31.0 1  0  6939 2012:01:01 35.45721 12.19971 2.763660 344.1 7.231                    6993 .28g -.011g -10.2
   274w 31.0 1  0  6970 2012:02:01 34.62921 12.35594 2.723571 356.8 7.291                    6990 .28g -.012g -10.2
   275w 29.0 1  0  6999 2012:03:01 33.84107 12.40772 2.686255 366.6 7.354                    6988 .28g -.011g  -9.8
   276w 31.0 1  0  7030 2012:04:01 33.07704 12.37868 2.650387 374.2 7.418                    6985 .28g  .012o  -9.9
   277w 30.0 1  0  7060 2012:05:01 32.31842 12.31214 2.616016 381.0 7.488                    6983 .28g  .011o  -9.7
   278w 31.0 1  0  7091 2012:06:01 31.58002 12.18382 2.582831 385.8 7.560                    6980 .28g  .011o  -9.6
   279w 30.0 2  0  7121 2012:07:01 28.05709 11.95098 2.459109 426.0 8.058                    6978 .28g  .010o  17.3
   280w 31.0 1  0  7152 2012:08:01 27.46505 11.76158 2.436408 428.2 8.148                    6976 .28g  .010o -9.15
   281w 31.0 1  0  7183 2012:09:01 26.87002 11.54226 2.413824 429.6 8.243                    6974 .28g -.010g -8.92
   282w 30.0 1  0  7213 2012:10:01 26.28629 11.30744 2.391864 430.2 8.340                    6972 .28g -.009g -8.63
   283w 31.0 1  0  7244 2012:11:01 25.71434 11.04169 2.369642 429.4 8.438                    6969 .28g  .009o -8.49
   284w 30.0 2  0  7274 2012:12:01 25.14034 10.77252 2.347523 428.5 8.540                    6967 .28g -.058g -8.32
   285w 31.0 1  0  7305 2013:01:01 24.56307 10.48200 2.324697 426.7 8.646                    6965 .28g  .011o -8.16
   286w 31.0 1  0  7336 2013:02:01 23.96867 10.16859 2.301261 424.2 8.760                    6963 .28g  .014o -8.06
   287w 28.0 1  0  7364 2013:03:01 23.38519  9.87901 2.279178 422.4 8.881                    6962 .28g  .007o -7.54

                                    I M E X   T I M E   S T E P   S U M M A R Y
 ==================================================================================================================
    Time Step           Time                  Total Production             Total Injection  Total Max. Max. Change
 ---------------- ---------------- -------------------------------------- -----------------  PV   Mat. ------------
                C                    Oil      Gas     Water   GOR.  Wat.    Gas     Water   Avg.  bal. Satur. Pres.
        Size    U                                              M3/   Cut                    Pres. err. DSMAX  DPMAX
  No.   Days IT T Days   yy:mm:dd    M3/D    MM3/D     M3/D     M3    %    MM3/D     M3/D    kPa   %           kPa
 ------ ---- -- - ----- ---------- -------- -------- -------- ----- ----- -------- -------- ----- ---- ------ -----
   288w 31.0 1  0  7395 2013:04:01 22.80383  9.55503 2.255517 419.0 9.001                    6960 .28g -.008g -7.48
   289w 30.0 1  0  7425 2013:05:01 22.18209 9.233756 2.231849 416.3 9.142                    6958 .28g -.008g -7.25
   290w 31.0 2  0  7456 2013:06:01 19.07950 3.725273 2.196423 195.3 10.32                    6957 .28g -.009g  39.8
   291w 30.0 1  0  7486 2013:07:01 18.85202 3.598326 2.172501 190.9 10.33                    6956 .28g -.008g  10.4
   292w 31.0 1  0  7517 2013:08:01 15.99129 2.898088 2.099315 181.2 11.60                    6956 .28g -.009g  13.5
   293w 31.0 1  0  7548 2013:09:01 15.95677 2.876963 2.080342 180.3 11.53                    6955 .28g -.009g  5.63
   294w 30.0 1  0  7578 2013:10:01 15.92596 2.860290 2.063246 179.6 11.47                    6954 .28g -.008g  5.40
   295w 31.0 1  0  7609 2013:11:01 15.89969 2.845440 2.047265 179.0 11.41                    6953 .28g -.008g -4.94
   296w 30.0 2  0  7639 2013:12:01 15.87573 2.832132 2.032777 178.4 11.35                    6953 .28g -.008g  5.71
   297w 31.0 1  0  7670 2014:01:01 15.85455 2.818854 2.019001 177.8 11.30                    6952 .28g -.008g  4.84
   298w 31.0 1  0  7701 2014:02:01 15.83366 2.808354 2.005826 177.4 11.24                    6952 .28g -.008g  4.77
   299w 28.0 1  0  7729 2014:03:01 15.81451 2.796982 1.994218 176.9 11.20                    6951 .28g -.007g  4.56
   300w 31.0 1  0  7760 2014:04:01 15.79472 2.783134 1.981851 176.2 11.15                    6951 .28g -.009g  4.85
   301w 30.0 1  0  7790 2014:05:01 15.77424 2.767815 1.969815 175.5 11.10                    6950 .28g -.009g  6.17
   302w 31.0 1  0  7821 2014:06:01 15.75182 2.750261 1.957323 174.6 11.05                    6950 .28g -.010g  5.22
   303w 30.0 1  0  7851 2014:07:01 15.72871 2.731783 1.945099 173.7 11.01                    6949 .28g -.010g -4.08
   304w 31.0 1  0  7882 2014:08:01 15.70307 2.711566 1.932263 172.7 10.96                    6949 .28g -.010g -4.16
   305w 31.0 1  0  7913 2014:09:01 15.67567 2.689814 1.919208 171.6 10.91                    6948 .28g -.009g -4.20
   306w 30.0 1  0  7943 2014:10:01 15.64755 2.667567 1.906361 170.5 10.86                    6948 .28g -.008g -4.04
   307w 31.0 1  0  7974 2014:11:01 15.61634 2.643424 1.892774 169.3 10.81                    6947 .28g -.009g  4.91

                                    I M E X   T I M E   S T E P   S U M M A R Y
 ==================================================================================================================
    Time Step           Time                  Total Production             Total Injection  Total Max. Max. Change
 ---------------- ---------------- -------------------------------------- -----------------  PV   Mat. ------------
                C                    Oil      Gas     Water   GOR.  Wat.    Gas     Water   Avg.  bal. Satur. Pres.
        Size    U                                              M3/   Cut                    Pres. err. DSMAX  DPMAX
  No.   Days IT T Days   yy:mm:dd    M3/D    MM3/D     M3/D     M3    %    MM3/D     M3/D    kPa   %           kPa
 ------ ---- -- - ----- ---------- -------- -------- -------- ----- ----- -------- -------- ----- ---- ------ -----
   308w 30.0 1  0  8004 2014:12:01 15.58468 2.619025 1.879445 168.1 10.76                    6947 .28g -.010g  7.75
   309w 31.0 1  0  8035 2015:01:01 15.54971 2.592685 1.865361 166.7 10.71                    6947 .28g -.011g  10.5
   310w 31.0 1  0  8066 2015:02:01 15.51317 2.565190 1.851863 165.4 10.66                    6946 .28g -.011g  10.1
   311w 28.0 1  0  8094 2015:03:01 15.47901 2.539425 1.839415 164.1 10.62                    6946 .28g -.010g  6.51
   312w 31.0 1  0  8125 2015:04:01 15.43828 2.510061 1.825116 162.6 10.57                    6945 .28g -.012g  7.38
   313w 30.0 1  0  8155 2015:05:01 15.39846 2.480924 1.811231 161.1 10.52                    6945 .28g -.011g  8.77
   314w 31.0 1  0  8186 2015:06:01 15.35530 2.450088 1.796587 159.6 10.47                    6945 .28g -.012g  6.28
   315w 30.0 1  0  8216 2015:07:01 15.31280 2.419680 1.782356 158.0 10.43                    6944 .28g -.012g  5.69
   316w 31.0 1  0  8247 2015:08:01 15.26710 2.387803 1.767427 156.4 10.38                    6944 .28g -.012g  7.79
   317w 31.0 1  0  8278 2015:09:01 15.22064 2.355558 1.752452 154.8 10.32                    6943 .28g -.012g   9.8
   318w 30.0 1  0  8308 2015:10:01 15.17493 2.324071 1.737937 153.2 10.28                    6943 .28g -.012g  7.37
   319w 31.0 1  0  8339 2015:11:01 15.12616 2.291252 1.722800 151.5 10.22                    6943 .28g -.013g  7.85
   320w 30.0 1  0  8369 2015:12:01 15.07875 2.259328 1.708242 149.8 10.18                    6942 .28g -.012g  8.72
   321w 31.0 1  0  8400 2016:01:01 15.02848 2.226047 1.693119 148.1 10.13                    6942 .28g -.013g  8.56
   322w 31.0 1  0  8431 2016:02:01 14.97785 2.192837 1.678082 146.4 10.07                    6941 .28g -.014g  7.77
   323w 29.0 1  0  8460 2016:03:01 14.93041 2.161564 1.664156 144.8 10.03                    6941 .28g -.013g  7.85
   324w 31.0 1  0  8491 2016:04:01 14.87808 2.128060 1.649157 143.0  9.98                    6941 .28g -.015g  6.74
   325w 30.0 1  0  8521 2016:05:01 14.82780 2.095540 1.634867 141.3  9.93                    6940 .28g -.015g  6.26
   326w 31.0 1  0  8552 2016:06:01 14.77495 2.061882 1.620117 139.6  9.88                    6940 .28g -.016g  5.56
   327w 30.0 1  0  8582 2016:07:01 14.72405 2.029365 1.606040 137.8  9.83                    6939 .28g -.015g  5.91

                                    I M E X   T I M E   S T E P   S U M M A R Y
 ==================================================================================================================
    Time Step           Time                  Total Production             Total Injection  Total Max. Max. Change
 ---------------- ---------------- -------------------------------------- -----------------  PV   Mat. ------------
                C                    Oil      Gas     Water   GOR.  Wat.    Gas     Water   Avg.  bal. Satur. Pres.
        Size    U                                              M3/   Cut                    Pres. err. DSMAX  DPMAX
  No.   Days IT T Days   yy:mm:dd    M3/D    MM3/D     M3/D     M3    %    MM3/D     M3/D    kPa   %           kPa
 ------ ---- -- - ----- ---------- -------- -------- -------- ----- ----- -------- -------- ----- ---- ------ -----
   328w 31.0 1  0  8613 2016:08:01 14.67052 1.995844 1.591522 136.0  9.79                    6939 .28g -.015g  5.49
   329w 31.0 1  0  8644 2016:09:01 14.61737 1.962360 1.577213 134.2  9.74                    6939 .28g -.015g  7.61
   330w 30.0 1  0  8674 2016:10:01 14.56588 1.929929 1.563508 132.5  9.69                    6938 .28g -.014g  12.0
   331w 31.0 1  0  8705 2016:11:01 14.51212 1.898224 1.549405 130.8  9.65                    6938 .28g -.014g  8.08
   332w 30.0 1  0  8735 2016:12:01 14.46026 1.868251 1.535992 129.2  9.60                    6938 .28g -.014g  9.35
   333w 31.0 1  0  8766 2017:01:01 14.40608 1.837411 1.522256 127.5  9.56                    6937 .28g -.015g  10.5
   334w 31.0 1  0  8797 2017:02:01 14.35215 1.806661 1.509143 125.9  9.51                    6937 .28g -.016g  12.2
   335w 28.0 1  0  8825 2017:03:01 14.30488 1.778256 1.497628 124.3 9.477                    6937 .28g -.016g  10.5
   336w 31.0 1  0  8856 2017:04:01 14.25067 1.746642 1.484790 122.6 9.436                    6936 .28g -.019g  11.6
   337w 30.0 1  0  8886 2017:05:01 14.19913 1.716123 1.472702 120.9 9.397                    6936 .28g -.019g  12.1
   338w 31.0 1  0  8917 2017:06:01 14.14563 1.684887 1.460332 119.1 9.358                    6936 .28g -.020g  12.0
   339w 30.0 1  0  8947 2017:07:01 14.09451 1.655002 1.448606 117.4 9.320                    6935 .28g -.018g  13.4
   340w 31.0 1  0  8978 2017:08:01 14.04161 1.625128 1.436587 115.7 9.281                    6935 .28g -.018g  7.49
   341w 31.0 1  0  9009 2017:09:01 13.98916 1.595694 1.424768 114.1 9.243                    6934 .28g -.018g  15.1
   342w 30.0 1  0  9039 2017:10:01 13.93941 1.567546 1.413513 112.5 9.207                    6934 .28g -.018g  14.5
   343w 31.0 1  0  9070 2017:11:01 13.88834 1.538747 1.401924 110.8 9.169                    6934 .28g -.019g  12.4
   344w 30.0 1  0  9100 2017:12:01 13.83946 1.511235 1.390853 109.2 9.132                    6933 .28g -.015g  12.8
   345w 31.0 1  0  9131 2018:01:01 13.78900 1.483254 1.379490 107.6 9.094                    6933 .28g -.018g  19.4
   346w 31.0 1  0  9162 2018:02:01 13.73920 1.455778 1.368307 106.0 9.057                    6933 .28g -.020g  14.7
   347w 28.0 1  0  9190 2018:03:01 13.69502 1.431314 1.358402 104.5 9.024                    6933 .28g -.019g  12.0

                                    I M E X   T I M E   S T E P   S U M M A R Y
 ==================================================================================================================
    Time Step           Time                  Total Production             Total Injection  Total Max. Max. Change
 ---------------- ---------------- -------------------------------------- -----------------  PV   Mat. ------------
                C                    Oil      Gas     Water   GOR.  Wat.    Gas     Water   Avg.  bal. Satur. Pres.
        Size    U                                              M3/   Cut                    Pres. err. DSMAX  DPMAX
  No.   Days IT T Days   yy:mm:dd    M3/D    MM3/D     M3/D     M3    %    MM3/D     M3/D    kPa   %           kPa
 ------ ---- -- - ----- ---------- -------- -------- -------- ----- ----- -------- -------- ----- ---- ------ -----
   348w 31.0 1  0  9221 2018:04:01 13.64604 1.404846 1.347442 102.9 8.987                    6932 .28g -.023g  11.5
   349w 30.0 1  0  9251 2018:05:01 13.59961 1.379829 1.337045 101.5 8.951                    6932 .28g -.023g  19.6
   350w 31.0 1  0  9282 2018:06:01 13.55191 1.354512 1.326395  99.9 8.915                    6932 .28g -.023g  16.5
   351w 30.0 1  0  9312 2018:07:01 13.50640 1.330426 1.316246 98.50 8.880                    6931 .28g -.019g  17.0
   352w 31.0 1  0  9343 2018:08:01 13.45969 1.306072 1.305850 97.04 8.844                    6931 .28g -.021g  23.8
   353w 31.0 1  0  9374 2018:09:01 13.41351 1.282157 1.295594 95.59 8.808                    6931 .28g -.021g  18.0
   354w 30.0 1  0  9404 2018:10:01 13.36929 1.259366 1.286217 94.20 8.776                    6930 .28g -.021g  10.7
   355w 31.0 1  0  9435 2018:11:01 13.32375 1.236348 1.276598 92.79 8.744                    6930 .28g -.022g  10.4
   356w 30.0 1  0  9465 2018:12:01 13.28010 1.214270 1.267322 91.44 8.712                    6930 .28g -.022g  18.1
   357w 31.0 1  0  9496 2019:01:01 13.23551 1.191878 1.257803 90.05 8.679                    6929 .28g -.022g  20.9
   358w 31.0 1  0  9527 2019:02:01 13.19148 1.170360 1.248392 88.72 8.645                    6929 .28g -.019g  14.7
   359w 28.0 1  0  9555 2019:03:01 13.15191 1.151159 1.239969 87.53 8.616                    6929 .28g -.017g  25.1
   360w 31.0 1  0  9586 2019:04:01 13.10849 1.130424 1.230709 86.24 8.583                    6929 .28g -.020g  17.1
   361w 30.0 1  0  9616 2019:05:01 13.06694 1.110538 1.221844 84.99 8.551                    6928 .28g -.021g  12.5
   362w 31.0 1  0  9647 2019:06:01 13.02450 1.094949 1.212760 84.07 8.518                    6928 .28g -.022g  14.7
   363w 30.0 1  0  9677 2019:07:01 12.98177 1.076611 1.204060 82.93 8.488                    6928 .28g -.022g  11.1
   364w 31.0 1  0  9708 2019:08:01 12.94028 1.058414 1.195245 81.79 8.456                    6928 .28g -.022g  7.01
   365w 31.0 1  0  9739 2019:09:01 12.89913 1.040020 1.186466 80.63 8.423                    6927 .28g -.021g  12.5
   366w 30.0 1  0  9769 2019:10:01 12.85959 1.022018 1.178012 79.48 8.392                    6927 .28g -.020g  11.8
   367w 31.0 1  0  9800 2019:11:01 12.81944 1.003361 1.169371 78.27 8.359                    6927 .28g -.022g  20.9

                                    I M E X   T I M E   S T E P   S U M M A R Y
 ==================================================================================================================
    Time Step           Time                  Total Production             Total Injection  Total Max. Max. Change
 ---------------- ---------------- -------------------------------------- -----------------  PV   Mat. ------------
                C                    Oil      Gas     Water   GOR.  Wat.    Gas     Water   Avg.  bal. Satur. Pres.
        Size    U                                              M3/   Cut                    Pres. err. DSMAX  DPMAX
  No.   Days IT T Days   yy:mm:dd    M3/D    MM3/D     M3/D     M3    %    MM3/D     M3/D    kPa   %           kPa
 ------ ---- -- - ----- ---------- -------- -------- -------- ----- ----- -------- -------- ----- ---- ------ -----
   368w 30.0 1  0  9830 2019:12:01 12.78080 .9853066 1.161059 77.09 8.328                    6926 .28g -.022g  21.2
   369w 31.0 1  0  9861 2020:01:01 12.74172 .9667459 1.152594 75.87 8.295                    6926 .28g -.022g  14.6
   370w 31.0 1  0  9892 2020:02:01 12.70308 .9483294 1.144216 74.65 8.263                    6926 .28g -.019g  10.7

 ===================== SUMMARY (from subroutine: TSIO)   ======================
  Simulation run terminated. Stopping time reached.
    
     1 Warning messages.    0 Error messages.
 ==============================================================================


       Field Total                                   Fluid
                             Oil       Gas       Water    Solvent   Polymer   Seawater
                            -------   -------   -------   -------   -------   -------
                            (MSM3)    (MMSM3)   (MSM3)    (MMSM3)   (MKG)     (MSM3)
  Cumulative Production      4905.0    251.73    938.37     NA        NA        NA   
  Cumulative Injection        NA         0         0        NA        NA        NA   
  Cumulative Gas Lift         NA         0        NA        NA        NA        NA   
  Cumulative Water Influx     NA        NA         0        NA        NA        NA   
  Current Fluids In Place     36479    991.81     25484     NA        NA        NA   
  Production Rates           .01270    948e-6    .00114     NA        NA        NA   
  Injection Rates             NA         0         0        NA        NA        NA   

  Timesteps:    123  Newton Cycles:      143  Cuts:      0  Solver Iterations:         4911
  Average Implicitness    : 0.462
  Material Balances (owg): 1.000 1.000 1.003
  Average Active Blocks:       34077 Average Non-BHP Active Wells:     0
  Total Blocks :       35000 Total Wells :    11
  Active Blocks:       34077 Non-BHP Active Wells:     0
  Total lstpro/lstpar calls:     2
  Time at end of simulation:   9892.00     (days)   
  Average reservoir pressure excluding water zone: 6591.254 (kPa)    
  Total Number of Solver Failures:       3  Stalls:       0  ITERMAX Reached:       3
  Jacobian Domains      4
  Linear Solver: Parasol
  Number of level 1 solver classes:    4
  AUTOPSLAB Cutting Direction:    I
  Preconditioner Ordering     REDBLACK
  Preconditioner Degree aa, ab, as, bb, ba:    1    2    1    1    1
  KMP_AFFINITY: Default
  OMP_SCHEDULE: Default
  Max Impl Blocks:    15755  %Impl: 46.2%  (TS,CUT,NCYC): (  298, 0,  1 )
  Max Solver Iterations (TS,CUT,NCYC):      40 (  297, 0,  1 )
  Number of threads set:    4
  Total number of cpus:    4
  Memory Usage Peak:      165 MB on TS:  370  TS 1 Peak:        0 MB  Average:      154 MB  VM Size:      192 MB
  Host computer: EHSANR-LT

  End of Simulation: Normal Termination

  CPU Time:            94.83 seconds
  Elapsed Time:        27.47 seconds

  Date and Time of End of Run:  Nov  1, 2019  16:38:40

